gem5 Simulator System.  http://gem5.org
gem5 is copyrighted software; use the --copyright option for details.

gem5 compiled Sep 22 2017 17:59:46
gem5 started Sep 28 2017 22:55:26
gem5 executing on cisco-VirtualBox, pid 17771
command line: ./build/ARM/gem5.debug --debug-flags=Exec configs/example/se.py -c mytest/test

Global frequency set at 1000000000000 ticks per second
**** REAL SIMULATION ****
      0: system.cpu T0 : @fini+11    :   mov.w   fp, #0           : IntAlu :  D=0x0000000000000000
    500: system.cpu T0 : @_start+3    :   mov.w   lr, #0           : IntAlu :  D=0x0000000000000000
   1000: system.cpu T0 : @_start+7    :   ldr.w   r1, [sp] #4     
   1000: system.cpu T0 : @_start+7.0  :   ldr.w   r1, [sp] #4      : MemRead :  D=0x0000000000000001 A=0xbeffff30
   1500: system.cpu T0 : @_start+7.1  :   addi_uop.w   sp, sp, #4  : IntAlu :  D=0x00000000beffff34
   2000: system.cpu T0 : @_start+11    :   mov   r2, sp             : IntAlu :  D=0x00000000beffff34
   3000: system.cpu T0 : @_start+13    :   str.w   r2, [sp, #-4]!  
   3000: system.cpu T0 : @_start+13.0  :   str.w   r2, [sp, #-4]!   : MemWrite :  D=0x00000000beffff34 A=0xbeffff30
   3500: system.cpu T0 : @_start+13.1  :   subi_uop.w   sp, sp, #4  : IntAlu :  D=0x00000000beffff30
   4500: system.cpu T0 : @_start+17    :   str.w   r0, [sp, #-4]!  
   4500: system.cpu T0 : @_start+17.0  :   str.w   r0, [sp, #-4]!   : MemWrite :  D=0x0000000000000000 A=0xbeffff2c
   5000: system.cpu T0 : @_start+17.1  :   subi_uop.w   sp, sp, #4  : IntAlu :  D=0x00000000beffff2c
   6000: system.cpu T0 : @_start+21    :   ldr.w   r12, [pc, #20]   : MemRead :  D=0x0000000000008e61 A=0x88ac
   7000: system.cpu T0 : @_start+25    :   str.w   r12, [sp, #-4]! 
   7000: system.cpu T0 : @_start+25.0  :   str.w   r12, [sp, #-4]!  : MemWrite :  D=0x0000000000008e61 A=0xbeffff28
   7500: system.cpu T0 : @_start+25.1  :   subi_uop.w   sp, sp, #4  : IntAlu :  D=0x00000000beffff28
   8000: system.cpu T0 : @_start+29    :   ldr   r0, [pc, #16]      : MemRead :  D=0x0000000000008925 A=0x88b0
   8500: system.cpu T0 : @_start+31    :   ldr   r3, [pc, #16]      : MemRead :  D=0x0000000000008df1 A=0x88b4
   9500: system.cpu T0 : @_start+33    :   bl.w                     : IntAlu :  D=0x00000000000088a7
  10000: system.cpu T0 : @main+71    : ldmstm                    
  10000: system.cpu T0 : @main+71.0  :   str_uop   r4, [sp, #20]  : MemWrite :  D=0x0000000000000000 A=0xbeffff14
  10500: system.cpu T0 : @main+71.1  :   str_uop   r5, [sp, #16]  : MemWrite :  D=0x0000000000000000 A=0xbeffff18
  11000: system.cpu T0 : @main+71.2  :   str_uop   r6, [sp, #12]  : MemWrite :  D=0x0000000000000000 A=0xbeffff1c
  11500: system.cpu T0 : @main+71.3  :   str_uop   r7, [sp, #8]   : MemWrite :  D=0x0000000000000000 A=0xbeffff20
  12000: system.cpu T0 : @main+71.4  :   str_uop   lr, [sp, #4]   : MemWrite :  D=0x00000000000088a7 A=0xbeffff24
  12500: system.cpu T0 : @main+71.5  :   subi_uop   sp, sp, #20   : IntAlu :  D=0x00000000beffff14
  13500: system.cpu T0 : @__libc_start_main+1    :   mov.w   r4, #0           : IntAlu :  D=0x0000000000000000
  14000: system.cpu T0 : @__libc_start_main+5    :   sub   sp, sp, #308       : IntAlu :  D=0x00000000befffde0
  14500: system.cpu T0 : @__libc_start_main+7    :   movt.w   r4, r4, #0      : IntAlu :  D=0x0000000000000000
  15000: system.cpu T0 : @__libc_start_main+11    :   mov   r5, r3             : IntAlu :  D=0x0000000000008df1
  15500: system.cpu T0 : @__libc_start_main+13    :   str   r0, [sp, #12]      : MemWrite :  D=0x0000000000008925 A=0xbefffdec
  16000: system.cpu T0 : @__libc_start_main+15    :   mov   lr, r4             : IntAlu :  D=0x0000000000000000
  16500: system.cpu T0 : @__libc_start_main+17    :   str   r1, [sp, #4]       : MemWrite :  D=0x0000000000000001 A=0xbefffde4
  17000: system.cpu T0 : @__libc_start_main+19    :   str   r2, [sp, #8]       : MemWrite :  D=0x00000000beffff34 A=0xbefffde8
  17500: system.cpu T0 : @__libc_start_main+21    :   ldr   r6, [sp, #328]     : MemRead :  D=0x0000000000008e61 A=0xbeffff28
  18000: system.cpu T0 : @__libc_start_main+23    :   ldr   r7, [sp, #332]     : MemRead :  D=0x0000000000000000 A=0xbeffff2c
  18500: system.cpu T0 : @__libc_start_main+25    :   cbz                      : IntAlu : 
  19000: system.cpu T0 : @__libc_start_main+39    :   ldr   r3, [sp, #4]       : MemRead :  D=0x0000000000000001 A=0xbefffde4
  20000: system.cpu T0 : @__libc_start_main+41    :   mov.w   r2, #42312       : IntAlu :  D=0x000000000000a548
  21000: system.cpu T0 : @__libc_start_main+45    :   movt.w   r2, r2, #6      : IntAlu :  D=0x000000000006a548
  22000: system.cpu T0 : @__libc_start_main+49    :   mov.w   r1, #39348       : IntAlu :  D=0x00000000000099b4
  22500: system.cpu T0 : @__libc_start_main+53    :   adds   r4, r3, #1        : IntAlu :  D=0x0000000000000000
  23000: system.cpu T0 : @__libc_start_main+55    :   ldr   r3, [sp, #8]       : MemRead :  D=0x00000000beffff34 A=0xbefffde8
  24000: system.cpu T0 : @__libc_start_main+57    :   movt.w   r1, r1, #6      : IntAlu :  D=0x00000000000699b4
  25000: system.cpu T0 : @__libc_start_main+61    :   add.w   r4, r3, r4, LSL #2 : IntAlu :  D=0x00000000beffff3c
  25500: system.cpu T0 : @__libc_start_main+65    :   str   r4, [r2, #0]       : MemWrite :  D=0x00000000beffff3c A=0x6a548
  26000: system.cpu T0 : @__libc_start_main+67    :   ldr   r2, [sp, #336]     : MemRead :  D=0x00000000beffff34 A=0xbeffff30
  27000: system.cpu T0 : @__libc_start_main+69    :   mov.w   r3, #36824       : IntAlu :  D=0x0000000000008fd8
  28000: system.cpu T0 : @__libc_start_main+73    :   movt.w   r3, r3, #6      : IntAlu :  D=0x0000000000068fd8
  28500: system.cpu T0 : @__libc_start_main+77    :   mov   r0, r4             : IntAlu :  D=0x00000000beffff3c
  29000: system.cpu T0 : @__libc_start_main+79    :   str.w   lr, [r1, #0]     : MemWrite :  D=0x0000000000000000 A=0x699b4
  29500: system.cpu T0 : @__libc_start_main+83    :   str   r2, [r3, #0]       : MemWrite :  D=0x00000000beffff34 A=0x68fd8
  30500: system.cpu T0 : @__libc_start_main+85    :   ldr.w   r3, [r0] #4     
  30500: system.cpu T0 : @__libc_start_main+85.0  :   ldr.w   r3, [r0] #4      : MemRead :  D=0x0000000000000000 A=0xbeffff3c
  31000: system.cpu T0 : @__libc_start_main+85.1  :   addi_uop.w   r0, r0, #4  : IntAlu :  D=0x00000000beffff40
  31500: system.cpu T0 : @__libc_start_main+89    :   cmps   r3, #0            : IntAlu :  D=0x0000000000000001
  32000: system.cpu T0 : @__libc_start_main+91    :   b                        : IntAlu : Predicated False
  33000: system.cpu T0 : @__libc_start_main+93    :   bl.w                     : IntAlu :  D=0x00000000000089cf
  33500: system.cpu T0 : @backtrace_symbols_fd+479    :   ldr   r2, [r0, #0]       : MemRead :  D=0x0000000000000010 A=0xbeffff40
  34500: system.cpu T0 : @_dl_aux_init+1    : ldmstm                    
  34500: system.cpu T0 : @_dl_aux_init+1.0  :   str_uop.w   r4, [sp, #32] : MemWrite :  D=0x00000000beffff3c A=0xbefffdc0
  35000: system.cpu T0 : @_dl_aux_init+1.1  :   str_uop.w   r5, [sp, #28] : MemWrite :  D=0x0000000000008df1 A=0xbefffdc4
  35500: system.cpu T0 : @_dl_aux_init+1.2  :   str_uop.w   r6, [sp, #24] : MemWrite :  D=0x0000000000008e61 A=0xbefffdc8
  36000: system.cpu T0 : @_dl_aux_init+1.3  :   str_uop.w   r7, [sp, #20] : MemWrite :  D=0x0000000000000000 A=0xbefffdcc
  36500: system.cpu T0 : @_dl_aux_init+1.4  :   str_uop.w   r8, [sp, #16] : MemWrite :  D=0x0000000000000000 A=0xbefffdd0
  37000: system.cpu T0 : @_dl_aux_init+1.5  :   str_uop.w   r9, [sp, #12] : MemWrite :  D=0x0000000000000000 A=0xbefffdd4
  37500: system.cpu T0 : @_dl_aux_init+1.6  :   str_uop.w   r10, [sp, #8] : MemWrite :  D=0x0000000000000000 A=0xbefffdd8
  38000: system.cpu T0 : @_dl_aux_init+1.7  :   str_uop.w   fp, [sp, #4] : MemWrite :  D=0x0000000000000000 A=0xbefffddc
  38500: system.cpu T0 : @_dl_aux_init+1.8  :   subi_uop.w   sp, sp, #32 : IntAlu :  D=0x00000000befffdc0
  39000: system.cpu T0 : @_dl_aux_init+5    :   sub   sp, sp, #40        : IntAlu :  D=0x00000000befffd98
  39500: system.cpu T0 : @_dl_aux_init+7    :   cmps   r2, #0            : IntAlu :  D=0x0000000000000001
  40500: system.cpu T0 : @_dl_aux_init+9    :   b.w                      : IntAlu : Predicated False
  41500: system.cpu T0 : @_dl_aux_init+13    :   ldr.w   r10, [pc, #620]  : MemRead :  D=0x0000000000069964 A=0x11dbc
  42000: system.cpu T0 : @_dl_aux_init+17    :   movs   r5, #0            : IntAlu :  D=0x0000000000000001
  42500: system.cpu T0 : @_dl_aux_init+19    :   ldr.w   r9, [pc, #616]   : MemRead :  D=0x000000000006af3c A=0x11dc0
  43000: system.cpu T0 : @_dl_aux_init+23    :   add.w   r1, r0, #8       : IntAlu :  D=0x00000000beffff48
  43500: system.cpu T0 : @_dl_aux_init+27    :   ldr.w   r8, [pc, #612]   : MemRead :  D=0x000000000006af2c A=0x11dc4
  44000: system.cpu T0 : @_dl_aux_init+31    :   mov   r7, r5             : IntAlu :  D=0x0000000000000000
  45000: system.cpu T0 : @_dl_aux_init+33    :   ldr.w   r3, [r10, #0]    : MemRead :  D=0x0000000000001000 A=0x69964
  45500: system.cpu T0 : @_dl_aux_init+37    :   mov   r4, r5             : IntAlu :  D=0x0000000000000000
  46000: system.cpu T0 : @_dl_aux_init+39    :   ldr.w   r12, [pc, #604]  : MemRead :  D=0x000000000006af50 A=0x11dc8
  46500: system.cpu T0 : @_dl_aux_init+43    :   ldr   r6, [pc, #576]     : MemRead :  D=0x000000000006ab20 A=0x11db0
  47000: system.cpu T0 : @_dl_aux_init+45    :   str   r3, [sp, #16]      : MemWrite :  D=0x0000000000001000 A=0xbefffda8
  47500: system.cpu T0 : @_dl_aux_init+47    :   ldr.w   r3, [r9, #0]     : MemRead :  D=0x0000000000000000 A=0x6af3c
  48000: system.cpu T0 : @_dl_aux_init+51    :   str   r3, [sp, #12]      : MemWrite :  D=0x0000000000000000 A=0xbefffda4
  49000: system.cpu T0 : @_dl_aux_init+53    :   ldr.w   r3, [r8, #0]     : MemRead :  D=0x0000000000000000 A=0x6af2c
  49500: system.cpu T0 : @_dl_aux_init+57    :   str   r3, [sp, #8]       : MemWrite :  D=0x0000000000000000 A=0xbefffda0
  50000: system.cpu T0 : @_dl_aux_init+59    :   ldr.w   r3, [r12, #0]    : MemRead :  D=0x0000000000000000 A=0x6af50
  50500: system.cpu T0 : @_dl_aux_init+63    :   str   r3, [sp, #4]       : MemWrite :  D=0x0000000000000000 A=0xbefffd9c
  51000: system.cpu T0 : @_dl_aux_init+65    :   ldr   r3, [r6, #0]       : MemRead :  D=0x0000000000000000 A=0x6ab20
  51500: system.cpu T0 : @_dl_aux_init+67    :   str   r3, [sp, #32]      : MemWrite :  D=0x0000000000000000 A=0xbefffdb8
  52000: system.cpu T0 : @_dl_aux_init+69    :   ldr   r3, [r6, #4]       : MemRead :  D=0x0000000000000000 A=0x6ab24
  52500: system.cpu T0 : @_dl_aux_init+71    :   str   r3, [sp, #36]      : MemWrite :  D=0x0000000000000000 A=0xbefffdbc
  53500: system.cpu T0 : @_dl_aux_init+73    :   mov.w   r3, #44868       : IntAlu :  D=0x000000000000af44
  54500: system.cpu T0 : @_dl_aux_init+77    :   movt.w   r3, r3, #6      : IntAlu :  D=0x000000000006af44
  55000: system.cpu T0 : @_dl_aux_init+81    :   ldr   r3, [r3, #0]       : MemRead :  D=0x0000000000000000 A=0x6af44
  55500: system.cpu T0 : @_dl_aux_init+83    :   str   r3, [sp, #0]       : MemWrite :  D=0x0000000000000000 A=0xbefffd98
  56500: system.cpu T0 : @_dl_aux_init+85    :   mov.w   r3, #36828       : IntAlu :  D=0x0000000000008fdc
  57500: system.cpu T0 : @_dl_aux_init+89    :   movt.w   r3, r3, #6      : IntAlu :  D=0x0000000000068fdc
  58000: system.cpu T0 : @_dl_aux_init+93    :   ldr   r3, [r3, #0]       : MemRead :  D=0x0000000000000001 A=0x68fdc
  58500: system.cpu T0 : @_dl_aux_init+95    :   str   r3, [sp, #24]      : MemWrite :  D=0x0000000000000001 A=0xbefffdb0
  59500: system.cpu T0 : @_dl_aux_init+97    :   mov.w   r3, #44980       : IntAlu :  D=0x000000000000afb4
  60500: system.cpu T0 : @_dl_aux_init+101    :   movt.w   r3, r3, #6      : IntAlu :  D=0x000000000006afb4
  61000: system.cpu T0 : @_dl_aux_init+105    :   ldr   r3, [r3, #0]       : MemRead :  D=0x0000000000000000 A=0x6afb4
  61500: system.cpu T0 : @_dl_aux_init+107    :   str   r3, [sp, #28]      : MemWrite :  D=0x0000000000000000 A=0xbefffdb4
  62500: system.cpu T0 : @_dl_aux_init+109    :   mov.w   r3, #36820       : IntAlu :  D=0x0000000000008fd4
  63500: system.cpu T0 : @_dl_aux_init+113    :   movt.w   r3, r3, #6      : IntAlu :  D=0x0000000000068fd4
  64000: system.cpu T0 : @_dl_aux_init+117    :   ldr   r3, [r3, #0]       : MemRead :  D=0x0000000000000000 A=0x68fd4
  64500: system.cpu T0 : @_dl_aux_init+119    :   str   r3, [sp, #20]      : MemWrite :  D=0x0000000000000000 A=0xbefffdac
  65000: system.cpu T0 : @_dl_aux_init+121    :   mov   r3, r1             : IntAlu :  D=0x00000000beffff48
  65500: system.cpu T0 : @_dl_aux_init+123    :   subs   r2, r2, #3        : IntAlu :  D=0x0000000000000001
  66000: system.cpu T0 : @_dl_aux_init+125    :   cmps   r2, #30           : IntAlu :  D=0x0000000000000000
  66500: system.cpu T0 : @_dl_aux_init+127    :   b                        : IntAlu : Predicated False
  67500: system.cpu T0 : @_dl_aux_init+129    :   tbh.w                    : MemRead :  D=0x000000000000008a A=0x11be0
  68500: system.cpu T0 : @_dl_aux_init+409    :   ldr.w   r2, [r3, #-4]    : MemRead :  D=0x00000000000078d7 A=0xbeffff44
  69000: system.cpu T0 : @_dl_aux_init+413    :   adds   r3, r3, #8        : IntAlu :  D=0x0000000000000000
  69500: system.cpu T0 : @_dl_aux_init+415    :   str   r2, [sp, #32]      : MemWrite :  D=0x00000000000078d7 A=0xbefffdb8
  70000: system.cpu T0 : @_dl_aux_init+417    :   movs   r2, #0            : IntAlu :  D=0x0000000000000001
  70500: system.cpu T0 : @_dl_aux_init+419    :   str   r2, [sp, #36]      : MemWrite :  D=0x0000000000000000 A=0xbefffdbc
  71000: system.cpu T0 : @_dl_aux_init+421    :   subs   r2, r3, r0        : IntAlu :  D=0x0000000000000001
  71500: system.cpu T0 : @_dl_aux_init+423    :   adds   r2, r1, r2        : IntAlu :  D=0x0000000000000000
  72500: system.cpu T0 : @_dl_aux_init+425    :   ldr.w   r2, [r2, #-16]   : MemRead :  D=0x0000000000000011 A=0xbeffff48
  73000: system.cpu T0 : @_dl_aux_init+429    :   cmps   r2, #0            : IntAlu :  D=0x0000000000000001
  73500: system.cpu T0 : @_dl_aux_init+431    :   b.w                      : IntAlu : 
  74000: system.cpu T0 : @_dl_aux_init+123    :   subs   r2, r2, #3        : IntAlu :  D=0x0000000000000001
  74500: system.cpu T0 : @_dl_aux_init+125    :   cmps   r2, #30           : IntAlu :  D=0x0000000000000000
  75000: system.cpu T0 : @_dl_aux_init+127    :   b                        : IntAlu : Predicated False
  76000: system.cpu T0 : @_dl_aux_init+129    :   tbh.w                    : MemRead :  D=0x000000000000007e A=0x11be2
  77000: system.cpu T0 : @_dl_aux_init+385    :   ldr.w   r2, [r3, #-4]    : MemRead :  D=0x0000000000000064 A=0xbeffff4c
  77500: system.cpu T0 : @_dl_aux_init+389    :   adds   r3, r3, #8        : IntAlu :  D=0x0000000000000000
  78000: system.cpu T0 : @_dl_aux_init+391    :   str   r2, [sp, #12]      : MemWrite :  D=0x0000000000000064 A=0xbefffda4
  78500: system.cpu T0 : @_dl_aux_init+393    :   subs   r2, r3, r0        : IntAlu :  D=0x0000000000000001
  79000: system.cpu T0 : @_dl_aux_init+395    :   adds   r2, r1, r2        : IntAlu :  D=0x0000000000000000
  80000: system.cpu T0 : @_dl_aux_init+397    :   ldr.w   r2, [r2, #-16]   : MemRead :  D=0x0000000000000017 A=0xbeffff50
  80500: system.cpu T0 : @_dl_aux_init+401    :   cmps   r2, #0            : IntAlu :  D=0x0000000000000001
  81000: system.cpu T0 : @_dl_aux_init+403    :   b.w                      : IntAlu : 
  81500: system.cpu T0 : @_dl_aux_init+123    :   subs   r2, r2, #3        : IntAlu :  D=0x0000000000000001
  82000: system.cpu T0 : @_dl_aux_init+125    :   cmps   r2, #30           : IntAlu :  D=0x0000000000000000
  82500: system.cpu T0 : @_dl_aux_init+127    :   b                        : IntAlu : Predicated False
  83500: system.cpu T0 : @_dl_aux_init+129    :   tbh.w                    : MemRead :  D=0x000000000000006e A=0x11bee
  84500: system.cpu T0 : @_dl_aux_init+353    :   ldr.w   r2, [r3, #-4]    : MemRead :  D=0x0000000000000000 A=0xbeffff54
  85000: system.cpu T0 : @_dl_aux_init+357    :   adds   r3, r3, #8        : IntAlu :  D=0x0000000000000000
  85500: system.cpu T0 : @_dl_aux_init+359    :   mov.w   r4, #4294967295  : IntAlu :  D=0x00000000ffffffff
  86000: system.cpu T0 : @_dl_aux_init+363    :   str   r2, [sp, #24]      : MemWrite :  D=0x0000000000000000 A=0xbefffdb0
  86500: system.cpu T0 : @_dl_aux_init+365    :   movs   r2, #1            : IntAlu :  D=0x0000000000000000
  87000: system.cpu T0 : @_dl_aux_init+367    :   str   r2, [sp, #28]      : MemWrite :  D=0x0000000000000001 A=0xbefffdb4
  87500: system.cpu T0 : @_dl_aux_init+369    :   subs   r2, r3, r0        : IntAlu :  D=0x0000000000000001
  88000: system.cpu T0 : @_dl_aux_init+371    :   adds   r2, r1, r2        : IntAlu :  D=0x0000000000000000
  89000: system.cpu T0 : @_dl_aux_init+373    :   ldr.w   r2, [r2, #-16]   : MemRead :  D=0x0000000000000019 A=0xbeffff58
  89500: system.cpu T0 : @_dl_aux_init+377    :   cmps   r2, #0            : IntAlu :  D=0x0000000000000001
  90000: system.cpu T0 : @_dl_aux_init+379    :   b.w                      : IntAlu : 
  90500: system.cpu T0 : @_dl_aux_init+123    :   subs   r2, r2, #3        : IntAlu :  D=0x0000000000000001
  91000: system.cpu T0 : @_dl_aux_init+125    :   cmps   r2, #30           : IntAlu :  D=0x0000000000000000
  91500: system.cpu T0 : @_dl_aux_init+127    :   b                        : IntAlu : Predicated False
  92500: system.cpu T0 : @_dl_aux_init+129    :   tbh.w                    : MemRead :  D=0x000000000000001f A=0x11bf2
  93000: system.cpu T0 : @_dl_aux_init+195    :   ldr.w   r2, [r3, #-4]    : MemRead :  D=0x00000000beffffd0 A=0xbeffff5c
  93500: system.cpu T0 : @_dl_aux_init+199    :   str   r2, [sp, #20]      : MemWrite :  D=0x00000000beffffd0 A=0xbefffdac
  94000: system.cpu T0 : @_dl_aux_init+201    :   adds   r3, r3, #8        : IntAlu :  D=0x0000000000000000
  94500: system.cpu T0 : @_dl_aux_init+203    :   subs   r2, r3, r0        : IntAlu :  D=0x0000000000000001
  95000: system.cpu T0 : @_dl_aux_init+205    :   adds   r2, r1, r2        : IntAlu :  D=0x0000000000000000
  95500: system.cpu T0 : @_dl_aux_init+207    :   ldr.w   r2, [r2, #-16]   : MemRead :  D=0x000000000000001f A=0xbeffff60
  96000: system.cpu T0 : @_dl_aux_init+211    :   cmps   r2, #0            : IntAlu :  D=0x0000000000000001
  96500: system.cpu T0 : @_dl_aux_init+213    :   b                        : IntAlu : 
  97000: system.cpu T0 : @_dl_aux_init+123    :   subs   r2, r2, #3        : IntAlu :  D=0x0000000000000001
  97500: system.cpu T0 : @_dl_aux_init+125    :   cmps   r2, #30           : IntAlu :  D=0x0000000000000000
  98000: system.cpu T0 : @_dl_aux_init+127    :   b                        : IntAlu : Predicated False
  99000: system.cpu T0 : @_dl_aux_init+129    :   tbh.w                    : MemRead :  D=0x0000000000000022 A=0x11bfe
  99500: system.cpu T0 : @_dl_aux_init+201    :   adds   r3, r3, #8        : IntAlu :  D=0x0000000000000000
 100000: system.cpu T0 : @_dl_aux_init+203    :   subs   r2, r3, r0        : IntAlu :  D=0x0000000000000001
 100500: system.cpu T0 : @_dl_aux_init+205    :   adds   r2, r1, r2        : IntAlu :  D=0x0000000000000000
 101000: system.cpu T0 : @_dl_aux_init+207    :   ldr.w   r2, [r2, #-16]   : MemRead :  D=0x000000000000000f A=0xbeffff68
 101500: system.cpu T0 : @_dl_aux_init+211    :   cmps   r2, #0            : IntAlu :  D=0x0000000000000001
 102000: system.cpu T0 : @_dl_aux_init+213    :   b                        : IntAlu : 
 102500: system.cpu T0 : @_dl_aux_init+123    :   subs   r2, r2, #3        : IntAlu :  D=0x0000000000000001
 103000: system.cpu T0 : @_dl_aux_init+125    :   cmps   r2, #30           : IntAlu :  D=0x0000000000000000
 103500: system.cpu T0 : @_dl_aux_init+127    :   b                        : IntAlu : Predicated False
 104500: system.cpu T0 : @_dl_aux_init+129    :   tbh.w                    : MemRead :  D=0x0000000000000022 A=0x11bde
 105000: system.cpu T0 : @_dl_aux_init+201    :   adds   r3, r3, #8        : IntAlu :  D=0x0000000000000000
 105500: system.cpu T0 : @_dl_aux_init+203    :   subs   r2, r3, r0        : IntAlu :  D=0x0000000000000001
 106000: system.cpu T0 : @_dl_aux_init+205    :   adds   r2, r1, r2        : IntAlu :  D=0x0000000000000000
 106500: system.cpu T0 : @_dl_aux_init+207    :   ldr.w   r2, [r2, #-16]   : MemRead :  D=0x0000000000000006 A=0xbeffff70
 107000: system.cpu T0 : @_dl_aux_init+211    :   cmps   r2, #0            : IntAlu :  D=0x0000000000000001
 107500: system.cpu T0 : @_dl_aux_init+213    :   b                        : IntAlu : 
 108000: system.cpu T0 : @_dl_aux_init+123    :   subs   r2, r2, #3        : IntAlu :  D=0x0000000000000001
 108500: system.cpu T0 : @_dl_aux_init+125    :   cmps   r2, #30           : IntAlu :  D=0x0000000000000000
 109000: system.cpu T0 : @_dl_aux_init+127    :   b                        : IntAlu : Predicated False
 110000: system.cpu T0 : @_dl_aux_init+129    :   tbh.w                    : MemRead :  D=0x00000000000000d0 A=0x11bcc
 111000: system.cpu T0 : @_dl_aux_init+549    :   ldr.w   r2, [r3, #-4]    : MemRead :  D=0x0000000000001000 A=0xbeffff74
 111500: system.cpu T0 : @_dl_aux_init+553    :   adds   r3, r3, #8        : IntAlu :  D=0x0000000000000000
 112000: system.cpu T0 : @_dl_aux_init+555    :   str   r2, [sp, #16]      : MemWrite :  D=0x0000000000001000 A=0xbefffda8
 112500: system.cpu T0 : @_dl_aux_init+557    :   subs   r2, r3, r0        : IntAlu :  D=0x0000000000000001
 113000: system.cpu T0 : @_dl_aux_init+559    :   adds   r2, r1, r2        : IntAlu :  D=0x0000000000000000
 114000: system.cpu T0 : @_dl_aux_init+561    :   ldr.w   r2, [r2, #-16]   : MemRead :  D=0x0000000000000003 A=0xbeffff78
 114500: system.cpu T0 : @_dl_aux_init+565    :   cmps   r2, #0            : IntAlu :  D=0x0000000000000001
 115000: system.cpu T0 : @_dl_aux_init+567    :   b.w                      : IntAlu : 
 115500: system.cpu T0 : @_dl_aux_init+123    :   subs   r2, r2, #3        : IntAlu :  D=0x0000000000000001
 116000: system.cpu T0 : @_dl_aux_init+125    :   cmps   r2, #30           : IntAlu :  D=0x0000000000000000
 116500: system.cpu T0 : @_dl_aux_init+127    :   b                        : IntAlu : Predicated False
 117500: system.cpu T0 : @_dl_aux_init+129    :   tbh.w                    : MemRead :  D=0x00000000000000e8 A=0x11bc6
 118500: system.cpu T0 : @_dl_aux_init+597    :   ldr.w   r2, [r3, #-4]    : MemRead :  D=0x0000000000008034 A=0xbeffff7c
 119000: system.cpu T0 : @_dl_aux_init+601    :   adds   r3, r3, #8        : IntAlu :  D=0x0000000000000000
 119500: system.cpu T0 : @_dl_aux_init+603    :   str   r2, [sp, #8]       : MemWrite :  D=0x0000000000008034 A=0xbefffda0
 120000: system.cpu T0 : @_dl_aux_init+605    :   subs   r2, r3, r0        : IntAlu :  D=0x0000000000000001
 120500: system.cpu T0 : @_dl_aux_init+607    :   adds   r2, r1, r2        : IntAlu :  D=0x0000000000000000
 121500: system.cpu T0 : @_dl_aux_init+609    :   ldr.w   r2, [r2, #-16]   : MemRead :  D=0x0000000000000004 A=0xbeffff80
 122000: system.cpu T0 : @_dl_aux_init+613    :   cmps   r2, #0            : IntAlu :  D=0x0000000000000001
 122500: system.cpu T0 : @_dl_aux_init+615    :   b.w                      : IntAlu : 
 123000: system.cpu T0 : @_dl_aux_init+123    :   subs   r2, r2, #3        : IntAlu :  D=0x0000000000000001
 123500: system.cpu T0 : @_dl_aux_init+125    :   cmps   r2, #30           : IntAlu :  D=0x0000000000000000
 124000: system.cpu T0 : @_dl_aux_init+127    :   b                        : IntAlu : Predicated False
 125000: system.cpu T0 : @_dl_aux_init+129    :   tbh.w                    : MemRead :  D=0x0000000000000022 A=0x11bc8
 125500: system.cpu T0 : @_dl_aux_init+201    :   adds   r3, r3, #8        : IntAlu :  D=0x0000000000000000
 126000: system.cpu T0 : @_dl_aux_init+203    :   subs   r2, r3, r0        : IntAlu :  D=0x0000000000000001
 126500: system.cpu T0 : @_dl_aux_init+205    :   adds   r2, r1, r2        : IntAlu :  D=0x0000000000000000
 127000: system.cpu T0 : @_dl_aux_init+207    :   ldr.w   r2, [r2, #-16]   : MemRead :  D=0x0000000000000005 A=0xbeffff88
 127500: system.cpu T0 : @_dl_aux_init+211    :   cmps   r2, #0            : IntAlu :  D=0x0000000000000001
 128000: system.cpu T0 : @_dl_aux_init+213    :   b                        : IntAlu : 
 128500: system.cpu T0 : @_dl_aux_init+123    :   subs   r2, r2, #3        : IntAlu :  D=0x0000000000000001
 129000: system.cpu T0 : @_dl_aux_init+125    :   cmps   r2, #30           : IntAlu :  D=0x0000000000000000
 129500: system.cpu T0 : @_dl_aux_init+127    :   b                        : IntAlu : Predicated False
 130500: system.cpu T0 : @_dl_aux_init+129    :   tbh.w                    : MemRead :  D=0x00000000000000dc A=0x11bca
 131500: system.cpu T0 : @_dl_aux_init+573    :   ldr.w   r2, [r3, #-4]    : MemRead :  D=0x0000000000000007 A=0xbeffff8c
 132000: system.cpu T0 : @_dl_aux_init+577    :   adds   r3, r3, #8        : IntAlu :  D=0x0000000000000000
 132500: system.cpu T0 : @_dl_aux_init+579    :   str   r2, [sp, #4]       : MemWrite :  D=0x0000000000000007 A=0xbefffd9c
 133000: system.cpu T0 : @_dl_aux_init+581    :   subs   r2, r3, r0        : IntAlu :  D=0x0000000000000001
 133500: system.cpu T0 : @_dl_aux_init+583    :   adds   r2, r1, r2        : IntAlu :  D=0x0000000000000000
 134500: system.cpu T0 : @_dl_aux_init+585    :   ldr.w   r2, [r2, #-16]   : MemRead :  D=0x0000000000000007 A=0xbeffff90
 135000: system.cpu T0 : @_dl_aux_init+589    :   cmps   r2, #0            : IntAlu :  D=0x0000000000000001
 135500: system.cpu T0 : @_dl_aux_init+591    :   b.w                      : IntAlu : 
 136000: system.cpu T0 : @_dl_aux_init+123    :   subs   r2, r2, #3        : IntAlu :  D=0x0000000000000001
 136500: system.cpu T0 : @_dl_aux_init+125    :   cmps   r2, #30           : IntAlu :  D=0x0000000000000000
 137000: system.cpu T0 : @_dl_aux_init+127    :   b                        : IntAlu : Predicated False
 138000: system.cpu T0 : @_dl_aux_init+129    :   tbh.w                    : MemRead :  D=0x0000000000000022 A=0x11bce
 138500: system.cpu T0 : @_dl_aux_init+201    :   adds   r3, r3, #8        : IntAlu :  D=0x0000000000000000
 139000: system.cpu T0 : @_dl_aux_init+203    :   subs   r2, r3, r0        : IntAlu :  D=0x0000000000000001
 139500: system.cpu T0 : @_dl_aux_init+205    :   adds   r2, r1, r2        : IntAlu :  D=0x0000000000000000
 140000: system.cpu T0 : @_dl_aux_init+207    :   ldr.w   r2, [r2, #-16]   : MemRead :  D=0x0000000000000008 A=0xbeffff98
 140500: system.cpu T0 : @_dl_aux_init+211    :   cmps   r2, #0            : IntAlu :  D=0x0000000000000001
 141000: system.cpu T0 : @_dl_aux_init+213    :   b                        : IntAlu : 
 141500: system.cpu T0 : @_dl_aux_init+123    :   subs   r2, r2, #3        : IntAlu :  D=0x0000000000000001
 142000: system.cpu T0 : @_dl_aux_init+125    :   cmps   r2, #30           : IntAlu :  D=0x0000000000000000
 142500: system.cpu T0 : @_dl_aux_init+127    :   b                        : IntAlu : Predicated False
 143500: system.cpu T0 : @_dl_aux_init+129    :   tbh.w                    : MemRead :  D=0x0000000000000022 A=0x11bd0
 144000: system.cpu T0 : @_dl_aux_init+201    :   adds   r3, r3, #8        : IntAlu :  D=0x0000000000000000
 144500: system.cpu T0 : @_dl_aux_init+203    :   subs   r2, r3, r0        : IntAlu :  D=0x0000000000000001
 145000: system.cpu T0 : @_dl_aux_init+205    :   adds   r2, r1, r2        : IntAlu :  D=0x0000000000000000
 145500: system.cpu T0 : @_dl_aux_init+207    :   ldr.w   r2, [r2, #-16]   : MemRead :  D=0x0000000000000009 A=0xbeffffa0
 146000: system.cpu T0 : @_dl_aux_init+211    :   cmps   r2, #0            : IntAlu :  D=0x0000000000000001
 146500: system.cpu T0 : @_dl_aux_init+213    :   b                        : IntAlu : 
 147000: system.cpu T0 : @_dl_aux_init+123    :   subs   r2, r2, #3        : IntAlu :  D=0x0000000000000001
 147500: system.cpu T0 : @_dl_aux_init+125    :   cmps   r2, #30           : IntAlu :  D=0x0000000000000000
 148000: system.cpu T0 : @_dl_aux_init+127    :   b                        : IntAlu : Predicated False
 149000: system.cpu T0 : @_dl_aux_init+129    :   tbh.w                    : MemRead :  D=0x0000000000000022 A=0x11bd2
 149500: system.cpu T0 : @_dl_aux_init+201    :   adds   r3, r3, #8        : IntAlu :  D=0x0000000000000000
 150000: system.cpu T0 : @_dl_aux_init+203    :   subs   r2, r3, r0        : IntAlu :  D=0x0000000000000001
 150500: system.cpu T0 : @_dl_aux_init+205    :   adds   r2, r1, r2        : IntAlu :  D=0x0000000000000000
 151000: system.cpu T0 : @_dl_aux_init+207    :   ldr.w   r2, [r2, #-16]   : MemRead :  D=0x000000000000000b A=0xbeffffa8
 151500: system.cpu T0 : @_dl_aux_init+211    :   cmps   r2, #0            : IntAlu :  D=0x0000000000000001
 152000: system.cpu T0 : @_dl_aux_init+213    :   b                        : IntAlu : 
 152500: system.cpu T0 : @_dl_aux_init+123    :   subs   r2, r2, #3        : IntAlu :  D=0x0000000000000001
 153000: system.cpu T0 : @_dl_aux_init+125    :   cmps   r2, #30           : IntAlu :  D=0x0000000000000000
 153500: system.cpu T0 : @_dl_aux_init+127    :   b                        : IntAlu : Predicated False
 154500: system.cpu T0 : @_dl_aux_init+129    :   tbh.w                    : MemRead :  D=0x00000000000000c2 A=0x11bd6
 155500: system.cpu T0 : @_dl_aux_init+521    :   ldr.w   r2, [r3, #-4]    : MemRead :  D=0x0000000000000064 A=0xbeffffac
 156000: system.cpu T0 : @_dl_aux_init+525    :   adds   r3, r3, #8        : IntAlu :  D=0x0000000000000000
 156500: system.cpu T0 : @_dl_aux_init+527    :   orr.w   r4, r4, #1       : IntAlu :  D=0x00000000ffffffff
 157000: system.cpu T0 : @_dl_aux_init+531    :   eors   r7, r7, r2        : IntAlu :  D=0x0000000000000000
 157500: system.cpu T0 : @_dl_aux_init+533    :   subs   r2, r3, r0        : IntAlu :  D=0x0000000000000001
 158000: system.cpu T0 : @_dl_aux_init+535    :   adds   r2, r1, r2        : IntAlu :  D=0x0000000000000000
 159000: system.cpu T0 : @_dl_aux_init+537    :   ldr.w   r2, [r2, #-16]   : MemRead :  D=0x000000000000000c A=0xbeffffb0
 159500: system.cpu T0 : @_dl_aux_init+541    :   cmps   r2, #0            : IntAlu :  D=0x0000000000000001
 160000: system.cpu T0 : @_dl_aux_init+543    :   b.w                      : IntAlu : 
 160500: system.cpu T0 : @_dl_aux_init+123    :   subs   r2, r2, #3        : IntAlu :  D=0x0000000000000001
 161000: system.cpu T0 : @_dl_aux_init+125    :   cmps   r2, #30           : IntAlu :  D=0x0000000000000000
 161500: system.cpu T0 : @_dl_aux_init+127    :   b                        : IntAlu : Predicated False
 162500: system.cpu T0 : @_dl_aux_init+129    :   tbh.w                    : MemRead :  D=0x00000000000000b4 A=0x11bd8
 163500: system.cpu T0 : @_dl_aux_init+493    :   ldr.w   r2, [r3, #-4]    : MemRead :  D=0x0000000000000064 A=0xbeffffb4
 164000: system.cpu T0 : @_dl_aux_init+497    :   adds   r3, r3, #8        : IntAlu :  D=0x0000000000000000
 164500: system.cpu T0 : @_dl_aux_init+499    :   orr.w   r4, r4, #2       : IntAlu :  D=0x00000000ffffffff
 165000: system.cpu T0 : @_dl_aux_init+503    :   eors   r7, r7, r2        : IntAlu :  D=0x0000000000000001
 165500: system.cpu T0 : @_dl_aux_init+505    :   subs   r2, r3, r0        : IntAlu :  D=0x0000000000000001
 166000: system.cpu T0 : @_dl_aux_init+507    :   adds   r2, r1, r2        : IntAlu :  D=0x0000000000000000
 167000: system.cpu T0 : @_dl_aux_init+509    :   ldr.w   r2, [r2, #-16]   : MemRead :  D=0x000000000000000d A=0xbeffffb8
 167500: system.cpu T0 : @_dl_aux_init+513    :   cmps   r2, #0            : IntAlu :  D=0x0000000000000001
 168000: system.cpu T0 : @_dl_aux_init+515    :   b.w                      : IntAlu : 
 168500: system.cpu T0 : @_dl_aux_init+123    :   subs   r2, r2, #3        : IntAlu :  D=0x0000000000000001
 169000: system.cpu T0 : @_dl_aux_init+125    :   cmps   r2, #30           : IntAlu :  D=0x0000000000000000
 169500: system.cpu T0 : @_dl_aux_init+127    :   b                        : IntAlu : Predicated False
 170500: system.cpu T0 : @_dl_aux_init+129    :   tbh.w                    : MemRead :  D=0x00000000000000a6 A=0x11bda
 171500: system.cpu T0 : @_dl_aux_init+465    :   ldr.w   r2, [r3, #-4]    : MemRead :  D=0x0000000000000064 A=0xbeffffbc
 172000: system.cpu T0 : @_dl_aux_init+469    :   adds   r3, r3, #8        : IntAlu :  D=0x0000000000000000
 172500: system.cpu T0 : @_dl_aux_init+471    :   orr.w   r4, r4, #4       : IntAlu :  D=0x00000000ffffffff
 173000: system.cpu T0 : @_dl_aux_init+475    :   eors   r5, r5, r2        : IntAlu :  D=0x0000000000000000
 173500: system.cpu T0 : @_dl_aux_init+477    :   subs   r2, r3, r0        : IntAlu :  D=0x0000000000000001
 174000: system.cpu T0 : @_dl_aux_init+479    :   adds   r2, r1, r2        : IntAlu :  D=0x0000000000000000
 175000: system.cpu T0 : @_dl_aux_init+481    :   ldr.w   r2, [r2, #-16]   : MemRead :  D=0x000000000000000e A=0xbeffffc0
 175500: system.cpu T0 : @_dl_aux_init+485    :   cmps   r2, #0            : IntAlu :  D=0x0000000000000001
 176000: system.cpu T0 : @_dl_aux_init+487    :   b.w                      : IntAlu : 
 176500: system.cpu T0 : @_dl_aux_init+123    :   subs   r2, r2, #3        : IntAlu :  D=0x0000000000000001
 177000: system.cpu T0 : @_dl_aux_init+125    :   cmps   r2, #30           : IntAlu :  D=0x0000000000000000
 177500: system.cpu T0 : @_dl_aux_init+127    :   b                        : IntAlu : Predicated False
 178500: system.cpu T0 : @_dl_aux_init+129    :   tbh.w                    : MemRead :  D=0x0000000000000098 A=0x11bdc
 179500: system.cpu T0 : @_dl_aux_init+437    :   ldr.w   r2, [r3, #-4]    : MemRead :  D=0x0000000000000064 A=0xbeffffc4
 180000: system.cpu T0 : @_dl_aux_init+441    :   adds   r3, r3, #8        : IntAlu :  D=0x0000000000000000
 180500: system.cpu T0 : @_dl_aux_init+443    :   orr.w   r4, r4, #8       : IntAlu :  D=0x00000000ffffffff
 181000: system.cpu T0 : @_dl_aux_init+447    :   eors   r5, r5, r2        : IntAlu :  D=0x0000000000000001
 181500: system.cpu T0 : @_dl_aux_init+449    :   subs   r2, r3, r0        : IntAlu :  D=0x0000000000000001
 182000: system.cpu T0 : @_dl_aux_init+451    :   adds   r2, r1, r2        : IntAlu :  D=0x0000000000000000
 183000: system.cpu T0 : @_dl_aux_init+453    :   ldr.w   r2, [r2, #-16]   : MemRead :  D=0x0000000000000000 A=0xbeffffc8
 183500: system.cpu T0 : @_dl_aux_init+457    :   cmps   r2, #0            : IntAlu :  D=0x0000000000000001
 184000: system.cpu T0 : @_dl_aux_init+459    :   b.w                      : IntAlu : Predicated False
 184500: system.cpu T0 : @_dl_aux_init+463    :   b                        : IntAlu : 
 185000: system.cpu T0 : @_dl_aux_init+215    :   ldr   r3, [sp, #16]      : MemRead :  D=0x0000000000001000 A=0xbefffda8
 186000: system.cpu T0 : @_dl_aux_init+217    :   mov.w   fp, #44868       : IntAlu :  D=0x000000000000af44
 186500: system.cpu T0 : @_dl_aux_init+221    :   ldr   r2, [sp, #12]      : MemRead :  D=0x0000000000000064 A=0xbefffda4
 187000: system.cpu T0 : @_dl_aux_init+223    :   movt.w   fp, fp, #6      : IntAlu :  D=0x000000000006af44
 187500: system.cpu T0 : @_dl_aux_init+227    :   cmps   r4, #15           : IntAlu :  D=0x0000000000000001
 188500: system.cpu T0 : @_dl_aux_init+229    :   str.w   r3, [r10, #0]    : MemWrite :  D=0x0000000000001000 A=0x69964
 189000: system.cpu T0 : @_dl_aux_init+233    :   ldr   r3, [sp, #8]       : MemRead :  D=0x0000000000008034 A=0xbefffda0
 189500: system.cpu T0 : @_dl_aux_init+235    :   str.w   r2, [r9, #0]     : MemWrite :  D=0x0000000000000064 A=0x6af3c
 190000: system.cpu T0 : @_dl_aux_init+239    :   ldr   r2, [sp, #4]       : MemRead :  D=0x0000000000000007 A=0xbefffd9c
 191000: system.cpu T0 : @_dl_aux_init+241    :   str.w   r3, [r8, #0]     : MemWrite :  D=0x0000000000008034 A=0x6af2c
 191500: system.cpu T0 : @_dl_aux_init+245    :   ldr   r3, [sp, #32]      : MemRead :  D=0x00000000000078d7 A=0xbefffdb8
 192000: system.cpu T0 : @_dl_aux_init+247    :   str.w   r2, [r12, #0]    : MemWrite :  D=0x0000000000000007 A=0x6af50
 192500: system.cpu T0 : @_dl_aux_init+251    :   ldr   r2, [sp, #36]      : MemRead :  D=0x0000000000000000 A=0xbefffdbc
 193000: system.cpu T0 : @_dl_aux_init+253    :   str   r3, [r6, #0]       : MemWrite :  D=0x00000000000078d7 A=0x6ab20
 193500: system.cpu T0 : @_dl_aux_init+255    :   ldr   r3, [sp, #0]       : MemRead :  D=0x0000000000000000 A=0xbefffd98
 194000: system.cpu T0 : @_dl_aux_init+257    :   str   r2, [r6, #4]       : MemWrite :  D=0x0000000000000000 A=0x6ab24
 194500: system.cpu T0 : @_dl_aux_init+259    :   ldr   r2, [sp, #24]      : MemRead :  D=0x0000000000000000 A=0xbefffdb0
 195500: system.cpu T0 : @_dl_aux_init+261    :   str.w   r3, [fp, #0]     : MemWrite :  D=0x0000000000000000 A=0x6af44
 196500: system.cpu T0 : @_dl_aux_init+265    :   mov.w   r3, #36828       : IntAlu :  D=0x0000000000008fdc
 197500: system.cpu T0 : @_dl_aux_init+269    :   movt.w   r3, r3, #6      : IntAlu :  D=0x0000000000068fdc
 198000: system.cpu T0 : @_dl_aux_init+273    :   str   r2, [r3, #0]       : MemWrite :  D=0x0000000000000000 A=0x68fdc
 198500: system.cpu T0 : @_dl_aux_init+275    :   mov.w   r3, #44980       : IntAlu :  D=0x000000000000afb4
 199000: system.cpu T0 : @_dl_aux_init+279    :   ldr   r2, [sp, #28]      : MemRead :  D=0x0000000000000001 A=0xbefffdb4
 200000: system.cpu T0 : @_dl_aux_init+281    :   movt.w   r3, r3, #6      : IntAlu :  D=0x000000000006afb4
 200500: system.cpu T0 : @_dl_aux_init+285    :   str   r2, [r3, #0]       : MemWrite :  D=0x0000000000000001 A=0x6afb4
 201000: system.cpu T0 : @_dl_aux_init+287    :   mov.w   r3, #36820       : IntAlu :  D=0x0000000000008fd4
 201500: system.cpu T0 : @_dl_aux_init+291    :   ldr   r2, [sp, #20]      : MemRead :  D=0x00000000beffffd0 A=0xbefffdac
 202500: system.cpu T0 : @_dl_aux_init+293    :   movt.w   r3, r3, #6      : IntAlu :  D=0x0000000000068fd4
 203000: system.cpu T0 : @_dl_aux_init+297    :   str   r2, [r3, #0]       : MemWrite :  D=0x00000000beffffd0 A=0x68fd4
 203500: system.cpu T0 : @_dl_aux_init+299    :   b                        : IntAlu : 
 204000: system.cpu T0 : @_dl_aux_init+323    :   add   sp, sp, #40        : IntAlu :  D=0x00000000befffdc0
 205000: system.cpu T0 : @_dl_aux_init+325    : ldmstm                    
 205000: system.cpu T0 : @_dl_aux_init+325.0  :   ldr2_uop.w   r4,r5, [sp, #0] : MemRead :  D=0x0000000000008df1 A=0xbefffdc0
 205500: system.cpu T0 : @_dl_aux_init+325.1  :   ldr2_uop.w   r6,r7, [sp, #8] : MemRead :  D=0x0000000000000000 A=0xbefffdc8
 206000: system.cpu T0 : @_dl_aux_init+325.2  :   ldr2_uop.w   r8,r9, [sp, #16] : MemRead :  D=0x0000000000000000 A=0xbefffdd0
 206500: system.cpu T0 : @_dl_aux_init+325.3  :   ldr2_uop.w   r10,fp, [sp, #24] : MemRead :  D=0x0000000000000000 A=0xbefffdd8
 207000: system.cpu T0 : @_dl_aux_init+325.4  :   addi_uop.w   sp, sp, #32 : IntAlu :  D=0x00000000befffde0
 207500: system.cpu T0 : @_dl_aux_init+329    :   bx                       : IntAlu : 
 208500: system.cpu T0 : @__libc_start_main+97    :   mov.w   r3, #39348       : IntAlu :  D=0x00000000000099b4
 209500: system.cpu T0 : @__libc_start_main+101    :   movt.w   r3, r3, #6      : IntAlu :  D=0x00000000000699b4
 210000: system.cpu T0 : @__libc_start_main+105    :   ldr   r3, [r3, #0]       : MemRead :  D=0x0000000000000000 A=0x699b4
 210500: system.cpu T0 : @__libc_start_main+107    :   cbnz                     : IntAlu : Predicated False
 211500: system.cpu T0 : @__libc_start_main+109    :   bl.w                     : IntAlu :  D=0x00000000000089df
 212000: system.cpu T0 : @__libc_init_secure+59    : ldmstm                    
 212000: system.cpu T0 : @__libc_init_secure+59.0  :   str_uop   r4, [sp, #12]  : MemWrite :  D=0x00000000beffff3c A=0xbefffdd4
 212500: system.cpu T0 : @__libc_init_secure+59.1  :   str_uop   r5, [sp, #8]   : MemWrite :  D=0x0000000000008df1 A=0xbefffdd8
 213000: system.cpu T0 : @__libc_init_secure+59.2  :   str_uop   lr, [sp, #4]   : MemWrite :  D=0x00000000000089df A=0xbefffddc
 213500: system.cpu T0 : @__libc_init_secure+59.3  :   subi_uop   sp, sp, #12   : IntAlu :  D=0x00000000befffdd4
 214000: system.cpu T0 : @_dl_discover_osversion+1    :   sub   sp, sp, #460       : IntAlu :  D=0x00000000befffc08
 214500: system.cpu T0 : @_dl_discover_osversion+3    :   mov   r0, sp             : IntAlu :  D=0x00000000befffc08
 215500: system.cpu T0 : @_dl_discover_osversion+5    :   blx.w                    : IntAlu :  D=0x00000000000122af
 216000: system.cpu T0 : @uname    :   str   r7, [sp, #-4]!    
 216000: system.cpu T0 : @uname.0  :   str   r7, [sp, #-4]!     : MemWrite :  D=0x0000000000000000 A=0xbefffc04
 216500: system.cpu T0 : @uname.1  :   subi_uop   sp, sp, #4    : IntAlu :  D=0x00000000befffc04
 217000: system.cpu T0 : @uname+4    :   mov   r7, #122           : IntAlu :  D=0x000000000000007a
 217500: system.cpu T0 : @uname+8    :   svc   #0                 : IntAlu : 
 218000: system.cpu T0 : @uname+12    :   ldr   r7, [sp] #4       
 218000: system.cpu T0 : @uname+12.0  :   ldr   r7, [sp] #4        : MemRead :  D=0x0000000000000000 A=0xbefffc04
 218500: system.cpu T0 : @uname+12.1  :   addi_uop   sp, sp, #4    : IntAlu :  D=0x00000000befffc08
 219000: system.cpu T0 : @uname+16    :   cmns   r0, #4096         : IntAlu :  D=0x0000000000000000
 219500: system.cpu T0 : @uname+20    :   bxcc                     : IntAlu : 
 220500: system.cpu T0 : @_dl_discover_osversion+9    :   add.w   r1, sp, #130     : IntAlu :  D=0x00000000befffc8a
 221000: system.cpu T0 : @_dl_discover_osversion+13    :   cmps   r0, #0            : IntAlu :  D=0x0000000000000001
 221500: system.cpu T0 : @_dl_discover_osversion+15    :   b                        : IntAlu : Predicated False
 222000: system.cpu T0 : @_dl_discover_osversion+17    :   movs   r5, #0            : IntAlu :  D=0x0000000000000001
 222500: system.cpu T0 : @_dl_discover_osversion+19    :   mov   r0, r5             : IntAlu :  D=0x0000000000000000
 223000: system.cpu T0 : @_dl_discover_osversion+21    :   ldrb   r2, [r1, #0]      : MemRead :  D=0x0000000000000033 A=0xbefffc8a
 223500: system.cpu T0 : @_dl_discover_osversion+23    :   subs   r2, r2, #48       : IntAlu :  D=0x0000000000000001
 224000: system.cpu T0 : @_dl_discover_osversion+25    :   uxtb   r3, #0, r2        : IntAlu :  D=0x0000000000000003
 224500: system.cpu T0 : @_dl_discover_osversion+27    :   cmps   r3, #9            : IntAlu :  D=0x0000000000000000
 225000: system.cpu T0 : @_dl_discover_osversion+29    :   b                        : IntAlu : Predicated False
 225500: system.cpu T0 : @_dl_discover_osversion+31    :   ldrb   r3, [r1, #1]      : MemRead :  D=0x000000000000002e A=0xbefffc8b
 226000: system.cpu T0 : @_dl_discover_osversion+33    :   adds   r1, r1, #1        : IntAlu :  D=0x0000000000000000
 226500: system.cpu T0 : @_dl_discover_osversion+35    :   sub.w   r4, r3, #48      : IntAlu :  D=0x00000000fffffffe
 227000: system.cpu T0 : @_dl_discover_osversion+39    :   cmps   r4, #9            : IntAlu :  D=0x0000000000000001
 227500: system.cpu T0 : @_dl_discover_osversion+41    :   b                        : IntAlu : 
 228000: system.cpu T0 : @_dl_discover_osversion+65    :   adds   r5, r5, #1        : IntAlu :  D=0x0000000000000000
 228500: system.cpu T0 : @_dl_discover_osversion+67    :   adds   r1, r1, #1        : IntAlu :  D=0x0000000000000000
 229000: system.cpu T0 : @_dl_discover_osversion+69    :   cmps   r3, #46           : IntAlu :  D=0x0000000000000001
 229500: system.cpu T0 : @_dl_discover_osversion+71    :   orr.w   r0, r2, r0, LSL #8 : IntAlu :  D=0x0000000000000003
 230000: system.cpu T0 : @_dl_discover_osversion+75    :   b                        : IntAlu : Predicated False
 230500: system.cpu T0 : @_dl_discover_osversion+77    :   cmps   r5, #3            : IntAlu :  D=0x0000000000000000
 231000: system.cpu T0 : @_dl_discover_osversion+79    :   b                        : IntAlu : 
 231500: system.cpu T0 : @_dl_discover_osversion+21    :   ldrb   r2, [r1, #0]      : MemRead :  D=0x0000000000000030 A=0xbefffc8c
 232000: system.cpu T0 : @_dl_discover_osversion+23    :   subs   r2, r2, #48       : IntAlu :  D=0x0000000000000001
 232500: system.cpu T0 : @_dl_discover_osversion+25    :   uxtb   r3, #0, r2        : IntAlu :  D=0x0000000000000000
 233000: system.cpu T0 : @_dl_discover_osversion+27    :   cmps   r3, #9            : IntAlu :  D=0x0000000000000000
 233500: system.cpu T0 : @_dl_discover_osversion+29    :   b                        : IntAlu : Predicated False
 234000: system.cpu T0 : @_dl_discover_osversion+31    :   ldrb   r3, [r1, #1]      : MemRead :  D=0x000000000000002e A=0xbefffc8d
 234500: system.cpu T0 : @_dl_discover_osversion+33    :   adds   r1, r1, #1        : IntAlu :  D=0x0000000000000000
 235000: system.cpu T0 : @_dl_discover_osversion+35    :   sub.w   r4, r3, #48      : IntAlu :  D=0x00000000fffffffe
 235500: system.cpu T0 : @_dl_discover_osversion+39    :   cmps   r4, #9            : IntAlu :  D=0x0000000000000001
 236000: system.cpu T0 : @_dl_discover_osversion+41    :   b                        : IntAlu : 
 236500: system.cpu T0 : @_dl_discover_osversion+65    :   adds   r5, r5, #1        : IntAlu :  D=0x0000000000000000
 237000: system.cpu T0 : @_dl_discover_osversion+67    :   adds   r1, r1, #1        : IntAlu :  D=0x0000000000000000
 237500: system.cpu T0 : @_dl_discover_osversion+69    :   cmps   r3, #46           : IntAlu :  D=0x0000000000000001
 238000: system.cpu T0 : @_dl_discover_osversion+71    :   orr.w   r0, r2, r0, LSL #8 : IntAlu :  D=0x0000000000000300
 238500: system.cpu T0 : @_dl_discover_osversion+75    :   b                        : IntAlu : Predicated False
 239000: system.cpu T0 : @_dl_discover_osversion+77    :   cmps   r5, #3            : IntAlu :  D=0x0000000000000000
 239500: system.cpu T0 : @_dl_discover_osversion+79    :   b                        : IntAlu : 
 240000: system.cpu T0 : @_dl_discover_osversion+21    :   ldrb   r2, [r1, #0]      : MemRead :  D=0x0000000000000030 A=0xbefffc8e
 240500: system.cpu T0 : @_dl_discover_osversion+23    :   subs   r2, r2, #48       : IntAlu :  D=0x0000000000000001
 241000: system.cpu T0 : @_dl_discover_osversion+25    :   uxtb   r3, #0, r2        : IntAlu :  D=0x0000000000000000
 241500: system.cpu T0 : @_dl_discover_osversion+27    :   cmps   r3, #9            : IntAlu :  D=0x0000000000000000
 242000: system.cpu T0 : @_dl_discover_osversion+29    :   b                        : IntAlu : Predicated False
 242500: system.cpu T0 : @_dl_discover_osversion+31    :   ldrb   r3, [r1, #1]      : MemRead :  D=0x0000000000000000 A=0xbefffc8f
 243000: system.cpu T0 : @_dl_discover_osversion+33    :   adds   r1, r1, #1        : IntAlu :  D=0x0000000000000000
 243500: system.cpu T0 : @_dl_discover_osversion+35    :   sub.w   r4, r3, #48      : IntAlu :  D=0x00000000ffffffd0
 244000: system.cpu T0 : @_dl_discover_osversion+39    :   cmps   r4, #9            : IntAlu :  D=0x0000000000000001
 244500: system.cpu T0 : @_dl_discover_osversion+41    :   b                        : IntAlu : 
 245000: system.cpu T0 : @_dl_discover_osversion+65    :   adds   r5, r5, #1        : IntAlu :  D=0x0000000000000000
 245500: system.cpu T0 : @_dl_discover_osversion+67    :   adds   r1, r1, #1        : IntAlu :  D=0x0000000000000000
 246000: system.cpu T0 : @_dl_discover_osversion+69    :   cmps   r3, #46           : IntAlu :  D=0x0000000000000000
 246500: system.cpu T0 : @_dl_discover_osversion+71    :   orr.w   r0, r2, r0, LSL #8 : IntAlu :  D=0x0000000000030000
 247000: system.cpu T0 : @_dl_discover_osversion+75    :   b                        : IntAlu : 
 247500: system.cpu T0 : @_dl_discover_osversion+85    :   cmps   r5, #3            : IntAlu :  D=0x0000000000000001
 248000: system.cpu T0 : @_dl_discover_osversion+87    :   b                        : IntAlu : 
 248500: system.cpu T0 : @_dl_discover_osversion+81    :   add   sp, sp, #460       : IntAlu :  D=0x00000000befffdd4
 249000: system.cpu T0 : @_dl_discover_osversion+83    : ldmstm                    
 249000: system.cpu T0 : @_dl_discover_osversion+83.0  :   ldr2_uop   r4,r5, [sp, #0] : MemRead :  D=0x0000000000008df1 A=0xbefffdd4
 249500: system.cpu T0 : @_dl_discover_osversion+83.1  :   ldr_uop   r36, [sp, #8]  : MemRead :  D=0x00000000000089df A=0xbefffddc
 250000: system.cpu T0 : @_dl_discover_osversion+83.2  :   addi_uop   sp, sp, #12   : IntAlu :  D=0x00000000befffde0
 250500: system.cpu T0 : @_dl_discover_osversion+83.3  :   uopReg_uop   pc, r36     : IntAlu :  D=0x00000000000089df
 251000: system.cpu T0 : @__libc_start_main+113    :   cmps   r0, #0            : IntAlu :  D=0x0000000000000001
 251500: system.cpu T0 : @__libc_start_main+115    :   b                        : IntAlu : Predicated False
 252000: system.cpu T0 : @__libc_start_main+117    :   ldr   r3, [pc, #260]     : MemRead :  D=0x000000000006af60 A=0x8ae8
 252500: system.cpu T0 : @__libc_start_main+119    :   ldr   r3, [r3, #0]       : MemRead :  D=0x0000000000000000 A=0x6af60
 253000: system.cpu T0 : @__libc_start_main+121    :   cmps   r3, #0            : IntAlu :  D=0x0000000000000001
 253500: system.cpu T0 : @__libc_start_main+123    :   b                        : IntAlu : Predicated False
 254000: system.cpu T0 : @__libc_start_main+125    :   ldr   r3, [pc, #252]     : MemRead :  D=0x000000000006af60 A=0x8ae8
 254500: system.cpu T0 : @__libc_start_main+127    :   str   r0, [r3, #0]       : MemWrite :  D=0x0000000000030000 A=0x6af60
 255500: system.cpu T0 : @__libc_start_main+129    :   mov.w   r3, #1566        : IntAlu :  D=0x000000000000061e
 256500: system.cpu T0 : @__libc_start_main+133    :   movt.w   r3, r3, #2      : IntAlu :  D=0x000000000002061e
 257000: system.cpu T0 : @__libc_start_main+137    :   cmps   r0, r3            : IntAlu :  D=0x0000000000000001
 257500: system.cpu T0 : @__libc_start_main+139    :   b                        : IntAlu : Predicated False
 258500: system.cpu T0 : @__libc_start_main+141    :   bl.w                     : IntAlu :  D=0x00000000000089ff
 259000: system.cpu T0 : @__tls_get_addr+15    :   bx                       : IntAlu : 
 260000: system.cpu T0 : @__libc_start_main+145    :   bl.w                     : IntAlu :  D=0x0000000000008a03
 260500: system.cpu T0 : @_dl_tls_setup+115    :   movs   r0, #8            : IntAlu :  D=0x0000000000000000
 261000: system.cpu T0 : @__pthread_initialize_minimal+1    :   movs   r1, #16           : IntAlu :  D=0x0000000000000000
 261500: system.cpu T0 : @__pthread_initialize_minimal+3    :   b.w                      : IntAlu : 
 262000: system.cpu T0 : @__libc_check_standard_fds+35    :   ldr   r3, [pc, #376]     : MemRead :  D=0x000000000006af2c A=0x8d38
 263000: system.cpu T0 : @__libc_setup_tls+1    : ldmstm                    
 263000: system.cpu T0 : @__libc_setup_tls+1.0  :   str_uop.w   r4, [sp, #36] : MemWrite :  D=0x00000000beffff3c A=0xbefffdbc
 263500: system.cpu T0 : @__libc_setup_tls+1.1  :   str_uop.w   r5, [sp, #32] : MemWrite :  D=0x0000000000008df1 A=0xbefffdc0
 264000: system.cpu T0 : @__libc_setup_tls+1.2  :   str_uop.w   r6, [sp, #28] : MemWrite :  D=0x0000000000008e61 A=0xbefffdc4
 264500: system.cpu T0 : @__libc_setup_tls+1.3  :   str_uop.w   r7, [sp, #24] : MemWrite :  D=0x0000000000000000 A=0xbefffdc8
 265000: system.cpu T0 : @__libc_setup_tls+1.4  :   str_uop.w   r8, [sp, #20] : MemWrite :  D=0x0000000000000000 A=0xbefffdcc
 265500: system.cpu T0 : @__libc_setup_tls+1.5  :   str_uop.w   r9, [sp, #16] : MemWrite :  D=0x0000000000000000 A=0xbefffdd0
 266000: system.cpu T0 : @__libc_setup_tls+1.6  :   str_uop.w   r10, [sp, #12] : MemWrite :  D=0x0000000000000000 A=0xbefffdd4
 266500: system.cpu T0 : @__libc_setup_tls+1.7  :   str_uop.w   fp, [sp, #8] : MemWrite :  D=0x0000000000000000 A=0xbefffdd8
 267000: system.cpu T0 : @__libc_setup_tls+1.8  :   str_uop.w   lr, [sp, #4] : MemWrite :  D=0x0000000000008a03 A=0xbefffddc
 267500: system.cpu T0 : @__libc_setup_tls+1.9  :   subi_uop.w   sp, sp, #36 : IntAlu :  D=0x00000000befffdbc
 268000: system.cpu T0 : @__libc_setup_tls+5    :   sub   sp, sp, #12        : IntAlu :  D=0x00000000befffdb0
 268500: system.cpu T0 : @__libc_setup_tls+7    :   ldr   r4, [r3, #0]       : MemRead :  D=0x0000000000008034 A=0x6af2c
 269000: system.cpu T0 : @__libc_setup_tls+9    :   cmps   r4, #0            : IntAlu :  D=0x0000000000000001
 269500: system.cpu T0 : @__libc_setup_tls+11    :   b.w                      : IntAlu : Predicated False
 270000: system.cpu T0 : @__libc_setup_tls+15    :   ldr   r3, [pc, #364]     : MemRead :  D=0x000000000006af50 A=0x8d3c
 270500: system.cpu T0 : @__libc_setup_tls+17    :   ldr   r5, [r3, #0]       : MemRead :  D=0x0000000000000007 A=0x6af50
 271000: system.cpu T0 : @__libc_setup_tls+19    :   add.w   r5, r4, r5, LSL #5 : IntAlu :  D=0x0000000000008114
 271500: system.cpu T0 : @__libc_setup_tls+23    :   cmps   r5, r4            : IntAlu :  D=0x0000000000000001
 272000: system.cpu T0 : @__libc_setup_tls+25    :   b                        : IntAlu : Predicated False
 272500: system.cpu T0 : @__libc_setup_tls+27    :   ldr   r3, [r4, #0]       : MemRead :  D=0x0000000070000001 A=0x8034
 273000: system.cpu T0 : @__libc_setup_tls+29    :   cmps   r3, #7            : IntAlu :  D=0x0000000000000001
 273500: system.cpu T0 : @__libc_setup_tls+31    :   mov   r3, r4             : IntAlu :  D=0x0000000000008034
 274000: system.cpu T0 : @__libc_setup_tls+33    :   it                       : IntAlu : 
 274500: system.cpu T0 : @__libc_setup_tls+35    :   add.w   r7, r4, #32      : IntAlu :  D=0x0000000000008054
 275000: system.cpu T0 : @__libc_setup_tls+39    :   b                        : IntAlu : 
 275500: system.cpu T0 : @__libc_setup_tls+57    :   adds   r3, r3, #32       : IntAlu :  D=0x0000000000000000
 276000: system.cpu T0 : @__libc_setup_tls+59    :   cmps   r5, r3            : IntAlu :  D=0x0000000000000001
 276500: system.cpu T0 : @__libc_setup_tls+61    :   b                        : IntAlu : 
 277000: system.cpu T0 : @__libc_setup_tls+43    :   subs   r2, r3, r4        : IntAlu :  D=0x0000000000000001
 277500: system.cpu T0 : @__libc_setup_tls+45    :   adds   r2, r2, r7        : IntAlu :  D=0x0000000000000000
 278000: system.cpu T0 : @__libc_setup_tls+47    :   ldr.w   r2, [r2, #-32]   : MemRead :  D=0x0000000000000001 A=0x8054
 278500: system.cpu T0 : @__libc_setup_tls+51    :   cmps   r2, #7            : IntAlu :  D=0x0000000000000000
 279500: system.cpu T0 : @__libc_setup_tls+53    :   b.w                      : IntAlu : Predicated False
 280000: system.cpu T0 : @__libc_setup_tls+57    :   adds   r3, r3, #32       : IntAlu :  D=0x0000000000000000
 280500: system.cpu T0 : @__libc_setup_tls+59    :   cmps   r5, r3            : IntAlu :  D=0x0000000000000001
 281000: system.cpu T0 : @__libc_setup_tls+61    :   b                        : IntAlu : 
 281500: system.cpu T0 : @__libc_setup_tls+43    :   subs   r2, r3, r4        : IntAlu :  D=0x0000000000000001
 282000: system.cpu T0 : @__libc_setup_tls+45    :   adds   r2, r2, r7        : IntAlu :  D=0x0000000000000000
 282500: system.cpu T0 : @__libc_setup_tls+47    :   ldr.w   r2, [r2, #-32]   : MemRead :  D=0x0000000000000001 A=0x8074
 283000: system.cpu T0 : @__libc_setup_tls+51    :   cmps   r2, #7            : IntAlu :  D=0x0000000000000000
 284000: system.cpu T0 : @__libc_setup_tls+53    :   b.w                      : IntAlu : Predicated False
 284500: system.cpu T0 : @__libc_setup_tls+57    :   adds   r3, r3, #32       : IntAlu :  D=0x0000000000000000
 285000: system.cpu T0 : @__libc_setup_tls+59    :   cmps   r5, r3            : IntAlu :  D=0x0000000000000001
 285500: system.cpu T0 : @__libc_setup_tls+61    :   b                        : IntAlu : 
 286000: system.cpu T0 : @__libc_setup_tls+43    :   subs   r2, r3, r4        : IntAlu :  D=0x0000000000000001
 286500: system.cpu T0 : @__libc_setup_tls+45    :   adds   r2, r2, r7        : IntAlu :  D=0x0000000000000000
 287000: system.cpu T0 : @__libc_setup_tls+47    :   ldr.w   r2, [r2, #-32]   : MemRead :  D=0x0000000000000004 A=0x8094
 287500: system.cpu T0 : @__libc_setup_tls+51    :   cmps   r2, #7            : IntAlu :  D=0x0000000000000000
 288500: system.cpu T0 : @__libc_setup_tls+53    :   b.w                      : IntAlu : Predicated False
 289000: system.cpu T0 : @__libc_setup_tls+57    :   adds   r3, r3, #32       : IntAlu :  D=0x0000000000000000
 289500: system.cpu T0 : @__libc_setup_tls+59    :   cmps   r5, r3            : IntAlu :  D=0x0000000000000001
 290000: system.cpu T0 : @__libc_setup_tls+61    :   b                        : IntAlu : 
 290500: system.cpu T0 : @__libc_setup_tls+43    :   subs   r2, r3, r4        : IntAlu :  D=0x0000000000000001
 291000: system.cpu T0 : @__libc_setup_tls+45    :   adds   r2, r2, r7        : IntAlu :  D=0x0000000000000000
 291500: system.cpu T0 : @__libc_setup_tls+47    :   ldr.w   r2, [r2, #-32]   : MemRead :  D=0x0000000000000007 A=0x80b4
 292000: system.cpu T0 : @__libc_setup_tls+51    :   cmps   r2, #7            : IntAlu :  D=0x0000000000000001
 293000: system.cpu T0 : @__libc_setup_tls+53    :   b.w                      : IntAlu : 
 293500: system.cpu T0 : @__libc_setup_tls+319    :   ldr   r4, [r3, #28]      : MemRead :  D=0x0000000000000004 A=0x80d0
 294000: system.cpu T0 : @__libc_setup_tls+321    :   ldr   r2, [r3, #16]      : MemRead :  D=0x0000000000000010 A=0x80c4
 294500: system.cpu T0 : @__libc_setup_tls+323    :   ldr.w   r8, [r3, #20]    : MemRead :  D=0x0000000000000028 A=0x80c8
 295000: system.cpu T0 : @__libc_setup_tls+327    :   cmps   r1, r4            : IntAlu :  D=0x0000000000000001
 295500: system.cpu T0 : @__libc_setup_tls+329    :   it                       : IntAlu : 
 296000: system.cpu T0 : @__libc_setup_tls+331    :   mov   r6, r1             : IntAlu :  D=0x0000000000000010
 296500: system.cpu T0 : @__libc_setup_tls+333    :   mov   r6, r4             : IntAlu : Predicated False
 297000: system.cpu T0 : @__libc_setup_tls+335    :   ldr   r3, [r3, #8]       : MemRead :  D=0x0000000000068fb0 A=0x80bc
 297500: system.cpu T0 : @__libc_setup_tls+337    :   str   r2, [sp, #0]       : MemWrite :  D=0x0000000000000010 A=0xbefffdb0
 298000: system.cpu T0 : @__libc_setup_tls+339    :   str   r3, [sp, #4]       : MemWrite :  D=0x0000000000068fb0 A=0xbefffdb4
 298500: system.cpu T0 : @__libc_setup_tls+341    :   mov   r9, r3             : IntAlu :  D=0x0000000000068fb0
 299000: system.cpu T0 : @__libc_setup_tls+343    :   cmps   r4, #0            : IntAlu :  D=0x0000000000000001
 300000: system.cpu T0 : @__libc_setup_tls+345    :   b.w                      : IntAlu : Predicated False
 300500: system.cpu T0 : @__libc_setup_tls+349    :   subs   r3, r4, #1        : IntAlu :  D=0x0000000000000001
 301000: system.cpu T0 : @__libc_setup_tls+351    :   mov   r1, r4             : IntAlu :  D=0x0000000000000004
 301500: system.cpu T0 : @__libc_setup_tls+353    :   adds   r0, r3, r0        : IntAlu :  D=0x0000000000000000
 302000: system.cpu T0 : @__libc_setup_tls+355    :   ldr.w   r9, [sp, #4]     : MemRead :  D=0x0000000000068fb0 A=0xbefffdb4
 302500: system.cpu T0 : @__libc_setup_tls+359    :   bl.w                     : IntAlu :  D=0x0000000000008d29
 303000: system.cpu T0 : @.udivsi3_skip_div0_test    :   subs   r2, r1, #1        : IntAlu :  D=0x0000000000000001
 303500: system.cpu T0 : @__aeabi_uidiv+1    :   it                       : IntAlu : 
 304000: system.cpu T0 : @__aeabi_uidiv+3    :   bx                       : IntAlu : Predicated False
 305000: system.cpu T0 : @__aeabi_uidiv+5    :   b.w                      : IntAlu : Predicated False
 305500: system.cpu T0 : @__aeabi_uidiv+9    :   cmps   r0, r1            : IntAlu :  D=0x0000000000000001
 306000: system.cpu T0 : @__aeabi_uidiv+11    :   b.w                      : IntAlu : Predicated False
 306500: system.cpu T0 : @__aeabi_uidiv+15    :   tsts   r1, r2            : IntAlu :  D=0x0000000000000001
 307500: system.cpu T0 : @__aeabi_uidiv+17    :   b.w                      : IntAlu : 
 308000: system.cpu T0 : @__aeabi_uidiv+579    :   clz.w   r2, r1           : IntAlu :  D=0x000000000000001d
 308500: system.cpu T0 : @__aeabi_uidiv+583    :   rsb.w   r2, r2, #31      : IntAlu :  D=0x0000000000000002
 309000: system.cpu T0 : @__aeabi_uidiv+587    :   mov.w   r0, r0, LSR r2   : IntAlu :  D=0x0000000000000002
 309500: system.cpu T0 : @__aeabi_uidiv+591    :   bx                       : IntAlu : 
 310000: system.cpu T0 : @__libc_setup_tls+363    :   mov   r10, r4            : IntAlu :  D=0x0000000000000004
 310500: system.cpu T0 : @__libc_setup_tls+365    :   b                        : IntAlu : 
 311000: system.cpu T0 : @__libc_setup_tls+85    :   ldr   r7, [pc, #300]     : MemRead :  D=0x0000000000069078 A=0x8d40
 311500: system.cpu T0 : @__libc_setup_tls+87    :   mov.w   fp, #1           : IntAlu :  D=0x0000000000000001
 312000: system.cpu T0 : @__libc_setup_tls+91    :   mul.w                    : IntMult :  D=0x0000000000000008
 312500: system.cpu T0 : @__libc_setup_tls+95    :   ldr   r4, [pc, #292]     : MemRead :  D=0x0000000000069c28 A=0x8d44
 313000: system.cpu T0 : @__libc_setup_tls+97    :   ldr   r0, [r7, #0]       : MemRead :  D=0x0000000000000800 A=0x69078
 313500: system.cpu T0 : @__libc_setup_tls+99    :   add.w   r0, r0, #1216    : IntAlu :  D=0x0000000000000cc0
 314000: system.cpu T0 : @__libc_setup_tls+103    :   add   r0, r0, r8         : IntAlu :  D=0x0000000000000ce8
 314500: system.cpu T0 : @__libc_setup_tls+105    :   adds   r0, r0, r6        : IntAlu :  D=0x0000000000000000
 315000: system.cpu T0 : @__libc_setup_tls+107    :   adds   r0, r0, r5        : IntAlu :  D=0x0000000000000000
 316000: system.cpu T0 : @__libc_setup_tls+109    :   bl.w                     : IntAlu :  D=0x0000000000008c2f
 316500: system.cpu T0 : @fcntl+155    : ldmstm                    
 316500: system.cpu T0 : @fcntl+155.0  :   str_uop   r4, [sp, #16]  : MemWrite :  D=0x0000000000069c28 A=0xbefffda0
 317000: system.cpu T0 : @fcntl+155.1  :   str_uop   r5, [sp, #12]  : MemWrite :  D=0x0000000000000008 A=0xbefffda4
 317500: system.cpu T0 : @fcntl+155.2  :   str_uop   r6, [sp, #8]   : MemWrite :  D=0x0000000000000010 A=0xbefffda8
 318000: system.cpu T0 : @fcntl+155.3  :   str_uop   lr, [sp, #4]   : MemWrite :  D=0x0000000000008c2f A=0xbefffdac
 318500: system.cpu T0 : @fcntl+155.4  :   subi_uop   sp, sp, #16   : IntAlu :  D=0x00000000befffda0
 319000: system.cpu T0 : @sbrk+1    :   mov   r5, r0             : IntAlu :  D=0x0000000000000d00
 319500: system.cpu T0 : @sbrk+3    :   ldr   r6, [pc, #68]      : MemRead :  D=0x000000000006acb8 A=0x1078c
 320000: system.cpu T0 : @sbrk+5    :   ldr   r4, [r6, #0]       : MemRead :  D=0x0000000000000000 A=0x6acb8
 320500: system.cpu T0 : @sbrk+7    :   cbz                      : IntAlu : 
 321000: system.cpu T0 : @sbrk+43    :   movs   r0, #0            : IntAlu :  D=0x0000000000000001
 322000: system.cpu T0 : @sbrk+45    :   bl.w                     : IntAlu :  D=0x0000000000010773
 322500: system.cpu T0 : @__getrlimit+43    : ldmstm                    
 322500: system.cpu T0 : @__getrlimit+43.0  :   str_uop   lr, [sp, #4]   : MemWrite :  D=0x0000000000010773 A=0xbefffd9c
 323000: system.cpu T0 : @__getrlimit+43.1  :   subi_uop   sp, sp, #4    : IntAlu :  D=0x00000000befffd9c
 323500: system.cpu T0 : @brk+1    :   mov   r3, r0             : IntAlu :  D=0x0000000000000000
 324000: system.cpu T0 : @brk+3    :   mov.w   r12, #45         : IntAlu :  D=0x000000000000002d
 324500: system.cpu T0 : @brk+7    :   bl.w                     : IntAlu :  D=0x0000000000026b51
 325000: system.cpu T0 : @__libc_csu_fini+47    : ldmstm                    
 325000: system.cpu T0 : @__libc_csu_fini+47.0  :   str_uop   r7, [sp, #8]   : MemWrite :  D=0x0000000000069078 A=0xbefffd94
 325500: system.cpu T0 : @__libc_csu_fini+47.1  :   str_uop   lr, [sp, #4]   : MemWrite :  D=0x0000000000026b51 A=0xbefffd98
 326000: system.cpu T0 : @__libc_csu_fini+47.2  :   subi_uop   sp, sp, #8    : IntAlu :  D=0x00000000befffd94
 326500: system.cpu T0 : @__libc_do_syscall+1    :   mov   r7, r12            : IntAlu :  D=0x000000000000002d
 327000: system.cpu T0 : @__libc_do_syscall+3    :   svc   #0                 : IntAlu : 
 327500: system.cpu T0 : @__libc_do_syscall+5    : ldmstm                    
 327500: system.cpu T0 : @__libc_do_syscall+5.0  :   ldr2_uop   r7,r36, [sp, #0] : MemRead :  D=0x0000000000026b51 A=0xbefffd94
 328000: system.cpu T0 : @__libc_do_syscall+5.1  :   addi_uop   sp, sp, #8    : IntAlu :  D=0x00000000befffd9c
 328500: system.cpu T0 : @__libc_do_syscall+5.2  :   uopReg_uop   pc, r36     : IntAlu :  D=0x0000000000026b51
 329000: system.cpu T0 : @brk+11    :   cmns.w   r0, #4096       : IntAlu :  D=0x0000000000000000
 329500: system.cpu T0 : @brk+15    :   b                        : IntAlu : Predicated False
 330000: system.cpu T0 : @brk+17    :   ldr   r2, [pc, #64]      : MemRead :  D=0x000000000006acb8 A=0x26b98
 330500: system.cpu T0 : @brk+19    :   cmps   r3, r0            : IntAlu :  D=0x0000000000000000
 331000: system.cpu T0 : @brk+21    :   str   r0, [r2, #0]       : MemWrite :  D=0x000000000006c000 A=0x6acb8
 331500: system.cpu T0 : @brk+23    :   b                        : IntAlu : Predicated False
 332000: system.cpu T0 : @brk+25    :   movs   r0, #0            : IntAlu :  D=0x0000000000000001
 332500: system.cpu T0 : @brk+27    :   ldr.w   pc, [sp] #4     
 332500: system.cpu T0 : @brk+27.0  :   ldr.w   r35, [sp] #4     : MemRead :  D=0x0000000000010773 A=0xbefffd9c
 333000: system.cpu T0 : @brk+27.1  :   addi_uop.w   sp, sp, #4  : IntAlu :  D=0x00000000befffda0
 333500: system.cpu T0 : @brk+27.2  :   uopReg_uop.w   pc, r35   : IntAlu :  D=0x0000000000010773
 334000: system.cpu T0 : @sbrk+49    :   cmps   r0, #0            : IntAlu :  D=0x0000000000000001
 334500: system.cpu T0 : @sbrk+51    :   b                        : IntAlu : Predicated False
 335000: system.cpu T0 : @sbrk+53    :   ldr   r4, [r6, #0]       : MemRead :  D=0x000000000006c000 A=0x6acb8
 335500: system.cpu T0 : @sbrk+55    :   b                        : IntAlu : 
 336000: system.cpu T0 : @sbrk+15    :   cmps   r5, #0            : IntAlu :  D=0x0000000000000001
 336500: system.cpu T0 : @sbrk+17    :   b                        : IntAlu : Predicated False
 337000: system.cpu T0 : @sbrk+19    :   b                        : IntAlu : Predicated False
 337500: system.cpu T0 : @sbrk+21    :   adds   r0, r4, r5        : IntAlu :  D=0x0000000000000000
 338000: system.cpu T0 : @sbrk+23    :   b                        : IntAlu : Predicated False
 339000: system.cpu T0 : @sbrk+25    :   bl.w                     : IntAlu :  D=0x000000000001075f
 339500: system.cpu T0 : @__getrlimit+43    : ldmstm                    
 339500: system.cpu T0 : @__getrlimit+43.0  :   str_uop   lr, [sp, #4]   : MemWrite :  D=0x000000000001075f A=0xbefffd9c
 340000: system.cpu T0 : @__getrlimit+43.1  :   subi_uop   sp, sp, #4    : IntAlu :  D=0x00000000befffd9c
 340500: system.cpu T0 : @brk+1    :   mov   r3, r0             : IntAlu :  D=0x000000000006cd00
 341000: system.cpu T0 : @brk+3    :   mov.w   r12, #45         : IntAlu :  D=0x000000000000002d
 341500: system.cpu T0 : @brk+7    :   bl.w                     : IntAlu :  D=0x0000000000026b51
 342000: system.cpu T0 : @__libc_csu_fini+47    : ldmstm                    
 342000: system.cpu T0 : @__libc_csu_fini+47.0  :   str_uop   r7, [sp, #8]   : MemWrite :  D=0x0000000000069078 A=0xbefffd94
 342500: system.cpu T0 : @__libc_csu_fini+47.1  :   str_uop   lr, [sp, #4]   : MemWrite :  D=0x0000000000026b51 A=0xbefffd98
 343000: system.cpu T0 : @__libc_csu_fini+47.2  :   subi_uop   sp, sp, #8    : IntAlu :  D=0x00000000befffd94
 343500: system.cpu T0 : @__libc_do_syscall+1    :   mov   r7, r12            : IntAlu :  D=0x000000000000002d
 344000: system.cpu T0 : @__libc_do_syscall+3    :   svc   #0                 : IntAlu : 
 344500: system.cpu T0 : @__libc_do_syscall+5    : ldmstm                    
 344500: system.cpu T0 : @__libc_do_syscall+5.0  :   ldr2_uop   r7,r36, [sp, #0] : MemRead :  D=0x0000000000026b51 A=0xbefffd94
 345000: system.cpu T0 : @__libc_do_syscall+5.1  :   addi_uop   sp, sp, #8    : IntAlu :  D=0x00000000befffd9c
 345500: system.cpu T0 : @__libc_do_syscall+5.2  :   uopReg_uop   pc, r36     : IntAlu :  D=0x0000000000026b51
 346000: system.cpu T0 : @brk+11    :   cmns.w   r0, #4096       : IntAlu :  D=0x0000000000000000
 346500: system.cpu T0 : @brk+15    :   b                        : IntAlu : Predicated False
 347000: system.cpu T0 : @brk+17    :   ldr   r2, [pc, #64]      : MemRead :  D=0x000000000006acb8 A=0x26b98
 347500: system.cpu T0 : @brk+19    :   cmps   r3, r0            : IntAlu :  D=0x0000000000000001
 348000: system.cpu T0 : @brk+21    :   str   r0, [r2, #0]       : MemWrite :  D=0x000000000006cd00 A=0x6acb8
 348500: system.cpu T0 : @brk+23    :   b                        : IntAlu : Predicated False
 349000: system.cpu T0 : @brk+25    :   movs   r0, #0            : IntAlu :  D=0x0000000000000001
 349500: system.cpu T0 : @brk+27    :   ldr.w   pc, [sp] #4     
 349500: system.cpu T0 : @brk+27.0  :   ldr.w   r35, [sp] #4     : MemRead :  D=0x000000000001075f A=0xbefffd9c
 350000: system.cpu T0 : @brk+27.1  :   addi_uop.w   sp, sp, #4  : IntAlu :  D=0x00000000befffda0
 350500: system.cpu T0 : @brk+27.2  :   uopReg_uop.w   pc, r35   : IntAlu :  D=0x000000000001075f
 351500: system.cpu T0 : @sbrk+29    :   bics.w   r4, r4, r0, ASR #32 : IntAlu :  D=0x0000000000000000
 352000: system.cpu T0 : @sbrk+33    :   it                       : IntAlu : 
 352500: system.cpu T0 : @sbrk+35    :   mov.w   r4, #4294967295  : IntAlu : Predicated False
 353000: system.cpu T0 : @sbrk+39    :   mov   r0, r4             : IntAlu :  D=0x000000000006c000
 353500: system.cpu T0 : @sbrk+41    : ldmstm                    
 353500: system.cpu T0 : @sbrk+41.0  :   ldr2_uop   r4,r5, [sp, #0] : MemRead :  D=0x0000000000000008 A=0xbefffda0
 354000: system.cpu T0 : @sbrk+41.1  :   ldr2_uop   r6,r36, [sp, #8] : MemRead :  D=0x0000000000008c2f A=0xbefffda8
 354500: system.cpu T0 : @sbrk+41.2  :   addi_uop   sp, sp, #16   : IntAlu :  D=0x00000000befffdb0
 355000: system.cpu T0 : @sbrk+41.3  :   uopReg_uop   pc, r36     : IntAlu :  D=0x0000000000008c2f
 355500: system.cpu T0 : @__libc_setup_tls+113    :   mov   r1, r9             : IntAlu :  D=0x0000000000068fb0
 356000: system.cpu T0 : @__libc_setup_tls+115    :   rsb.w   lr, r6, #0       : IntAlu :  D=0x00000000fffffff0
 356500: system.cpu T0 : @__libc_setup_tls+119    :   movs   r3, #62           : IntAlu :  D=0x0000000000000000
 357000: system.cpu T0 : @__libc_setup_tls+121    :   ldr   r2, [sp, #0]       : MemRead :  D=0x0000000000000010 A=0xbefffdb0
 357500: system.cpu T0 : @__libc_setup_tls+123    :   str   r3, [r4, #0]       : MemWrite :  D=0x000000000000003e A=0x69c28
 358500: system.cpu T0 : @__libc_setup_tls+125    :   str.w   r5, [r4, #1084]  : MemWrite :  D=0x0000000000000008 A=0x6a064
 359500: system.cpu T0 : @__libc_setup_tls+129    :   strb.w   fp, [r4, #20]   : MemWrite :  D=0x0000000000000001 A=0x69c3c
 360500: system.cpu T0 : @__libc_setup_tls+133    :   add.w   r9, r0, r6       : IntAlu :  D=0x000000000006c010
 361500: system.cpu T0 : @__libc_setup_tls+137    :   add.w   r9, r9, #1215    : IntAlu :  D=0x000000000006c4cf
 362500: system.cpu T0 : @__libc_setup_tls+141    :   and.w   r9, r9, lr       : IntAlu :  D=0x000000000006c4c0
 363500: system.cpu T0 : @__libc_setup_tls+145    :   add.w   r0, r9, r5       : IntAlu :  D=0x000000000006c4c8
 364000: system.cpu T0 : @__libc_setup_tls+149    :   str   r0, [r4, #16]      : MemWrite :  D=0x000000000006c4c8 A=0x69c38
 364500: system.cpu T0 : @__libc_setup_tls+151    :   blx.w                    : IntAlu :  D=0x0000000000008c59
 365000: system.cpu T0 : @memcpy    : ldmstm                    
 365000: system.cpu T0 : @memcpy.0  :   str_uop   r0, [sp, #12]  : MemWrite :  D=0x000000000006c4c8 A=0xbefffda4
 365500: system.cpu T0 : @memcpy.1  :   str_uop   r4, [sp, #8]   : MemWrite :  D=0x0000000000069c28 A=0xbefffda8
 366000: system.cpu T0 : @memcpy.2  :   str_uop   lr, [sp, #4]   : MemWrite :  D=0x0000000000008c59 A=0xbefffdac
 366500: system.cpu T0 : @memcpy.3  :   subi_uop   sp, sp, #12   : IntAlu :  D=0x00000000befffda4
 367000: system.cpu T0 : @memcpy+4    :   subs   r2, r2, #4        : IntAlu :  D=0x0000000000000001
 367500: system.cpu T0 : @memcpy+8    :   blt                      : IntAlu : Predicated False
 368000: system.cpu T0 : @memcpy+12    :   ands   r12, r0, #3       : IntAlu :  D=0x0000000000000001
 368500: system.cpu T0 : @memcpy+16    :   pldw   r34, [r1, #0]     : MemRead :  D=0x0000000000000054 A=0x68fb0
 369000: system.cpu T0 : @memcpy+20    :   bne                      : IntAlu : Predicated False
 369500: system.cpu T0 : @memcpy+24    :   ands   r12, r1, #3       : IntAlu :  D=0x0000000000000001
 370000: system.cpu T0 : @memcpy+28    :   bne                      : IntAlu : Predicated False
 370500: system.cpu T0 : @memcpy+32    :   subs   r2, r2, #28       : IntAlu :  D=0x0000000000000000
 371000: system.cpu T0 : @memcpy+36    : ldmstm                    
 371000: system.cpu T0 : @memcpy+36.0  :   str_uop   r5, [sp, #16]  : MemWrite :  D=0x0000000000000008 A=0xbefffd94
 371500: system.cpu T0 : @memcpy+36.1  :   str_uop   r6, [sp, #12]  : MemWrite :  D=0x0000000000000010 A=0xbefffd98
 372000: system.cpu T0 : @memcpy+36.2  :   str_uop   r7, [sp, #8]   : MemWrite :  D=0x0000000000069078 A=0xbefffd9c
 372500: system.cpu T0 : @memcpy+36.3  :   str_uop   r8, [sp, #4]   : MemWrite :  D=0x0000000000000028 A=0xbefffda0
 373000: system.cpu T0 : @memcpy+36.4  :   subi_uop   sp, sp, #16   : IntAlu :  D=0x00000000befffd94
 373500: system.cpu T0 : @memcpy+40    :   blt                      : IntAlu : 
 374000: system.cpu T0 : @memcpy+96    :   ands   r12, r2, #28      : IntAlu :  D=0x0000000000000000
 374500: system.cpu T0 : @memcpy+100    :   rsb   r12, r12, #32      : IntAlu :  D=0x0000000000000010
 375000: system.cpu T0 : @memcpy+104    :   addne   pc, pc, r12      : IntAlu :  D=0x000000000000ff70
 375500: system.cpu T0 : @memcpy+128    :   ldr   r6, [r1] #4       
 375500: system.cpu T0 : @memcpy+128.0  :   ldr   r6, [r1] #4        : MemRead :  D=0x0000000000069b54 A=0x68fb0
 376000: system.cpu T0 : @memcpy+128.1  :   addi_uop   r1, r1, #4    : IntAlu :  D=0x0000000000068fb4
 376500: system.cpu T0 : @memcpy+132    :   ldr   r7, [r1] #4       
 376500: system.cpu T0 : @memcpy+132.0  :   ldr   r7, [r1] #4        : MemRead :  D=0x0000000000069b54 A=0x68fb4
 377000: system.cpu T0 : @memcpy+132.1  :   addi_uop   r1, r1, #4    : IntAlu :  D=0x0000000000068fb8
 377500: system.cpu T0 : @memcpy+136    :   ldr   r8, [r1] #4       
 377500: system.cpu T0 : @memcpy+136.0  :   ldr   r8, [r1] #4        : MemRead :  D=0x0000000000069b64 A=0x68fb8
 378000: system.cpu T0 : @memcpy+136.1  :   addi_uop   r1, r1, #4    : IntAlu :  D=0x0000000000068fbc
 378500: system.cpu T0 : @memcpy+140    :   ldr   lr, [r1] #4       
 378500: system.cpu T0 : @memcpy+140.0  :   ldr   lr, [r1] #4        : MemRead :  D=0x0000000000069b58 A=0x68fbc
 379000: system.cpu T0 : @memcpy+140.1  :   addi_uop   r1, r1, #4    : IntAlu :  D=0x0000000000068fc0
 379500: system.cpu T0 : @memcpy+144    :   add   pc, pc, r12        : IntAlu :  D=0x000000000000ff98
 380000: system.cpu T0 : @memcpy+168    :   str   r6, [r0] #4       
 380000: system.cpu T0 : @memcpy+168.0  :   str   r6, [r0] #4        : MemWrite :  D=0x0000000000069b54 A=0x6c4c8
 380500: system.cpu T0 : @memcpy+168.1  :   addi_uop   r0, r0, #4    : IntAlu :  D=0x000000000006c4cc
 381000: system.cpu T0 : @memcpy+172    :   str   r7, [r0] #4       
 381000: system.cpu T0 : @memcpy+172.0  :   str   r7, [r0] #4        : MemWrite :  D=0x0000000000069b54 A=0x6c4cc
 381500: system.cpu T0 : @memcpy+172.1  :   addi_uop   r0, r0, #4    : IntAlu :  D=0x000000000006c4d0
 382000: system.cpu T0 : @memcpy+176    :   str   r8, [r0] #4       
 382000: system.cpu T0 : @memcpy+176.0  :   str   r8, [r0] #4        : MemWrite :  D=0x0000000000069b64 A=0x6c4d0
 382500: system.cpu T0 : @memcpy+176.1  :   addi_uop   r0, r0, #4    : IntAlu :  D=0x000000000006c4d4
 383000: system.cpu T0 : @memcpy+180    :   str   lr, [r0] #4       
 383000: system.cpu T0 : @memcpy+180.0  :   str   lr, [r0] #4        : MemWrite :  D=0x0000000000069b58 A=0x6c4d4
 383500: system.cpu T0 : @memcpy+180.1  :   addi_uop   r0, r0, #4    : IntAlu :  D=0x000000000006c4d8
 384000: system.cpu T0 : @memcpy+184    : ldmstm                    
 384000: system.cpu T0 : @memcpy+184.0  :   ldr2_uop   r5,r6, [sp, #0] : MemRead :  D=0x0000000000000010 A=0xbefffd94
 384500: system.cpu T0 : @memcpy+184.1  :   ldr2_uop   r7,r8, [sp, #8] : MemRead :  D=0x0000000000000028 A=0xbefffd9c
 385000: system.cpu T0 : @memcpy+184.2  :   addi_uop   sp, sp, #16   : IntAlu :  D=0x00000000befffda4
 385500: system.cpu T0 : @memcpy+188    :   movs   r2, r2, LSL #31   : IntAlu :  D=0x0000000000000001
 386000: system.cpu T0 : @memcpy+192    :   ldrbne   r3, [r1] #1    
 386000: system.cpu T0 : @memcpy+192.0  :   ldrbne   r3, [r1] #1     : MemRead : Predicated False
 386500: system.cpu T0 : @memcpy+192.1  :   addi_uopne   r1, r1, #1  : IntAlu : Predicated False
 387000: system.cpu T0 : @memcpy+196    :   ldrbcs   r4, [r1] #1    
 387000: system.cpu T0 : @memcpy+196.0  :   ldrbcs   r4, [r1] #1     : MemRead : Predicated False
 387500: system.cpu T0 : @memcpy+196.1  :   addi_uopcs   r1, r1, #1  : IntAlu : Predicated False
 388000: system.cpu T0 : @memcpy+200    :   ldrbcs   r12, [r1, #0]   : MemRead : Predicated False
 388500: system.cpu T0 : @memcpy+204    :   strbne   r3, [r0] #1    
 388500: system.cpu T0 : @memcpy+204.0  :   strbne   r3, [r0] #1     : MemWrite : Predicated False
 389000: system.cpu T0 : @memcpy+204.1  :   addi_uopne   r0, r0, #1  : IntAlu : Predicated False
 389500: system.cpu T0 : @memcpy+208    :   strbcs   r4, [r0] #1    
 389500: system.cpu T0 : @memcpy+208.0  :   strbcs   r4, [r0] #1     : MemWrite : Predicated False
 390000: system.cpu T0 : @memcpy+208.1  :   addi_uopcs   r0, r0, #1  : IntAlu : Predicated False
 390500: system.cpu T0 : @memcpy+212    :   strbcs   r12, [r0, #0]   : MemWrite : Predicated False
 391000: system.cpu T0 : @memcpy+216    : ldmstm                    
 391000: system.cpu T0 : @memcpy+216.0  :   ldr2_uop   r0,r4, [sp, #0] : MemRead :  D=0x0000000000069c28 A=0xbefffda4
 391500: system.cpu T0 : @memcpy+216.1  :   ldr_uop   r36, [sp, #8]  : MemRead :  D=0x0000000000008c59 A=0xbefffdac
 392000: system.cpu T0 : @memcpy+216.2  :   addi_uop   sp, sp, #12   : IntAlu :  D=0x00000000befffdb0
 392500: system.cpu T0 : @memcpy+216.3  :   uopReg_uop   pc, r36     : IntAlu :  D=0x0000000000008c59
 393000: system.cpu T0 : @__libc_setup_tls+155    :   add.w   r3, r4, #8       : IntAlu :  D=0x0000000000069c30
 393500: system.cpu T0 : @__libc_setup_tls+159    :   mov   r0, r9             : IntAlu :  D=0x000000000006c4c0
 394500: system.cpu T0 : @__libc_setup_tls+161    :   str.w   r3, [r9, #0]     : MemWrite :  D=0x0000000000069c30 A=0x6c4c0
 395500: system.cpu T0 : @__libc_setup_tls+165    :   mov.w   r12, #5          : IntAlu :  D=0x0000000000000005
 396500: system.cpu T0 : @__libc_setup_tls+169    :   movt.w   r12, r12, #15   : IntAlu :  D=0x00000000000f0005
 397500: system.cpu T0 : @__libc_setup_tls+173    :   bl.w                     : IntAlu :  D=0x0000000000008c6f
 398000: system.cpu T0 : @__libc_csu_fini+47    : ldmstm                    
 398000: system.cpu T0 : @__libc_csu_fini+47.0  :   str_uop   r7, [sp, #8]   : MemWrite :  D=0x0000000000069078 A=0xbefffda8
 398500: system.cpu T0 : @__libc_csu_fini+47.1  :   str_uop   lr, [sp, #4]   : MemWrite :  D=0x0000000000008c6f A=0xbefffdac
 399000: system.cpu T0 : @__libc_csu_fini+47.2  :   subi_uop   sp, sp, #8    : IntAlu :  D=0x00000000befffda8
 399500: system.cpu T0 : @__libc_do_syscall+1    :   mov   r7, r12            : IntAlu :  D=0x00000000000f0005
 400000: system.cpu T0 : @__libc_do_syscall+3    :   svc   #0                 : IntAlu : 
 400500: system.cpu T0 : @__libc_do_syscall+5    : ldmstm                    
 400500: system.cpu T0 : @__libc_do_syscall+5.0  :   ldr2_uop   r7,r36, [sp, #0] : MemRead :  D=0x0000000000008c6f A=0xbefffda8
 401000: system.cpu T0 : @__libc_do_syscall+5.1  :   addi_uop   sp, sp, #8    : IntAlu :  D=0x00000000befffdb0
 401500: system.cpu T0 : @__libc_do_syscall+5.2  :   uopReg_uop   pc, r36     : IntAlu :  D=0x0000000000008c6f
 402500: system.cpu T0 : @__libc_setup_tls+177    :   cmns.w   r0, #4096       : IntAlu :  D=0x0000000000000000
 403000: system.cpu T0 : @__libc_setup_tls+181    :   b                        : IntAlu : 
 403500: system.cpu T0 : @__libc_setup_tls+189    :   ldr   r0, [sp, #4]       : MemRead :  D=0x0000000000068fb0 A=0xbefffdb4
 404000: system.cpu T0 : @__libc_setup_tls+191    :   add.w   r1, r4, #1112    : IntAlu :  D=0x000000000006a080
 404500: system.cpu T0 : @__libc_setup_tls+195    :   ldrb.w   r3, [r4, #916]  : MemRead :  D=0x0000000000000000 A=0x69fbc
 405000: system.cpu T0 : @__libc_setup_tls+199    :   add.w   r2, r4, #512     : IntAlu :  D=0x0000000000069e28
 405500: system.cpu T0 : @__libc_setup_tls+203    :   str.w   r10, [r4, #1076] : MemWrite :  D=0x0000000000000004 A=0x6a05c
 406000: system.cpu T0 : @__libc_setup_tls+207    :   bfc.w   r3, r3, #0, #1   : IntAlu :  D=0x0000000000000000
 406500: system.cpu T0 : @__libc_setup_tls+211    :   str.w   r0, [r4, #1064]  : MemWrite :  D=0x0000000000068fb0 A=0x6a050
 407000: system.cpu T0 : @__libc_setup_tls+215    :   ldr   r0, [sp, #0]       : MemRead :  D=0x0000000000000010 A=0xbefffdb0
 408000: system.cpu T0 : @__libc_setup_tls+217    :   strb.w   r3, [r4, #916]  : MemWrite :  D=0x0000000000000000 A=0x69fbc
 408500: system.cpu T0 : @__libc_setup_tls+221    :   movs   r3, #64           : IntAlu :  D=0x0000000000000000
 409000: system.cpu T0 : @__libc_setup_tls+223    :   str.w   r3, [r4, #1112]  : MemWrite :  D=0x0000000000000040 A=0x6a080
 409500: system.cpu T0 : @__libc_setup_tls+227    :   ldr   r3, [pc, #168]     : MemRead :  D=0x000000000006aecc A=0x8d4c
 410500: system.cpu T0 : @__libc_setup_tls+229    :   str.w   r8, [r4, #1072]  : MemWrite :  D=0x0000000000000028 A=0x6a058
 411500: system.cpu T0 : @__libc_setup_tls+233    :   str.w   r0, [r4, #1068]  : MemWrite :  D=0x0000000000000010 A=0x6a054
 412500: system.cpu T0 : @__libc_setup_tls+237    :   str.w   fp, [r3, #0]     : MemWrite :  D=0x0000000000000001 A=0x6aecc
 413000: system.cpu T0 : @__libc_setup_tls+241    :   ldr   r3, [pc, #160]     : MemRead :  D=0x000000000006aed0 A=0x8d50
 413500: system.cpu T0 : @__libc_setup_tls+243    :   str.w   fp, [r4, #1088]  : MemWrite :  D=0x0000000000000001 A=0x6a068
 414000: system.cpu T0 : @__libc_setup_tls+247    :   str.w   r2, [r4, #1132]  : MemWrite :  D=0x0000000000069e28 A=0x6a094
 414500: system.cpu T0 : @__libc_setup_tls+251    :   str   r1, [r3, #0]       : MemWrite :  D=0x000000000006a080 A=0x6aed0
 415500: system.cpu T0 : @__libc_setup_tls+253    :   cmps.w   r10, #0         : IntAlu :  D=0x0000000000000001
 416000: system.cpu T0 : @__libc_setup_tls+257    :   b                        : IntAlu : 
 416500: system.cpu T0 : @__libc_setup_tls+303    :   add.w   r0, r8, r10      : IntAlu :  D=0x000000000000002c
 417000: system.cpu T0 : @__libc_setup_tls+307    :   mov   r1, r10            : IntAlu :  D=0x0000000000000004
 417500: system.cpu T0 : @__libc_setup_tls+309    :   subs   r0, r0, #1        : IntAlu :  D=0x0000000000000001
 418000: system.cpu T0 : @__libc_setup_tls+311    :   bl.w                     : IntAlu :  D=0x0000000000008cf9
 418500: system.cpu T0 : @.udivsi3_skip_div0_test    :   subs   r2, r1, #1        : IntAlu :  D=0x0000000000000001
 419000: system.cpu T0 : @__aeabi_uidiv+1    :   it                       : IntAlu : 
 419500: system.cpu T0 : @__aeabi_uidiv+3    :   bx                       : IntAlu : Predicated False
 420500: system.cpu T0 : @__aeabi_uidiv+5    :   b.w                      : IntAlu : Predicated False
 421000: system.cpu T0 : @__aeabi_uidiv+9    :   cmps   r0, r1            : IntAlu :  D=0x0000000000000001
 421500: system.cpu T0 : @__aeabi_uidiv+11    :   b.w                      : IntAlu : Predicated False
 422000: system.cpu T0 : @__aeabi_uidiv+15    :   tsts   r1, r2            : IntAlu :  D=0x0000000000000001
 423000: system.cpu T0 : @__aeabi_uidiv+17    :   b.w                      : IntAlu : 
 423500: system.cpu T0 : @__aeabi_uidiv+579    :   clz.w   r2, r1           : IntAlu :  D=0x000000000000001d
 424000: system.cpu T0 : @__aeabi_uidiv+583    :   rsb.w   r2, r2, #31      : IntAlu :  D=0x0000000000000002
 424500: system.cpu T0 : @__aeabi_uidiv+587    :   mov.w   r0, r0, LSR r2   : IntAlu :  D=0x000000000000000a
 425000: system.cpu T0 : @__aeabi_uidiv+591    :   bx                       : IntAlu : 
 425500: system.cpu T0 : @__libc_setup_tls+315    :   mov   r8, r0             : IntAlu :  D=0x000000000000000a
 426000: system.cpu T0 : @__libc_setup_tls+317    :   b                        : IntAlu : 
 427000: system.cpu T0 : @__libc_setup_tls+261    :   mla.w                    : IntMult :  D=0x0000000000000030
 427500: system.cpu T0 : @__libc_setup_tls+265    :   ldr   r3, [r7, #0]       : MemRead :  D=0x0000000000000800 A=0x69078
 428000: system.cpu T0 : @__libc_setup_tls+267    :   cmps   r6, #16           : IntAlu :  D=0x0000000000000001
 428500: system.cpu T0 : @__libc_setup_tls+269    :   it                       : IntAlu : 
 429000: system.cpu T0 : @__libc_setup_tls+271    :   mov   r6, #16            : IntAlu : Predicated False
 429500: system.cpu T0 : @__libc_setup_tls+273    :   movs   r2, #1            : IntAlu :  D=0x0000000000000000
 430000: system.cpu T0 : @__libc_setup_tls+275    :   adds   r3, r3, #15       : IntAlu :  D=0x0000000000000000
 430500: system.cpu T0 : @__libc_setup_tls+277    :   adds   r3, r3, r5        : IntAlu :  D=0x0000000000000000
 431000: system.cpu T0 : @__libc_setup_tls+279    :   bic.w   r3, r3, #15      : IntAlu :  D=0x0000000000000830
 431500: system.cpu T0 : @__libc_setup_tls+283    :   str   r3, [r7, #0]       : MemWrite :  D=0x0000000000000830 A=0x69078
 432000: system.cpu T0 : @__libc_setup_tls+285    :   ldr   r3, [pc, #120]     : MemRead :  D=0x000000000006aec4 A=0x8d54
 432500: system.cpu T0 : @__libc_setup_tls+287    :   str   r5, [r3, #0]       : MemWrite :  D=0x0000000000000030 A=0x6aec4
 433000: system.cpu T0 : @__libc_setup_tls+289    :   ldr   r3, [pc, #120]     : MemRead :  D=0x000000000006aec8 A=0x8d58
 433500: system.cpu T0 : @__libc_setup_tls+291    :   str   r6, [r3, #0]       : MemWrite :  D=0x0000000000000010 A=0x6aec8
 434000: system.cpu T0 : @__libc_setup_tls+293    :   ldr   r3, [pc, #120]     : MemRead :  D=0x000000000006aedc A=0x8d5c
 434500: system.cpu T0 : @__libc_setup_tls+295    :   str   r2, [r3, #0]       : MemWrite :  D=0x0000000000000001 A=0x6aedc
 435000: system.cpu T0 : @__libc_setup_tls+297    :   add   sp, sp, #12        : IntAlu :  D=0x00000000befffdbc
 435500: system.cpu T0 : @__libc_setup_tls+299    : ldmstm                    
 435500: system.cpu T0 : @__libc_setup_tls+299.0  :   ldr2_uop.w   r4,r5, [sp, #0] : MemRead :  D=0x0000000000008df1 A=0xbefffdbc
 436000: system.cpu T0 : @__libc_setup_tls+299.1  :   ldr2_uop.w   r6,r7, [sp, #8] : MemRead :  D=0x0000000000000000 A=0xbefffdc4
 436500: system.cpu T0 : @__libc_setup_tls+299.2  :   ldr2_uop.w   r8,r9, [sp, #16] : MemRead :  D=0x0000000000000000 A=0xbefffdcc
 437000: system.cpu T0 : @__libc_setup_tls+299.3  :   ldr2_uop.w   r10,fp, [sp, #24] : MemRead :  D=0x0000000000000000 A=0xbefffdd4
 437500: system.cpu T0 : @__libc_setup_tls+299.4  :   ldr_uop.w   r36, [sp, #32] : MemRead :  D=0x0000000000008a03 A=0xbefffddc
 438000: system.cpu T0 : @__libc_setup_tls+299.5  :   addi_uop.w   sp, sp, #36 : IntAlu :  D=0x00000000befffde0
 438500: system.cpu T0 : @__libc_setup_tls+299.6  :   uopReg_uop.w   pc, r36   : IntAlu :  D=0x0000000000008a03
 439500: system.cpu T0 : @__libc_start_main+149    :   mov.w   r2, #36820       : IntAlu :  D=0x0000000000008fd4
 440500: system.cpu T0 : @__libc_start_main+153    :   movt.w   r2, r2, #6      : IntAlu :  D=0x0000000000068fd4
 441500: system.cpu T0 : @__libc_start_main+157    :   mov.w   r3, #36816       : IntAlu :  D=0x0000000000008fd0
 442500: system.cpu T0 : @__libc_start_main+161    :   movt.w   r3, r3, #6      : IntAlu :  D=0x0000000000068fd0
 443000: system.cpu T0 : @__libc_start_main+165    :   ldr   r2, [r2, #0]       : MemRead :  D=0x00000000beffffd0 A=0x68fd4
 443500: system.cpu T0 : @__libc_start_main+167    :   ldr   r0, [r2, #0]       : MemRead :  D=0x0000000000000000 A=0xbeffffd0
 444000: system.cpu T0 : @__libc_start_main+169    :   str   r0, [sp, #300]     : MemWrite :  D=0x0000000000000000 A=0xbeffff0c
 444500: system.cpu T0 : @__libc_start_main+171    :   ldr   r2, [sp, #300]     : MemRead :  D=0x0000000000000000 A=0xbeffff0c
 445500: system.cpu T0 : @__libc_start_main+173    :   bic.w   r2, r2, #255     : IntAlu :  D=0x0000000000000000
 446000: system.cpu T0 : @__libc_start_main+177    :   str   r2, [sp, #300]     : MemWrite :  D=0x0000000000000000 A=0xbeffff0c
 446500: system.cpu T0 : @__libc_start_main+179    :   str   r2, [r3, #0]       : MemWrite :  D=0x0000000000000000 A=0x68fd0
 447000: system.cpu T0 : @__libc_start_main+181    :   cbz                      : IntAlu : 
 448000: system.cpu T0 : @__libc_start_main+193    :   mov.w   r3, #42312       : IntAlu :  D=0x000000000000a548
 449000: system.cpu T0 : @__libc_start_main+197    :   movt.w   r3, r3, #6      : IntAlu :  D=0x000000000006a548
 449500: system.cpu T0 : @__libc_start_main+201    :   ldr   r0, [sp, #4]       : MemRead :  D=0x0000000000000001 A=0xbefffde4
 450000: system.cpu T0 : @__libc_start_main+203    :   ldr   r1, [sp, #8]       : MemRead :  D=0x00000000beffff34 A=0xbefffde8
 450500: system.cpu T0 : @__libc_start_main+205    :   ldr   r2, [r3, #0]       : MemRead :  D=0x00000000beffff3c A=0x6a548
 451000: system.cpu T0 : @__libc_start_main+207    :   bl.w                     : IntAlu :  D=0x0000000000008a41
 451500: system.cpu T0 : @_dl_discover_osversion+163    :   ldr   r3, [pc, #72]      : MemRead :  D=0x0000000000000000 A=0x12394
 452000: system.cpu T0 : @__libc_init_first+1    : ldmstm                    
 452000: system.cpu T0 : @__libc_init_first+1.0  :   str_uop   r4, [sp, #16]  : MemWrite :  D=0x00000000beffff3c A=0xbefffdd0
 452500: system.cpu T0 : @__libc_init_first+1.1  :   str_uop   r5, [sp, #12]  : MemWrite :  D=0x0000000000008df1 A=0xbefffdd4
 453000: system.cpu T0 : @__libc_init_first+1.2  :   str_uop   r6, [sp, #8]   : MemWrite :  D=0x0000000000008e61 A=0xbefffdd8
 453500: system.cpu T0 : @__libc_init_first+1.3  :   str_uop   lr, [sp, #4]   : MemWrite :  D=0x0000000000008a41 A=0xbefffddc
 454000: system.cpu T0 : @__libc_init_first+1.4  :   subi_uop   sp, sp, #16   : IntAlu :  D=0x00000000befffdd0
 454500: system.cpu T0 : @__libc_init_first+3    :   mov   r4, r0             : IntAlu :  D=0x0000000000000001
 455000: system.cpu T0 : @__libc_init_first+5    :   mov   r5, r1             : IntAlu :  D=0x00000000beffff34
 455500: system.cpu T0 : @__libc_init_first+7    :   mov   r6, r2             : IntAlu :  D=0x00000000beffff3c
 456000: system.cpu T0 : @__libc_init_first+9    :   cbz                      : IntAlu : 
 456500: system.cpu T0 : @__libc_init_first+15    :   ldr   r3, [pc, #60]      : MemRead :  D=0x000000000006abe0 A=0x12398
 457000: system.cpu T0 : @__libc_init_first+17    :   movs   r2, #0            : IntAlu :  D=0x0000000000000001
 457500: system.cpu T0 : @__libc_init_first+19    :   ldr   r0, [r3, #0]       : MemRead :  D=0x0000000000000000 A=0x6abe0
 458000: system.cpu T0 : @__libc_init_first+21    :   ldr   r3, [pc, #60]      : MemRead :  D=0x00000000000699b4 A=0x1239c
 458500: system.cpu T0 : @__libc_init_first+23    :   str   r2, [r3, #0]       : MemWrite :  D=0x0000000000000000 A=0x699b4
 459500: system.cpu T0 : @__libc_init_first+25    :   bl.w                     : IntAlu :  D=0x0000000000012367
 460000: system.cpu T0 : @__hash_string+35    :   ldr   r3, [pc, #52]      : MemRead :  D=0x000000000006ab20 A=0x153d4
 460500: system.cpu T0 : @__setfpucw+1    : ldmstm                    
 460500: system.cpu T0 : @__setfpucw+1.0  :   str_uop   r4, [sp, #8]   : MemWrite :  D=0x0000000000000001 A=0xbefffdc8
 461000: system.cpu T0 : @__setfpucw+1.1  :   str_uop   r5, [sp, #4]   : MemWrite :  D=0x00000000beffff34 A=0xbefffdcc
 461500: system.cpu T0 : @__setfpucw+1.2  :   subi_uop   sp, sp, #8    : IntAlu :  D=0x00000000befffdc8
 462000: system.cpu T0 : @__setfpucw+3    :   movs   r4, #64           : IntAlu :  D=0x0000000000000000
 463000: system.cpu T0 : @__setfpucw+5    :   ldrd.w   r2, r3, [r3, #0] : MemRead :  D=0x0000000000000000 A=0x6ab20
 463500: system.cpu T0 : @__setfpucw+9    :   movs   r5, #0            : IntAlu :  D=0x0000000000000001
 464000: system.cpu T0 : @__setfpucw+11    :   ands   r2, r2, r4        : IntAlu :  D=0x0000000000000000
 464500: system.cpu T0 : @__setfpucw+13    :   ands   r3, r3, r5        : IntAlu :  D=0x0000000000000001
 465000: system.cpu T0 : @__setfpucw+15    :   orrs.w   r1, r2, r3      : IntAlu :  D=0x0000000000000000
 465500: system.cpu T0 : @__setfpucw+19    :   b                        : IntAlu : Predicated False
 466500: system.cpu T0 : @__setfpucw+21    :   vmrs.w   f1, f11         : SimdFloatMisc :  D=0x0000000000000000
 467500: system.cpu T0 : @__setfpucw+25    :   mov.w   r2, #57568       : IntAlu :  D=0x000000000000e0e0
 468500: system.cpu T0 : @__setfpucw+29    :   mov.w   r3, #7967        : IntAlu :  D=0x0000000000001f1f
 469500: system.cpu T0 : @__setfpucw+33    :   movt.w   r2, r2, #3592   : IntAlu :  D=0x000000000e08e0e0
 470500: system.cpu T0 : @__setfpucw+37    :   movt.w   r3, r3, #61943  : IntAlu :  D=0x00000000f1f71f1f
 471000: system.cpu T0 : @__setfpucw+41    :   ands   r2, r2, r1        : IntAlu :  D=0x0000000000000001
 471500: system.cpu T0 : @__setfpucw+43    :   ands   r3, r3, r0        : IntAlu :  D=0x0000000000000001
 472000: system.cpu T0 : @__setfpucw+45    :   orrs   r3, r3, r2        : IntAlu :  D=0x0000000000000001
 472500: system.cpu T0 : @__setfpucw+47    :   vmsr.w   f11, f3         : SimdFloatMisc :  D=0x0000000000000000
 473000: system.cpu T0 : @__setfpucw+51    : ldmstm                    
 473000: system.cpu T0 : @__setfpucw+51.0  :   ldr2_uop   r4,r5, [sp, #0] : MemRead :  D=0x00000000beffff34 A=0xbefffdc8
 473500: system.cpu T0 : @__setfpucw+51.1  :   addi_uop   sp, sp, #8    : IntAlu :  D=0x00000000befffdd0
 474000: system.cpu T0 : @__setfpucw+53    :   bx                       : IntAlu : 
 474500: system.cpu T0 : @__libc_init_first+29    :   ldr   r3, [pc, #56]      : MemRead :  D=0x000000000006afb8 A=0x123a0
 475000: system.cpu T0 : @__libc_init_first+31    :   str   r4, [r3, #0]       : MemWrite :  D=0x0000000000000001 A=0x6afb8
 475500: system.cpu T0 : @__libc_init_first+33    :   ldr   r3, [pc, #56]      : MemRead :  D=0x000000000006afbc A=0x123a4
 476000: system.cpu T0 : @__libc_init_first+35    :   str   r5, [r3, #0]       : MemWrite :  D=0x00000000beffff34 A=0x6afbc
 476500: system.cpu T0 : @__libc_init_first+37    :   ldr   r3, [pc, #56]      : MemRead :  D=0x000000000006a548 A=0x123a8
 477000: system.cpu T0 : @__libc_init_first+39    :   str   r6, [r3, #0]       : MemWrite :  D=0x00000000beffff3c A=0x6a548
 478000: system.cpu T0 : @__libc_init_first+41    :   bl.w                     : IntAlu :  D=0x0000000000012377
 478500: system.cpu T0 : @_dl_addr+547    :   ldr   r3, [pc, #48]      : MemRead :  D=0x000000000006afb4 A=0x1229c
 479000: system.cpu T0 : @__libc_init_secure+1    : ldmstm                    
 479000: system.cpu T0 : @__libc_init_secure+1.0  :   str_uop   r4, [sp, #8]   : MemWrite :  D=0x0000000000000001 A=0xbefffdc8
 479500: system.cpu T0 : @__libc_init_secure+1.1  :   str_uop   lr, [sp, #4]   : MemWrite :  D=0x0000000000012377 A=0xbefffdcc
 480000: system.cpu T0 : @__libc_init_secure+1.2  :   subi_uop   sp, sp, #8    : IntAlu :  D=0x00000000befffdc8
 480500: system.cpu T0 : @__libc_init_secure+3    :   ldr   r3, [r3, #0]       : MemRead :  D=0x0000000000000001 A=0x6afb4
 481000: system.cpu T0 : @__libc_init_secure+5    :   cbz                      : IntAlu : Predicated False
 481500: system.cpu T0 : @__libc_init_secure+7    : ldmstm                    
 481500: system.cpu T0 : @__libc_init_secure+7.0  :   ldr2_uop   r4,r36, [sp, #0] : MemRead :  D=0x0000000000012377 A=0xbefffdc8
 482000: system.cpu T0 : @__libc_init_secure+7.1  :   addi_uop   sp, sp, #8    : IntAlu :  D=0x00000000befffdd0
 482500: system.cpu T0 : @__libc_init_secure+7.2  :   uopReg_uop   pc, r36     : IntAlu :  D=0x0000000000012377
 483500: system.cpu T0 : @__libc_init_first+45    :   bl.w                     : IntAlu :  D=0x000000000001237b
 484000: system.cpu T0 : @_dl_aux_init+651    : ldmstm                    
 484000: system.cpu T0 : @_dl_aux_init+651.0  :   str_uop.w   r4, [sp, #28] : MemWrite :  D=0x0000000000000001 A=0xbefffdb4
 484500: system.cpu T0 : @_dl_aux_init+651.1  :   str_uop.w   r5, [sp, #24] : MemWrite :  D=0x00000000beffff34 A=0xbefffdb8
 485000: system.cpu T0 : @_dl_aux_init+651.2  :   str_uop.w   r6, [sp, #20] : MemWrite :  D=0x00000000beffff3c A=0xbefffdbc
 485500: system.cpu T0 : @_dl_aux_init+651.3  :   str_uop.w   r7, [sp, #16] : MemWrite :  D=0x0000000000000000 A=0xbefffdc0
 486000: system.cpu T0 : @_dl_aux_init+651.4  :   str_uop.w   r8, [sp, #12] : MemWrite :  D=0x0000000000000000 A=0xbefffdc4
 486500: system.cpu T0 : @_dl_aux_init+651.5  :   str_uop.w   r9, [sp, #8] : MemWrite :  D=0x0000000000000000 A=0xbefffdc8
 487000: system.cpu T0 : @_dl_aux_init+651.6  :   str_uop.w   lr, [sp, #4] : MemWrite :  D=0x000000000001237b A=0xbefffdcc
 487500: system.cpu T0 : @_dl_aux_init+651.7  :   subi_uop.w   sp, sp, #28 : IntAlu :  D=0x00000000befffdb4
 488000: system.cpu T0 : @_dl_non_dynamic_init+3    :   sub   sp, sp, #12        : IntAlu :  D=0x00000000befffda8
 489000: system.cpu T0 : @_dl_non_dynamic_init+5    :   ldr.w   r8, [pc, #532]   : MemRead :  D=0x0000000000069964 A=0x11fe8
 490000: system.cpu T0 : @_dl_non_dynamic_init+9    :   ldr.w   r3, [r8, #0]     : MemRead :  D=0x0000000000001000 A=0x69964
 490500: system.cpu T0 : @_dl_non_dynamic_init+13    :   cbnz                     : IntAlu : 
 491000: system.cpu T0 : @_dl_non_dynamic_init+23    :   ldr   r0, [pc, #416]     : MemRead :  D=0x000000000004c470 A=0x11f88
 492000: system.cpu T0 : @_dl_non_dynamic_init+25    :   bl.w                     : IntAlu :  D=0x0000000000011deb
 492500: system.cpu T0 : @qsort+15    : ldmstm                    
 492500: system.cpu T0 : @qsort+15.0  :   str_uop.w   r3, [sp, #32] : MemWrite :  D=0x0000000000001000 A=0xbefffd88
 493000: system.cpu T0 : @qsort+15.1  :   str_uop.w   r4, [sp, #28] : MemWrite :  D=0x0000000000000001 A=0xbefffd8c
 493500: system.cpu T0 : @qsort+15.2  :   str_uop.w   r5, [sp, #24] : MemWrite :  D=0x00000000beffff34 A=0xbefffd90
 494000: system.cpu T0 : @qsort+15.3  :   str_uop.w   r6, [sp, #20] : MemWrite :  D=0x00000000beffff3c A=0xbefffd94
 494500: system.cpu T0 : @qsort+15.4  :   str_uop.w   r7, [sp, #16] : MemWrite :  D=0x0000000000000000 A=0xbefffd98
 495000: system.cpu T0 : @qsort+15.5  :   str_uop.w   r8, [sp, #12] : MemWrite :  D=0x0000000000069964 A=0xbefffd9c
 495500: system.cpu T0 : @qsort+15.6  :   str_uop.w   r9, [sp, #8] : MemWrite :  D=0x0000000000000000 A=0xbefffda0
 496000: system.cpu T0 : @qsort+15.7  :   str_uop.w   lr, [sp, #4] : MemWrite :  D=0x0000000000011deb A=0xbefffda4
 496500: system.cpu T0 : @qsort+15.8  :   subi_uop.w   sp, sp, #32 : IntAlu :  D=0x00000000befffd88
 497000: system.cpu T0 : @getenv+3    :   mov   r8, r0             : IntAlu :  D=0x000000000004c470
 498000: system.cpu T0 : @getenv+5    :   blx.w                    : IntAlu :  D=0x0000000000015aa7
 498500: system.cpu T0 : @strlen    :   bic   r1, r0, #3         : IntAlu :  D=0x000000000004c470
 499000: system.cpu T0 : @strlen+4    :   ldr   r2, [r1] #4       
 499000: system.cpu T0 : @strlen+4.0  :   ldr   r2, [r1] #4        : MemRead :  D=0x00000000575f444c A=0x4c470
 499500: system.cpu T0 : @strlen+4.1  :   addi_uop   r1, r1, #4    : IntAlu :  D=0x000000000004c474
 500000: system.cpu T0 : @strlen+8    :   ands   r3, r0, #3        : IntAlu :  D=0x0000000000000001
 500500: system.cpu T0 : @strlen+12    :   rsb   r0, r3, #0         : IntAlu :  D=0x0000000000000000
 501000: system.cpu T0 : @strlen+16    :   beq                      : IntAlu : 
 501500: system.cpu T0 : @Laligned    :   tsts   r2, #255          : IntAlu :  D=0x0000000000000000
 502000: system.cpu T0 : @Laligned+4    :   tstsne   r2, #65280      : IntAlu :  D=0x0000000000000000
 502500: system.cpu T0 : @Laligned+8    :   tstsne   r2, #16711680   : IntAlu :  D=0x0000000000000000
 503000: system.cpu T0 : @Laligned+12    :   tstsne   r2, #4278190080 : IntAlu :  D=0x0000000000000000
 503500: system.cpu T0 : @Laligned+16    :   addne   r0, r0, #4       : IntAlu :  D=0x0000000000000004
 504000: system.cpu T0 : @Laligned+20    :   ldrne   r2, [r1] #4     
 504000: system.cpu T0 : @Laligned+20.0  :   ldrne   r2, [r1] #4      : MemRead :  D=0x00000000004e5241 A=0x4c474
 504500: system.cpu T0 : @Laligned+20.1  :   addi_uopne   r1, r1, #4  : IntAlu :  D=0x000000000004c478
 505000: system.cpu T0 : @Laligned+24    :   bne                      : IntAlu : 
 505500: system.cpu T0 : @Laligned    :   tsts   r2, #255          : IntAlu :  D=0x0000000000000000
 506000: system.cpu T0 : @Laligned+4    :   tstsne   r2, #65280      : IntAlu :  D=0x0000000000000000
 506500: system.cpu T0 : @Laligned+8    :   tstsne   r2, #16711680   : IntAlu :  D=0x0000000000000000
 507000: system.cpu T0 : @Laligned+12    :   tstsne   r2, #4278190080 : IntAlu :  D=0x0000000000000001
 507500: system.cpu T0 : @Laligned+16    :   addne   r0, r0, #4       : IntAlu : Predicated False
 508000: system.cpu T0 : @Laligned+20    :   ldrne   r2, [r1] #4     
 508000: system.cpu T0 : @Laligned+20.0  :   ldrne   r2, [r1] #4      : MemRead : Predicated False
 508500: system.cpu T0 : @Laligned+20.1  :   addi_uopne   r1, r1, #4  : IntAlu : Predicated False
 509000: system.cpu T0 : @Laligned+24    :   bne                      : IntAlu : Predicated False
 509500: system.cpu T0 : @Llastword    :   tsts   r2, #255          : IntAlu :  D=0x0000000000000000
 510000: system.cpu T0 : @Llastword+4    :   addne   r0, r0, #1       : IntAlu :  D=0x0000000000000005
 510500: system.cpu T0 : @Llastword+8    :   tstsne   r2, #65280      : IntAlu :  D=0x0000000000000000
 511000: system.cpu T0 : @Llastword+12    :   addne   r0, r0, #1       : IntAlu :  D=0x0000000000000006
 511500: system.cpu T0 : @Llastword+16    :   tstsne   r2, #16711680   : IntAlu :  D=0x0000000000000000
 512000: system.cpu T0 : @Llastword+20    :   addne   r0, r0, #1       : IntAlu :  D=0x0000000000000007
 512500: system.cpu T0 : @Llastword+24    :   bx                       : IntAlu : 
 513000: system.cpu T0 : @getenv+9    :   ldr   r3, [pc, #172]     : MemRead :  D=0x000000000006a548 A=0x15b54
 513500: system.cpu T0 : @getenv+11    :   ldr   r5, [r3, #0]       : MemRead :  D=0x00000000beffff3c A=0x6a548
 514000: system.cpu T0 : @getenv+13    :   mov   r9, r0             : IntAlu :  D=0x0000000000000007
 514500: system.cpu T0 : @getenv+15    :   cmps   r5, #0            : IntAlu :  D=0x0000000000000001
 515000: system.cpu T0 : @getenv+17    :   b                        : IntAlu : Predicated False
 515500: system.cpu T0 : @getenv+19    :   ldrb.w   r1, [r8, #0]    : MemRead :  D=0x000000000000004c A=0x4c470
 516000: system.cpu T0 : @getenv+23    :   cmps   r1, #0            : IntAlu :  D=0x0000000000000001
 516500: system.cpu T0 : @getenv+25    :   b                        : IntAlu : Predicated False
 517000: system.cpu T0 : @getenv+27    :   ldrb.w   r6, [r8, #1]    : MemRead :  D=0x0000000000000044 A=0x4c471
 517500: system.cpu T0 : @getenv+31    :   cbnz                     : IntAlu : 
 518000: system.cpu T0 : @getenv+81    :   ldr   r4, [r5, #0]       : MemRead :  D=0x0000000000000000 A=0xbeffff3c
 518500: system.cpu T0 : @getenv+83    :   orr.w   r6, r1, r6, LSL #8 : IntAlu :  D=0x000000000000444c
 519000: system.cpu T0 : @getenv+87    :   sub.w   r7, r0, #2       : IntAlu :  D=0x0000000000000005
 519500: system.cpu T0 : @getenv+91    :   add.w   r8, r8, #2       : IntAlu :  D=0x000000000004c472
 520000: system.cpu T0 : @getenv+95    :   cbz                      : IntAlu : 
 520500: system.cpu T0 : @getenv+153    :   mov   r0, r4             : IntAlu :  D=0x0000000000000000
 521000: system.cpu T0 : @getenv+155    : ldmstm                    
 521000: system.cpu T0 : @getenv+155.0  :   ldr2_uop.w   r3,r4, [sp, #0] : MemRead :  D=0x0000000000000001 A=0xbefffd88
 521500: system.cpu T0 : @getenv+155.1  :   ldr2_uop.w   r5,r6, [sp, #8] : MemRead :  D=0x00000000beffff3c A=0xbefffd90
 522000: system.cpu T0 : @getenv+155.2  :   ldr2_uop.w   r7,r8, [sp, #16] : MemRead :  D=0x0000000000069964 A=0xbefffd98
 522500: system.cpu T0 : @getenv+155.3  :   ldr2_uop.w   r9,r36, [sp, #24] : MemRead :  D=0x0000000000011deb A=0xbefffda0
 523000: system.cpu T0 : @getenv+155.4  :   addi_uop.w   sp, sp, #32 : IntAlu :  D=0x00000000befffda8
 523500: system.cpu T0 : @getenv+155.5  :   uopReg_uop.w   pc, r36   : IntAlu :  D=0x0000000000011deb
 524000: system.cpu T0 : @_dl_non_dynamic_init+29    :   ldr   r4, [pc, #416]     : MemRead :  D=0x000000000005fc4c A=0x11f8c
 524500: system.cpu T0 : @_dl_non_dynamic_init+31    :   cmps   r0, #0            : IntAlu :  D=0x0000000000000001
 525000: system.cpu T0 : @_dl_non_dynamic_init+33    :   it                       : IntAlu : 
 525500: system.cpu T0 : @_dl_non_dynamic_init+35    :   mov   r3, r0             : IntAlu : Predicated False
 526000: system.cpu T0 : @_dl_non_dynamic_init+37    :   mov   r3, r4             : IntAlu :  D=0x000000000005fc4c
 526500: system.cpu T0 : @_dl_non_dynamic_init+39    :   ldr   r0, [pc, #408]     : MemRead :  D=0x000000000004c478 A=0x11f90
 527000: system.cpu T0 : @_dl_non_dynamic_init+41    :   ldrb   r2, [r3, #0]      : MemRead :  D=0x0000000000000000 A=0x5fc4c
 527500: system.cpu T0 : @_dl_non_dynamic_init+43    :   ldr   r3, [pc, #408]     : MemRead :  D=0x000000000006af4c A=0x11f94
 528000: system.cpu T0 : @_dl_non_dynamic_init+45    :   adds   r2, r2, #0        : IntAlu :  D=0x0000000000000000
 528500: system.cpu T0 : @_dl_non_dynamic_init+47    :   it                       : IntAlu : 
 529000: system.cpu T0 : @_dl_non_dynamic_init+49    :   mov   r2, #1             : IntAlu : Predicated False
 529500: system.cpu T0 : @_dl_non_dynamic_init+51    :   str   r2, [r3, #0]       : MemWrite :  D=0x0000000000000000 A=0x6af4c
 530500: system.cpu T0 : @_dl_non_dynamic_init+53    :   bl.w                     : IntAlu :  D=0x0000000000011e07
 531000: system.cpu T0 : @qsort+15    : ldmstm                    
 531000: system.cpu T0 : @qsort+15.0  :   str_uop.w   r3, [sp, #32] : MemWrite :  D=0x000000000006af4c A=0xbefffd88
 531500: system.cpu T0 : @qsort+15.1  :   str_uop.w   r4, [sp, #28] : MemWrite :  D=0x000000000005fc4c A=0xbefffd8c
 532000: system.cpu T0 : @qsort+15.2  :   str_uop.w   r5, [sp, #24] : MemWrite :  D=0x00000000beffff34 A=0xbefffd90
 532500: system.cpu T0 : @qsort+15.3  :   str_uop.w   r6, [sp, #20] : MemWrite :  D=0x00000000beffff3c A=0xbefffd94
 533000: system.cpu T0 : @qsort+15.4  :   str_uop.w   r7, [sp, #16] : MemWrite :  D=0x0000000000000000 A=0xbefffd98
 533500: system.cpu T0 : @qsort+15.5  :   str_uop.w   r8, [sp, #12] : MemWrite :  D=0x0000000000069964 A=0xbefffd9c
 534000: system.cpu T0 : @qsort+15.6  :   str_uop.w   r9, [sp, #8] : MemWrite :  D=0x0000000000000000 A=0xbefffda0
 534500: system.cpu T0 : @qsort+15.7  :   str_uop.w   lr, [sp, #4] : MemWrite :  D=0x0000000000011e07 A=0xbefffda4
 535000: system.cpu T0 : @qsort+15.8  :   subi_uop.w   sp, sp, #32 : IntAlu :  D=0x00000000befffd88
 535500: system.cpu T0 : @getenv+3    :   mov   r8, r0             : IntAlu :  D=0x000000000004c478
 536500: system.cpu T0 : @getenv+5    :   blx.w                    : IntAlu :  D=0x0000000000015aa7
 537000: system.cpu T0 : @strlen    :   bic   r1, r0, #3         : IntAlu :  D=0x000000000004c478
 537500: system.cpu T0 : @strlen+4    :   ldr   r2, [r1] #4       
 537500: system.cpu T0 : @strlen+4.0  :   ldr   r2, [r1] #4        : MemRead :  D=0x000000004c5f444c A=0x4c478
 538000: system.cpu T0 : @strlen+4.1  :   addi_uop   r1, r1, #4    : IntAlu :  D=0x000000000004c47c
 538500: system.cpu T0 : @strlen+8    :   ands   r3, r0, #3        : IntAlu :  D=0x0000000000000001
 539000: system.cpu T0 : @strlen+12    :   rsb   r0, r3, #0         : IntAlu :  D=0x0000000000000000
 539500: system.cpu T0 : @strlen+16    :   beq                      : IntAlu : 
 540000: system.cpu T0 : @Laligned    :   tsts   r2, #255          : IntAlu :  D=0x0000000000000000
 540500: system.cpu T0 : @Laligned+4    :   tstsne   r2, #65280      : IntAlu :  D=0x0000000000000000
 541000: system.cpu T0 : @Laligned+8    :   tstsne   r2, #16711680   : IntAlu :  D=0x0000000000000000
 541500: system.cpu T0 : @Laligned+12    :   tstsne   r2, #4278190080 : IntAlu :  D=0x0000000000000000
 542000: system.cpu T0 : @Laligned+16    :   addne   r0, r0, #4       : IntAlu :  D=0x0000000000000004
 542500: system.cpu T0 : @Laligned+20    :   ldrne   r2, [r1] #4     
 542500: system.cpu T0 : @Laligned+20.0  :   ldrne   r2, [r1] #4      : MemRead :  D=0x0000000041524249 A=0x4c47c
 543000: system.cpu T0 : @Laligned+20.1  :   addi_uopne   r1, r1, #4  : IntAlu :  D=0x000000000004c480
 543500: system.cpu T0 : @Laligned+24    :   bne                      : IntAlu : 
 544000: system.cpu T0 : @Laligned    :   tsts   r2, #255          : IntAlu :  D=0x0000000000000000
 544500: system.cpu T0 : @Laligned+4    :   tstsne   r2, #65280      : IntAlu :  D=0x0000000000000000
 545000: system.cpu T0 : @Laligned+8    :   tstsne   r2, #16711680   : IntAlu :  D=0x0000000000000000
 545500: system.cpu T0 : @Laligned+12    :   tstsne   r2, #4278190080 : IntAlu :  D=0x0000000000000000
 546000: system.cpu T0 : @Laligned+16    :   addne   r0, r0, #4       : IntAlu :  D=0x0000000000000008
 546500: system.cpu T0 : @Laligned+20    :   ldrne   r2, [r1] #4     
 546500: system.cpu T0 : @Laligned+20.0  :   ldrne   r2, [r1] #4      : MemRead :  D=0x00000000505f5952 A=0x4c480
 547000: system.cpu T0 : @Laligned+20.1  :   addi_uopne   r1, r1, #4  : IntAlu :  D=0x000000000004c484
 547500: system.cpu T0 : @Laligned+24    :   bne                      : IntAlu : 
 548000: system.cpu T0 : @Laligned    :   tsts   r2, #255          : IntAlu :  D=0x0000000000000000
 548500: system.cpu T0 : @Laligned+4    :   tstsne   r2, #65280      : IntAlu :  D=0x0000000000000000
 549000: system.cpu T0 : @Laligned+8    :   tstsne   r2, #16711680   : IntAlu :  D=0x0000000000000000
 549500: system.cpu T0 : @Laligned+12    :   tstsne   r2, #4278190080 : IntAlu :  D=0x0000000000000000
 550000: system.cpu T0 : @Laligned+16    :   addne   r0, r0, #4       : IntAlu :  D=0x000000000000000c
 550500: system.cpu T0 : @Laligned+20    :   ldrne   r2, [r1] #4     
 550500: system.cpu T0 : @Laligned+20.0  :   ldrne   r2, [r1] #4      : MemRead :  D=0x0000000000485441 A=0x4c484
 551000: system.cpu T0 : @Laligned+20.1  :   addi_uopne   r1, r1, #4  : IntAlu :  D=0x000000000004c488
 551500: system.cpu T0 : @Laligned+24    :   bne                      : IntAlu : 
 552000: system.cpu T0 : @Laligned    :   tsts   r2, #255          : IntAlu :  D=0x0000000000000000
 552500: system.cpu T0 : @Laligned+4    :   tstsne   r2, #65280      : IntAlu :  D=0x0000000000000000
 553000: system.cpu T0 : @Laligned+8    :   tstsne   r2, #16711680   : IntAlu :  D=0x0000000000000000
 553500: system.cpu T0 : @Laligned+12    :   tstsne   r2, #4278190080 : IntAlu :  D=0x0000000000000001
 554000: system.cpu T0 : @Laligned+16    :   addne   r0, r0, #4       : IntAlu : Predicated False
 554500: system.cpu T0 : @Laligned+20    :   ldrne   r2, [r1] #4     
 554500: system.cpu T0 : @Laligned+20.0  :   ldrne   r2, [r1] #4      : MemRead : Predicated False
 555000: system.cpu T0 : @Laligned+20.1  :   addi_uopne   r1, r1, #4  : IntAlu : Predicated False
 555500: system.cpu T0 : @Laligned+24    :   bne                      : IntAlu : Predicated False
 556000: system.cpu T0 : @Llastword    :   tsts   r2, #255          : IntAlu :  D=0x0000000000000000
 556500: system.cpu T0 : @Llastword+4    :   addne   r0, r0, #1       : IntAlu :  D=0x000000000000000d
 557000: system.cpu T0 : @Llastword+8    :   tstsne   r2, #65280      : IntAlu :  D=0x0000000000000000
 557500: system.cpu T0 : @Llastword+12    :   addne   r0, r0, #1       : IntAlu :  D=0x000000000000000e
 558000: system.cpu T0 : @Llastword+16    :   tstsne   r2, #16711680   : IntAlu :  D=0x0000000000000000
 558500: system.cpu T0 : @Llastword+20    :   addne   r0, r0, #1       : IntAlu :  D=0x000000000000000f
 559000: system.cpu T0 : @Llastword+24    :   bx                       : IntAlu : 
 559500: system.cpu T0 : @getenv+9    :   ldr   r3, [pc, #172]     : MemRead :  D=0x000000000006a548 A=0x15b54
 560000: system.cpu T0 : @getenv+11    :   ldr   r5, [r3, #0]       : MemRead :  D=0x00000000beffff3c A=0x6a548
 560500: system.cpu T0 : @getenv+13    :   mov   r9, r0             : IntAlu :  D=0x000000000000000f
 561000: system.cpu T0 : @getenv+15    :   cmps   r5, #0            : IntAlu :  D=0x0000000000000001
 561500: system.cpu T0 : @getenv+17    :   b                        : IntAlu : Predicated False
 562000: system.cpu T0 : @getenv+19    :   ldrb.w   r1, [r8, #0]    : MemRead :  D=0x000000000000004c A=0x4c478
 562500: system.cpu T0 : @getenv+23    :   cmps   r1, #0            : IntAlu :  D=0x0000000000000001
 563000: system.cpu T0 : @getenv+25    :   b                        : IntAlu : Predicated False
 563500: system.cpu T0 : @getenv+27    :   ldrb.w   r6, [r8, #1]    : MemRead :  D=0x0000000000000044 A=0x4c479
 564000: system.cpu T0 : @getenv+31    :   cbnz                     : IntAlu : 
 564500: system.cpu T0 : @getenv+81    :   ldr   r4, [r5, #0]       : MemRead :  D=0x0000000000000000 A=0xbeffff3c
 565000: system.cpu T0 : @getenv+83    :   orr.w   r6, r1, r6, LSL #8 : IntAlu :  D=0x000000000000444c
 565500: system.cpu T0 : @getenv+87    :   sub.w   r7, r0, #2       : IntAlu :  D=0x000000000000000d
 566000: system.cpu T0 : @getenv+91    :   add.w   r8, r8, #2       : IntAlu :  D=0x000000000004c47a
 566500: system.cpu T0 : @getenv+95    :   cbz                      : IntAlu : 
 567000: system.cpu T0 : @getenv+153    :   mov   r0, r4             : IntAlu :  D=0x0000000000000000
 567500: system.cpu T0 : @getenv+155    : ldmstm                    
 567500: system.cpu T0 : @getenv+155.0  :   ldr2_uop.w   r3,r4, [sp, #0] : MemRead :  D=0x000000000005fc4c A=0xbefffd88
 568000: system.cpu T0 : @getenv+155.1  :   ldr2_uop.w   r5,r6, [sp, #8] : MemRead :  D=0x00000000beffff3c A=0xbefffd90
 568500: system.cpu T0 : @getenv+155.2  :   ldr2_uop.w   r7,r8, [sp, #16] : MemRead :  D=0x0000000000069964 A=0xbefffd98
 569000: system.cpu T0 : @getenv+155.3  :   ldr2_uop.w   r9,r36, [sp, #24] : MemRead :  D=0x0000000000011e07 A=0xbefffda0
 569500: system.cpu T0 : @getenv+155.4  :   addi_uop.w   sp, sp, #32 : IntAlu :  D=0x00000000befffda8
 570000: system.cpu T0 : @getenv+155.5  :   uopReg_uop.w   pc, r36   : IntAlu :  D=0x0000000000011e07
 571000: system.cpu T0 : @_dl_non_dynamic_init+57    :   bl.w                     : IntAlu :  D=0x0000000000011e0b
 571500: system.cpu T0 : @cache_rpath+279    : ldmstm                    
 571500: system.cpu T0 : @cache_rpath+279.0  :   str_uop.w   r4, [sp, #36] : MemWrite :  D=0x000000000005fc4c A=0xbefffd84
 572000: system.cpu T0 : @cache_rpath+279.1  :   str_uop.w   r5, [sp, #32] : MemWrite :  D=0x00000000beffff34 A=0xbefffd88
 572500: system.cpu T0 : @cache_rpath+279.2  :   str_uop.w   r6, [sp, #28] : MemWrite :  D=0x00000000beffff3c A=0xbefffd8c
 573000: system.cpu T0 : @cache_rpath+279.3  :   str_uop.w   r7, [sp, #24] : MemWrite :  D=0x0000000000000000 A=0xbefffd90
 573500: system.cpu T0 : @cache_rpath+279.4  :   str_uop.w   r8, [sp, #20] : MemWrite :  D=0x0000000000069964 A=0xbefffd94
 574000: system.cpu T0 : @cache_rpath+279.5  :   str_uop.w   r9, [sp, #16] : MemWrite :  D=0x0000000000000000 A=0xbefffd98
 574500: system.cpu T0 : @cache_rpath+279.6  :   str_uop.w   r10, [sp, #12] : MemWrite :  D=0x0000000000000000 A=0xbefffd9c
 575000: system.cpu T0 : @cache_rpath+279.7  :   str_uop.w   fp, [sp, #8] : MemWrite :  D=0x0000000000000000 A=0xbefffda0
 575500: system.cpu T0 : @cache_rpath+279.8  :   str_uop.w   lr, [sp, #4] : MemWrite :  D=0x0000000000011e0b A=0xbefffda4
 576000: system.cpu T0 : @cache_rpath+279.9  :   subi_uop.w   sp, sp, #36 : IntAlu :  D=0x00000000befffd84
 576500: system.cpu T0 : @_dl_init_paths+3    :   sub   sp, sp, #28        : IntAlu :  D=0x00000000befffd68
 577000: system.cpu T0 : @_dl_init_paths+5    :   ldr   r1, [pc, #432]     : MemRead :  D=0x000000000006af24 A=0x28fdc
 577500: system.cpu T0 : @_dl_init_paths+7    :   add   r7, sp, #8         : IntAlu :  D=0x00000000befffd70
 578000: system.cpu T0 : @_dl_init_paths+9    :   ldr   r4, [pc, #432]     : MemRead :  D=0x0000000000068fe0 A=0x28fe0
 578500: system.cpu T0 : @_dl_init_paths+11    :   str   r0, [r7, #8]       : MemWrite :  D=0x0000000000000000 A=0xbefffd78
 579000: system.cpu T0 : @_dl_init_paths+13    :   adds   r3, r4, #4        : IntAlu :  D=0x0000000000000000
 579500: system.cpu T0 : @_dl_init_paths+15    :   ldr   r0, [r1, #0]       : MemRead :  D=0x0000000000000000 A=0x6af24
 580000: system.cpu T0 : @_dl_init_paths+17    :   mov   r2, r4             : IntAlu :  D=0x0000000000068fe0
 580500: system.cpu T0 : @_dl_init_paths+19    :   ldr   r1, [pc, #424]     : MemRead :  D=0x000000000006af04 A=0x28fe4
 581000: system.cpu T0 : @_dl_init_paths+21    :   ldr   r1, [r1, #0]       : MemRead :  D=0x0000000000000000 A=0x6af04
 581500: system.cpu T0 : @_dl_init_paths+23    :   bl.w                     : IntAlu :  D=0x0000000000028e41
 582000: system.cpu T0 : @_dl_non_dynamic_init+547    :   mov.w   r0, #43808       : IntAlu :  D=0x000000000000ab20
 582500: system.cpu T0 : @_dl_important_hwcaps+3    :   movt.w   r0, r0, #6      : IntAlu :  D=0x000000000006ab20
 583000: system.cpu T0 : @_dl_important_hwcaps+7    :   add.w   r3, r0, #16      : IntAlu :  D=0x000000000006ab30
 583500: system.cpu T0 : @_dl_important_hwcaps+11    :   str   r3, [r0, #8]       : MemWrite :  D=0x000000000006ab30 A=0x6ab28
 584000: system.cpu T0 : @_dl_important_hwcaps+13    :   movs   r3, #0            : IntAlu :  D=0x0000000000000001
 584500: system.cpu T0 : @_dl_important_hwcaps+15    :   str   r3, [r0, #12]      : MemWrite :  D=0x0000000000000000 A=0x6ab2c
 585000: system.cpu T0 : @_dl_important_hwcaps+17    :   movs   r3, #1            : IntAlu :  D=0x0000000000000000
 585500: system.cpu T0 : @_dl_important_hwcaps+19    :   adds   r0, r0, #8        : IntAlu :  D=0x0000000000000000
 586000: system.cpu T0 : @_dl_important_hwcaps+21    :   str   r3, [r2, #0]       : MemWrite :  D=0x0000000000000001 A=0x68fe0
 586500: system.cpu T0 : @_dl_important_hwcaps+23    :   bx                       : IntAlu : 
 587000: system.cpu T0 : @_dl_init_paths+27    :   str   r0, [r4, #8]       : MemWrite :  D=0x000000000006ab28 A=0x68fe8
 587500: system.cpu T0 : @_dl_init_paths+29    :   movs   r0, #20           : IntAlu :  D=0x0000000000000000
 588000: system.cpu T0 : @_dl_init_paths+31    :   bl.w                     : IntAlu :  D=0x0000000000028e49
 588500: system.cpu T0 : @malloc_set_state+899    : ldmstm                    
 588500: system.cpu T0 : @malloc_set_state+899.0  :   str_uop   r3, [sp, #24]  : MemWrite :  D=0x0000000000000001 A=0xbefffd50
 589000: system.cpu T0 : @malloc_set_state+899.1  :   str_uop   r4, [sp, #20]  : MemWrite :  D=0x0000000000068fe0 A=0xbefffd54
 589500: system.cpu T0 : @malloc_set_state+899.2  :   str_uop   r5, [sp, #16]  : MemWrite :  D=0x00000000beffff34 A=0xbefffd58
 590000: system.cpu T0 : @malloc_set_state+899.3  :   str_uop   r6, [sp, #12]  : MemWrite :  D=0x00000000beffff3c A=0xbefffd5c
 590500: system.cpu T0 : @malloc_set_state+899.4  :   str_uop   r7, [sp, #8]   : MemWrite :  D=0x00000000befffd70 A=0xbefffd60
 591000: system.cpu T0 : @malloc_set_state+899.5  :   str_uop   lr, [sp, #4]   : MemWrite :  D=0x0000000000028e49 A=0xbefffd64
 591500: system.cpu T0 : @malloc_set_state+899.6  :   subi_uop   sp, sp, #24   : IntAlu :  D=0x00000000befffd50
 592000: system.cpu T0 : @__libc_malloc+1    :   mov   r6, r0             : IntAlu :  D=0x0000000000000014
 592500: system.cpu T0 : @__libc_malloc+3    :   ldr   r3, [pc, #552]     : MemRead :  D=0x0000000000069948 A=0xe3fc
 593000: system.cpu T0 : @__libc_malloc+5    :   ldr   r3, [r3, #0]       : MemRead :  D=0x000000000000e4e9 A=0x69948
 593500: system.cpu T0 : @__libc_malloc+7    :   cmps   r3, #0            : IntAlu :  D=0x0000000000000001
 594500: system.cpu T0 : @__libc_malloc+9    :   b.w                      : IntAlu : 
 595000: system.cpu T0 : @__libc_malloc+467    :   mov   r1, lr             : IntAlu :  D=0x0000000000028e49
 595500: system.cpu T0 : @__libc_malloc+469    :   blx                      : IntAlu :  D=0x000000000000e3a5
 596000: system.cpu T0 : @malloc_atfork+211    :   mov.w   r3, #39240       : IntAlu :  D=0x0000000000009948
 596500: system.cpu T0 : @malloc_hook_ini+3    :   movt.w   r3, r3, #6      : IntAlu :  D=0x0000000000069948
 597000: system.cpu T0 : @malloc_hook_ini+7    : ldmstm                    
 597000: system.cpu T0 : @malloc_hook_ini+7.0  :   str_uop   r4, [sp, #8]   : MemWrite :  D=0x0000000000068fe0 A=0xbefffd48
 597500: system.cpu T0 : @malloc_hook_ini+7.1  :   str_uop   lr, [sp, #4]   : MemWrite :  D=0x000000000000e3a5 A=0xbefffd4c
 598000: system.cpu T0 : @malloc_hook_ini+7.2  :   subi_uop   sp, sp, #8    : IntAlu :  D=0x00000000befffd48
 598500: system.cpu T0 : @malloc_hook_ini+9    :   movs   r2, #0            : IntAlu :  D=0x0000000000000001
 599000: system.cpu T0 : @malloc_hook_ini+11    :   str   r2, [r3, #0]       : MemWrite :  D=0x0000000000000000 A=0x69948
 599500: system.cpu T0 : @malloc_hook_ini+13    :   mov   r4, r0             : IntAlu :  D=0x0000000000000014
 600000: system.cpu T0 : @malloc_hook_ini+15    :   bl.w                     : IntAlu :  D=0x000000000000e4fd
 600500: system.cpu T0 : @__malloc_check_init+79    : ldmstm                    
 600500: system.cpu T0 : @__malloc_check_init+79.0  :   str_uop.w   r3, [sp, #32] : MemWrite :  D=0x0000000000069948 A=0xbefffd28
 601000: system.cpu T0 : @__malloc_check_init+79.1  :   str_uop.w   r4, [sp, #28] : MemWrite :  D=0x0000000000000014 A=0xbefffd2c
 601500: system.cpu T0 : @__malloc_check_init+79.2  :   str_uop.w   r5, [sp, #24] : MemWrite :  D=0x00000000beffff34 A=0xbefffd30
 602000: system.cpu T0 : @__malloc_check_init+79.3  :   str_uop.w   r6, [sp, #20] : MemWrite :  D=0x0000000000000014 A=0xbefffd34
 602500: system.cpu T0 : @__malloc_check_init+79.4  :   str_uop.w   r7, [sp, #16] : MemWrite :  D=0x00000000befffd70 A=0xbefffd38
 603000: system.cpu T0 : @__malloc_check_init+79.5  :   str_uop.w   r8, [sp, #12] : MemWrite :  D=0x0000000000069964 A=0xbefffd3c
 603500: system.cpu T0 : @__malloc_check_init+79.6  :   str_uop.w   r9, [sp, #8] : MemWrite :  D=0x0000000000000000 A=0xbefffd40
 604000: system.cpu T0 : @__malloc_check_init+79.7  :   str_uop.w   lr, [sp, #4] : MemWrite :  D=0x000000000000e4fd A=0xbefffd44
 604500: system.cpu T0 : @__malloc_check_init+79.8  :   subi_uop.w   sp, sp, #32 : IntAlu :  D=0x00000000befffd28
 605000: system.cpu T0 : @ptmalloc_init+3    :   ldr   r5, [pc, #588]     : MemRead :  D=0x00000000000694ac A=0xdcdc
 606000: system.cpu T0 : @ptmalloc_init+5    :   ldr.w   r3, [r5, #1104]  : MemRead :  D=0x00000000ffffffff A=0x698fc
 606500: system.cpu T0 : @ptmalloc_init+9    :   cmps   r3, #0            : IntAlu :  D=0x0000000000000001
 607000: system.cpu T0 : @ptmalloc_init+11    :   b                        : IntAlu : 
 607500: system.cpu T0 : @ptmalloc_init+17    :   ldr   r1, [pc, #580]     : MemRead :  D=0x000000000005b562 A=0xdce0
 608000: system.cpu T0 : @ptmalloc_init+19    :   movs   r2, #0            : IntAlu :  D=0x0000000000000001
 609000: system.cpu T0 : @ptmalloc_init+21    :   mrc.w   r0, r276, #406529 : IntAlu :  D=0x000000000006c4c0
 610000: system.cpu T0 : @ptmalloc_init+25    :   str.w   r2, [r5, #1104]  : MemWrite :  D=0x0000000000000000 A=0x698fc
 610500: system.cpu T0 : @ptmalloc_init+29    :   add   r1, r1, pc         : IntAlu :  D=0x000000000006900c
 611000: system.cpu T0 : @ptmalloc_init+31    :   ldr   r1, [r1, #0]       : MemRead :  D=0x000000000000001c A=0x6900c
 611500: system.cpu T0 : @ptmalloc_init+33    :   ldr   r3, [pc, #568]     : MemRead :  D=0x000000000006a4e8 A=0xdce4
 612000: system.cpu T0 : @ptmalloc_init+35    :   ldr   r2, [pc, #568]     : MemRead :  D=0x0000000000069074 A=0xdce8
 612500: system.cpu T0 : @ptmalloc_init+37    :   str   r5, [r0, r1]       : MemWrite :  D=0x00000000000694ac A=0x6c4dc
 613000: system.cpu T0 : @ptmalloc_init+39    :   ldr   r1, [pc, #568]     : MemRead :  D=0x000000000000b23d A=0xdcec
 613500: system.cpu T0 : @ptmalloc_init+41    :   str   r1, [r3, #60]      : MemWrite :  D=0x000000000000b23d A=0x6a524
 614000: system.cpu T0 : @ptmalloc_init+43    :   ldr   r1, [pc, #568]     : MemRead :  D=0x000000000000b16d A=0xdcf0
 614500: system.cpu T0 : @ptmalloc_init+45    :   str   r1, [r3, #64]      : MemWrite :  D=0x000000000000b16d A=0x6a528
 615000: system.cpu T0 : @ptmalloc_init+47    :   ldr   r1, [pc, #568]     : MemRead :  D=0x000000000000a8f9 A=0xdcf4
 615500: system.cpu T0 : @ptmalloc_init+49    :   str   r1, [r3, #68]      : MemWrite :  D=0x000000000000a8f9 A=0x6a52c
 616000: system.cpu T0 : @ptmalloc_init+51    :   cbz                      : IntAlu : Predicated False
 616500: system.cpu T0 : @ptmalloc_init+53    :   ldr   r2, [r2, #0]       : MemRead :  D=0x0000000000000000 A=0x69074
 617000: system.cpu T0 : @ptmalloc_init+55    :   str   r2, [r3, #72]      : MemWrite :  D=0x0000000000000000 A=0x6a530
 617500: system.cpu T0 : @ptmalloc_init+57    :   movs   r2, #1            : IntAlu :  D=0x0000000000000000
 618000: system.cpu T0 : @ptmalloc_init+59    :   ldr   r0, [pc, #560]     : MemRead :  D=0x000000000006a520 A=0xdcf8
 618500: system.cpu T0 : @ptmalloc_init+61    :   str   r2, [r3, #76]      : MemWrite :  D=0x0000000000000001 A=0x6a534
 619000: system.cpu T0 : @ptmalloc_init+63    :   bl.w                     : IntAlu :  D=0x000000000000dacd
 619500: system.cpu T0 : @__libc_disable_asynccancel+99    :   ldr   r3, [pc, #36]      : MemRead :  D=0x000000000006b00c A=0x116b0
 620000: system.cpu T0 : @__linkin_atfork+1    :   ldr   r2, [r3, #0]       : MemRead :  D=0x0000000000000000 A=0x6b00c
 620500: system.cpu T0 : @__linkin_atfork+3    :   str   r2, [r0, #0]       : MemWrite :  D=0x0000000000000000 A=0x6a520
 621500: system.cpu T0 : @__linkin_atfork+5    :   dmb.w   #0               : IntAlu : 
 622500: system.cpu T0 : @__linkin_atfork+9    :   ldrex.w   r1, [r3, #0]   : MemRead :  D=0x0000000000000000 A=0x6b00c
 623000: system.cpu T0 : @__linkin_atfork+13    :   cmps   r1, r2            : IntAlu :  D=0x0000000000000001
 623500: system.cpu T0 : @__linkin_atfork+15    :   b                        : IntAlu : Predicated False
 624500: system.cpu T0 : @__linkin_atfork+17    :   strex.w   r1, r0, [r3, #0] : MemWrite :  D=0x0000000000000000 A=0x6b00c
 625500: system.cpu T0 : @__linkin_atfork+21    :   teqs.w   r1, #0          : IntAlu :  D=0x0000000000000001
 626000: system.cpu T0 : @__linkin_atfork+25    :   b                        : IntAlu : Predicated False
 626500: system.cpu T0 : @__linkin_atfork+27    :   mov   r1, r2             : IntAlu :  D=0x0000000000000000
 627500: system.cpu T0 : @__linkin_atfork+29    :   dmb.w   #0               : IntAlu : 
 628000: system.cpu T0 : @__linkin_atfork+33    :   cmps   r2, r1            : IntAlu :  D=0x0000000000000001
 628500: system.cpu T0 : @__linkin_atfork+35    :   b                        : IntAlu : Predicated False
 629000: system.cpu T0 : @__linkin_atfork+37    :   bx                       : IntAlu : 
 629500: system.cpu T0 : @ptmalloc_init+67    :   ldr   r3, [pc, #556]     : MemRead :  D=0x000000000006a548 A=0xdcfc
 630000: system.cpu T0 : @ptmalloc_init+69    :   ldr   r6, [r3, #0]       : MemRead :  D=0x00000000beffff3c A=0x6a548
 630500: system.cpu T0 : @ptmalloc_init+71    :   cbz                      : IntAlu : Predicated False
 631500: system.cpu T0 : @ptmalloc_init+73    :   ldr.w   r8, [pc, #592]   : MemRead :  D=0x0000000000068fdc A=0xdd24
 632000: system.cpu T0 : @ptmalloc_init+77    :   movs   r7, #0            : IntAlu :  D=0x0000000000000001
 632500: system.cpu T0 : @ptmalloc_init+79    :   ldr   r4, [r6, #0]       : MemRead :  D=0x0000000000000000 A=0xbeffff3c
 633000: system.cpu T0 : @ptmalloc_init+81    :   cbz                      : IntAlu : 
 633500: system.cpu T0 : @ptmalloc_init+97    :   cbz                      : IntAlu : 
 634000: system.cpu T0 : @ptmalloc_init+103    :   ldr   r3, [pc, #524]     : MemRead :  D=0x000000000006a544 A=0xdd00
 634500: system.cpu T0 : @ptmalloc_init+105    :   ldr   r3, [r3, #0]       : MemRead :  D=0x0000000000000000 A=0x6a544
 635000: system.cpu T0 : @ptmalloc_init+107    :   cbz                      : IntAlu : 
 635500: system.cpu T0 : @ptmalloc_init+111    :   movs   r3, #1            : IntAlu :  D=0x0000000000000000
 636500: system.cpu T0 : @ptmalloc_init+113    :   str.w   r3, [r5, #1104]  : MemWrite :  D=0x0000000000000001 A=0x698fc
 637500: system.cpu T0 : @ptmalloc_init+117    : ldmstm                    
 637500: system.cpu T0 : @ptmalloc_init+117.0  :   ldr2_uop.w   r3,r4, [sp, #0] : MemRead :  D=0x0000000000000014 A=0xbefffd28
 638000: system.cpu T0 : @ptmalloc_init+117.1  :   ldr2_uop.w   r5,r6, [sp, #8] : MemRead :  D=0x0000000000000014 A=0xbefffd30
 638500: system.cpu T0 : @ptmalloc_init+117.2  :   ldr2_uop.w   r7,r8, [sp, #16] : MemRead :  D=0x0000000000069964 A=0xbefffd38
 639000: system.cpu T0 : @ptmalloc_init+117.3  :   ldr2_uop.w   r9,r36, [sp, #24] : MemRead :  D=0x000000000000e4fd A=0xbefffd40
 639500: system.cpu T0 : @ptmalloc_init+117.4  :   addi_uop.w   sp, sp, #32 : IntAlu :  D=0x00000000befffd48
 640000: system.cpu T0 : @ptmalloc_init+117.5  :   uopReg_uop.w   pc, r36   : IntAlu :  D=0x000000000000e4fd
 640500: system.cpu T0 : @malloc_hook_ini+19    :   mov   r0, r4             : IntAlu :  D=0x0000000000000014
 641500: system.cpu T0 : @malloc_hook_ini+21    : ldmstm                    
 641500: system.cpu T0 : @malloc_hook_ini+21.0  :   ldr2_uop.w   r4,lr, [sp, #0] : MemRead :  D=0x000000000000e3a5 A=0xbefffd48
 642000: system.cpu T0 : @malloc_hook_ini+21.1  :   addi_uop.w   sp, sp, #8  : IntAlu :  D=0x00000000befffd50
 643000: system.cpu T0 : @malloc_hook_ini+25    :   b.w                      : IntAlu : 
 643500: system.cpu T0 : @malloc_set_state+899    : ldmstm                    
 643500: system.cpu T0 : @malloc_set_state+899.0  :   str_uop   r3, [sp, #24]  : MemWrite :  D=0x0000000000069948 A=0xbefffd38
 644000: system.cpu T0 : @malloc_set_state+899.1  :   str_uop   r4, [sp, #20]  : MemWrite :  D=0x0000000000068fe0 A=0xbefffd3c
 644500: system.cpu T0 : @malloc_set_state+899.2  :   str_uop   r5, [sp, #16]  : MemWrite :  D=0x00000000beffff34 A=0xbefffd40
 645000: system.cpu T0 : @malloc_set_state+899.3  :   str_uop   r6, [sp, #12]  : MemWrite :  D=0x0000000000000014 A=0xbefffd44
 645500: system.cpu T0 : @malloc_set_state+899.4  :   str_uop   r7, [sp, #8]   : MemWrite :  D=0x00000000befffd70 A=0xbefffd48
 646000: system.cpu T0 : @malloc_set_state+899.5  :   str_uop   lr, [sp, #4]   : MemWrite :  D=0x000000000000e3a5 A=0xbefffd4c
 646500: system.cpu T0 : @malloc_set_state+899.6  :   subi_uop   sp, sp, #24   : IntAlu :  D=0x00000000befffd38
 647000: system.cpu T0 : @__libc_malloc+1    :   mov   r6, r0             : IntAlu :  D=0x0000000000000014
 647500: system.cpu T0 : @__libc_malloc+3    :   ldr   r3, [pc, #552]     : MemRead :  D=0x0000000000069948 A=0xe3fc
 648000: system.cpu T0 : @__libc_malloc+5    :   ldr   r3, [r3, #0]       : MemRead :  D=0x0000000000000000 A=0x69948
 648500: system.cpu T0 : @__libc_malloc+7    :   cmps   r3, #0            : IntAlu :  D=0x0000000000000001
 649500: system.cpu T0 : @__libc_malloc+9    :   b.w                      : IntAlu : Predicated False
 650000: system.cpu T0 : @__libc_malloc+13    :   ldr   r2, [pc, #548]     : MemRead :  D=0x000000000005ae28 A=0xe400
 650500: system.cpu T0 : @__libc_malloc+15    :   mrc.w   r1, r276, #406561 : IntAlu :  D=0x000000000006c4c0
 651000: system.cpu T0 : @__libc_malloc+19    :   add   r2, r2, pc         : IntAlu :  D=0x000000000006900c
 651500: system.cpu T0 : @__libc_malloc+21    :   ldr   r2, [r2, #0]       : MemRead :  D=0x000000000000001c A=0x6900c
 652000: system.cpu T0 : @__libc_malloc+23    :   ldr   r4, [r1, r2]       : MemRead :  D=0x00000000000694ac A=0x6c4dc
 652500: system.cpu T0 : @__libc_malloc+25    :   cmps   r4, #0            : IntAlu :  D=0x0000000000000001
 653000: system.cpu T0 : @__libc_malloc+27    :   b                        : IntAlu : Predicated False
 653500: system.cpu T0 : @__libc_malloc+29    :   movs   r1, #1            : IntAlu :  D=0x0000000000000000
 654000: system.cpu T0 : @__libc_malloc+31    :   dmb.w   #0               : IntAlu : 
 654500: system.cpu T0 : @__libc_malloc+35    :   ldrex.w   r2, [r4, #0]   : MemRead :  D=0x0000000000000000 A=0x694ac
 655000: system.cpu T0 : @__libc_malloc+39    :   cmps   r2, r3            : IntAlu :  D=0x0000000000000001
 655500: system.cpu T0 : @__libc_malloc+41    :   b                        : IntAlu : Predicated False
 656000: system.cpu T0 : @__libc_malloc+43    :   strex.w   r2, r1, [r4, #0] : MemWrite :  D=0x0000000000000000 A=0x694ac
 656500: system.cpu T0 : @__libc_malloc+47    :   teqs.w   r2, #0          : IntAlu :  D=0x0000000000000001
 657000: system.cpu T0 : @__libc_malloc+51    :   b                        : IntAlu : Predicated False
 657500: system.cpu T0 : @__libc_malloc+53    :   mov   r2, r3             : IntAlu :  D=0x0000000000000000
 658000: system.cpu T0 : @__libc_malloc+55    :   dmb.w   #0               : IntAlu : 
 658500: system.cpu T0 : @__libc_malloc+59    :   cmps   r2, #0            : IntAlu :  D=0x0000000000000001
 659500: system.cpu T0 : @__libc_malloc+61    :   b.w                      : IntAlu : Predicated False
 660000: system.cpu T0 : @__libc_malloc+65    :   mov   r1, r6             : IntAlu :  D=0x0000000000000014
 660500: system.cpu T0 : @__libc_malloc+67    :   mov   r0, r4             : IntAlu :  D=0x00000000000694ac
 661500: system.cpu T0 : @__libc_malloc+69    :   bl.w                     : IntAlu :  D=0x000000000000e217
 662000: system.cpu T0 : @_int_free+2063    : ldmstm                    
 662000: system.cpu T0 : @_int_free+2063.0  :   str_uop.w   r4, [sp, #36] : MemWrite :  D=0x00000000000694ac A=0xbefffd14
 662500: system.cpu T0 : @_int_free+2063.1  :   str_uop.w   r5, [sp, #32] : MemWrite :  D=0x00000000beffff34 A=0xbefffd18
 663000: system.cpu T0 : @_int_free+2063.2  :   str_uop.w   r6, [sp, #28] : MemWrite :  D=0x0000000000000014 A=0xbefffd1c
 663500: system.cpu T0 : @_int_free+2063.3  :   str_uop.w   r7, [sp, #24] : MemWrite :  D=0x00000000befffd70 A=0xbefffd20
 664000: system.cpu T0 : @_int_free+2063.4  :   str_uop.w   r8, [sp, #20] : MemWrite :  D=0x0000000000069964 A=0xbefffd24
 664500: system.cpu T0 : @_int_free+2063.5  :   str_uop.w   r9, [sp, #16] : MemWrite :  D=0x0000000000000000 A=0xbefffd28
 665000: system.cpu T0 : @_int_free+2063.6  :   str_uop.w   r10, [sp, #12] : MemWrite :  D=0x0000000000000000 A=0xbefffd2c
 665500: system.cpu T0 : @_int_free+2063.7  :   str_uop.w   fp, [sp, #8] : MemWrite :  D=0x0000000000000000 A=0xbefffd30
 666000: system.cpu T0 : @_int_free+2063.8  :   str_uop.w   lr, [sp, #4] : MemWrite :  D=0x000000000000e217 A=0xbefffd34
 666500: system.cpu T0 : @_int_free+2063.9  :   subi_uop.w   sp, sp, #36 : IntAlu :  D=0x00000000befffd14
 667000: system.cpu T0 : @_int_malloc+3    :   sub   sp, sp, #76        : IntAlu :  D=0x00000000befffcc8
 667500: system.cpu T0 : @_int_malloc+5    :   mov   r4, r0             : IntAlu :  D=0x00000000000694ac
 668000: system.cpu T0 : @_int_malloc+7    :   str   r1, [sp, #16]      : MemWrite :  D=0x0000000000000014 A=0xbefffcd8
 668500: system.cpu T0 : @_int_malloc+9    :   adds   r1, r1, #33       : IntAlu :  D=0x0000000000000000
 669000: system.cpu T0 : @_int_malloc+11    :   b.w                      : IntAlu : Predicated False
 669500: system.cpu T0 : @_int_malloc+15    :   ldr   r6, [sp, #16]      : MemRead :  D=0x0000000000000014 A=0xbefffcd8
 670500: system.cpu T0 : @_int_malloc+17    :   mov.w   r12, #42216      : IntAlu :  D=0x000000000000a4e8
 671500: system.cpu T0 : @_int_malloc+21    :   movt.w   r12, r12, #6    : IntAlu :  D=0x000000000006a4e8
 672500: system.cpu T0 : @_int_malloc+25    :   add.w   r5, r6, #11      : IntAlu :  D=0x000000000000001f
 673000: system.cpu T0 : @_int_malloc+29    :   cmps   r5, #15           : IntAlu :  D=0x0000000000000001
 673500: system.cpu T0 : @_int_malloc+31    :   ldr.w   r3, [r12, #28]   : MemRead :  D=0x0000000000000000 A=0x6a504
 674000: system.cpu T0 : @_int_malloc+35    :   it                       : IntAlu : 
 675000: system.cpu T0 : @_int_malloc+37    :   bic.w   r5, r5, #7       : IntAlu :  D=0x0000000000000018
 675500: system.cpu T0 : @_int_malloc+41    :   mov   r5, #16            : IntAlu : Predicated False
 676000: system.cpu T0 : @_int_malloc+43    :   cmps   r5, r3            : IntAlu :  D=0x0000000000000001
 676500: system.cpu T0 : @_int_malloc+45    :   b                        : IntAlu : Predicated False
 677000: system.cpu T0 : @_int_malloc+47    :   movs   r3, r5, LSR #3    : IntAlu :  D=0x0000000000000000
 677500: system.cpu T0 : @_int_malloc+49    :   str   r3, [sp, #20]      : MemWrite :  D=0x0000000000000003 A=0xbefffcdc
 678000: system.cpu T0 : @_int_malloc+51    :   cmps.w   r5, #512        : IntAlu :  D=0x0000000000000000
 678500: system.cpu T0 : @_int_malloc+55    :   b                        : IntAlu : Predicated False
 679000: system.cpu T0 : @_int_malloc+57    :   ldr   r6, [sp, #20]      : MemRead :  D=0x0000000000000003 A=0xbefffcdc
 679500: system.cpu T0 : @_int_malloc+59    :   add.w   r3, r4, r6, LSL #3 : IntAlu :  D=0x00000000000694c4
 680000: system.cpu T0 : @_int_malloc+63    :   str   r6, [sp, #24]      : MemWrite :  D=0x0000000000000003 A=0xbefffce0
 680500: system.cpu T0 : @_int_malloc+65    :   adds   r3, r3, #40       : IntAlu :  D=0x0000000000000000
 681000: system.cpu T0 : @_int_malloc+67    :   ldr   r7, [r3, #12]      : MemRead :  D=0x0000000000000000 A=0x694f8
 681500: system.cpu T0 : @_int_malloc+69    :   cmps   r7, r3            : IntAlu :  D=0x0000000000000000
 682000: system.cpu T0 : @_int_malloc+71    :   b.w                      : IntAlu : Predicated False
 682500: system.cpu T0 : @_int_malloc+75    :   cmps   r7, #0            : IntAlu :  D=0x0000000000000001
 683500: system.cpu T0 : @_int_malloc+77    :   b.w                      : IntAlu : 
 684000: system.cpu T0 : @_int_malloc+1495    :   mov   r0, r4             : IntAlu :  D=0x00000000000694ac
 684500: system.cpu T0 : @_int_malloc+1497    :   movs   r6, r5, LSR #6    : IntAlu :  D=0x0000000000000001
 685000: system.cpu T0 : @_int_malloc+1499    :   str   r6, [sp, #28]      : MemWrite :  D=0x0000000000000000 A=0xbefffce4
 686000: system.cpu T0 : @_int_malloc+1501    :   bl.w                     : IntAlu :  D=0x000000000000c63f
 686500: system.cpu T0 : @top_check+219    :   ldr   r3, [pc, #608]     : MemRead :  D=0x000000000006a4e8 A=0xb700
 687500: system.cpu T0 : @malloc_consolidate+1    :   mvn.w   r1, #7           : IntAlu :  D=0x00000000fffffff8
 688500: system.cpu T0 : @malloc_consolidate+5    : ldmstm                    
 688500: system.cpu T0 : @malloc_consolidate+5.0  :   str_uop.w   r4, [sp, #36] : MemWrite :  D=0x00000000000694ac A=0xbefffca4
 689000: system.cpu T0 : @malloc_consolidate+5.1  :   str_uop.w   r5, [sp, #32] : MemWrite :  D=0x0000000000000018 A=0xbefffca8
 689500: system.cpu T0 : @malloc_consolidate+5.2  :   str_uop.w   r6, [sp, #28] : MemWrite :  D=0x0000000000000000 A=0xbefffcac
 690000: system.cpu T0 : @malloc_consolidate+5.3  :   str_uop.w   r7, [sp, #24] : MemWrite :  D=0x0000000000000000 A=0xbefffcb0
 690500: system.cpu T0 : @malloc_consolidate+5.4  :   str_uop.w   r8, [sp, #20] : MemWrite :  D=0x0000000000069964 A=0xbefffcb4
 691000: system.cpu T0 : @malloc_consolidate+5.5  :   str_uop.w   r9, [sp, #16] : MemWrite :  D=0x0000000000000000 A=0xbefffcb8
 691500: system.cpu T0 : @malloc_consolidate+5.6  :   str_uop.w   r10, [sp, #12] : MemWrite :  D=0x0000000000000000 A=0xbefffcbc
 692000: system.cpu T0 : @malloc_consolidate+5.7  :   str_uop.w   fp, [sp, #8] : MemWrite :  D=0x0000000000000000 A=0xbefffcc0
 692500: system.cpu T0 : @malloc_consolidate+5.8  :   str_uop.w   lr, [sp, #4] : MemWrite :  D=0x000000000000c63f A=0xbefffcc4
 693000: system.cpu T0 : @malloc_consolidate+5.9  :   subi_uop.w   sp, sp, #36 : IntAlu :  D=0x00000000befffca4
 693500: system.cpu T0 : @malloc_consolidate+9    :   mov   r7, r0             : IntAlu :  D=0x00000000000694ac
 694000: system.cpu T0 : @malloc_consolidate+11    :   ldr   r2, [r3, #28]      : MemRead :  D=0x0000000000000000 A=0x6a504
 694500: system.cpu T0 : @malloc_consolidate+13    :   sub   sp, sp, #28        : IntAlu :  D=0x00000000befffc88
 695000: system.cpu T0 : @malloc_consolidate+15    :   add.w   r0, r0, #56      : IntAlu :  D=0x00000000000694e4
 695500: system.cpu T0 : @malloc_consolidate+19    :   cmps   r2, #0            : IntAlu :  D=0x0000000000000001
 696000: system.cpu T0 : @malloc_consolidate+21    :   b                        : IntAlu : 
 696500: system.cpu T0 : @malloc_consolidate+277    :   adds   r2, r0, r1        : IntAlu :  D=0x0000000000000001
 697000: system.cpu T0 : @malloc_consolidate+279    :   adds   r1, r1, #8        : IntAlu :  D=0x0000000000000001
 698000: system.cpu T0 : @malloc_consolidate+281    :   cmps.w   r1, #1008       : IntAlu :  D=0x0000000000000000
 698500: system.cpu T0 : @malloc_consolidate+285    :   str   r2, [r2, #12]      : MemWrite :  D=0x00000000000694dc A=0x694e8
 699000: system.cpu T0 : @malloc_consolidate+287    :   str   r2, [r2, #8]       : MemWrite :  D=0x00000000000694dc A=0x694e4
 699500: system.cpu T0 : @malloc_consolidate+289    :   b                        : IntAlu : 
 700000: system.cpu T0 : @malloc_consolidate+277    :   adds   r2, r0, r1        : IntAlu :  D=0x0000000000000000
 700500: system.cpu T0 : @malloc_consolidate+279    :   adds   r1, r1, #8        : IntAlu :  D=0x0000000000000000
 701500: system.cpu T0 : @malloc_consolidate+281    :   cmps.w   r1, #1008       : IntAlu :  D=0x0000000000000000
 702000: system.cpu T0 : @malloc_consolidate+285    :   str   r2, [r2, #12]      : MemWrite :  D=0x00000000000694e4 A=0x694f0
 702500: system.cpu T0 : @malloc_consolidate+287    :   str   r2, [r2, #8]       : MemWrite :  D=0x00000000000694e4 A=0x694ec
 703000: system.cpu T0 : @malloc_consolidate+289    :   b                        : IntAlu : 
 703500: system.cpu T0 : @malloc_consolidate+277    :   adds   r2, r0, r1        : IntAlu :  D=0x0000000000000000
 704000: system.cpu T0 : @malloc_consolidate+279    :   adds   r1, r1, #8        : IntAlu :  D=0x0000000000000000
 705000: system.cpu T0 : @malloc_consolidate+281    :   cmps.w   r1, #1008       : IntAlu :  D=0x0000000000000000
 705500: system.cpu T0 : @malloc_consolidate+285    :   str   r2, [r2, #12]      : MemWrite :  D=0x00000000000694ec A=0x694f8
 706000: system.cpu T0 : @malloc_consolidate+287    :   str   r2, [r2, #8]       : MemWrite :  D=0x00000000000694ec A=0x694f4
 706500: system.cpu T0 : @malloc_consolidate+289    :   b                        : IntAlu : 
 707000: system.cpu T0 : @malloc_consolidate+277    :   adds   r2, r0, r1        : IntAlu :  D=0x0000000000000000
 707500: system.cpu T0 : @malloc_consolidate+279    :   adds   r1, r1, #8        : IntAlu :  D=0x0000000000000000
 708500: system.cpu T0 : @malloc_consolidate+281    :   cmps.w   r1, #1008       : IntAlu :  D=0x0000000000000000
 709000: system.cpu T0 : @malloc_consolidate+285    :   str   r2, [r2, #12]      : MemWrite :  D=0x00000000000694f4 A=0x69500
 709500: system.cpu T0 : @malloc_consolidate+287    :   str   r2, [r2, #8]       : MemWrite :  D=0x00000000000694f4 A=0x694fc
 710000: system.cpu T0 : @malloc_consolidate+289    :   b                        : IntAlu : 
 710500: system.cpu T0 : @malloc_consolidate+277    :   adds   r2, r0, r1        : IntAlu :  D=0x0000000000000000
 711000: system.cpu T0 : @malloc_consolidate+279    :   adds   r1, r1, #8        : IntAlu :  D=0x0000000000000000
 712000: system.cpu T0 : @malloc_consolidate+281    :   cmps.w   r1, #1008       : IntAlu :  D=0x0000000000000000
 712500: system.cpu T0 : @malloc_consolidate+285    :   str   r2, [r2, #12]      : MemWrite :  D=0x00000000000694fc A=0x69508
 713000: system.cpu T0 : @malloc_consolidate+287    :   str   r2, [r2, #8]       : MemWrite :  D=0x00000000000694fc A=0x69504
 713500: system.cpu T0 : @malloc_consolidate+289    :   b                        : IntAlu : 
 714000: system.cpu T0 : @malloc_consolidate+277    :   adds   r2, r0, r1        : IntAlu :  D=0x0000000000000000
 714500: system.cpu T0 : @malloc_consolidate+279    :   adds   r1, r1, #8        : IntAlu :  D=0x0000000000000000
 715500: system.cpu T0 : @malloc_consolidate+281    :   cmps.w   r1, #1008       : IntAlu :  D=0x0000000000000000
 716000: system.cpu T0 : @malloc_consolidate+285    :   str   r2, [r2, #12]      : MemWrite :  D=0x0000000000069504 A=0x69510
 716500: system.cpu T0 : @malloc_consolidate+287    :   str   r2, [r2, #8]       : MemWrite :  D=0x0000000000069504 A=0x6950c
 717000: system.cpu T0 : @malloc_consolidate+289    :   b                        : IntAlu : 
 717500: system.cpu T0 : @malloc_consolidate+277    :   adds   r2, r0, r1        : IntAlu :  D=0x0000000000000000
 718000: system.cpu T0 : @malloc_consolidate+279    :   adds   r1, r1, #8        : IntAlu :  D=0x0000000000000000
 719000: system.cpu T0 : @malloc_consolidate+281    :   cmps.w   r1, #1008       : IntAlu :  D=0x0000000000000000
 719500: system.cpu T0 : @malloc_consolidate+285    :   str   r2, [r2, #12]      : MemWrite :  D=0x000000000006950c A=0x69518
 720000: system.cpu T0 : @malloc_consolidate+287    :   str   r2, [r2, #8]       : MemWrite :  D=0x000000000006950c A=0x69514
 720500: system.cpu T0 : @malloc_consolidate+289    :   b                        : IntAlu : 
 721000: system.cpu T0 : @malloc_consolidate+277    :   adds   r2, r0, r1        : IntAlu :  D=0x0000000000000000
 721500: system.cpu T0 : @malloc_consolidate+279    :   adds   r1, r1, #8        : IntAlu :  D=0x0000000000000000
 722500: system.cpu T0 : @malloc_consolidate+281    :   cmps.w   r1, #1008       : IntAlu :  D=0x0000000000000000
 723000: system.cpu T0 : @malloc_consolidate+285    :   str   r2, [r2, #12]      : MemWrite :  D=0x0000000000069514 A=0x69520
 723500: system.cpu T0 : @malloc_consolidate+287    :   str   r2, [r2, #8]       : MemWrite :  D=0x0000000000069514 A=0x6951c
 724000: system.cpu T0 : @malloc_consolidate+289    :   b                        : IntAlu : 
 724500: system.cpu T0 : @malloc_consolidate+277    :   adds   r2, r0, r1        : IntAlu :  D=0x0000000000000000
 725000: system.cpu T0 : @malloc_consolidate+279    :   adds   r1, r1, #8        : IntAlu :  D=0x0000000000000000
 726000: system.cpu T0 : @malloc_consolidate+281    :   cmps.w   r1, #1008       : IntAlu :  D=0x0000000000000000
 726500: system.cpu T0 : @malloc_consolidate+285    :   str   r2, [r2, #12]      : MemWrite :  D=0x000000000006951c A=0x69528
 727000: system.cpu T0 : @malloc_consolidate+287    :   str   r2, [r2, #8]       : MemWrite :  D=0x000000000006951c A=0x69524
 727500: system.cpu T0 : @malloc_consolidate+289    :   b                        : IntAlu : 
 728000: system.cpu T0 : @malloc_consolidate+277    :   adds   r2, r0, r1        : IntAlu :  D=0x0000000000000000
 728500: system.cpu T0 : @malloc_consolidate+279    :   adds   r1, r1, #8        : IntAlu :  D=0x0000000000000000
 729500: system.cpu T0 : @malloc_consolidate+281    :   cmps.w   r1, #1008       : IntAlu :  D=0x0000000000000000
 730000: system.cpu T0 : @malloc_consolidate+285    :   str   r2, [r2, #12]      : MemWrite :  D=0x0000000000069524 A=0x69530
 730500: system.cpu T0 : @malloc_consolidate+287    :   str   r2, [r2, #8]       : MemWrite :  D=0x0000000000069524 A=0x6952c
 731000: system.cpu T0 : @malloc_consolidate+289    :   b                        : IntAlu : 
 731500: system.cpu T0 : @malloc_consolidate+277    :   adds   r2, r0, r1        : IntAlu :  D=0x0000000000000000
 732000: system.cpu T0 : @malloc_consolidate+279    :   adds   r1, r1, #8        : IntAlu :  D=0x0000000000000000
 733000: system.cpu T0 : @malloc_consolidate+281    :   cmps.w   r1, #1008       : IntAlu :  D=0x0000000000000000
 733500: system.cpu T0 : @malloc_consolidate+285    :   str   r2, [r2, #12]      : MemWrite :  D=0x000000000006952c A=0x69538
 734000: system.cpu T0 : @malloc_consolidate+287    :   str   r2, [r2, #8]       : MemWrite :  D=0x000000000006952c A=0x69534
 734500: system.cpu T0 : @malloc_consolidate+289    :   b                        : IntAlu : 
 735000: system.cpu T0 : @malloc_consolidate+277    :   adds   r2, r0, r1        : IntAlu :  D=0x0000000000000000
 735500: system.cpu T0 : @malloc_consolidate+279    :   adds   r1, r1, #8        : IntAlu :  D=0x0000000000000000
 736500: system.cpu T0 : @malloc_consolidate+281    :   cmps.w   r1, #1008       : IntAlu :  D=0x0000000000000000
 737000: system.cpu T0 : @malloc_consolidate+285    :   str   r2, [r2, #12]      : MemWrite :  D=0x0000000000069534 A=0x69540
 737500: system.cpu T0 : @malloc_consolidate+287    :   str   r2, [r2, #8]       : MemWrite :  D=0x0000000000069534 A=0x6953c
 738000: system.cpu T0 : @malloc_consolidate+289    :   b                        : IntAlu : 
 738500: system.cpu T0 : @malloc_consolidate+277    :   adds   r2, r0, r1        : IntAlu :  D=0x0000000000000000
 739000: system.cpu T0 : @malloc_consolidate+279    :   adds   r1, r1, #8        : IntAlu :  D=0x0000000000000000
 740000: system.cpu T0 : @malloc_consolidate+281    :   cmps.w   r1, #1008       : IntAlu :  D=0x0000000000000000
 740500: system.cpu T0 : @malloc_consolidate+285    :   str   r2, [r2, #12]      : MemWrite :  D=0x000000000006953c A=0x69548
 741000: system.cpu T0 : @malloc_consolidate+287    :   str   r2, [r2, #8]       : MemWrite :  D=0x000000000006953c A=0x69544
 741500: system.cpu T0 : @malloc_consolidate+289    :   b                        : IntAlu : 
 742000: system.cpu T0 : @malloc_consolidate+277    :   adds   r2, r0, r1        : IntAlu :  D=0x0000000000000000
 742500: system.cpu T0 : @malloc_consolidate+279    :   adds   r1, r1, #8        : IntAlu :  D=0x0000000000000000
 743500: system.cpu T0 : @malloc_consolidate+281    :   cmps.w   r1, #1008       : IntAlu :  D=0x0000000000000000
 744000: system.cpu T0 : @malloc_consolidate+285    :   str   r2, [r2, #12]      : MemWrite :  D=0x0000000000069544 A=0x69550
 744500: system.cpu T0 : @malloc_consolidate+287    :   str   r2, [r2, #8]       : MemWrite :  D=0x0000000000069544 A=0x6954c
 745000: system.cpu T0 : @malloc_consolidate+289    :   b                        : IntAlu : 
 745500: system.cpu T0 : @malloc_consolidate+277    :   adds   r2, r0, r1        : IntAlu :  D=0x0000000000000000
 746000: system.cpu T0 : @malloc_consolidate+279    :   adds   r1, r1, #8        : IntAlu :  D=0x0000000000000000
 747000: system.cpu T0 : @malloc_consolidate+281    :   cmps.w   r1, #1008       : IntAlu :  D=0x0000000000000000
 747500: system.cpu T0 : @malloc_consolidate+285    :   str   r2, [r2, #12]      : MemWrite :  D=0x000000000006954c A=0x69558
 748000: system.cpu T0 : @malloc_consolidate+287    :   str   r2, [r2, #8]       : MemWrite :  D=0x000000000006954c A=0x69554
 748500: system.cpu T0 : @malloc_consolidate+289    :   b                        : IntAlu : 
 749000: system.cpu T0 : @malloc_consolidate+277    :   adds   r2, r0, r1        : IntAlu :  D=0x0000000000000000
 749500: system.cpu T0 : @malloc_consolidate+279    :   adds   r1, r1, #8        : IntAlu :  D=0x0000000000000000
 750500: system.cpu T0 : @malloc_consolidate+281    :   cmps.w   r1, #1008       : IntAlu :  D=0x0000000000000000
 751000: system.cpu T0 : @malloc_consolidate+285    :   str   r2, [r2, #12]      : MemWrite :  D=0x0000000000069554 A=0x69560
 751500: system.cpu T0 : @malloc_consolidate+287    :   str   r2, [r2, #8]       : MemWrite :  D=0x0000000000069554 A=0x6955c
 752000: system.cpu T0 : @malloc_consolidate+289    :   b                        : IntAlu : 
 752500: system.cpu T0 : @malloc_consolidate+277    :   adds   r2, r0, r1        : IntAlu :  D=0x0000000000000000
 753000: system.cpu T0 : @malloc_consolidate+279    :   adds   r1, r1, #8        : IntAlu :  D=0x0000000000000000
 754000: system.cpu T0 : @malloc_consolidate+281    :   cmps.w   r1, #1008       : IntAlu :  D=0x0000000000000000
 754500: system.cpu T0 : @malloc_consolidate+285    :   str   r2, [r2, #12]      : MemWrite :  D=0x000000000006955c A=0x69568
 755000: system.cpu T0 : @malloc_consolidate+287    :   str   r2, [r2, #8]       : MemWrite :  D=0x000000000006955c A=0x69564
 755500: system.cpu T0 : @malloc_consolidate+289    :   b                        : IntAlu : 
 756000: system.cpu T0 : @malloc_consolidate+277    :   adds   r2, r0, r1        : IntAlu :  D=0x0000000000000000
 756500: system.cpu T0 : @malloc_consolidate+279    :   adds   r1, r1, #8        : IntAlu :  D=0x0000000000000000
 757500: system.cpu T0 : @malloc_consolidate+281    :   cmps.w   r1, #1008       : IntAlu :  D=0x0000000000000000
 758000: system.cpu T0 : @malloc_consolidate+285    :   str   r2, [r2, #12]      : MemWrite :  D=0x0000000000069564 A=0x69570
 758500: system.cpu T0 : @malloc_consolidate+287    :   str   r2, [r2, #8]       : MemWrite :  D=0x0000000000069564 A=0x6956c
 759000: system.cpu T0 : @malloc_consolidate+289    :   b                        : IntAlu : 
 759500: system.cpu T0 : @malloc_consolidate+277    :   adds   r2, r0, r1        : IntAlu :  D=0x0000000000000000
 760000: system.cpu T0 : @malloc_consolidate+279    :   adds   r1, r1, #8        : IntAlu :  D=0x0000000000000000
 761000: system.cpu T0 : @malloc_consolidate+281    :   cmps.w   r1, #1008       : IntAlu :  D=0x0000000000000000
 761500: system.cpu T0 : @malloc_consolidate+285    :   str   r2, [r2, #12]      : MemWrite :  D=0x000000000006956c A=0x69578
 762000: system.cpu T0 : @malloc_consolidate+287    :   str   r2, [r2, #8]       : MemWrite :  D=0x000000000006956c A=0x69574
 762500: system.cpu T0 : @malloc_consolidate+289    :   b                        : IntAlu : 
 763000: system.cpu T0 : @malloc_consolidate+277    :   adds   r2, r0, r1        : IntAlu :  D=0x0000000000000000
 763500: system.cpu T0 : @malloc_consolidate+279    :   adds   r1, r1, #8        : IntAlu :  D=0x0000000000000000
 764500: system.cpu T0 : @malloc_consolidate+281    :   cmps.w   r1, #1008       : IntAlu :  D=0x0000000000000000
 765000: system.cpu T0 : @malloc_consolidate+285    :   str   r2, [r2, #12]      : MemWrite :  D=0x0000000000069574 A=0x69580
 765500: system.cpu T0 : @malloc_consolidate+287    :   str   r2, [r2, #8]       : MemWrite :  D=0x0000000000069574 A=0x6957c
 766000: system.cpu T0 : @malloc_consolidate+289    :   b                        : IntAlu : 
 766500: system.cpu T0 : @malloc_consolidate+277    :   adds   r2, r0, r1        : IntAlu :  D=0x0000000000000000
 767000: system.cpu T0 : @malloc_consolidate+279    :   adds   r1, r1, #8        : IntAlu :  D=0x0000000000000000
 768000: system.cpu T0 : @malloc_consolidate+281    :   cmps.w   r1, #1008       : IntAlu :  D=0x0000000000000000
 768500: system.cpu T0 : @malloc_consolidate+285    :   str   r2, [r2, #12]      : MemWrite :  D=0x000000000006957c A=0x69588
 769000: system.cpu T0 : @malloc_consolidate+287    :   str   r2, [r2, #8]       : MemWrite :  D=0x000000000006957c A=0x69584
 769500: system.cpu T0 : @malloc_consolidate+289    :   b                        : IntAlu : 
 770000: system.cpu T0 : @malloc_consolidate+277    :   adds   r2, r0, r1        : IntAlu :  D=0x0000000000000000
 770500: system.cpu T0 : @malloc_consolidate+279    :   adds   r1, r1, #8        : IntAlu :  D=0x0000000000000000
 771500: system.cpu T0 : @malloc_consolidate+281    :   cmps.w   r1, #1008       : IntAlu :  D=0x0000000000000000
 772000: system.cpu T0 : @malloc_consolidate+285    :   str   r2, [r2, #12]      : MemWrite :  D=0x0000000000069584 A=0x69590
 772500: system.cpu T0 : @malloc_consolidate+287    :   str   r2, [r2, #8]       : MemWrite :  D=0x0000000000069584 A=0x6958c
 773000: system.cpu T0 : @malloc_consolidate+289    :   b                        : IntAlu : 
 773500: system.cpu T0 : @malloc_consolidate+277    :   adds   r2, r0, r1        : IntAlu :  D=0x0000000000000000
 774000: system.cpu T0 : @malloc_consolidate+279    :   adds   r1, r1, #8        : IntAlu :  D=0x0000000000000000
 775000: system.cpu T0 : @malloc_consolidate+281    :   cmps.w   r1, #1008       : IntAlu :  D=0x0000000000000000
 775500: system.cpu T0 : @malloc_consolidate+285    :   str   r2, [r2, #12]      : MemWrite :  D=0x000000000006958c A=0x69598
 776000: system.cpu T0 : @malloc_consolidate+287    :   str   r2, [r2, #8]       : MemWrite :  D=0x000000000006958c A=0x69594
 776500: system.cpu T0 : @malloc_consolidate+289    :   b                        : IntAlu : 
 777000: system.cpu T0 : @malloc_consolidate+277    :   adds   r2, r0, r1        : IntAlu :  D=0x0000000000000000
 777500: system.cpu T0 : @malloc_consolidate+279    :   adds   r1, r1, #8        : IntAlu :  D=0x0000000000000000
 778500: system.cpu T0 : @malloc_consolidate+281    :   cmps.w   r1, #1008       : IntAlu :  D=0x0000000000000000
 779000: system.cpu T0 : @malloc_consolidate+285    :   str   r2, [r2, #12]      : MemWrite :  D=0x0000000000069594 A=0x695a0
 779500: system.cpu T0 : @malloc_consolidate+287    :   str   r2, [r2, #8]       : MemWrite :  D=0x0000000000069594 A=0x6959c
 780000: system.cpu T0 : @malloc_consolidate+289    :   b                        : IntAlu : 
 780500: system.cpu T0 : @malloc_consolidate+277    :   adds   r2, r0, r1        : IntAlu :  D=0x0000000000000000
 781000: system.cpu T0 : @malloc_consolidate+279    :   adds   r1, r1, #8        : IntAlu :  D=0x0000000000000000
 782000: system.cpu T0 : @malloc_consolidate+281    :   cmps.w   r1, #1008       : IntAlu :  D=0x0000000000000000
 782500: system.cpu T0 : @malloc_consolidate+285    :   str   r2, [r2, #12]      : MemWrite :  D=0x000000000006959c A=0x695a8
 783000: system.cpu T0 : @malloc_consolidate+287    :   str   r2, [r2, #8]       : MemWrite :  D=0x000000000006959c A=0x695a4
 783500: system.cpu T0 : @malloc_consolidate+289    :   b                        : IntAlu : 
 784000: system.cpu T0 : @malloc_consolidate+277    :   adds   r2, r0, r1        : IntAlu :  D=0x0000000000000000
 784500: system.cpu T0 : @malloc_consolidate+279    :   adds   r1, r1, #8        : IntAlu :  D=0x0000000000000000
 785500: system.cpu T0 : @malloc_consolidate+281    :   cmps.w   r1, #1008       : IntAlu :  D=0x0000000000000000
 786000: system.cpu T0 : @malloc_consolidate+285    :   str   r2, [r2, #12]      : MemWrite :  D=0x00000000000695a4 A=0x695b0
 786500: system.cpu T0 : @malloc_consolidate+287    :   str   r2, [r2, #8]       : MemWrite :  D=0x00000000000695a4 A=0x695ac
 787000: system.cpu T0 : @malloc_consolidate+289    :   b                        : IntAlu : 
 787500: system.cpu T0 : @malloc_consolidate+277    :   adds   r2, r0, r1        : IntAlu :  D=0x0000000000000000
 788000: system.cpu T0 : @malloc_consolidate+279    :   adds   r1, r1, #8        : IntAlu :  D=0x0000000000000000
 789000: system.cpu T0 : @malloc_consolidate+281    :   cmps.w   r1, #1008       : IntAlu :  D=0x0000000000000000
 789500: system.cpu T0 : @malloc_consolidate+285    :   str   r2, [r2, #12]      : MemWrite :  D=0x00000000000695ac A=0x695b8
 790000: system.cpu T0 : @malloc_consolidate+287    :   str   r2, [r2, #8]       : MemWrite :  D=0x00000000000695ac A=0x695b4
 790500: system.cpu T0 : @malloc_consolidate+289    :   b                        : IntAlu : 
 791000: system.cpu T0 : @malloc_consolidate+277    :   adds   r2, r0, r1        : IntAlu :  D=0x0000000000000000
 791500: system.cpu T0 : @malloc_consolidate+279    :   adds   r1, r1, #8        : IntAlu :  D=0x0000000000000000
 792500: system.cpu T0 : @malloc_consolidate+281    :   cmps.w   r1, #1008       : IntAlu :  D=0x0000000000000000
 793000: system.cpu T0 : @malloc_consolidate+285    :   str   r2, [r2, #12]      : MemWrite :  D=0x00000000000695b4 A=0x695c0
 793500: system.cpu T0 : @malloc_consolidate+287    :   str   r2, [r2, #8]       : MemWrite :  D=0x00000000000695b4 A=0x695bc
 794000: system.cpu T0 : @malloc_consolidate+289    :   b                        : IntAlu : 
 794500: system.cpu T0 : @malloc_consolidate+277    :   adds   r2, r0, r1        : IntAlu :  D=0x0000000000000000
 795000: system.cpu T0 : @malloc_consolidate+279    :   adds   r1, r1, #8        : IntAlu :  D=0x0000000000000000
 796000: system.cpu T0 : @malloc_consolidate+281    :   cmps.w   r1, #1008       : IntAlu :  D=0x0000000000000000
 796500: system.cpu T0 : @malloc_consolidate+285    :   str   r2, [r2, #12]      : MemWrite :  D=0x00000000000695bc A=0x695c8
 797000: system.cpu T0 : @malloc_consolidate+287    :   str   r2, [r2, #8]       : MemWrite :  D=0x00000000000695bc A=0x695c4
 797500: system.cpu T0 : @malloc_consolidate+289    :   b                        : IntAlu : 
 798000: system.cpu T0 : @malloc_consolidate+277    :   adds   r2, r0, r1        : IntAlu :  D=0x0000000000000000
 798500: system.cpu T0 : @malloc_consolidate+279    :   adds   r1, r1, #8        : IntAlu :  D=0x0000000000000000
 799500: system.cpu T0 : @malloc_consolidate+281    :   cmps.w   r1, #1008       : IntAlu :  D=0x0000000000000000
 800000: system.cpu T0 : @malloc_consolidate+285    :   str   r2, [r2, #12]      : MemWrite :  D=0x00000000000695c4 A=0x695d0
 800500: system.cpu T0 : @malloc_consolidate+287    :   str   r2, [r2, #8]       : MemWrite :  D=0x00000000000695c4 A=0x695cc
 801000: system.cpu T0 : @malloc_consolidate+289    :   b                        : IntAlu : 
 801500: system.cpu T0 : @malloc_consolidate+277    :   adds   r2, r0, r1        : IntAlu :  D=0x0000000000000000
 802000: system.cpu T0 : @malloc_consolidate+279    :   adds   r1, r1, #8        : IntAlu :  D=0x0000000000000000
 803000: system.cpu T0 : @malloc_consolidate+281    :   cmps.w   r1, #1008       : IntAlu :  D=0x0000000000000000
 803500: system.cpu T0 : @malloc_consolidate+285    :   str   r2, [r2, #12]      : MemWrite :  D=0x00000000000695cc A=0x695d8
 804000: system.cpu T0 : @malloc_consolidate+287    :   str   r2, [r2, #8]       : MemWrite :  D=0x00000000000695cc A=0x695d4
 804500: system.cpu T0 : @malloc_consolidate+289    :   b                        : IntAlu : 
 805000: system.cpu T0 : @malloc_consolidate+277    :   adds   r2, r0, r1        : IntAlu :  D=0x0000000000000000
 805500: system.cpu T0 : @malloc_consolidate+279    :   adds   r1, r1, #8        : IntAlu :  D=0x0000000000000000
 806500: system.cpu T0 : @malloc_consolidate+281    :   cmps.w   r1, #1008       : IntAlu :  D=0x0000000000000000
 807000: system.cpu T0 : @malloc_consolidate+285    :   str   r2, [r2, #12]      : MemWrite :  D=0x00000000000695d4 A=0x695e0
 807500: system.cpu T0 : @malloc_consolidate+287    :   str   r2, [r2, #8]       : MemWrite :  D=0x00000000000695d4 A=0x695dc
 808000: system.cpu T0 : @malloc_consolidate+289    :   b                        : IntAlu : 
 808500: system.cpu T0 : @malloc_consolidate+277    :   adds   r2, r0, r1        : IntAlu :  D=0x0000000000000000
 809000: system.cpu T0 : @malloc_consolidate+279    :   adds   r1, r1, #8        : IntAlu :  D=0x0000000000000000
 810000: system.cpu T0 : @malloc_consolidate+281    :   cmps.w   r1, #1008       : IntAlu :  D=0x0000000000000000
 810500: system.cpu T0 : @malloc_consolidate+285    :   str   r2, [r2, #12]      : MemWrite :  D=0x00000000000695dc A=0x695e8
 811000: system.cpu T0 : @malloc_consolidate+287    :   str   r2, [r2, #8]       : MemWrite :  D=0x00000000000695dc A=0x695e4
 811500: system.cpu T0 : @malloc_consolidate+289    :   b                        : IntAlu : 
 812000: system.cpu T0 : @malloc_consolidate+277    :   adds   r2, r0, r1        : IntAlu :  D=0x0000000000000000
 812500: system.cpu T0 : @malloc_consolidate+279    :   adds   r1, r1, #8        : IntAlu :  D=0x0000000000000000
 813500: system.cpu T0 : @malloc_consolidate+281    :   cmps.w   r1, #1008       : IntAlu :  D=0x0000000000000000
 814000: system.cpu T0 : @malloc_consolidate+285    :   str   r2, [r2, #12]      : MemWrite :  D=0x00000000000695e4 A=0x695f0
 814500: system.cpu T0 : @malloc_consolidate+287    :   str   r2, [r2, #8]       : MemWrite :  D=0x00000000000695e4 A=0x695ec
 815000: system.cpu T0 : @malloc_consolidate+289    :   b                        : IntAlu : 
 815500: system.cpu T0 : @malloc_consolidate+277    :   adds   r2, r0, r1        : IntAlu :  D=0x0000000000000000
 816000: system.cpu T0 : @malloc_consolidate+279    :   adds   r1, r1, #8        : IntAlu :  D=0x0000000000000000
 817000: system.cpu T0 : @malloc_consolidate+281    :   cmps.w   r1, #1008       : IntAlu :  D=0x0000000000000000
 817500: system.cpu T0 : @malloc_consolidate+285    :   str   r2, [r2, #12]      : MemWrite :  D=0x00000000000695ec A=0x695f8
 818000: system.cpu T0 : @malloc_consolidate+287    :   str   r2, [r2, #8]       : MemWrite :  D=0x00000000000695ec A=0x695f4
 818500: system.cpu T0 : @malloc_consolidate+289    :   b                        : IntAlu : 
 819000: system.cpu T0 : @malloc_consolidate+277    :   adds   r2, r0, r1        : IntAlu :  D=0x0000000000000000
 819500: system.cpu T0 : @malloc_consolidate+279    :   adds   r1, r1, #8        : IntAlu :  D=0x0000000000000000
 820500: system.cpu T0 : @malloc_consolidate+281    :   cmps.w   r1, #1008       : IntAlu :  D=0x0000000000000000
 821000: system.cpu T0 : @malloc_consolidate+285    :   str   r2, [r2, #12]      : MemWrite :  D=0x00000000000695f4 A=0x69600
 821500: system.cpu T0 : @malloc_consolidate+287    :   str   r2, [r2, #8]       : MemWrite :  D=0x00000000000695f4 A=0x695fc
 822000: system.cpu T0 : @malloc_consolidate+289    :   b                        : IntAlu : 
 822500: system.cpu T0 : @malloc_consolidate+277    :   adds   r2, r0, r1        : IntAlu :  D=0x0000000000000000
 823000: system.cpu T0 : @malloc_consolidate+279    :   adds   r1, r1, #8        : IntAlu :  D=0x0000000000000000
 824000: system.cpu T0 : @malloc_consolidate+281    :   cmps.w   r1, #1008       : IntAlu :  D=0x0000000000000000
 824500: system.cpu T0 : @malloc_consolidate+285    :   str   r2, [r2, #12]      : MemWrite :  D=0x00000000000695fc A=0x69608
 825000: system.cpu T0 : @malloc_consolidate+287    :   str   r2, [r2, #8]       : MemWrite :  D=0x00000000000695fc A=0x69604
 825500: system.cpu T0 : @malloc_consolidate+289    :   b                        : IntAlu : 
 826000: system.cpu T0 : @malloc_consolidate+277    :   adds   r2, r0, r1        : IntAlu :  D=0x0000000000000000
 826500: system.cpu T0 : @malloc_consolidate+279    :   adds   r1, r1, #8        : IntAlu :  D=0x0000000000000000
 827500: system.cpu T0 : @malloc_consolidate+281    :   cmps.w   r1, #1008       : IntAlu :  D=0x0000000000000000
 828000: system.cpu T0 : @malloc_consolidate+285    :   str   r2, [r2, #12]      : MemWrite :  D=0x0000000000069604 A=0x69610
 828500: system.cpu T0 : @malloc_consolidate+287    :   str   r2, [r2, #8]       : MemWrite :  D=0x0000000000069604 A=0x6960c
 829000: system.cpu T0 : @malloc_consolidate+289    :   b                        : IntAlu : 
 829500: system.cpu T0 : @malloc_consolidate+277    :   adds   r2, r0, r1        : IntAlu :  D=0x0000000000000000
 830000: system.cpu T0 : @malloc_consolidate+279    :   adds   r1, r1, #8        : IntAlu :  D=0x0000000000000000
 831000: system.cpu T0 : @malloc_consolidate+281    :   cmps.w   r1, #1008       : IntAlu :  D=0x0000000000000000
 831500: system.cpu T0 : @malloc_consolidate+285    :   str   r2, [r2, #12]      : MemWrite :  D=0x000000000006960c A=0x69618
 832000: system.cpu T0 : @malloc_consolidate+287    :   str   r2, [r2, #8]       : MemWrite :  D=0x000000000006960c A=0x69614
 832500: system.cpu T0 : @malloc_consolidate+289    :   b                        : IntAlu : 
 833000: system.cpu T0 : @malloc_consolidate+277    :   adds   r2, r0, r1        : IntAlu :  D=0x0000000000000000
 833500: system.cpu T0 : @malloc_consolidate+279    :   adds   r1, r1, #8        : IntAlu :  D=0x0000000000000000
 834500: system.cpu T0 : @malloc_consolidate+281    :   cmps.w   r1, #1008       : IntAlu :  D=0x0000000000000000
 835000: system.cpu T0 : @malloc_consolidate+285    :   str   r2, [r2, #12]      : MemWrite :  D=0x0000000000069614 A=0x69620
 835500: system.cpu T0 : @malloc_consolidate+287    :   str   r2, [r2, #8]       : MemWrite :  D=0x0000000000069614 A=0x6961c
 836000: system.cpu T0 : @malloc_consolidate+289    :   b                        : IntAlu : 
 836500: system.cpu T0 : @malloc_consolidate+277    :   adds   r2, r0, r1        : IntAlu :  D=0x0000000000000000
 837000: system.cpu T0 : @malloc_consolidate+279    :   adds   r1, r1, #8        : IntAlu :  D=0x0000000000000000
 838000: system.cpu T0 : @malloc_consolidate+281    :   cmps.w   r1, #1008       : IntAlu :  D=0x0000000000000000
 838500: system.cpu T0 : @malloc_consolidate+285    :   str   r2, [r2, #12]      : MemWrite :  D=0x000000000006961c A=0x69628
 839000: system.cpu T0 : @malloc_consolidate+287    :   str   r2, [r2, #8]       : MemWrite :  D=0x000000000006961c A=0x69624
 839500: system.cpu T0 : @malloc_consolidate+289    :   b                        : IntAlu : 
 840000: system.cpu T0 : @malloc_consolidate+277    :   adds   r2, r0, r1        : IntAlu :  D=0x0000000000000000
 840500: system.cpu T0 : @malloc_consolidate+279    :   adds   r1, r1, #8        : IntAlu :  D=0x0000000000000000
 841500: system.cpu T0 : @malloc_consolidate+281    :   cmps.w   r1, #1008       : IntAlu :  D=0x0000000000000000
 842000: system.cpu T0 : @malloc_consolidate+285    :   str   r2, [r2, #12]      : MemWrite :  D=0x0000000000069624 A=0x69630
 842500: system.cpu T0 : @malloc_consolidate+287    :   str   r2, [r2, #8]       : MemWrite :  D=0x0000000000069624 A=0x6962c
 843000: system.cpu T0 : @malloc_consolidate+289    :   b                        : IntAlu : 
 843500: system.cpu T0 : @malloc_consolidate+277    :   adds   r2, r0, r1        : IntAlu :  D=0x0000000000000000
 844000: system.cpu T0 : @malloc_consolidate+279    :   adds   r1, r1, #8        : IntAlu :  D=0x0000000000000000
 845000: system.cpu T0 : @malloc_consolidate+281    :   cmps.w   r1, #1008       : IntAlu :  D=0x0000000000000000
 845500: system.cpu T0 : @malloc_consolidate+285    :   str   r2, [r2, #12]      : MemWrite :  D=0x000000000006962c A=0x69638
 846000: system.cpu T0 : @malloc_consolidate+287    :   str   r2, [r2, #8]       : MemWrite :  D=0x000000000006962c A=0x69634
 846500: system.cpu T0 : @malloc_consolidate+289    :   b                        : IntAlu : 
 847000: system.cpu T0 : @malloc_consolidate+277    :   adds   r2, r0, r1        : IntAlu :  D=0x0000000000000000
 847500: system.cpu T0 : @malloc_consolidate+279    :   adds   r1, r1, #8        : IntAlu :  D=0x0000000000000000
 848500: system.cpu T0 : @malloc_consolidate+281    :   cmps.w   r1, #1008       : IntAlu :  D=0x0000000000000000
 849000: system.cpu T0 : @malloc_consolidate+285    :   str   r2, [r2, #12]      : MemWrite :  D=0x0000000000069634 A=0x69640
 849500: system.cpu T0 : @malloc_consolidate+287    :   str   r2, [r2, #8]       : MemWrite :  D=0x0000000000069634 A=0x6963c
 850000: system.cpu T0 : @malloc_consolidate+289    :   b                        : IntAlu : 
 850500: system.cpu T0 : @malloc_consolidate+277    :   adds   r2, r0, r1        : IntAlu :  D=0x0000000000000000
 851000: system.cpu T0 : @malloc_consolidate+279    :   adds   r1, r1, #8        : IntAlu :  D=0x0000000000000000
 852000: system.cpu T0 : @malloc_consolidate+281    :   cmps.w   r1, #1008       : IntAlu :  D=0x0000000000000000
 852500: system.cpu T0 : @malloc_consolidate+285    :   str   r2, [r2, #12]      : MemWrite :  D=0x000000000006963c A=0x69648
 853000: system.cpu T0 : @malloc_consolidate+287    :   str   r2, [r2, #8]       : MemWrite :  D=0x000000000006963c A=0x69644
 853500: system.cpu T0 : @malloc_consolidate+289    :   b                        : IntAlu : 
 854000: system.cpu T0 : @malloc_consolidate+277    :   adds   r2, r0, r1        : IntAlu :  D=0x0000000000000000
 854500: system.cpu T0 : @malloc_consolidate+279    :   adds   r1, r1, #8        : IntAlu :  D=0x0000000000000000
 855500: system.cpu T0 : @malloc_consolidate+281    :   cmps.w   r1, #1008       : IntAlu :  D=0x0000000000000000
 856000: system.cpu T0 : @malloc_consolidate+285    :   str   r2, [r2, #12]      : MemWrite :  D=0x0000000000069644 A=0x69650
 856500: system.cpu T0 : @malloc_consolidate+287    :   str   r2, [r2, #8]       : MemWrite :  D=0x0000000000069644 A=0x6964c
 857000: system.cpu T0 : @malloc_consolidate+289    :   b                        : IntAlu : 
 857500: system.cpu T0 : @malloc_consolidate+277    :   adds   r2, r0, r1        : IntAlu :  D=0x0000000000000000
 858000: system.cpu T0 : @malloc_consolidate+279    :   adds   r1, r1, #8        : IntAlu :  D=0x0000000000000000
 859000: system.cpu T0 : @malloc_consolidate+281    :   cmps.w   r1, #1008       : IntAlu :  D=0x0000000000000000
 859500: system.cpu T0 : @malloc_consolidate+285    :   str   r2, [r2, #12]      : MemWrite :  D=0x000000000006964c A=0x69658
 860000: system.cpu T0 : @malloc_consolidate+287    :   str   r2, [r2, #8]       : MemWrite :  D=0x000000000006964c A=0x69654
 860500: system.cpu T0 : @malloc_consolidate+289    :   b                        : IntAlu : 
 861000: system.cpu T0 : @malloc_consolidate+277    :   adds   r2, r0, r1        : IntAlu :  D=0x0000000000000000
 861500: system.cpu T0 : @malloc_consolidate+279    :   adds   r1, r1, #8        : IntAlu :  D=0x0000000000000000
 862500: system.cpu T0 : @malloc_consolidate+281    :   cmps.w   r1, #1008       : IntAlu :  D=0x0000000000000000
 863000: system.cpu T0 : @malloc_consolidate+285    :   str   r2, [r2, #12]      : MemWrite :  D=0x0000000000069654 A=0x69660
 863500: system.cpu T0 : @malloc_consolidate+287    :   str   r2, [r2, #8]       : MemWrite :  D=0x0000000000069654 A=0x6965c
 864000: system.cpu T0 : @malloc_consolidate+289    :   b                        : IntAlu : 
 864500: system.cpu T0 : @malloc_consolidate+277    :   adds   r2, r0, r1        : IntAlu :  D=0x0000000000000000
 865000: system.cpu T0 : @malloc_consolidate+279    :   adds   r1, r1, #8        : IntAlu :  D=0x0000000000000000
 866000: system.cpu T0 : @malloc_consolidate+281    :   cmps.w   r1, #1008       : IntAlu :  D=0x0000000000000000
 866500: system.cpu T0 : @malloc_consolidate+285    :   str   r2, [r2, #12]      : MemWrite :  D=0x000000000006965c A=0x69668
 867000: system.cpu T0 : @malloc_consolidate+287    :   str   r2, [r2, #8]       : MemWrite :  D=0x000000000006965c A=0x69664
 867500: system.cpu T0 : @malloc_consolidate+289    :   b                        : IntAlu : 
 868000: system.cpu T0 : @malloc_consolidate+277    :   adds   r2, r0, r1        : IntAlu :  D=0x0000000000000000
 868500: system.cpu T0 : @malloc_consolidate+279    :   adds   r1, r1, #8        : IntAlu :  D=0x0000000000000000
 869500: system.cpu T0 : @malloc_consolidate+281    :   cmps.w   r1, #1008       : IntAlu :  D=0x0000000000000000
 870000: system.cpu T0 : @malloc_consolidate+285    :   str   r2, [r2, #12]      : MemWrite :  D=0x0000000000069664 A=0x69670
 870500: system.cpu T0 : @malloc_consolidate+287    :   str   r2, [r2, #8]       : MemWrite :  D=0x0000000000069664 A=0x6966c
 871000: system.cpu T0 : @malloc_consolidate+289    :   b                        : IntAlu : 
 871500: system.cpu T0 : @malloc_consolidate+277    :   adds   r2, r0, r1        : IntAlu :  D=0x0000000000000000
 872000: system.cpu T0 : @malloc_consolidate+279    :   adds   r1, r1, #8        : IntAlu :  D=0x0000000000000000
 873000: system.cpu T0 : @malloc_consolidate+281    :   cmps.w   r1, #1008       : IntAlu :  D=0x0000000000000000
 873500: system.cpu T0 : @malloc_consolidate+285    :   str   r2, [r2, #12]      : MemWrite :  D=0x000000000006966c A=0x69678
 874000: system.cpu T0 : @malloc_consolidate+287    :   str   r2, [r2, #8]       : MemWrite :  D=0x000000000006966c A=0x69674
 874500: system.cpu T0 : @malloc_consolidate+289    :   b                        : IntAlu : 
 875000: system.cpu T0 : @malloc_consolidate+277    :   adds   r2, r0, r1        : IntAlu :  D=0x0000000000000000
 875500: system.cpu T0 : @malloc_consolidate+279    :   adds   r1, r1, #8        : IntAlu :  D=0x0000000000000000
 876500: system.cpu T0 : @malloc_consolidate+281    :   cmps.w   r1, #1008       : IntAlu :  D=0x0000000000000000
 877000: system.cpu T0 : @malloc_consolidate+285    :   str   r2, [r2, #12]      : MemWrite :  D=0x0000000000069674 A=0x69680
 877500: system.cpu T0 : @malloc_consolidate+287    :   str   r2, [r2, #8]       : MemWrite :  D=0x0000000000069674 A=0x6967c
 878000: system.cpu T0 : @malloc_consolidate+289    :   b                        : IntAlu : 
 878500: system.cpu T0 : @malloc_consolidate+277    :   adds   r2, r0, r1        : IntAlu :  D=0x0000000000000000
 879000: system.cpu T0 : @malloc_consolidate+279    :   adds   r1, r1, #8        : IntAlu :  D=0x0000000000000000
 880000: system.cpu T0 : @malloc_consolidate+281    :   cmps.w   r1, #1008       : IntAlu :  D=0x0000000000000000
 880500: system.cpu T0 : @malloc_consolidate+285    :   str   r2, [r2, #12]      : MemWrite :  D=0x000000000006967c A=0x69688
 881000: system.cpu T0 : @malloc_consolidate+287    :   str   r2, [r2, #8]       : MemWrite :  D=0x000000000006967c A=0x69684
 881500: system.cpu T0 : @malloc_consolidate+289    :   b                        : IntAlu : 
 882000: system.cpu T0 : @malloc_consolidate+277    :   adds   r2, r0, r1        : IntAlu :  D=0x0000000000000000
 882500: system.cpu T0 : @malloc_consolidate+279    :   adds   r1, r1, #8        : IntAlu :  D=0x0000000000000000
 883500: system.cpu T0 : @malloc_consolidate+281    :   cmps.w   r1, #1008       : IntAlu :  D=0x0000000000000000
 884000: system.cpu T0 : @malloc_consolidate+285    :   str   r2, [r2, #12]      : MemWrite :  D=0x0000000000069684 A=0x69690
 884500: system.cpu T0 : @malloc_consolidate+287    :   str   r2, [r2, #8]       : MemWrite :  D=0x0000000000069684 A=0x6968c
 885000: system.cpu T0 : @malloc_consolidate+289    :   b                        : IntAlu : 
 885500: system.cpu T0 : @malloc_consolidate+277    :   adds   r2, r0, r1        : IntAlu :  D=0x0000000000000000
 886000: system.cpu T0 : @malloc_consolidate+279    :   adds   r1, r1, #8        : IntAlu :  D=0x0000000000000000
 887000: system.cpu T0 : @malloc_consolidate+281    :   cmps.w   r1, #1008       : IntAlu :  D=0x0000000000000000
 887500: system.cpu T0 : @malloc_consolidate+285    :   str   r2, [r2, #12]      : MemWrite :  D=0x000000000006968c A=0x69698
 888000: system.cpu T0 : @malloc_consolidate+287    :   str   r2, [r2, #8]       : MemWrite :  D=0x000000000006968c A=0x69694
 888500: system.cpu T0 : @malloc_consolidate+289    :   b                        : IntAlu : 
 889000: system.cpu T0 : @malloc_consolidate+277    :   adds   r2, r0, r1        : IntAlu :  D=0x0000000000000000
 889500: system.cpu T0 : @malloc_consolidate+279    :   adds   r1, r1, #8        : IntAlu :  D=0x0000000000000000
 890500: system.cpu T0 : @malloc_consolidate+281    :   cmps.w   r1, #1008       : IntAlu :  D=0x0000000000000000
 891000: system.cpu T0 : @malloc_consolidate+285    :   str   r2, [r2, #12]      : MemWrite :  D=0x0000000000069694 A=0x696a0
 891500: system.cpu T0 : @malloc_consolidate+287    :   str   r2, [r2, #8]       : MemWrite :  D=0x0000000000069694 A=0x6969c
 892000: system.cpu T0 : @malloc_consolidate+289    :   b                        : IntAlu : 
 892500: system.cpu T0 : @malloc_consolidate+277    :   adds   r2, r0, r1        : IntAlu :  D=0x0000000000000000
 893000: system.cpu T0 : @malloc_consolidate+279    :   adds   r1, r1, #8        : IntAlu :  D=0x0000000000000000
 894000: system.cpu T0 : @malloc_consolidate+281    :   cmps.w   r1, #1008       : IntAlu :  D=0x0000000000000000
 894500: system.cpu T0 : @malloc_consolidate+285    :   str   r2, [r2, #12]      : MemWrite :  D=0x000000000006969c A=0x696a8
 895000: system.cpu T0 : @malloc_consolidate+287    :   str   r2, [r2, #8]       : MemWrite :  D=0x000000000006969c A=0x696a4
 895500: system.cpu T0 : @malloc_consolidate+289    :   b                        : IntAlu : 
 896000: system.cpu T0 : @malloc_consolidate+277    :   adds   r2, r0, r1        : IntAlu :  D=0x0000000000000000
 896500: system.cpu T0 : @malloc_consolidate+279    :   adds   r1, r1, #8        : IntAlu :  D=0x0000000000000000
 897500: system.cpu T0 : @malloc_consolidate+281    :   cmps.w   r1, #1008       : IntAlu :  D=0x0000000000000000
 898000: system.cpu T0 : @malloc_consolidate+285    :   str   r2, [r2, #12]      : MemWrite :  D=0x00000000000696a4 A=0x696b0
 898500: system.cpu T0 : @malloc_consolidate+287    :   str   r2, [r2, #8]       : MemWrite :  D=0x00000000000696a4 A=0x696ac
 899000: system.cpu T0 : @malloc_consolidate+289    :   b                        : IntAlu : 
 899500: system.cpu T0 : @malloc_consolidate+277    :   adds   r2, r0, r1        : IntAlu :  D=0x0000000000000000
 900000: system.cpu T0 : @malloc_consolidate+279    :   adds   r1, r1, #8        : IntAlu :  D=0x0000000000000000
 901000: system.cpu T0 : @malloc_consolidate+281    :   cmps.w   r1, #1008       : IntAlu :  D=0x0000000000000000
 901500: system.cpu T0 : @malloc_consolidate+285    :   str   r2, [r2, #12]      : MemWrite :  D=0x00000000000696ac A=0x696b8
 902000: system.cpu T0 : @malloc_consolidate+287    :   str   r2, [r2, #8]       : MemWrite :  D=0x00000000000696ac A=0x696b4
 902500: system.cpu T0 : @malloc_consolidate+289    :   b                        : IntAlu : 
 903000: system.cpu T0 : @malloc_consolidate+277    :   adds   r2, r0, r1        : IntAlu :  D=0x0000000000000000
 903500: system.cpu T0 : @malloc_consolidate+279    :   adds   r1, r1, #8        : IntAlu :  D=0x0000000000000000
 904500: system.cpu T0 : @malloc_consolidate+281    :   cmps.w   r1, #1008       : IntAlu :  D=0x0000000000000000
 905000: system.cpu T0 : @malloc_consolidate+285    :   str   r2, [r2, #12]      : MemWrite :  D=0x00000000000696b4 A=0x696c0
 905500: system.cpu T0 : @malloc_consolidate+287    :   str   r2, [r2, #8]       : MemWrite :  D=0x00000000000696b4 A=0x696bc
 906000: system.cpu T0 : @malloc_consolidate+289    :   b                        : IntAlu : 
 906500: system.cpu T0 : @malloc_consolidate+277    :   adds   r2, r0, r1        : IntAlu :  D=0x0000000000000000
 907000: system.cpu T0 : @malloc_consolidate+279    :   adds   r1, r1, #8        : IntAlu :  D=0x0000000000000000
 908000: system.cpu T0 : @malloc_consolidate+281    :   cmps.w   r1, #1008       : IntAlu :  D=0x0000000000000000
 908500: system.cpu T0 : @malloc_consolidate+285    :   str   r2, [r2, #12]      : MemWrite :  D=0x00000000000696bc A=0x696c8
 909000: system.cpu T0 : @malloc_consolidate+287    :   str   r2, [r2, #8]       : MemWrite :  D=0x00000000000696bc A=0x696c4
 909500: system.cpu T0 : @malloc_consolidate+289    :   b                        : IntAlu : 
 910000: system.cpu T0 : @malloc_consolidate+277    :   adds   r2, r0, r1        : IntAlu :  D=0x0000000000000000
 910500: system.cpu T0 : @malloc_consolidate+279    :   adds   r1, r1, #8        : IntAlu :  D=0x0000000000000000
 911500: system.cpu T0 : @malloc_consolidate+281    :   cmps.w   r1, #1008       : IntAlu :  D=0x0000000000000000
 912000: system.cpu T0 : @malloc_consolidate+285    :   str   r2, [r2, #12]      : MemWrite :  D=0x00000000000696c4 A=0x696d0
 912500: system.cpu T0 : @malloc_consolidate+287    :   str   r2, [r2, #8]       : MemWrite :  D=0x00000000000696c4 A=0x696cc
 913000: system.cpu T0 : @malloc_consolidate+289    :   b                        : IntAlu : 
 913500: system.cpu T0 : @malloc_consolidate+277    :   adds   r2, r0, r1        : IntAlu :  D=0x0000000000000000
 914000: system.cpu T0 : @malloc_consolidate+279    :   adds   r1, r1, #8        : IntAlu :  D=0x0000000000000000
 915000: system.cpu T0 : @malloc_consolidate+281    :   cmps.w   r1, #1008       : IntAlu :  D=0x0000000000000000
 915500: system.cpu T0 : @malloc_consolidate+285    :   str   r2, [r2, #12]      : MemWrite :  D=0x00000000000696cc A=0x696d8
 916000: system.cpu T0 : @malloc_consolidate+287    :   str   r2, [r2, #8]       : MemWrite :  D=0x00000000000696cc A=0x696d4
 916500: system.cpu T0 : @malloc_consolidate+289    :   b                        : IntAlu : 
 917000: system.cpu T0 : @malloc_consolidate+277    :   adds   r2, r0, r1        : IntAlu :  D=0x0000000000000000
 917500: system.cpu T0 : @malloc_consolidate+279    :   adds   r1, r1, #8        : IntAlu :  D=0x0000000000000000
 918500: system.cpu T0 : @malloc_consolidate+281    :   cmps.w   r1, #1008       : IntAlu :  D=0x0000000000000000
 919000: system.cpu T0 : @malloc_consolidate+285    :   str   r2, [r2, #12]      : MemWrite :  D=0x00000000000696d4 A=0x696e0
 919500: system.cpu T0 : @malloc_consolidate+287    :   str   r2, [r2, #8]       : MemWrite :  D=0x00000000000696d4 A=0x696dc
 920000: system.cpu T0 : @malloc_consolidate+289    :   b                        : IntAlu : 
 920500: system.cpu T0 : @malloc_consolidate+277    :   adds   r2, r0, r1        : IntAlu :  D=0x0000000000000000
 921000: system.cpu T0 : @malloc_consolidate+279    :   adds   r1, r1, #8        : IntAlu :  D=0x0000000000000000
 922000: system.cpu T0 : @malloc_consolidate+281    :   cmps.w   r1, #1008       : IntAlu :  D=0x0000000000000000
 922500: system.cpu T0 : @malloc_consolidate+285    :   str   r2, [r2, #12]      : MemWrite :  D=0x00000000000696dc A=0x696e8
 923000: system.cpu T0 : @malloc_consolidate+287    :   str   r2, [r2, #8]       : MemWrite :  D=0x00000000000696dc A=0x696e4
 923500: system.cpu T0 : @malloc_consolidate+289    :   b                        : IntAlu : 
 924000: system.cpu T0 : @malloc_consolidate+277    :   adds   r2, r0, r1        : IntAlu :  D=0x0000000000000000
 924500: system.cpu T0 : @malloc_consolidate+279    :   adds   r1, r1, #8        : IntAlu :  D=0x0000000000000000
 925500: system.cpu T0 : @malloc_consolidate+281    :   cmps.w   r1, #1008       : IntAlu :  D=0x0000000000000000
 926000: system.cpu T0 : @malloc_consolidate+285    :   str   r2, [r2, #12]      : MemWrite :  D=0x00000000000696e4 A=0x696f0
 926500: system.cpu T0 : @malloc_consolidate+287    :   str   r2, [r2, #8]       : MemWrite :  D=0x00000000000696e4 A=0x696ec
 927000: system.cpu T0 : @malloc_consolidate+289    :   b                        : IntAlu : 
 927500: system.cpu T0 : @malloc_consolidate+277    :   adds   r2, r0, r1        : IntAlu :  D=0x0000000000000000
 928000: system.cpu T0 : @malloc_consolidate+279    :   adds   r1, r1, #8        : IntAlu :  D=0x0000000000000000
 929000: system.cpu T0 : @malloc_consolidate+281    :   cmps.w   r1, #1008       : IntAlu :  D=0x0000000000000000
 929500: system.cpu T0 : @malloc_consolidate+285    :   str   r2, [r2, #12]      : MemWrite :  D=0x00000000000696ec A=0x696f8
 930000: system.cpu T0 : @malloc_consolidate+287    :   str   r2, [r2, #8]       : MemWrite :  D=0x00000000000696ec A=0x696f4
 930500: system.cpu T0 : @malloc_consolidate+289    :   b                        : IntAlu : 
 931000: system.cpu T0 : @malloc_consolidate+277    :   adds   r2, r0, r1        : IntAlu :  D=0x0000000000000000
 931500: system.cpu T0 : @malloc_consolidate+279    :   adds   r1, r1, #8        : IntAlu :  D=0x0000000000000000
 932500: system.cpu T0 : @malloc_consolidate+281    :   cmps.w   r1, #1008       : IntAlu :  D=0x0000000000000000
 933000: system.cpu T0 : @malloc_consolidate+285    :   str   r2, [r2, #12]      : MemWrite :  D=0x00000000000696f4 A=0x69700
 933500: system.cpu T0 : @malloc_consolidate+287    :   str   r2, [r2, #8]       : MemWrite :  D=0x00000000000696f4 A=0x696fc
 934000: system.cpu T0 : @malloc_consolidate+289    :   b                        : IntAlu : 
 934500: system.cpu T0 : @malloc_consolidate+277    :   adds   r2, r0, r1        : IntAlu :  D=0x0000000000000000
 935000: system.cpu T0 : @malloc_consolidate+279    :   adds   r1, r1, #8        : IntAlu :  D=0x0000000000000000
 936000: system.cpu T0 : @malloc_consolidate+281    :   cmps.w   r1, #1008       : IntAlu :  D=0x0000000000000000
 936500: system.cpu T0 : @malloc_consolidate+285    :   str   r2, [r2, #12]      : MemWrite :  D=0x00000000000696fc A=0x69708
 937000: system.cpu T0 : @malloc_consolidate+287    :   str   r2, [r2, #8]       : MemWrite :  D=0x00000000000696fc A=0x69704
 937500: system.cpu T0 : @malloc_consolidate+289    :   b                        : IntAlu : 
 938000: system.cpu T0 : @malloc_consolidate+277    :   adds   r2, r0, r1        : IntAlu :  D=0x0000000000000000
 938500: system.cpu T0 : @malloc_consolidate+279    :   adds   r1, r1, #8        : IntAlu :  D=0x0000000000000000
 939500: system.cpu T0 : @malloc_consolidate+281    :   cmps.w   r1, #1008       : IntAlu :  D=0x0000000000000000
 940000: system.cpu T0 : @malloc_consolidate+285    :   str   r2, [r2, #12]      : MemWrite :  D=0x0000000000069704 A=0x69710
 940500: system.cpu T0 : @malloc_consolidate+287    :   str   r2, [r2, #8]       : MemWrite :  D=0x0000000000069704 A=0x6970c
 941000: system.cpu T0 : @malloc_consolidate+289    :   b                        : IntAlu : 
 941500: system.cpu T0 : @malloc_consolidate+277    :   adds   r2, r0, r1        : IntAlu :  D=0x0000000000000000
 942000: system.cpu T0 : @malloc_consolidate+279    :   adds   r1, r1, #8        : IntAlu :  D=0x0000000000000000
 943000: system.cpu T0 : @malloc_consolidate+281    :   cmps.w   r1, #1008       : IntAlu :  D=0x0000000000000000
 943500: system.cpu T0 : @malloc_consolidate+285    :   str   r2, [r2, #12]      : MemWrite :  D=0x000000000006970c A=0x69718
 944000: system.cpu T0 : @malloc_consolidate+287    :   str   r2, [r2, #8]       : MemWrite :  D=0x000000000006970c A=0x69714
 944500: system.cpu T0 : @malloc_consolidate+289    :   b                        : IntAlu : 
 945000: system.cpu T0 : @malloc_consolidate+277    :   adds   r2, r0, r1        : IntAlu :  D=0x0000000000000000
 945500: system.cpu T0 : @malloc_consolidate+279    :   adds   r1, r1, #8        : IntAlu :  D=0x0000000000000000
 946500: system.cpu T0 : @malloc_consolidate+281    :   cmps.w   r1, #1008       : IntAlu :  D=0x0000000000000000
 947000: system.cpu T0 : @malloc_consolidate+285    :   str   r2, [r2, #12]      : MemWrite :  D=0x0000000000069714 A=0x69720
 947500: system.cpu T0 : @malloc_consolidate+287    :   str   r2, [r2, #8]       : MemWrite :  D=0x0000000000069714 A=0x6971c
 948000: system.cpu T0 : @malloc_consolidate+289    :   b                        : IntAlu : 
 948500: system.cpu T0 : @malloc_consolidate+277    :   adds   r2, r0, r1        : IntAlu :  D=0x0000000000000000
 949000: system.cpu T0 : @malloc_consolidate+279    :   adds   r1, r1, #8        : IntAlu :  D=0x0000000000000000
 950000: system.cpu T0 : @malloc_consolidate+281    :   cmps.w   r1, #1008       : IntAlu :  D=0x0000000000000000
 950500: system.cpu T0 : @malloc_consolidate+285    :   str   r2, [r2, #12]      : MemWrite :  D=0x000000000006971c A=0x69728
 951000: system.cpu T0 : @malloc_consolidate+287    :   str   r2, [r2, #8]       : MemWrite :  D=0x000000000006971c A=0x69724
 951500: system.cpu T0 : @malloc_consolidate+289    :   b                        : IntAlu : 
 952000: system.cpu T0 : @malloc_consolidate+277    :   adds   r2, r0, r1        : IntAlu :  D=0x0000000000000000
 952500: system.cpu T0 : @malloc_consolidate+279    :   adds   r1, r1, #8        : IntAlu :  D=0x0000000000000000
 953500: system.cpu T0 : @malloc_consolidate+281    :   cmps.w   r1, #1008       : IntAlu :  D=0x0000000000000000
 954000: system.cpu T0 : @malloc_consolidate+285    :   str   r2, [r2, #12]      : MemWrite :  D=0x0000000000069724 A=0x69730
 954500: system.cpu T0 : @malloc_consolidate+287    :   str   r2, [r2, #8]       : MemWrite :  D=0x0000000000069724 A=0x6972c
 955000: system.cpu T0 : @malloc_consolidate+289    :   b                        : IntAlu : 
 955500: system.cpu T0 : @malloc_consolidate+277    :   adds   r2, r0, r1        : IntAlu :  D=0x0000000000000000
 956000: system.cpu T0 : @malloc_consolidate+279    :   adds   r1, r1, #8        : IntAlu :  D=0x0000000000000000
 957000: system.cpu T0 : @malloc_consolidate+281    :   cmps.w   r1, #1008       : IntAlu :  D=0x0000000000000000
 957500: system.cpu T0 : @malloc_consolidate+285    :   str   r2, [r2, #12]      : MemWrite :  D=0x000000000006972c A=0x69738
 958000: system.cpu T0 : @malloc_consolidate+287    :   str   r2, [r2, #8]       : MemWrite :  D=0x000000000006972c A=0x69734
 958500: system.cpu T0 : @malloc_consolidate+289    :   b                        : IntAlu : 
 959000: system.cpu T0 : @malloc_consolidate+277    :   adds   r2, r0, r1        : IntAlu :  D=0x0000000000000000
 959500: system.cpu T0 : @malloc_consolidate+279    :   adds   r1, r1, #8        : IntAlu :  D=0x0000000000000000
 960500: system.cpu T0 : @malloc_consolidate+281    :   cmps.w   r1, #1008       : IntAlu :  D=0x0000000000000000
 961000: system.cpu T0 : @malloc_consolidate+285    :   str   r2, [r2, #12]      : MemWrite :  D=0x0000000000069734 A=0x69740
 961500: system.cpu T0 : @malloc_consolidate+287    :   str   r2, [r2, #8]       : MemWrite :  D=0x0000000000069734 A=0x6973c
 962000: system.cpu T0 : @malloc_consolidate+289    :   b                        : IntAlu : 
 962500: system.cpu T0 : @malloc_consolidate+277    :   adds   r2, r0, r1        : IntAlu :  D=0x0000000000000000
 963000: system.cpu T0 : @malloc_consolidate+279    :   adds   r1, r1, #8        : IntAlu :  D=0x0000000000000000
 964000: system.cpu T0 : @malloc_consolidate+281    :   cmps.w   r1, #1008       : IntAlu :  D=0x0000000000000000
 964500: system.cpu T0 : @malloc_consolidate+285    :   str   r2, [r2, #12]      : MemWrite :  D=0x000000000006973c A=0x69748
 965000: system.cpu T0 : @malloc_consolidate+287    :   str   r2, [r2, #8]       : MemWrite :  D=0x000000000006973c A=0x69744
 965500: system.cpu T0 : @malloc_consolidate+289    :   b                        : IntAlu : 
 966000: system.cpu T0 : @malloc_consolidate+277    :   adds   r2, r0, r1        : IntAlu :  D=0x0000000000000000
 966500: system.cpu T0 : @malloc_consolidate+279    :   adds   r1, r1, #8        : IntAlu :  D=0x0000000000000000
 967500: system.cpu T0 : @malloc_consolidate+281    :   cmps.w   r1, #1008       : IntAlu :  D=0x0000000000000000
 968000: system.cpu T0 : @malloc_consolidate+285    :   str   r2, [r2, #12]      : MemWrite :  D=0x0000000000069744 A=0x69750
 968500: system.cpu T0 : @malloc_consolidate+287    :   str   r2, [r2, #8]       : MemWrite :  D=0x0000000000069744 A=0x6974c
 969000: system.cpu T0 : @malloc_consolidate+289    :   b                        : IntAlu : 
 969500: system.cpu T0 : @malloc_consolidate+277    :   adds   r2, r0, r1        : IntAlu :  D=0x0000000000000000
 970000: system.cpu T0 : @malloc_consolidate+279    :   adds   r1, r1, #8        : IntAlu :  D=0x0000000000000000
 971000: system.cpu T0 : @malloc_consolidate+281    :   cmps.w   r1, #1008       : IntAlu :  D=0x0000000000000000
 971500: system.cpu T0 : @malloc_consolidate+285    :   str   r2, [r2, #12]      : MemWrite :  D=0x000000000006974c A=0x69758
 972000: system.cpu T0 : @malloc_consolidate+287    :   str   r2, [r2, #8]       : MemWrite :  D=0x000000000006974c A=0x69754
 972500: system.cpu T0 : @malloc_consolidate+289    :   b                        : IntAlu : 
 973000: system.cpu T0 : @malloc_consolidate+277    :   adds   r2, r0, r1        : IntAlu :  D=0x0000000000000000
 973500: system.cpu T0 : @malloc_consolidate+279    :   adds   r1, r1, #8        : IntAlu :  D=0x0000000000000000
 974500: system.cpu T0 : @malloc_consolidate+281    :   cmps.w   r1, #1008       : IntAlu :  D=0x0000000000000000
 975000: system.cpu T0 : @malloc_consolidate+285    :   str   r2, [r2, #12]      : MemWrite :  D=0x0000000000069754 A=0x69760
 975500: system.cpu T0 : @malloc_consolidate+287    :   str   r2, [r2, #8]       : MemWrite :  D=0x0000000000069754 A=0x6975c
 976000: system.cpu T0 : @malloc_consolidate+289    :   b                        : IntAlu : 
 976500: system.cpu T0 : @malloc_consolidate+277    :   adds   r2, r0, r1        : IntAlu :  D=0x0000000000000000
 977000: system.cpu T0 : @malloc_consolidate+279    :   adds   r1, r1, #8        : IntAlu :  D=0x0000000000000000
 978000: system.cpu T0 : @malloc_consolidate+281    :   cmps.w   r1, #1008       : IntAlu :  D=0x0000000000000000
 978500: system.cpu T0 : @malloc_consolidate+285    :   str   r2, [r2, #12]      : MemWrite :  D=0x000000000006975c A=0x69768
 979000: system.cpu T0 : @malloc_consolidate+287    :   str   r2, [r2, #8]       : MemWrite :  D=0x000000000006975c A=0x69764
 979500: system.cpu T0 : @malloc_consolidate+289    :   b                        : IntAlu : 
 980000: system.cpu T0 : @malloc_consolidate+277    :   adds   r2, r0, r1        : IntAlu :  D=0x0000000000000000
 980500: system.cpu T0 : @malloc_consolidate+279    :   adds   r1, r1, #8        : IntAlu :  D=0x0000000000000000
 981500: system.cpu T0 : @malloc_consolidate+281    :   cmps.w   r1, #1008       : IntAlu :  D=0x0000000000000000
 982000: system.cpu T0 : @malloc_consolidate+285    :   str   r2, [r2, #12]      : MemWrite :  D=0x0000000000069764 A=0x69770
 982500: system.cpu T0 : @malloc_consolidate+287    :   str   r2, [r2, #8]       : MemWrite :  D=0x0000000000069764 A=0x6976c
 983000: system.cpu T0 : @malloc_consolidate+289    :   b                        : IntAlu : 
 983500: system.cpu T0 : @malloc_consolidate+277    :   adds   r2, r0, r1        : IntAlu :  D=0x0000000000000000
 984000: system.cpu T0 : @malloc_consolidate+279    :   adds   r1, r1, #8        : IntAlu :  D=0x0000000000000000
 985000: system.cpu T0 : @malloc_consolidate+281    :   cmps.w   r1, #1008       : IntAlu :  D=0x0000000000000000
 985500: system.cpu T0 : @malloc_consolidate+285    :   str   r2, [r2, #12]      : MemWrite :  D=0x000000000006976c A=0x69778
 986000: system.cpu T0 : @malloc_consolidate+287    :   str   r2, [r2, #8]       : MemWrite :  D=0x000000000006976c A=0x69774
 986500: system.cpu T0 : @malloc_consolidate+289    :   b                        : IntAlu : 
 987000: system.cpu T0 : @malloc_consolidate+277    :   adds   r2, r0, r1        : IntAlu :  D=0x0000000000000000
 987500: system.cpu T0 : @malloc_consolidate+279    :   adds   r1, r1, #8        : IntAlu :  D=0x0000000000000000
 988500: system.cpu T0 : @malloc_consolidate+281    :   cmps.w   r1, #1008       : IntAlu :  D=0x0000000000000000
 989000: system.cpu T0 : @malloc_consolidate+285    :   str   r2, [r2, #12]      : MemWrite :  D=0x0000000000069774 A=0x69780
 989500: system.cpu T0 : @malloc_consolidate+287    :   str   r2, [r2, #8]       : MemWrite :  D=0x0000000000069774 A=0x6977c
 990000: system.cpu T0 : @malloc_consolidate+289    :   b                        : IntAlu : 
 990500: system.cpu T0 : @malloc_consolidate+277    :   adds   r2, r0, r1        : IntAlu :  D=0x0000000000000000
 991000: system.cpu T0 : @malloc_consolidate+279    :   adds   r1, r1, #8        : IntAlu :  D=0x0000000000000000
 992000: system.cpu T0 : @malloc_consolidate+281    :   cmps.w   r1, #1008       : IntAlu :  D=0x0000000000000000
 992500: system.cpu T0 : @malloc_consolidate+285    :   str   r2, [r2, #12]      : MemWrite :  D=0x000000000006977c A=0x69788
 993000: system.cpu T0 : @malloc_consolidate+287    :   str   r2, [r2, #8]       : MemWrite :  D=0x000000000006977c A=0x69784
 993500: system.cpu T0 : @malloc_consolidate+289    :   b                        : IntAlu : 
 994000: system.cpu T0 : @malloc_consolidate+277    :   adds   r2, r0, r1        : IntAlu :  D=0x0000000000000000
 994500: system.cpu T0 : @malloc_consolidate+279    :   adds   r1, r1, #8        : IntAlu :  D=0x0000000000000000
 995500: system.cpu T0 : @malloc_consolidate+281    :   cmps.w   r1, #1008       : IntAlu :  D=0x0000000000000000
 996000: system.cpu T0 : @malloc_consolidate+285    :   str   r2, [r2, #12]      : MemWrite :  D=0x0000000000069784 A=0x69790
 996500: system.cpu T0 : @malloc_consolidate+287    :   str   r2, [r2, #8]       : MemWrite :  D=0x0000000000069784 A=0x6978c
 997000: system.cpu T0 : @malloc_consolidate+289    :   b                        : IntAlu : 
 997500: system.cpu T0 : @malloc_consolidate+277    :   adds   r2, r0, r1        : IntAlu :  D=0x0000000000000000
 998000: system.cpu T0 : @malloc_consolidate+279    :   adds   r1, r1, #8        : IntAlu :  D=0x0000000000000000
 999000: system.cpu T0 : @malloc_consolidate+281    :   cmps.w   r1, #1008       : IntAlu :  D=0x0000000000000000
 999500: system.cpu T0 : @malloc_consolidate+285    :   str   r2, [r2, #12]      : MemWrite :  D=0x000000000006978c A=0x69798
1000000: system.cpu T0 : @malloc_consolidate+287    :   str   r2, [r2, #8]       : MemWrite :  D=0x000000000006978c A=0x69794
1000500: system.cpu T0 : @malloc_consolidate+289    :   b                        : IntAlu : 
1001000: system.cpu T0 : @malloc_consolidate+277    :   adds   r2, r0, r1        : IntAlu :  D=0x0000000000000000
1001500: system.cpu T0 : @malloc_consolidate+279    :   adds   r1, r1, #8        : IntAlu :  D=0x0000000000000000
1002500: system.cpu T0 : @malloc_consolidate+281    :   cmps.w   r1, #1008       : IntAlu :  D=0x0000000000000000
1003000: system.cpu T0 : @malloc_consolidate+285    :   str   r2, [r2, #12]      : MemWrite :  D=0x0000000000069794 A=0x697a0
1003500: system.cpu T0 : @malloc_consolidate+287    :   str   r2, [r2, #8]       : MemWrite :  D=0x0000000000069794 A=0x6979c
1004000: system.cpu T0 : @malloc_consolidate+289    :   b                        : IntAlu : 
1004500: system.cpu T0 : @malloc_consolidate+277    :   adds   r2, r0, r1        : IntAlu :  D=0x0000000000000000
1005000: system.cpu T0 : @malloc_consolidate+279    :   adds   r1, r1, #8        : IntAlu :  D=0x0000000000000000
1006000: system.cpu T0 : @malloc_consolidate+281    :   cmps.w   r1, #1008       : IntAlu :  D=0x0000000000000000
1006500: system.cpu T0 : @malloc_consolidate+285    :   str   r2, [r2, #12]      : MemWrite :  D=0x000000000006979c A=0x697a8
1007000: system.cpu T0 : @malloc_consolidate+287    :   str   r2, [r2, #8]       : MemWrite :  D=0x000000000006979c A=0x697a4
1007500: system.cpu T0 : @malloc_consolidate+289    :   b                        : IntAlu : 
1008000: system.cpu T0 : @malloc_consolidate+277    :   adds   r2, r0, r1        : IntAlu :  D=0x0000000000000000
1008500: system.cpu T0 : @malloc_consolidate+279    :   adds   r1, r1, #8        : IntAlu :  D=0x0000000000000000
1009500: system.cpu T0 : @malloc_consolidate+281    :   cmps.w   r1, #1008       : IntAlu :  D=0x0000000000000000
1010000: system.cpu T0 : @malloc_consolidate+285    :   str   r2, [r2, #12]      : MemWrite :  D=0x00000000000697a4 A=0x697b0
1010500: system.cpu T0 : @malloc_consolidate+287    :   str   r2, [r2, #8]       : MemWrite :  D=0x00000000000697a4 A=0x697ac
1011000: system.cpu T0 : @malloc_consolidate+289    :   b                        : IntAlu : 
1011500: system.cpu T0 : @malloc_consolidate+277    :   adds   r2, r0, r1        : IntAlu :  D=0x0000000000000000
1012000: system.cpu T0 : @malloc_consolidate+279    :   adds   r1, r1, #8        : IntAlu :  D=0x0000000000000000
1013000: system.cpu T0 : @malloc_consolidate+281    :   cmps.w   r1, #1008       : IntAlu :  D=0x0000000000000000
1013500: system.cpu T0 : @malloc_consolidate+285    :   str   r2, [r2, #12]      : MemWrite :  D=0x00000000000697ac A=0x697b8
1014000: system.cpu T0 : @malloc_consolidate+287    :   str   r2, [r2, #8]       : MemWrite :  D=0x00000000000697ac A=0x697b4
1014500: system.cpu T0 : @malloc_consolidate+289    :   b                        : IntAlu : 
1015000: system.cpu T0 : @malloc_consolidate+277    :   adds   r2, r0, r1        : IntAlu :  D=0x0000000000000000
1015500: system.cpu T0 : @malloc_consolidate+279    :   adds   r1, r1, #8        : IntAlu :  D=0x0000000000000000
1016500: system.cpu T0 : @malloc_consolidate+281    :   cmps.w   r1, #1008       : IntAlu :  D=0x0000000000000000
1017000: system.cpu T0 : @malloc_consolidate+285    :   str   r2, [r2, #12]      : MemWrite :  D=0x00000000000697b4 A=0x697c0
1017500: system.cpu T0 : @malloc_consolidate+287    :   str   r2, [r2, #8]       : MemWrite :  D=0x00000000000697b4 A=0x697bc
1018000: system.cpu T0 : @malloc_consolidate+289    :   b                        : IntAlu : 
1018500: system.cpu T0 : @malloc_consolidate+277    :   adds   r2, r0, r1        : IntAlu :  D=0x0000000000000000
1019000: system.cpu T0 : @malloc_consolidate+279    :   adds   r1, r1, #8        : IntAlu :  D=0x0000000000000000
1020000: system.cpu T0 : @malloc_consolidate+281    :   cmps.w   r1, #1008       : IntAlu :  D=0x0000000000000000
1020500: system.cpu T0 : @malloc_consolidate+285    :   str   r2, [r2, #12]      : MemWrite :  D=0x00000000000697bc A=0x697c8
1021000: system.cpu T0 : @malloc_consolidate+287    :   str   r2, [r2, #8]       : MemWrite :  D=0x00000000000697bc A=0x697c4
1021500: system.cpu T0 : @malloc_consolidate+289    :   b                        : IntAlu : 
1022000: system.cpu T0 : @malloc_consolidate+277    :   adds   r2, r0, r1        : IntAlu :  D=0x0000000000000000
1022500: system.cpu T0 : @malloc_consolidate+279    :   adds   r1, r1, #8        : IntAlu :  D=0x0000000000000000
1023500: system.cpu T0 : @malloc_consolidate+281    :   cmps.w   r1, #1008       : IntAlu :  D=0x0000000000000000
1024000: system.cpu T0 : @malloc_consolidate+285    :   str   r2, [r2, #12]      : MemWrite :  D=0x00000000000697c4 A=0x697d0
1024500: system.cpu T0 : @malloc_consolidate+287    :   str   r2, [r2, #8]       : MemWrite :  D=0x00000000000697c4 A=0x697cc
1025000: system.cpu T0 : @malloc_consolidate+289    :   b                        : IntAlu : 
1025500: system.cpu T0 : @malloc_consolidate+277    :   adds   r2, r0, r1        : IntAlu :  D=0x0000000000000000
1026000: system.cpu T0 : @malloc_consolidate+279    :   adds   r1, r1, #8        : IntAlu :  D=0x0000000000000000
1027000: system.cpu T0 : @malloc_consolidate+281    :   cmps.w   r1, #1008       : IntAlu :  D=0x0000000000000000
1027500: system.cpu T0 : @malloc_consolidate+285    :   str   r2, [r2, #12]      : MemWrite :  D=0x00000000000697cc A=0x697d8
1028000: system.cpu T0 : @malloc_consolidate+287    :   str   r2, [r2, #8]       : MemWrite :  D=0x00000000000697cc A=0x697d4
1028500: system.cpu T0 : @malloc_consolidate+289    :   b                        : IntAlu : 
1029000: system.cpu T0 : @malloc_consolidate+277    :   adds   r2, r0, r1        : IntAlu :  D=0x0000000000000000
1029500: system.cpu T0 : @malloc_consolidate+279    :   adds   r1, r1, #8        : IntAlu :  D=0x0000000000000000
1030500: system.cpu T0 : @malloc_consolidate+281    :   cmps.w   r1, #1008       : IntAlu :  D=0x0000000000000000
1031000: system.cpu T0 : @malloc_consolidate+285    :   str   r2, [r2, #12]      : MemWrite :  D=0x00000000000697d4 A=0x697e0
1031500: system.cpu T0 : @malloc_consolidate+287    :   str   r2, [r2, #8]       : MemWrite :  D=0x00000000000697d4 A=0x697dc
1032000: system.cpu T0 : @malloc_consolidate+289    :   b                        : IntAlu : 
1032500: system.cpu T0 : @malloc_consolidate+277    :   adds   r2, r0, r1        : IntAlu :  D=0x0000000000000000
1033000: system.cpu T0 : @malloc_consolidate+279    :   adds   r1, r1, #8        : IntAlu :  D=0x0000000000000000
1034000: system.cpu T0 : @malloc_consolidate+281    :   cmps.w   r1, #1008       : IntAlu :  D=0x0000000000000000
1034500: system.cpu T0 : @malloc_consolidate+285    :   str   r2, [r2, #12]      : MemWrite :  D=0x00000000000697dc A=0x697e8
1035000: system.cpu T0 : @malloc_consolidate+287    :   str   r2, [r2, #8]       : MemWrite :  D=0x00000000000697dc A=0x697e4
1035500: system.cpu T0 : @malloc_consolidate+289    :   b                        : IntAlu : 
1036000: system.cpu T0 : @malloc_consolidate+277    :   adds   r2, r0, r1        : IntAlu :  D=0x0000000000000000
1036500: system.cpu T0 : @malloc_consolidate+279    :   adds   r1, r1, #8        : IntAlu :  D=0x0000000000000000
1037500: system.cpu T0 : @malloc_consolidate+281    :   cmps.w   r1, #1008       : IntAlu :  D=0x0000000000000000
1038000: system.cpu T0 : @malloc_consolidate+285    :   str   r2, [r2, #12]      : MemWrite :  D=0x00000000000697e4 A=0x697f0
1038500: system.cpu T0 : @malloc_consolidate+287    :   str   r2, [r2, #8]       : MemWrite :  D=0x00000000000697e4 A=0x697ec
1039000: system.cpu T0 : @malloc_consolidate+289    :   b                        : IntAlu : 
1039500: system.cpu T0 : @malloc_consolidate+277    :   adds   r2, r0, r1        : IntAlu :  D=0x0000000000000000
1040000: system.cpu T0 : @malloc_consolidate+279    :   adds   r1, r1, #8        : IntAlu :  D=0x0000000000000000
1041000: system.cpu T0 : @malloc_consolidate+281    :   cmps.w   r1, #1008       : IntAlu :  D=0x0000000000000000
1041500: system.cpu T0 : @malloc_consolidate+285    :   str   r2, [r2, #12]      : MemWrite :  D=0x00000000000697ec A=0x697f8
1042000: system.cpu T0 : @malloc_consolidate+287    :   str   r2, [r2, #8]       : MemWrite :  D=0x00000000000697ec A=0x697f4
1042500: system.cpu T0 : @malloc_consolidate+289    :   b                        : IntAlu : 
1043000: system.cpu T0 : @malloc_consolidate+277    :   adds   r2, r0, r1        : IntAlu :  D=0x0000000000000000
1043500: system.cpu T0 : @malloc_consolidate+279    :   adds   r1, r1, #8        : IntAlu :  D=0x0000000000000000
1044500: system.cpu T0 : @malloc_consolidate+281    :   cmps.w   r1, #1008       : IntAlu :  D=0x0000000000000000
1045000: system.cpu T0 : @malloc_consolidate+285    :   str   r2, [r2, #12]      : MemWrite :  D=0x00000000000697f4 A=0x69800
1045500: system.cpu T0 : @malloc_consolidate+287    :   str   r2, [r2, #8]       : MemWrite :  D=0x00000000000697f4 A=0x697fc
1046000: system.cpu T0 : @malloc_consolidate+289    :   b                        : IntAlu : 
1046500: system.cpu T0 : @malloc_consolidate+277    :   adds   r2, r0, r1        : IntAlu :  D=0x0000000000000000
1047000: system.cpu T0 : @malloc_consolidate+279    :   adds   r1, r1, #8        : IntAlu :  D=0x0000000000000000
1048000: system.cpu T0 : @malloc_consolidate+281    :   cmps.w   r1, #1008       : IntAlu :  D=0x0000000000000000
1048500: system.cpu T0 : @malloc_consolidate+285    :   str   r2, [r2, #12]      : MemWrite :  D=0x00000000000697fc A=0x69808
1049000: system.cpu T0 : @malloc_consolidate+287    :   str   r2, [r2, #8]       : MemWrite :  D=0x00000000000697fc A=0x69804
1049500: system.cpu T0 : @malloc_consolidate+289    :   b                        : IntAlu : 
1050000: system.cpu T0 : @malloc_consolidate+277    :   adds   r2, r0, r1        : IntAlu :  D=0x0000000000000000
1050500: system.cpu T0 : @malloc_consolidate+279    :   adds   r1, r1, #8        : IntAlu :  D=0x0000000000000000
1051500: system.cpu T0 : @malloc_consolidate+281    :   cmps.w   r1, #1008       : IntAlu :  D=0x0000000000000000
1052000: system.cpu T0 : @malloc_consolidate+285    :   str   r2, [r2, #12]      : MemWrite :  D=0x0000000000069804 A=0x69810
1052500: system.cpu T0 : @malloc_consolidate+287    :   str   r2, [r2, #8]       : MemWrite :  D=0x0000000000069804 A=0x6980c
1053000: system.cpu T0 : @malloc_consolidate+289    :   b                        : IntAlu : 
1053500: system.cpu T0 : @malloc_consolidate+277    :   adds   r2, r0, r1        : IntAlu :  D=0x0000000000000000
1054000: system.cpu T0 : @malloc_consolidate+279    :   adds   r1, r1, #8        : IntAlu :  D=0x0000000000000000
1055000: system.cpu T0 : @malloc_consolidate+281    :   cmps.w   r1, #1008       : IntAlu :  D=0x0000000000000000
1055500: system.cpu T0 : @malloc_consolidate+285    :   str   r2, [r2, #12]      : MemWrite :  D=0x000000000006980c A=0x69818
1056000: system.cpu T0 : @malloc_consolidate+287    :   str   r2, [r2, #8]       : MemWrite :  D=0x000000000006980c A=0x69814
1056500: system.cpu T0 : @malloc_consolidate+289    :   b                        : IntAlu : 
1057000: system.cpu T0 : @malloc_consolidate+277    :   adds   r2, r0, r1        : IntAlu :  D=0x0000000000000000
1057500: system.cpu T0 : @malloc_consolidate+279    :   adds   r1, r1, #8        : IntAlu :  D=0x0000000000000000
1058500: system.cpu T0 : @malloc_consolidate+281    :   cmps.w   r1, #1008       : IntAlu :  D=0x0000000000000000
1059000: system.cpu T0 : @malloc_consolidate+285    :   str   r2, [r2, #12]      : MemWrite :  D=0x0000000000069814 A=0x69820
1059500: system.cpu T0 : @malloc_consolidate+287    :   str   r2, [r2, #8]       : MemWrite :  D=0x0000000000069814 A=0x6981c
1060000: system.cpu T0 : @malloc_consolidate+289    :   b                        : IntAlu : 
1060500: system.cpu T0 : @malloc_consolidate+277    :   adds   r2, r0, r1        : IntAlu :  D=0x0000000000000000
1061000: system.cpu T0 : @malloc_consolidate+279    :   adds   r1, r1, #8        : IntAlu :  D=0x0000000000000000
1062000: system.cpu T0 : @malloc_consolidate+281    :   cmps.w   r1, #1008       : IntAlu :  D=0x0000000000000000
1062500: system.cpu T0 : @malloc_consolidate+285    :   str   r2, [r2, #12]      : MemWrite :  D=0x000000000006981c A=0x69828
1063000: system.cpu T0 : @malloc_consolidate+287    :   str   r2, [r2, #8]       : MemWrite :  D=0x000000000006981c A=0x69824
1063500: system.cpu T0 : @malloc_consolidate+289    :   b                        : IntAlu : 
1064000: system.cpu T0 : @malloc_consolidate+277    :   adds   r2, r0, r1        : IntAlu :  D=0x0000000000000000
1064500: system.cpu T0 : @malloc_consolidate+279    :   adds   r1, r1, #8        : IntAlu :  D=0x0000000000000000
1065500: system.cpu T0 : @malloc_consolidate+281    :   cmps.w   r1, #1008       : IntAlu :  D=0x0000000000000000
1066000: system.cpu T0 : @malloc_consolidate+285    :   str   r2, [r2, #12]      : MemWrite :  D=0x0000000000069824 A=0x69830
1066500: system.cpu T0 : @malloc_consolidate+287    :   str   r2, [r2, #8]       : MemWrite :  D=0x0000000000069824 A=0x6982c
1067000: system.cpu T0 : @malloc_consolidate+289    :   b                        : IntAlu : 
1067500: system.cpu T0 : @malloc_consolidate+277    :   adds   r2, r0, r1        : IntAlu :  D=0x0000000000000000
1068000: system.cpu T0 : @malloc_consolidate+279    :   adds   r1, r1, #8        : IntAlu :  D=0x0000000000000000
1069000: system.cpu T0 : @malloc_consolidate+281    :   cmps.w   r1, #1008       : IntAlu :  D=0x0000000000000000
1069500: system.cpu T0 : @malloc_consolidate+285    :   str   r2, [r2, #12]      : MemWrite :  D=0x000000000006982c A=0x69838
1070000: system.cpu T0 : @malloc_consolidate+287    :   str   r2, [r2, #8]       : MemWrite :  D=0x000000000006982c A=0x69834
1070500: system.cpu T0 : @malloc_consolidate+289    :   b                        : IntAlu : 
1071000: system.cpu T0 : @malloc_consolidate+277    :   adds   r2, r0, r1        : IntAlu :  D=0x0000000000000000
1071500: system.cpu T0 : @malloc_consolidate+279    :   adds   r1, r1, #8        : IntAlu :  D=0x0000000000000000
1072500: system.cpu T0 : @malloc_consolidate+281    :   cmps.w   r1, #1008       : IntAlu :  D=0x0000000000000000
1073000: system.cpu T0 : @malloc_consolidate+285    :   str   r2, [r2, #12]      : MemWrite :  D=0x0000000000069834 A=0x69840
1073500: system.cpu T0 : @malloc_consolidate+287    :   str   r2, [r2, #8]       : MemWrite :  D=0x0000000000069834 A=0x6983c
1074000: system.cpu T0 : @malloc_consolidate+289    :   b                        : IntAlu : 
1074500: system.cpu T0 : @malloc_consolidate+277    :   adds   r2, r0, r1        : IntAlu :  D=0x0000000000000000
1075000: system.cpu T0 : @malloc_consolidate+279    :   adds   r1, r1, #8        : IntAlu :  D=0x0000000000000000
1076000: system.cpu T0 : @malloc_consolidate+281    :   cmps.w   r1, #1008       : IntAlu :  D=0x0000000000000000
1076500: system.cpu T0 : @malloc_consolidate+285    :   str   r2, [r2, #12]      : MemWrite :  D=0x000000000006983c A=0x69848
1077000: system.cpu T0 : @malloc_consolidate+287    :   str   r2, [r2, #8]       : MemWrite :  D=0x000000000006983c A=0x69844
1077500: system.cpu T0 : @malloc_consolidate+289    :   b                        : IntAlu : 
1078000: system.cpu T0 : @malloc_consolidate+277    :   adds   r2, r0, r1        : IntAlu :  D=0x0000000000000000
1078500: system.cpu T0 : @malloc_consolidate+279    :   adds   r1, r1, #8        : IntAlu :  D=0x0000000000000000
1079500: system.cpu T0 : @malloc_consolidate+281    :   cmps.w   r1, #1008       : IntAlu :  D=0x0000000000000000
1080000: system.cpu T0 : @malloc_consolidate+285    :   str   r2, [r2, #12]      : MemWrite :  D=0x0000000000069844 A=0x69850
1080500: system.cpu T0 : @malloc_consolidate+287    :   str   r2, [r2, #8]       : MemWrite :  D=0x0000000000069844 A=0x6984c
1081000: system.cpu T0 : @malloc_consolidate+289    :   b                        : IntAlu : 
1081500: system.cpu T0 : @malloc_consolidate+277    :   adds   r2, r0, r1        : IntAlu :  D=0x0000000000000000
1082000: system.cpu T0 : @malloc_consolidate+279    :   adds   r1, r1, #8        : IntAlu :  D=0x0000000000000000
1083000: system.cpu T0 : @malloc_consolidate+281    :   cmps.w   r1, #1008       : IntAlu :  D=0x0000000000000000
1083500: system.cpu T0 : @malloc_consolidate+285    :   str   r2, [r2, #12]      : MemWrite :  D=0x000000000006984c A=0x69858
1084000: system.cpu T0 : @malloc_consolidate+287    :   str   r2, [r2, #8]       : MemWrite :  D=0x000000000006984c A=0x69854
1084500: system.cpu T0 : @malloc_consolidate+289    :   b                        : IntAlu : 
1085000: system.cpu T0 : @malloc_consolidate+277    :   adds   r2, r0, r1        : IntAlu :  D=0x0000000000000000
1085500: system.cpu T0 : @malloc_consolidate+279    :   adds   r1, r1, #8        : IntAlu :  D=0x0000000000000000
1086500: system.cpu T0 : @malloc_consolidate+281    :   cmps.w   r1, #1008       : IntAlu :  D=0x0000000000000000
1087000: system.cpu T0 : @malloc_consolidate+285    :   str   r2, [r2, #12]      : MemWrite :  D=0x0000000000069854 A=0x69860
1087500: system.cpu T0 : @malloc_consolidate+287    :   str   r2, [r2, #8]       : MemWrite :  D=0x0000000000069854 A=0x6985c
1088000: system.cpu T0 : @malloc_consolidate+289    :   b                        : IntAlu : 
1088500: system.cpu T0 : @malloc_consolidate+277    :   adds   r2, r0, r1        : IntAlu :  D=0x0000000000000000
1089000: system.cpu T0 : @malloc_consolidate+279    :   adds   r1, r1, #8        : IntAlu :  D=0x0000000000000000
1090000: system.cpu T0 : @malloc_consolidate+281    :   cmps.w   r1, #1008       : IntAlu :  D=0x0000000000000000
1090500: system.cpu T0 : @malloc_consolidate+285    :   str   r2, [r2, #12]      : MemWrite :  D=0x000000000006985c A=0x69868
1091000: system.cpu T0 : @malloc_consolidate+287    :   str   r2, [r2, #8]       : MemWrite :  D=0x000000000006985c A=0x69864
1091500: system.cpu T0 : @malloc_consolidate+289    :   b                        : IntAlu : 
1092000: system.cpu T0 : @malloc_consolidate+277    :   adds   r2, r0, r1        : IntAlu :  D=0x0000000000000000
1092500: system.cpu T0 : @malloc_consolidate+279    :   adds   r1, r1, #8        : IntAlu :  D=0x0000000000000000
1093500: system.cpu T0 : @malloc_consolidate+281    :   cmps.w   r1, #1008       : IntAlu :  D=0x0000000000000000
1094000: system.cpu T0 : @malloc_consolidate+285    :   str   r2, [r2, #12]      : MemWrite :  D=0x0000000000069864 A=0x69870
1094500: system.cpu T0 : @malloc_consolidate+287    :   str   r2, [r2, #8]       : MemWrite :  D=0x0000000000069864 A=0x6986c
1095000: system.cpu T0 : @malloc_consolidate+289    :   b                        : IntAlu : 
1095500: system.cpu T0 : @malloc_consolidate+277    :   adds   r2, r0, r1        : IntAlu :  D=0x0000000000000000
1096000: system.cpu T0 : @malloc_consolidate+279    :   adds   r1, r1, #8        : IntAlu :  D=0x0000000000000000
1097000: system.cpu T0 : @malloc_consolidate+281    :   cmps.w   r1, #1008       : IntAlu :  D=0x0000000000000000
1097500: system.cpu T0 : @malloc_consolidate+285    :   str   r2, [r2, #12]      : MemWrite :  D=0x000000000006986c A=0x69878
1098000: system.cpu T0 : @malloc_consolidate+287    :   str   r2, [r2, #8]       : MemWrite :  D=0x000000000006986c A=0x69874
1098500: system.cpu T0 : @malloc_consolidate+289    :   b                        : IntAlu : 
1099000: system.cpu T0 : @malloc_consolidate+277    :   adds   r2, r0, r1        : IntAlu :  D=0x0000000000000000
1099500: system.cpu T0 : @malloc_consolidate+279    :   adds   r1, r1, #8        : IntAlu :  D=0x0000000000000000
1100500: system.cpu T0 : @malloc_consolidate+281    :   cmps.w   r1, #1008       : IntAlu :  D=0x0000000000000000
1101000: system.cpu T0 : @malloc_consolidate+285    :   str   r2, [r2, #12]      : MemWrite :  D=0x0000000000069874 A=0x69880
1101500: system.cpu T0 : @malloc_consolidate+287    :   str   r2, [r2, #8]       : MemWrite :  D=0x0000000000069874 A=0x6987c
1102000: system.cpu T0 : @malloc_consolidate+289    :   b                        : IntAlu : 
1102500: system.cpu T0 : @malloc_consolidate+277    :   adds   r2, r0, r1        : IntAlu :  D=0x0000000000000000
1103000: system.cpu T0 : @malloc_consolidate+279    :   adds   r1, r1, #8        : IntAlu :  D=0x0000000000000000
1104000: system.cpu T0 : @malloc_consolidate+281    :   cmps.w   r1, #1008       : IntAlu :  D=0x0000000000000000
1104500: system.cpu T0 : @malloc_consolidate+285    :   str   r2, [r2, #12]      : MemWrite :  D=0x000000000006987c A=0x69888
1105000: system.cpu T0 : @malloc_consolidate+287    :   str   r2, [r2, #8]       : MemWrite :  D=0x000000000006987c A=0x69884
1105500: system.cpu T0 : @malloc_consolidate+289    :   b                        : IntAlu : 
1106000: system.cpu T0 : @malloc_consolidate+277    :   adds   r2, r0, r1        : IntAlu :  D=0x0000000000000000
1106500: system.cpu T0 : @malloc_consolidate+279    :   adds   r1, r1, #8        : IntAlu :  D=0x0000000000000000
1107500: system.cpu T0 : @malloc_consolidate+281    :   cmps.w   r1, #1008       : IntAlu :  D=0x0000000000000000
1108000: system.cpu T0 : @malloc_consolidate+285    :   str   r2, [r2, #12]      : MemWrite :  D=0x0000000000069884 A=0x69890
1108500: system.cpu T0 : @malloc_consolidate+287    :   str   r2, [r2, #8]       : MemWrite :  D=0x0000000000069884 A=0x6988c
1109000: system.cpu T0 : @malloc_consolidate+289    :   b                        : IntAlu : 
1109500: system.cpu T0 : @malloc_consolidate+277    :   adds   r2, r0, r1        : IntAlu :  D=0x0000000000000000
1110000: system.cpu T0 : @malloc_consolidate+279    :   adds   r1, r1, #8        : IntAlu :  D=0x0000000000000000
1111000: system.cpu T0 : @malloc_consolidate+281    :   cmps.w   r1, #1008       : IntAlu :  D=0x0000000000000000
1111500: system.cpu T0 : @malloc_consolidate+285    :   str   r2, [r2, #12]      : MemWrite :  D=0x000000000006988c A=0x69898
1112000: system.cpu T0 : @malloc_consolidate+287    :   str   r2, [r2, #8]       : MemWrite :  D=0x000000000006988c A=0x69894
1112500: system.cpu T0 : @malloc_consolidate+289    :   b                        : IntAlu : 
1113000: system.cpu T0 : @malloc_consolidate+277    :   adds   r2, r0, r1        : IntAlu :  D=0x0000000000000000
1113500: system.cpu T0 : @malloc_consolidate+279    :   adds   r1, r1, #8        : IntAlu :  D=0x0000000000000000
1114500: system.cpu T0 : @malloc_consolidate+281    :   cmps.w   r1, #1008       : IntAlu :  D=0x0000000000000000
1115000: system.cpu T0 : @malloc_consolidate+285    :   str   r2, [r2, #12]      : MemWrite :  D=0x0000000000069894 A=0x698a0
1115500: system.cpu T0 : @malloc_consolidate+287    :   str   r2, [r2, #8]       : MemWrite :  D=0x0000000000069894 A=0x6989c
1116000: system.cpu T0 : @malloc_consolidate+289    :   b                        : IntAlu : 
1116500: system.cpu T0 : @malloc_consolidate+277    :   adds   r2, r0, r1        : IntAlu :  D=0x0000000000000000
1117000: system.cpu T0 : @malloc_consolidate+279    :   adds   r1, r1, #8        : IntAlu :  D=0x0000000000000000
1118000: system.cpu T0 : @malloc_consolidate+281    :   cmps.w   r1, #1008       : IntAlu :  D=0x0000000000000000
1118500: system.cpu T0 : @malloc_consolidate+285    :   str   r2, [r2, #12]      : MemWrite :  D=0x000000000006989c A=0x698a8
1119000: system.cpu T0 : @malloc_consolidate+287    :   str   r2, [r2, #8]       : MemWrite :  D=0x000000000006989c A=0x698a4
1119500: system.cpu T0 : @malloc_consolidate+289    :   b                        : IntAlu : 
1120000: system.cpu T0 : @malloc_consolidate+277    :   adds   r2, r0, r1        : IntAlu :  D=0x0000000000000000
1120500: system.cpu T0 : @malloc_consolidate+279    :   adds   r1, r1, #8        : IntAlu :  D=0x0000000000000000
1121500: system.cpu T0 : @malloc_consolidate+281    :   cmps.w   r1, #1008       : IntAlu :  D=0x0000000000000000
1122000: system.cpu T0 : @malloc_consolidate+285    :   str   r2, [r2, #12]      : MemWrite :  D=0x00000000000698a4 A=0x698b0
1122500: system.cpu T0 : @malloc_consolidate+287    :   str   r2, [r2, #8]       : MemWrite :  D=0x00000000000698a4 A=0x698ac
1123000: system.cpu T0 : @malloc_consolidate+289    :   b                        : IntAlu : 
1123500: system.cpu T0 : @malloc_consolidate+277    :   adds   r2, r0, r1        : IntAlu :  D=0x0000000000000000
1124000: system.cpu T0 : @malloc_consolidate+279    :   adds   r1, r1, #8        : IntAlu :  D=0x0000000000000000
1125000: system.cpu T0 : @malloc_consolidate+281    :   cmps.w   r1, #1008       : IntAlu :  D=0x0000000000000000
1125500: system.cpu T0 : @malloc_consolidate+285    :   str   r2, [r2, #12]      : MemWrite :  D=0x00000000000698ac A=0x698b8
1126000: system.cpu T0 : @malloc_consolidate+287    :   str   r2, [r2, #8]       : MemWrite :  D=0x00000000000698ac A=0x698b4
1126500: system.cpu T0 : @malloc_consolidate+289    :   b                        : IntAlu : 
1127000: system.cpu T0 : @malloc_consolidate+277    :   adds   r2, r0, r1        : IntAlu :  D=0x0000000000000000
1127500: system.cpu T0 : @malloc_consolidate+279    :   adds   r1, r1, #8        : IntAlu :  D=0x0000000000000000
1128500: system.cpu T0 : @malloc_consolidate+281    :   cmps.w   r1, #1008       : IntAlu :  D=0x0000000000000000
1129000: system.cpu T0 : @malloc_consolidate+285    :   str   r2, [r2, #12]      : MemWrite :  D=0x00000000000698b4 A=0x698c0
1129500: system.cpu T0 : @malloc_consolidate+287    :   str   r2, [r2, #8]       : MemWrite :  D=0x00000000000698b4 A=0x698bc
1130000: system.cpu T0 : @malloc_consolidate+289    :   b                        : IntAlu : 
1130500: system.cpu T0 : @malloc_consolidate+277    :   adds   r2, r0, r1        : IntAlu :  D=0x0000000000000000
1131000: system.cpu T0 : @malloc_consolidate+279    :   adds   r1, r1, #8        : IntAlu :  D=0x0000000000000000
1132000: system.cpu T0 : @malloc_consolidate+281    :   cmps.w   r1, #1008       : IntAlu :  D=0x0000000000000000
1132500: system.cpu T0 : @malloc_consolidate+285    :   str   r2, [r2, #12]      : MemWrite :  D=0x00000000000698bc A=0x698c8
1133000: system.cpu T0 : @malloc_consolidate+287    :   str   r2, [r2, #8]       : MemWrite :  D=0x00000000000698bc A=0x698c4
1133500: system.cpu T0 : @malloc_consolidate+289    :   b                        : IntAlu : 
1134000: system.cpu T0 : @malloc_consolidate+277    :   adds   r2, r0, r1        : IntAlu :  D=0x0000000000000000
1134500: system.cpu T0 : @malloc_consolidate+279    :   adds   r1, r1, #8        : IntAlu :  D=0x0000000000000000
1135500: system.cpu T0 : @malloc_consolidate+281    :   cmps.w   r1, #1008       : IntAlu :  D=0x0000000000000000
1136000: system.cpu T0 : @malloc_consolidate+285    :   str   r2, [r2, #12]      : MemWrite :  D=0x00000000000698c4 A=0x698d0
1136500: system.cpu T0 : @malloc_consolidate+287    :   str   r2, [r2, #8]       : MemWrite :  D=0x00000000000698c4 A=0x698cc
1137000: system.cpu T0 : @malloc_consolidate+289    :   b                        : IntAlu : 
1137500: system.cpu T0 : @malloc_consolidate+277    :   adds   r2, r0, r1        : IntAlu :  D=0x0000000000000000
1138000: system.cpu T0 : @malloc_consolidate+279    :   adds   r1, r1, #8        : IntAlu :  D=0x0000000000000000
1139000: system.cpu T0 : @malloc_consolidate+281    :   cmps.w   r1, #1008       : IntAlu :  D=0x0000000000000001
1139500: system.cpu T0 : @malloc_consolidate+285    :   str   r2, [r2, #12]      : MemWrite :  D=0x00000000000698cc A=0x698d8
1140000: system.cpu T0 : @malloc_consolidate+287    :   str   r2, [r2, #8]       : MemWrite :  D=0x00000000000698cc A=0x698d4
1140500: system.cpu T0 : @malloc_consolidate+289    :   b                        : IntAlu : Predicated False
1141000: system.cpu T0 : @malloc_consolidate+291    :   ldr   r2, [pc, #320]     : MemRead :  D=0x00000000000694ac A=0xb704
1141500: system.cpu T0 : @malloc_consolidate+293    :   cmps   r7, r2            : IntAlu :  D=0x0000000000000001
1142000: system.cpu T0 : @malloc_consolidate+295    :   ldr   r2, [r7, #4]       : MemRead :  D=0x0000000000000000 A=0x694b0
1142500: system.cpu T0 : @malloc_consolidate+297    :   it                       : IntAlu : 
1143000: system.cpu T0 : @malloc_consolidate+299    :   orr.w   r2, r2, #2       : IntAlu : Predicated False
1143500: system.cpu T0 : @malloc_consolidate+303    :   b                        : IntAlu : 
1144000: system.cpu T0 : @malloc_consolidate+363    :   movs   r1, #64           : IntAlu :  D=0x0000000000000000
1144500: system.cpu T0 : @malloc_consolidate+365    :   str   r1, [r3, #28]      : MemWrite :  D=0x0000000000000040 A=0x6a504
1145000: system.cpu T0 : @malloc_consolidate+367    :   b                        : IntAlu : 
1146000: system.cpu T0 : @malloc_consolidate+305    :   orr.w   r2, r2, #1       : IntAlu :  D=0x0000000000000001
1147000: system.cpu T0 : @malloc_consolidate+309    :   add.w   r3, r7, #48      : IntAlu :  D=0x00000000000694dc
1147500: system.cpu T0 : @malloc_consolidate+313    :   str   r2, [r7, #4]       : MemWrite :  D=0x0000000000000001 A=0x694b0
1148000: system.cpu T0 : @malloc_consolidate+315    :   str   r3, [r7, #48]      : MemWrite :  D=0x00000000000694dc A=0x694dc
1148500: system.cpu T0 : @malloc_consolidate+317    :   add   sp, sp, #28        : IntAlu :  D=0x00000000befffca4
1149000: system.cpu T0 : @malloc_consolidate+319    : ldmstm                    
1149000: system.cpu T0 : @malloc_consolidate+319.0  :   ldr2_uop.w   r4,r5, [sp, #0] : MemRead :  D=0x0000000000000018 A=0xbefffca4
1149500: system.cpu T0 : @malloc_consolidate+319.1  :   ldr2_uop.w   r6,r7, [sp, #8] : MemRead :  D=0x0000000000000000 A=0xbefffcac
1150000: system.cpu T0 : @malloc_consolidate+319.2  :   ldr2_uop.w   r8,r9, [sp, #16] : MemRead :  D=0x0000000000000000 A=0xbefffcb4
1150500: system.cpu T0 : @malloc_consolidate+319.3  :   ldr2_uop.w   r10,fp, [sp, #24] : MemRead :  D=0x0000000000000000 A=0xbefffcbc
1151000: system.cpu T0 : @malloc_consolidate+319.4  :   ldr_uop.w   r36, [sp, #32] : MemRead :  D=0x000000000000c63f A=0xbefffcc4
1151500: system.cpu T0 : @malloc_consolidate+319.5  :   addi_uop.w   sp, sp, #36 : IntAlu :  D=0x00000000befffcc8
1152000: system.cpu T0 : @malloc_consolidate+319.6  :   uopReg_uop.w   pc, r36   : IntAlu :  D=0x000000000000c63f
1152500: system.cpu T0 : @_int_malloc+1505    :   movs   r6, r5, LSR #15   : IntAlu :  D=0x0000000000000001
1153000: system.cpu T0 : @_int_malloc+1507    :   mov.w   r12, r5, LSR #9  : IntAlu :  D=0x0000000000000000
1153500: system.cpu T0 : @_int_malloc+1511    :   movs   r3, r5, LSR #12   : IntAlu :  D=0x0000000000000001
1154500: system.cpu T0 : @_int_malloc+1513    :   str.w   r12, [sp, #36]   : MemWrite :  D=0x0000000000000000 A=0xbefffcec
1155000: system.cpu T0 : @_int_malloc+1517    :   str   r3, [sp, #48]      : MemWrite :  D=0x0000000000000000 A=0xbefffcf8
1155500: system.cpu T0 : @_int_malloc+1519    :   mov.w   r12, r5, LSR #18 : IntAlu :  D=0x0000000000000000
1156000: system.cpu T0 : @_int_malloc+1523    :   str   r6, [sp, #40]      : MemWrite :  D=0x0000000000000000 A=0xbefffcf0
1157000: system.cpu T0 : @_int_malloc+1525    :   str.w   r12, [sp, #32]   : MemWrite :  D=0x0000000000000000 A=0xbefffce8
1157500: system.cpu T0 : @_int_malloc+1529    :   b                        : IntAlu : 
1158000: system.cpu T0 : @_int_malloc+283    :   ldr   r6, [sp, #28]      : MemRead :  D=0x0000000000000000 A=0xbefffce4
1159000: system.cpu T0 : @_int_malloc+285    :   add.w   fp, r4, #56      : IntAlu :  D=0x00000000000694e4
1160000: system.cpu T0 : @_int_malloc+289    :   ldr.w   r12, [sp, #36]   : MemRead :  D=0x0000000000000000 A=0xbefffcec
1161000: system.cpu T0 : @_int_malloc+293    :   mov.w   r8, #511         : IntAlu :  D=0x00000000000001ff
1161500: system.cpu T0 : @_int_malloc+297    :   adds   r6, r6, #56       : IntAlu :  D=0x0000000000000000
1162000: system.cpu T0 : @_int_malloc+299    :   str   r6, [sp, #52]      : MemWrite :  D=0x0000000000000038 A=0xbefffcfc
1162500: system.cpu T0 : @_int_malloc+301    :   ldr   r6, [sp, #40]      : MemRead :  D=0x0000000000000000 A=0xbefffcf0
1163000: system.cpu T0 : @_int_malloc+303    :   add.w   r12, r12, #91    : IntAlu :  D=0x000000000000005b
1163500: system.cpu T0 : @_int_malloc+307    :   ldr   r3, [sp, #48]      : MemRead :  D=0x0000000000000000 A=0xbefffcf8
1164000: system.cpu T0 : @_int_malloc+309    :   adds   r6, r6, #119      : IntAlu :  D=0x0000000000000000
1164500: system.cpu T0 : @_int_malloc+311    :   str.w   r12, [sp, #56]   : MemWrite :  D=0x000000000000005b A=0xbefffd00
1165000: system.cpu T0 : @_int_malloc+315    :   str   r6, [sp, #64]      : MemWrite :  D=0x0000000000000077 A=0xbefffd08
1166000: system.cpu T0 : @_int_malloc+317    :   add.w   r6, r4, #48      : IntAlu :  D=0x00000000000694dc
1167000: system.cpu T0 : @_int_malloc+321    :   ldr.w   r12, [sp, #32]   : MemRead :  D=0x0000000000000000 A=0xbefffce8
1167500: system.cpu T0 : @_int_malloc+325    :   adds   r3, r3, #110      : IntAlu :  D=0x0000000000000000
1168000: system.cpu T0 : @_int_malloc+327    :   str   r3, [sp, #60]      : MemWrite :  D=0x000000000000006e A=0xbefffd04
1169000: system.cpu T0 : @_int_malloc+329    :   add.w   r12, r12, #124   : IntAlu :  D=0x000000000000007c
1170000: system.cpu T0 : @_int_malloc+333    :   str.w   r12, [sp, #68]   : MemWrite :  D=0x000000000000007c A=0xbefffd0c
1171000: system.cpu T0 : @_int_malloc+337    :   add.w   r12, r5, #16     : IntAlu :  D=0x0000000000000028
1172000: system.cpu T0 : @_int_malloc+341    :   str.w   r12, [sp, #44]   : MemWrite :  D=0x0000000000000028 A=0xbefffcf4
1173000: system.cpu T0 : @_int_malloc+345    :   mov.w   r9, #10000       : IntAlu :  D=0x0000000000002710
1173500: system.cpu T0 : @_int_malloc+349    :   b                        : IntAlu : 
1174000: system.cpu T0 : @_int_malloc+407    :   ldr   r7, [r4, #60]      : MemRead :  D=0x00000000000694dc A=0x694e8
1174500: system.cpu T0 : @_int_malloc+409    :   cmps   r7, r6            : IntAlu :  D=0x0000000000000001
1175000: system.cpu T0 : @_int_malloc+411    :   b.w                      : IntAlu : 
1175500: system.cpu T0 : @_int_malloc+807    :   cmps   r5, r8            : IntAlu :  D=0x0000000000000000
1176000: system.cpu T0 : @_int_malloc+809    :   b                        : IntAlu : 
1176500: system.cpu T0 : @_int_malloc+837    :   ldr   r3, [sp, #24]      : MemRead :  D=0x0000000000000003 A=0xbefffce0
1177000: system.cpu T0 : @_int_malloc+839    :   movs   r1, #1            : IntAlu :  D=0x0000000000000000
1177500: system.cpu T0 : @_int_malloc+841    :   mov   r12, r4            : IntAlu :  D=0x00000000000694ac
1178000: system.cpu T0 : @_int_malloc+843    :   adds   r0, r3, #1        : IntAlu :  D=0x0000000000000000
1178500: system.cpu T0 : @_int_malloc+845    :   subs   r2, r3, #1        : IntAlu :  D=0x0000000000000001
1179000: system.cpu T0 : @_int_malloc+847    :   and.w   r3, r0, #31      : IntAlu :  D=0x0000000000000004
1179500: system.cpu T0 : @_int_malloc+851    :   movs   r0, r0, LSR #5    : IntAlu :  D=0x0000000000000001
1180500: system.cpu T0 : @_int_malloc+853    :   mov.w   r3, r1, LSL r3   : IntAlu :  D=0x0000000000000010
1181500: system.cpu T0 : @_int_malloc+857    :   add.w   r7, r0, #268     : IntAlu :  D=0x000000000000010c
1182500: system.cpu T0 : @_int_malloc+861    :   add.w   r2, fp, r2, LSL #3 : IntAlu :  D=0x00000000000694f4
1183500: system.cpu T0 : @_int_malloc+865    :   ldr.w   r1, [r4, -r7 LSL #2] : MemRead :  D=0x0000000000000000 A=0x698dc
1184000: system.cpu T0 : @_int_malloc+869    :   cmps   r3, r1            : IntAlu :  D=0x0000000000000001
1184500: system.cpu T0 : @_int_malloc+871    :   it                       : IntAlu : 
1185000: system.cpu T0 : @_int_malloc+873    :   mov   r4, #0             : IntAlu : Predicated False
1185500: system.cpu T0 : @_int_malloc+875    :   mov   r4, #1             : IntAlu :  D=0x0000000000000001
1186000: system.cpu T0 : @_int_malloc+877    :   cmps   r3, #0            : IntAlu :  D=0x0000000000000001
1186500: system.cpu T0 : @_int_malloc+879    :   it                       : IntAlu : 
1187500: system.cpu T0 : @_int_malloc+881    :   orr.w   r4, r4, #1       : IntAlu : Predicated False
1188000: system.cpu T0 : @_int_malloc+885    :   cbz                      : IntAlu : Predicated False
1188500: system.cpu T0 : @_int_malloc+887    :   add.w   r7, r12, r7, LSL #2 : IntAlu :  D=0x00000000000698dc
1189000: system.cpu T0 : @_int_malloc+891    :   adds   r0, r0, #1        : IntAlu :  D=0x0000000000000000
1189500: system.cpu T0 : @_int_malloc+893    :   cmps   r0, #3            : IntAlu :  D=0x0000000000000000
1190000: system.cpu T0 : @_int_malloc+895    :   b                        : IntAlu : Predicated False
1191000: system.cpu T0 : @_int_malloc+897    :   ldr.w   r1, [r7, #4]!   
1191000: system.cpu T0 : @_int_malloc+897.0  :   ldr.w   r1, [r7, #4]!    : MemRead :  D=0x0000000000000000 A=0x698e0
1191500: system.cpu T0 : @_int_malloc+897.1  :   addi_uop.w   r7, r7, #4  : IntAlu :  D=0x00000000000698e0
1192000: system.cpu T0 : @_int_malloc+901    :   cmps   r1, #0            : IntAlu :  D=0x0000000000000001
1192500: system.cpu T0 : @_int_malloc+903    :   b                        : IntAlu : 
1193000: system.cpu T0 : @_int_malloc+891    :   adds   r0, r0, #1        : IntAlu :  D=0x0000000000000000
1193500: system.cpu T0 : @_int_malloc+893    :   cmps   r0, #3            : IntAlu :  D=0x0000000000000000
1194000: system.cpu T0 : @_int_malloc+895    :   b                        : IntAlu : Predicated False
1195000: system.cpu T0 : @_int_malloc+897    :   ldr.w   r1, [r7, #4]!   
1195000: system.cpu T0 : @_int_malloc+897.0  :   ldr.w   r1, [r7, #4]!    : MemRead :  D=0x0000000000000000 A=0x698e4
1195500: system.cpu T0 : @_int_malloc+897.1  :   addi_uop.w   r7, r7, #4  : IntAlu :  D=0x00000000000698e4
1196000: system.cpu T0 : @_int_malloc+901    :   cmps   r1, #0            : IntAlu :  D=0x0000000000000001
1196500: system.cpu T0 : @_int_malloc+903    :   b                        : IntAlu : 
1197000: system.cpu T0 : @_int_malloc+891    :   adds   r0, r0, #1        : IntAlu :  D=0x0000000000000000
1197500: system.cpu T0 : @_int_malloc+893    :   cmps   r0, #3            : IntAlu :  D=0x0000000000000001
1198000: system.cpu T0 : @_int_malloc+895    :   b                        : IntAlu : Predicated False
1199000: system.cpu T0 : @_int_malloc+897    :   ldr.w   r1, [r7, #4]!   
1199000: system.cpu T0 : @_int_malloc+897.0  :   ldr.w   r1, [r7, #4]!    : MemRead :  D=0x0000000000000000 A=0x698e8
1199500: system.cpu T0 : @_int_malloc+897.1  :   addi_uop.w   r7, r7, #4  : IntAlu :  D=0x00000000000698e8
1200000: system.cpu T0 : @_int_malloc+901    :   cmps   r1, #0            : IntAlu :  D=0x0000000000000001
1200500: system.cpu T0 : @_int_malloc+903    :   b                        : IntAlu : 
1201000: system.cpu T0 : @_int_malloc+891    :   adds   r0, r0, #1        : IntAlu :  D=0x0000000000000000
1201500: system.cpu T0 : @_int_malloc+893    :   cmps   r0, #3            : IntAlu :  D=0x0000000000000001
1202000: system.cpu T0 : @_int_malloc+895    :   b                        : IntAlu : 
1203000: system.cpu T0 : @_int_malloc+953    :   ldr.w   r7, [r12, #48]   : MemRead :  D=0x00000000000694dc A=0x694dc
1203500: system.cpu T0 : @_int_malloc+957    :   mov   r4, r12            : IntAlu :  D=0x00000000000694ac
1204000: system.cpu T0 : @_int_malloc+959    :   ldr.w   r12, [sp, #44]   : MemRead :  D=0x0000000000000028 A=0xbefffcf4
1204500: system.cpu T0 : @_int_malloc+963    :   ldr   r3, [r7, #4]       : MemRead :  D=0x0000000000000000 A=0x694e0
1205500: system.cpu T0 : @_int_malloc+965    :   bic.w   r9, r3, #7       : IntAlu :  D=0x0000000000000000
1206000: system.cpu T0 : @_int_malloc+969    :   cmps   r9, r12           : IntAlu :  D=0x0000000000000000
1206500: system.cpu T0 : @_int_malloc+971    :   b.w                      : IntAlu : Predicated False
1207000: system.cpu T0 : @_int_malloc+975    :   ldr   r2, [r4, #4]       : MemRead :  D=0x0000000000000001 A=0x694b0
1207500: system.cpu T0 : @_int_malloc+977    :   movs   r2, r2, LSL #31   : IntAlu :  D=0x0000000000000002
1208000: system.cpu T0 : @_int_malloc+979    :   b.w                      : IntAlu : 
1208500: system.cpu T0 : @_int_malloc+1619    :   ldr.w   r8, [pc, #148]   : MemRead :  D=0x00000000000694ac A=0xc748
1209000: system.cpu T0 : @_int_malloc+1623    :   mov.w   r0, #39268       : IntAlu :  D=0x0000000000009964
1209500: system.cpu T0 : @_int_malloc+1627    :   movt.w   r0, r0, #6      : IntAlu :  D=0x0000000000069964
1210000: system.cpu T0 : @_int_malloc+1631    :   ldr.w   r2, [r8, #1116]  : MemRead :  D=0x0000000000020000 A=0x69908
1210500: system.cpu T0 : @_int_malloc+1635    :   ldr   r0, [r0, #0]       : MemRead :  D=0x0000000000001000 A=0x69964
1211000: system.cpu T0 : @_int_malloc+1637    :   cmps   r5, r2            : IntAlu :  D=0x0000000000000000
1211500: system.cpu T0 : @_int_malloc+1639    :   add.w   r12, r0, #4294967295 : IntAlu :  D=0x0000000000000fff
1212000: system.cpu T0 : @_int_malloc+1643    :   str.w   r12, [sp, #20]   : MemWrite :  D=0x0000000000000fff A=0xbefffcdc
1212500: system.cpu T0 : @_int_malloc+1647    :   str   r0, [sp, #32]      : MemWrite :  D=0x0000000000001000 A=0xbefffce8
1213000: system.cpu T0 : @_int_malloc+1649    :   b                        : IntAlu : 
1213500: system.cpu T0 : @_int_malloc+1763    :   mov.w   r12, #0          : IntAlu :  D=0x0000000000000000
1214000: system.cpu T0 : @_int_malloc+1767    :   b                        : IntAlu : 
1214500: system.cpu T0 : @_int_malloc+1695    :   adds.w   r1, r9, #0      : IntAlu :  D=0x0000000000000000
1215000: system.cpu T0 : @_int_malloc+1699    :   add.w   r0, r7, r9       : IntAlu :  D=0x00000000000694dc
1215500: system.cpu T0 : @_int_malloc+1703    :   str   r0, [sp, #24]      : MemWrite :  D=0x00000000000694dc A=0xbefffce0
1216000: system.cpu T0 : @_int_malloc+1705    :   it                       : IntAlu : 
1216500: system.cpu T0 : @_int_malloc+1707    :   mov   r1, #1             : IntAlu : Predicated False
1217500: system.cpu T0 : @_int_malloc+1709    :   cmps.w   r9, #0          : IntAlu :  D=0x0000000000000001
1218000: system.cpu T0 : @_int_malloc+1713    :   it                       : IntAlu : 
1218500: system.cpu T0 : @_int_malloc+1715    :   cmps   r6, r7            : IntAlu :  D=0x0000000000000001
1219000: system.cpu T0 : @_int_malloc+1717    :   str   r1, [sp, #28]      : MemWrite :  D=0x0000000000000000 A=0xbefffce4
1219500: system.cpu T0 : @_int_malloc+1719    :   b                        : IntAlu : 
1220000: system.cpu T0 : @_int_malloc+1807    :   cmps   r4, r8            : IntAlu :  D=0x0000000000000001
1221000: system.cpu T0 : @_int_malloc+1809    :   b.w                      : IntAlu : 
1221500: system.cpu T0 : @_int_malloc+2647    :   ldr.w   r3, [r4, #1112]  : MemRead :  D=0x0000000000020000 A=0x69904
1222000: system.cpu T0 : @_int_malloc+2651    :   ldr   r2, [r4, #4]       : MemRead :  D=0x0000000000000001 A=0x694b0
1223000: system.cpu T0 : @_int_malloc+2653    :   add.w   r10, r3, #16     : IntAlu :  D=0x0000000000020010
1224000: system.cpu T0 : @_int_malloc+2657    :   ldr.w   r12, [sp, #20]   : MemRead :  D=0x0000000000000fff A=0xbefffcdc
1224500: system.cpu T0 : @_int_malloc+2661    :   add   r10, r10, r5       : IntAlu :  D=0x0000000000020028
1225000: system.cpu T0 : @_int_malloc+2663    :   ands.w   r3, r2, #2      : IntAlu :  D=0x0000000000000001
1225500: system.cpu T0 : @_int_malloc+2667    :   it                       : IntAlu : 
1226500: system.cpu T0 : @_int_malloc+2669    :   rsb.w   r10, r9, r10     : IntAlu :  D=0x0000000000020028
1227000: system.cpu T0 : @_int_malloc+2673    :   add   r10, r10, r12      : IntAlu :  D=0x0000000000021027
1227500: system.cpu T0 : @_int_malloc+2675    :   mvn.w   r6, r12          : IntAlu :  D=0x00000000fffff000
1228000: system.cpu T0 : @_int_malloc+2679    :   and.w   r10, r10, r6     : IntAlu :  D=0x0000000000021000
1228500: system.cpu T0 : @_int_malloc+2683    :   str   r6, [sp, #32]      : MemWrite :  D=0x00000000fffff000 A=0xbefffce8
1229500: system.cpu T0 : @_int_malloc+2685    :   cmps.w   r10, #0         : IntAlu :  D=0x0000000000000001
1230000: system.cpu T0 : @_int_malloc+2689    :   b                        : IntAlu : Predicated False
1230500: system.cpu T0 : @_int_malloc+2691    :   ldr.w   r3, [r8, #1160]  : MemRead :  D=0x000000000000f779 A=0x69934
1231000: system.cpu T0 : @_int_malloc+2695    :   mov   r0, r10            : IntAlu :  D=0x0000000000021000
1231500: system.cpu T0 : @_int_malloc+2697    :   blx                      : IntAlu :  D=0x000000000000cae9
1232000: system.cpu T0 : @malloc_info+127    : ldmstm                    
1232000: system.cpu T0 : @malloc_info+127.0  :   str_uop   r3, [sp, #8]   : MemWrite :  D=0x000000000000f779 A=0xbefffcc0
1232500: system.cpu T0 : @malloc_info+127.1  :   str_uop   lr, [sp, #4]   : MemWrite :  D=0x000000000000cae9 A=0xbefffcc4
1233000: system.cpu T0 : @malloc_info+127.2  :   subi_uop   sp, sp, #8    : IntAlu :  D=0x00000000befffcc0
1234000: system.cpu T0 : @__default_morecore+1    :   bl.w                     : IntAlu :  D=0x000000000000f77f
1234500: system.cpu T0 : @fcntl+155    : ldmstm                    
1234500: system.cpu T0 : @fcntl+155.0  :   str_uop   r4, [sp, #16]  : MemWrite :  D=0x00000000000694ac A=0xbefffcb0
1235000: system.cpu T0 : @fcntl+155.1  :   str_uop   r5, [sp, #12]  : MemWrite :  D=0x0000000000000018 A=0xbefffcb4
1235500: system.cpu T0 : @fcntl+155.2  :   str_uop   r6, [sp, #8]   : MemWrite :  D=0x00000000fffff000 A=0xbefffcb8
1236000: system.cpu T0 : @fcntl+155.3  :   str_uop   lr, [sp, #4]   : MemWrite :  D=0x000000000000f77f A=0xbefffcbc
1236500: system.cpu T0 : @fcntl+155.4  :   subi_uop   sp, sp, #16   : IntAlu :  D=0x00000000befffcb0
1237000: system.cpu T0 : @sbrk+1    :   mov   r5, r0             : IntAlu :  D=0x0000000000021000
1237500: system.cpu T0 : @sbrk+3    :   ldr   r6, [pc, #68]      : MemRead :  D=0x000000000006acb8 A=0x1078c
1238000: system.cpu T0 : @sbrk+5    :   ldr   r4, [r6, #0]       : MemRead :  D=0x000000000006cd00 A=0x6acb8
1238500: system.cpu T0 : @sbrk+7    :   cbz                      : IntAlu : Predicated False
1239000: system.cpu T0 : @sbrk+9    :   ldr   r3, [pc, #68]      : MemRead :  D=0x00000000000699b4 A=0x10790
1239500: system.cpu T0 : @sbrk+11    :   ldr   r3, [r3, #0]       : MemRead :  D=0x0000000000000000 A=0x699b4
1240000: system.cpu T0 : @sbrk+13    :   cbnz                     : IntAlu : Predicated False
1240500: system.cpu T0 : @sbrk+15    :   cmps   r5, #0            : IntAlu :  D=0x0000000000000001
1241000: system.cpu T0 : @sbrk+17    :   b                        : IntAlu : Predicated False
1241500: system.cpu T0 : @sbrk+19    :   b                        : IntAlu : Predicated False
1242000: system.cpu T0 : @sbrk+21    :   adds   r0, r4, r5        : IntAlu :  D=0x0000000000000000
1242500: system.cpu T0 : @sbrk+23    :   b                        : IntAlu : Predicated False
1243500: system.cpu T0 : @sbrk+25    :   bl.w                     : IntAlu :  D=0x000000000001075f
1244000: system.cpu T0 : @__getrlimit+43    : ldmstm                    
1244000: system.cpu T0 : @__getrlimit+43.0  :   str_uop   lr, [sp, #4]   : MemWrite :  D=0x000000000001075f A=0xbefffcac
1244500: system.cpu T0 : @__getrlimit+43.1  :   subi_uop   sp, sp, #4    : IntAlu :  D=0x00000000befffcac
1245000: system.cpu T0 : @brk+1    :   mov   r3, r0             : IntAlu :  D=0x000000000008dd00
1245500: system.cpu T0 : @brk+3    :   mov.w   r12, #45         : IntAlu :  D=0x000000000000002d
1246000: system.cpu T0 : @brk+7    :   bl.w                     : IntAlu :  D=0x0000000000026b51
1246500: system.cpu T0 : @__libc_csu_fini+47    : ldmstm                    
1246500: system.cpu T0 : @__libc_csu_fini+47.0  :   str_uop   r7, [sp, #8]   : MemWrite :  D=0x00000000000694dc A=0xbefffca4
1247000: system.cpu T0 : @__libc_csu_fini+47.1  :   str_uop   lr, [sp, #4]   : MemWrite :  D=0x0000000000026b51 A=0xbefffca8
1247500: system.cpu T0 : @__libc_csu_fini+47.2  :   subi_uop   sp, sp, #8    : IntAlu :  D=0x00000000befffca4
1248000: system.cpu T0 : @__libc_do_syscall+1    :   mov   r7, r12            : IntAlu :  D=0x000000000000002d
1248500: system.cpu T0 : @__libc_do_syscall+3    :   svc   #0                 : IntAlu : 
1249000: system.cpu T0 : @__libc_do_syscall+5    : ldmstm                    
1249000: system.cpu T0 : @__libc_do_syscall+5.0  :   ldr2_uop   r7,r36, [sp, #0] : MemRead :  D=0x0000000000026b51 A=0xbefffca4
1249500: system.cpu T0 : @__libc_do_syscall+5.1  :   addi_uop   sp, sp, #8    : IntAlu :  D=0x00000000befffcac
1250000: system.cpu T0 : @__libc_do_syscall+5.2  :   uopReg_uop   pc, r36     : IntAlu :  D=0x0000000000026b51
1250500: system.cpu T0 : @brk+11    :   cmns.w   r0, #4096       : IntAlu :  D=0x0000000000000000
1251000: system.cpu T0 : @brk+15    :   b                        : IntAlu : Predicated False
1251500: system.cpu T0 : @brk+17    :   ldr   r2, [pc, #64]      : MemRead :  D=0x000000000006acb8 A=0x26b98
1252000: system.cpu T0 : @brk+19    :   cmps   r3, r0            : IntAlu :  D=0x0000000000000001
1252500: system.cpu T0 : @brk+21    :   str   r0, [r2, #0]       : MemWrite :  D=0x000000000008dd00 A=0x6acb8
1253000: system.cpu T0 : @brk+23    :   b                        : IntAlu : Predicated False
1253500: system.cpu T0 : @brk+25    :   movs   r0, #0            : IntAlu :  D=0x0000000000000001
1254000: system.cpu T0 : @brk+27    :   ldr.w   pc, [sp] #4     
1254000: system.cpu T0 : @brk+27.0  :   ldr.w   r35, [sp] #4     : MemRead :  D=0x000000000001075f A=0xbefffcac
1254500: system.cpu T0 : @brk+27.1  :   addi_uop.w   sp, sp, #4  : IntAlu :  D=0x00000000befffcb0
1255000: system.cpu T0 : @brk+27.2  :   uopReg_uop.w   pc, r35   : IntAlu :  D=0x000000000001075f
1256000: system.cpu T0 : @sbrk+29    :   bics.w   r4, r4, r0, ASR #32 : IntAlu :  D=0x0000000000000000
1256500: system.cpu T0 : @sbrk+33    :   it                       : IntAlu : 
1257000: system.cpu T0 : @sbrk+35    :   mov.w   r4, #4294967295  : IntAlu : Predicated False
1257500: system.cpu T0 : @sbrk+39    :   mov   r0, r4             : IntAlu :  D=0x000000000006cd00
1258000: system.cpu T0 : @sbrk+41    : ldmstm                    
1258000: system.cpu T0 : @sbrk+41.0  :   ldr2_uop   r4,r5, [sp, #0] : MemRead :  D=0x0000000000000018 A=0xbefffcb0
1258500: system.cpu T0 : @sbrk+41.1  :   ldr2_uop   r6,r36, [sp, #8] : MemRead :  D=0x000000000000f77f A=0xbefffcb8
1259000: system.cpu T0 : @sbrk+41.2  :   addi_uop   sp, sp, #16   : IntAlu :  D=0x00000000befffcc0
1259500: system.cpu T0 : @sbrk+41.3  :   uopReg_uop   pc, r36     : IntAlu :  D=0x000000000000f77f
1260500: system.cpu T0 : @__default_morecore+5    :   cmps.w   r0, #4294967295 : IntAlu :  D=0x0000000000000000
1261000: system.cpu T0 : @__default_morecore+9    :   it                       : IntAlu : 
1261500: system.cpu T0 : @__default_morecore+11    :   mov   r0, #0             : IntAlu : Predicated False
1262000: system.cpu T0 : @__default_morecore+13    : ldmstm                    
1262000: system.cpu T0 : @__default_morecore+13.0  :   ldr2_uop   r3,r36, [sp, #0] : MemRead :  D=0x000000000000cae9 A=0xbefffcc0
1262500: system.cpu T0 : @__default_morecore+13.1  :   addi_uop   sp, sp, #8    : IntAlu :  D=0x00000000befffcc8
1263000: system.cpu T0 : @__default_morecore+13.2  :   uopReg_uop   pc, r36     : IntAlu :  D=0x000000000000cae9
1263500: system.cpu T0 : @_int_malloc+2699    :   mov   r6, r0             : IntAlu :  D=0x000000000006cd00
1264000: system.cpu T0 : @_int_malloc+2701    :   cbz                      : IntAlu : Predicated False
1264500: system.cpu T0 : @_int_malloc+2703    :   ldr   r3, [pc, #160]     : MemRead :  D=0x000000000006a53c A=0xcb90
1265000: system.cpu T0 : @_int_malloc+2705    :   ldr   r3, [r3, #0]       : MemRead :  D=0x0000000000000000 A=0x6a53c
1265500: system.cpu T0 : @_int_malloc+2707    :   cbz                      : IntAlu : 
1266000: system.cpu T0 : @_int_malloc+2711    :   movs   r0, #1            : IntAlu :  D=0x0000000000000000
1267000: system.cpu T0 : @_int_malloc+2713    :   mov.w   fp, #0           : IntAlu :  D=0x0000000000000000
1268000: system.cpu T0 : @_int_malloc+2717    :   ldr.w   r3, [r8, #1156]  : MemRead :  D=0x0000000000000000 A=0x69930
1268500: system.cpu T0 : @_int_malloc+2721    :   cbnz                     : IntAlu : Predicated False
1269000: system.cpu T0 : @_int_malloc+2723    :   ldr   r3, [pc, #144]     : MemRead :  D=0x00000000000694ac A=0xcb94
1270000: system.cpu T0 : @_int_malloc+2725    :   str.w   r6, [r3, #1156]  : MemWrite :  D=0x000000000006cd00 A=0x69930
1271000: system.cpu T0 : @_int_malloc+2729    :   ldr.w   r12, [sp, #24]   : MemRead :  D=0x00000000000694dc A=0xbefffce0
1272000: system.cpu T0 : @_int_malloc+2733    :   ldr.w   r1, [r8, #1096]  : MemRead :  D=0x0000000000000000 A=0x698f4
1272500: system.cpu T0 : @_int_malloc+2737    :   cmps   r12, r6           : IntAlu :  D=0x0000000000000000
1273000: system.cpu T0 : @_int_malloc+2739    :   it                       : IntAlu : 
1273500: system.cpu T0 : @_int_malloc+2741    :   mov   r2, #0             : IntAlu :  D=0x0000000000000000
1274000: system.cpu T0 : @_int_malloc+2743    :   and.w   r2, r0, #1       : IntAlu : Predicated False
1274500: system.cpu T0 : @_int_malloc+2747    :   ldr   r3, [pc, #120]     : MemRead :  D=0x00000000000694ac A=0xcb94
1275000: system.cpu T0 : @_int_malloc+2749    :   add   r1, r1, r10        : IntAlu :  D=0x0000000000021000
1275500: system.cpu T0 : @_int_malloc+2751    :   str.w   r1, [r8, #1096]  : MemWrite :  D=0x0000000000021000 A=0x698f4
1276000: system.cpu T0 : @_int_malloc+2755    :   cmps   r2, #0            : IntAlu :  D=0x0000000000000001
1276500: system.cpu T0 : @_int_malloc+2757    :   b                        : IntAlu : 
1277000: system.cpu T0 : @_int_malloc+2875    :   ldr   r2, [r3, #4]       : MemRead :  D=0x0000000000000001 A=0x694b0
1278000: system.cpu T0 : @_int_malloc+2877    :   tsts.w   r2, #2          : IntAlu :  D=0x0000000000000001
1278500: system.cpu T0 : @_int_malloc+2881    :   ldr   r2, [sp, #28]      : MemRead :  D=0x0000000000000000 A=0xbefffce4
1279000: system.cpu T0 : @_int_malloc+2883    :   it                       : IntAlu : 
1280000: system.cpu T0 : @_int_malloc+2885    :   mov.w   r12, #0          : IntAlu : Predicated False
1281000: system.cpu T0 : @_int_malloc+2889    :   mov.w   r12, #1          : IntAlu :  D=0x0000000000000001
1282000: system.cpu T0 : @_int_malloc+2893    :   tsts.w   r2, r12         : IntAlu :  D=0x0000000000000001
1282500: system.cpu T0 : @_int_malloc+2897    :   b                        : IntAlu : 
1283000: system.cpu T0 : @_int_malloc+3147    :   cmps.w   r12, #0         : IntAlu :  D=0x0000000000000001
1283500: system.cpu T0 : @_int_malloc+3151    :   b                        : IntAlu : Predicated False
1284000: system.cpu T0 : @_int_malloc+3153    :   ldr   r0, [sp, #28]      : MemRead :  D=0x0000000000000000 A=0xbefffce4
1284500: system.cpu T0 : @_int_malloc+3155    :   cmps   r0, #0            : IntAlu :  D=0x0000000000000001
1285000: system.cpu T0 : @_int_malloc+3157    :   b                        : IntAlu : 
1286000: system.cpu T0 : @_int_malloc+2921    :   ands.w   r2, r6, #7      : IntAlu :  D=0x0000000000000001
1287000: system.cpu T0 : @_int_malloc+2925    :   ldr.w   r12, [sp, #20]   : MemRead :  D=0x0000000000000fff A=0xbefffcdc
1287500: system.cpu T0 : @_int_malloc+2929    :   it                       : IntAlu : 
1288000: system.cpu T0 : @_int_malloc+2931    :   rsb.w   r2, r2, #8       : IntAlu : Predicated False
1288500: system.cpu T0 : @_int_malloc+2935    :   add   r3, r6, r2         : IntAlu : Predicated False
1289000: system.cpu T0 : @_int_malloc+2937    :   add   r2, r2, r9         : IntAlu :  D=0x0000000000000000
1289500: system.cpu T0 : @_int_malloc+2939    :   add   r10, r10, r2       : IntAlu :  D=0x0000000000021000
1290000: system.cpu T0 : @_int_malloc+2941    :   it                       : IntAlu : 
1290500: system.cpu T0 : @_int_malloc+2943    :   mov   r3, r6             : IntAlu :  D=0x000000000006cd00
1291000: system.cpu T0 : @_int_malloc+2945    :   add   r6, r6, r10        : IntAlu :  D=0x000000000008dd00
1291500: system.cpu T0 : @_int_malloc+2947    :   add.w   r1, r6, r12      : IntAlu :  D=0x000000000008ecff
1292000: system.cpu T0 : @_int_malloc+2951    :   subs   r2, r2, r6        : IntAlu :  D=0x0000000000000000
1292500: system.cpu T0 : @_int_malloc+2953    :   ldr   r6, [sp, #32]      : MemRead :  D=0x00000000fffff000 A=0xbefffce8
1293000: system.cpu T0 : @_int_malloc+2955    :   ands   r1, r1, r6        : IntAlu :  D=0x0000000000000000
1294000: system.cpu T0 : @_int_malloc+2957    :   adds.w   r10, r2, r1     : IntAlu :  D=0x0000000000000001
1294500: system.cpu T0 : @_int_malloc+2961    :   b                        : IntAlu : Predicated False
1295000: system.cpu T0 : @_int_malloc+2963    :   ldr.w   r2, [r8, #1160]  : MemRead :  D=0x000000000000f779 A=0x69934
1295500: system.cpu T0 : @_int_malloc+2967    :   mov   r0, r10            : IntAlu :  D=0x0000000000000300
1296000: system.cpu T0 : @_int_malloc+2969    :   str   r3, [sp, #12]      : MemWrite :  D=0x000000000006cd00 A=0xbefffcd4
1296500: system.cpu T0 : @_int_malloc+2971    :   blx                      : IntAlu :  D=0x000000000000cbfb
1297000: system.cpu T0 : @malloc_info+127    : ldmstm                    
1297000: system.cpu T0 : @malloc_info+127.0  :   str_uop   r3, [sp, #8]   : MemWrite :  D=0x000000000006cd00 A=0xbefffcc0
1297500: system.cpu T0 : @malloc_info+127.1  :   str_uop   lr, [sp, #4]   : MemWrite :  D=0x000000000000cbfb A=0xbefffcc4
1298000: system.cpu T0 : @malloc_info+127.2  :   subi_uop   sp, sp, #8    : IntAlu :  D=0x00000000befffcc0
1299000: system.cpu T0 : @__default_morecore+1    :   bl.w                     : IntAlu :  D=0x000000000000f77f
1299500: system.cpu T0 : @fcntl+155    : ldmstm                    
1299500: system.cpu T0 : @fcntl+155.0  :   str_uop   r4, [sp, #16]  : MemWrite :  D=0x00000000000694ac A=0xbefffcb0
1300000: system.cpu T0 : @fcntl+155.1  :   str_uop   r5, [sp, #12]  : MemWrite :  D=0x0000000000000018 A=0xbefffcb4
1300500: system.cpu T0 : @fcntl+155.2  :   str_uop   r6, [sp, #8]   : MemWrite :  D=0x00000000fffff000 A=0xbefffcb8
1301000: system.cpu T0 : @fcntl+155.3  :   str_uop   lr, [sp, #4]   : MemWrite :  D=0x000000000000f77f A=0xbefffcbc
1301500: system.cpu T0 : @fcntl+155.4  :   subi_uop   sp, sp, #16   : IntAlu :  D=0x00000000befffcb0
1302000: system.cpu T0 : @sbrk+1    :   mov   r5, r0             : IntAlu :  D=0x0000000000000300
1302500: system.cpu T0 : @sbrk+3    :   ldr   r6, [pc, #68]      : MemRead :  D=0x000000000006acb8 A=0x1078c
1303000: system.cpu T0 : @sbrk+5    :   ldr   r4, [r6, #0]       : MemRead :  D=0x000000000008dd00 A=0x6acb8
1303500: system.cpu T0 : @sbrk+7    :   cbz                      : IntAlu : Predicated False
1304000: system.cpu T0 : @sbrk+9    :   ldr   r3, [pc, #68]      : MemRead :  D=0x00000000000699b4 A=0x10790
1304500: system.cpu T0 : @sbrk+11    :   ldr   r3, [r3, #0]       : MemRead :  D=0x0000000000000000 A=0x699b4
1305000: system.cpu T0 : @sbrk+13    :   cbnz                     : IntAlu : Predicated False
1305500: system.cpu T0 : @sbrk+15    :   cmps   r5, #0            : IntAlu :  D=0x0000000000000001
1306000: system.cpu T0 : @sbrk+17    :   b                        : IntAlu : Predicated False
1306500: system.cpu T0 : @sbrk+19    :   b                        : IntAlu : Predicated False
1307000: system.cpu T0 : @sbrk+21    :   adds   r0, r4, r5        : IntAlu :  D=0x0000000000000000
1307500: system.cpu T0 : @sbrk+23    :   b                        : IntAlu : Predicated False
1308500: system.cpu T0 : @sbrk+25    :   bl.w                     : IntAlu :  D=0x000000000001075f
1309000: system.cpu T0 : @__getrlimit+43    : ldmstm                    
1309000: system.cpu T0 : @__getrlimit+43.0  :   str_uop   lr, [sp, #4]   : MemWrite :  D=0x000000000001075f A=0xbefffcac
1309500: system.cpu T0 : @__getrlimit+43.1  :   subi_uop   sp, sp, #4    : IntAlu :  D=0x00000000befffcac
1310000: system.cpu T0 : @brk+1    :   mov   r3, r0             : IntAlu :  D=0x000000000008e000
1310500: system.cpu T0 : @brk+3    :   mov.w   r12, #45         : IntAlu :  D=0x000000000000002d
1311000: system.cpu T0 : @brk+7    :   bl.w                     : IntAlu :  D=0x0000000000026b51
1311500: system.cpu T0 : @__libc_csu_fini+47    : ldmstm                    
1311500: system.cpu T0 : @__libc_csu_fini+47.0  :   str_uop   r7, [sp, #8]   : MemWrite :  D=0x00000000000694dc A=0xbefffca4
1312000: system.cpu T0 : @__libc_csu_fini+47.1  :   str_uop   lr, [sp, #4]   : MemWrite :  D=0x0000000000026b51 A=0xbefffca8
1312500: system.cpu T0 : @__libc_csu_fini+47.2  :   subi_uop   sp, sp, #8    : IntAlu :  D=0x00000000befffca4
1313000: system.cpu T0 : @__libc_do_syscall+1    :   mov   r7, r12            : IntAlu :  D=0x000000000000002d
1313500: system.cpu T0 : @__libc_do_syscall+3    :   svc   #0                 : IntAlu : 
1314000: system.cpu T0 : @__libc_do_syscall+5    : ldmstm                    
1314000: system.cpu T0 : @__libc_do_syscall+5.0  :   ldr2_uop   r7,r36, [sp, #0] : MemRead :  D=0x0000000000026b51 A=0xbefffca4
1314500: system.cpu T0 : @__libc_do_syscall+5.1  :   addi_uop   sp, sp, #8    : IntAlu :  D=0x00000000befffcac
1315000: system.cpu T0 : @__libc_do_syscall+5.2  :   uopReg_uop   pc, r36     : IntAlu :  D=0x0000000000026b51
1315500: system.cpu T0 : @brk+11    :   cmns.w   r0, #4096       : IntAlu :  D=0x0000000000000000
1316000: system.cpu T0 : @brk+15    :   b                        : IntAlu : Predicated False
1316500: system.cpu T0 : @brk+17    :   ldr   r2, [pc, #64]      : MemRead :  D=0x000000000006acb8 A=0x26b98
1317000: system.cpu T0 : @brk+19    :   cmps   r3, r0            : IntAlu :  D=0x0000000000000001
1317500: system.cpu T0 : @brk+21    :   str   r0, [r2, #0]       : MemWrite :  D=0x000000000008e000 A=0x6acb8
1318000: system.cpu T0 : @brk+23    :   b                        : IntAlu : Predicated False
1318500: system.cpu T0 : @brk+25    :   movs   r0, #0            : IntAlu :  D=0x0000000000000001
1319000: system.cpu T0 : @brk+27    :   ldr.w   pc, [sp] #4     
1319000: system.cpu T0 : @brk+27.0  :   ldr.w   r35, [sp] #4     : MemRead :  D=0x000000000001075f A=0xbefffcac
1319500: system.cpu T0 : @brk+27.1  :   addi_uop.w   sp, sp, #4  : IntAlu :  D=0x00000000befffcb0
1320000: system.cpu T0 : @brk+27.2  :   uopReg_uop.w   pc, r35   : IntAlu :  D=0x000000000001075f
1321000: system.cpu T0 : @sbrk+29    :   bics.w   r4, r4, r0, ASR #32 : IntAlu :  D=0x0000000000000000
1321500: system.cpu T0 : @sbrk+33    :   it                       : IntAlu : 
1322000: system.cpu T0 : @sbrk+35    :   mov.w   r4, #4294967295  : IntAlu : Predicated False
1322500: system.cpu T0 : @sbrk+39    :   mov   r0, r4             : IntAlu :  D=0x000000000008dd00
1323000: system.cpu T0 : @sbrk+41    : ldmstm                    
1323000: system.cpu T0 : @sbrk+41.0  :   ldr2_uop   r4,r5, [sp, #0] : MemRead :  D=0x0000000000000018 A=0xbefffcb0
1323500: system.cpu T0 : @sbrk+41.1  :   ldr2_uop   r6,r36, [sp, #8] : MemRead :  D=0x000000000000f77f A=0xbefffcb8
1324000: system.cpu T0 : @sbrk+41.2  :   addi_uop   sp, sp, #16   : IntAlu :  D=0x00000000befffcc0
1324500: system.cpu T0 : @sbrk+41.3  :   uopReg_uop   pc, r36     : IntAlu :  D=0x000000000000f77f
1325500: system.cpu T0 : @__default_morecore+5    :   cmps.w   r0, #4294967295 : IntAlu :  D=0x0000000000000000
1326000: system.cpu T0 : @__default_morecore+9    :   it                       : IntAlu : 
1326500: system.cpu T0 : @__default_morecore+11    :   mov   r0, #0             : IntAlu : Predicated False
1327000: system.cpu T0 : @__default_morecore+13    : ldmstm                    
1327000: system.cpu T0 : @__default_morecore+13.0  :   ldr2_uop   r3,r36, [sp, #0] : MemRead :  D=0x000000000000cbfb A=0xbefffcc0
1327500: system.cpu T0 : @__default_morecore+13.1  :   addi_uop   sp, sp, #8    : IntAlu :  D=0x00000000befffcc8
1328000: system.cpu T0 : @__default_morecore+13.2  :   uopReg_uop   pc, r36     : IntAlu :  D=0x000000000000cbfb
1328500: system.cpu T0 : @_int_malloc+2973    :   ldr   r3, [sp, #12]      : MemRead :  D=0x000000000006cd00 A=0xbefffcd4
1329000: system.cpu T0 : @_int_malloc+2975    :   mov   fp, r0             : IntAlu :  D=0x000000000008dd00
1329500: system.cpu T0 : @_int_malloc+2977    :   cmps   r0, #0            : IntAlu :  D=0x0000000000000001
1330000: system.cpu T0 : @_int_malloc+2979    :   b                        : IntAlu : Predicated False
1330500: system.cpu T0 : @_int_malloc+2981    :   ldr   r2, [pc, #456]     : MemRead :  D=0x000000000006a53c A=0xcdcc
1331000: system.cpu T0 : @_int_malloc+2983    :   ldr   r2, [r2, #0]       : MemRead :  D=0x0000000000000000 A=0x6a53c
1331500: system.cpu T0 : @_int_malloc+2985    :   cbz                      : IntAlu : 
1332000: system.cpu T0 : @_int_malloc+2993    :   mov   r1, r10            : IntAlu :  D=0x0000000000000300
1332500: system.cpu T0 : @_int_malloc+2995    :   mov   r6, r3             : IntAlu :  D=0x000000000006cd00
1333500: system.cpu T0 : @_int_malloc+2997    :   ldr.w   r2, [r8, #1096]  : MemRead :  D=0x0000000000021000 A=0x698f4
1334500: system.cpu T0 : @_int_malloc+3001    :   rsb.w   fp, r6, fp       : IntAlu :  D=0x0000000000021000
1335000: system.cpu T0 : @_int_malloc+3005    :   ldr   r0, [sp, #28]      : MemRead :  D=0x0000000000000000 A=0xbefffce4
1335500: system.cpu T0 : @_int_malloc+3007    :   add.w   r3, fp, r10      : IntAlu :  D=0x0000000000021300
1336000: system.cpu T0 : @_int_malloc+3011    :   str.w   r6, [r8, #48]    : MemWrite :  D=0x000000000006cd00 A=0x694dc
1336500: system.cpu T0 : @_int_malloc+3015    :   orr.w   r3, r3, #1       : IntAlu :  D=0x0000000000021301
1337000: system.cpu T0 : @_int_malloc+3019    :   adds   r1, r1, r2        : IntAlu :  D=0x0000000000000000
1337500: system.cpu T0 : @_int_malloc+3021    :   str   r3, [r6, #4]       : MemWrite :  D=0x0000000000021301 A=0x6cd04
1338000: system.cpu T0 : @_int_malloc+3023    :   ldr.w   r10, [pc, #416]  : MemRead :  D=0x00000000000694ac A=0xcdd0
1338500: system.cpu T0 : @_int_malloc+3027    :   str.w   r1, [r8, #1096]  : MemWrite :  D=0x0000000000021300 A=0x698f4
1339000: system.cpu T0 : @_int_malloc+3031    :   cmps   r0, #0            : IntAlu :  D=0x0000000000000001
1340000: system.cpu T0 : @_int_malloc+3033    :   b.w                      : IntAlu : 
1340500: system.cpu T0 : @_int_malloc+1943    :   ldr   r2, [r6, #4]       : MemRead :  D=0x0000000000021301 A=0x6cd04
1341500: system.cpu T0 : @_int_malloc+1945    :   ldr.w   r3, [r4, #1100]  : MemRead :  D=0x0000000000000000 A=0x698f8
1342500: system.cpu T0 : @_int_malloc+1949    :   ldr.w   r12, [sp, #44]   : MemRead :  D=0x0000000000000028 A=0xbefffcf4
1343500: system.cpu T0 : @_int_malloc+1953    :   bic.w   r2, r2, #7       : IntAlu :  D=0x0000000000021300
1344000: system.cpu T0 : @_int_malloc+1957    :   cmps   r1, r3            : IntAlu :  D=0x0000000000000001
1344500: system.cpu T0 : @_int_malloc+1959    :   it                       : IntAlu : 
1345500: system.cpu T0 : @_int_malloc+1961    :   str.w   r1, [r4, #1100]  : MemWrite :  D=0x0000000000021300 A=0x698f8
1346000: system.cpu T0 : @_int_malloc+1965    :   cmps   r12, r2           : IntAlu :  D=0x0000000000000000
1346500: system.cpu T0 : @_int_malloc+1967    :   b.w                      : IntAlu : Predicated False
1347000: system.cpu T0 : @_int_malloc+1971    :   cmps   r4, r8            : IntAlu :  D=0x0000000000000001
1347500: system.cpu T0 : @_int_malloc+1973    :   it                       : IntAlu : 
1348000: system.cpu T0 : @_int_malloc+1975    :   mov.w   r8, #4           : IntAlu : Predicated False
1348500: system.cpu T0 : @_int_malloc+1979    :   mov.w   r8, #0           : IntAlu :  D=0x0000000000000000
1349000: system.cpu T0 : @_int_malloc+1983    :   orr.w   r1, r5, #1       : IntAlu :  D=0x0000000000000019
1349500: system.cpu T0 : @_int_malloc+1987    :   adds   r3, r6, r5        : IntAlu :  D=0x0000000000000000
1350500: system.cpu T0 : @_int_malloc+1989    :   orr.w   r1, r1, r8       : IntAlu :  D=0x0000000000000019
1351000: system.cpu T0 : @_int_malloc+1993    :   str   r3, [r4, #48]      : MemWrite :  D=0x000000000006cd18 A=0x694dc
1351500: system.cpu T0 : @_int_malloc+1995    :   subs   r2, r2, r5        : IntAlu :  D=0x0000000000000001
1352000: system.cpu T0 : @_int_malloc+1997    :   str   r1, [r6, #4]       : MemWrite :  D=0x0000000000000019 A=0x6cd04
1352500: system.cpu T0 : @_int_malloc+1999    :   adds   r6, r6, #8        : IntAlu :  D=0x0000000000000000
1353500: system.cpu T0 : @_int_malloc+2001    :   orr.w   r2, r2, #1       : IntAlu :  D=0x00000000000212e9
1354000: system.cpu T0 : @_int_malloc+2005    :   str   r2, [r3, #4]       : MemWrite :  D=0x00000000000212e9 A=0x6cd1c
1354500: system.cpu T0 : @_int_malloc+2007    :   cbz                      : IntAlu : Predicated False
1355500: system.cpu T0 : @_int_malloc+2009    :   mov.w   r0, #42216       : IntAlu :  D=0x000000000000a4e8
1356500: system.cpu T0 : @_int_malloc+2013    :   movt.w   r0, r0, #6      : IntAlu :  D=0x000000000006a4e8
1357000: system.cpu T0 : @_int_malloc+2017    :   ldr   r3, [r0, #32]      : MemRead :  D=0x0000000000000000 A=0x6a508
1357500: system.cpu T0 : @_int_malloc+2019    :   cmps   r3, #0            : IntAlu :  D=0x0000000000000001
1358500: system.cpu T0 : @_int_malloc+2021    :   b.w                      : IntAlu : Predicated False
1359000: system.cpu T0 : @_int_malloc+2025    :   mov   r7, r6             : IntAlu :  D=0x000000000006cd08
1359500: system.cpu T0 : @_int_malloc+2027    :   b                        : IntAlu : 
1360000: system.cpu T0 : @_int_malloc+225    :   mov   r0, r7             : IntAlu :  D=0x000000000006cd08
1360500: system.cpu T0 : @_int_malloc+227    :   add   sp, sp, #76        : IntAlu :  D=0x00000000befffd14
1361500: system.cpu T0 : @_int_malloc+229    : ldmstm                    
1361500: system.cpu T0 : @_int_malloc+229.0  :   ldr2_uop.w   r4,r5, [sp, #0] : MemRead :  D=0x00000000beffff34 A=0xbefffd14
1362000: system.cpu T0 : @_int_malloc+229.1  :   ldr2_uop.w   r6,r7, [sp, #8] : MemRead :  D=0x00000000befffd70 A=0xbefffd1c
1362500: system.cpu T0 : @_int_malloc+229.2  :   ldr2_uop.w   r8,r9, [sp, #16] : MemRead :  D=0x0000000000000000 A=0xbefffd24
1363000: system.cpu T0 : @_int_malloc+229.3  :   ldr2_uop.w   r10,fp, [sp, #24] : MemRead :  D=0x0000000000000000 A=0xbefffd2c
1363500: system.cpu T0 : @_int_malloc+229.4  :   ldr_uop.w   r36, [sp, #32] : MemRead :  D=0x000000000000e217 A=0xbefffd34
1364000: system.cpu T0 : @_int_malloc+229.5  :   addi_uop.w   sp, sp, #36 : IntAlu :  D=0x00000000befffd38
1364500: system.cpu T0 : @_int_malloc+229.6  :   uopReg_uop.w   pc, r36   : IntAlu :  D=0x000000000000e217
1365000: system.cpu T0 : @__libc_malloc+73    :   movs   r1, #0            : IntAlu :  D=0x0000000000000001
1365500: system.cpu T0 : @__libc_malloc+75    :   mov   r5, r0             : IntAlu :  D=0x000000000006cd08
1366000: system.cpu T0 : @__libc_malloc+77    :   cmps   r0, #0            : IntAlu :  D=0x0000000000000001
1366500: system.cpu T0 : @__libc_malloc+79    :   b                        : IntAlu : Predicated False
1367000: system.cpu T0 : @__libc_malloc+81    :   ldr   r3, [r4, #0]       : MemRead :  D=0x0000000000000001 A=0x694ac
1367500: system.cpu T0 : @__libc_malloc+83    :   dmb.w   #0               : IntAlu : 
1368000: system.cpu T0 : @__libc_malloc+87    :   ldrex.w   r2, [r4, #0]   : MemRead :  D=0x0000000000000001 A=0x694ac
1368500: system.cpu T0 : @__libc_malloc+91    :   cmps   r2, r3            : IntAlu :  D=0x0000000000000001
1369000: system.cpu T0 : @__libc_malloc+93    :   b                        : IntAlu : Predicated False
1369500: system.cpu T0 : @__libc_malloc+95    :   strex.w   r2, r1, [r4, #0] : MemWrite :  D=0x0000000000000000 A=0x694ac
1370000: system.cpu T0 : @__libc_malloc+99    :   teqs.w   r2, #0          : IntAlu :  D=0x0000000000000001
1370500: system.cpu T0 : @__libc_malloc+103    :   b                        : IntAlu : Predicated False
1371000: system.cpu T0 : @__libc_malloc+105    :   mov   r2, r3             : IntAlu :  D=0x0000000000000001
1371500: system.cpu T0 : @__libc_malloc+107    :   dmb.w   #0               : IntAlu : 
1372000: system.cpu T0 : @__libc_malloc+111    :   cmps   r3, r2            : IntAlu :  D=0x0000000000000001
1372500: system.cpu T0 : @__libc_malloc+113    :   b                        : IntAlu : Predicated False
1373000: system.cpu T0 : @__libc_malloc+115    :   cmps   r3, #1            : IntAlu :  D=0x0000000000000001
1374000: system.cpu T0 : @__libc_malloc+117    :   b.w                      : IntAlu : Predicated False
1375000: system.cpu T0 : @__libc_malloc+121    :   ldr.w   r3, [r5, #-4]    : MemRead :  D=0x0000000000000019 A=0x6cd04
1375500: system.cpu T0 : @__libc_malloc+125    :   movs   r1, r3, LSL #30   : IntAlu :  D=0x0000000000000000
1376000: system.cpu T0 : @__libc_malloc+127    :   b                        : IntAlu : Predicated False
1376500: system.cpu T0 : @__libc_malloc+129    :   movs   r2, r3, LSL #29   : IntAlu :  D=0x0000000000000000
1377000: system.cpu T0 : @__libc_malloc+131    :   it                       : IntAlu : 
1377500: system.cpu T0 : @__libc_malloc+133    :   ldr   r3, [pc, #432]     : MemRead :  D=0x00000000000694ac A=0xe404
1378000: system.cpu T0 : @__libc_malloc+135    :   b                        : IntAlu : Predicated False
1378500: system.cpu T0 : @__libc_malloc+137    :   cmps   r3, r4            : IntAlu :  D=0x0000000000000001
1379000: system.cpu T0 : @__libc_malloc+139    :   b.w                      : IntAlu : Predicated False
1379500: system.cpu T0 : @__libc_malloc+143    :   mov   r0, r5             : IntAlu :  D=0x000000000006cd08
1380000: system.cpu T0 : @__libc_malloc+145    : ldmstm                    
1380000: system.cpu T0 : @__libc_malloc+145.0  :   ldr2_uop   r3,r4, [sp, #0] : MemRead :  D=0x0000000000068fe0 A=0xbefffd38
1380500: system.cpu T0 : @__libc_malloc+145.1  :   ldr2_uop   r5,r6, [sp, #8] : MemRead :  D=0x0000000000000014 A=0xbefffd40
1381000: system.cpu T0 : @__libc_malloc+145.2  :   ldr2_uop   r7,r36, [sp, #16] : MemRead :  D=0x000000000000e3a5 A=0xbefffd48
1381500: system.cpu T0 : @__libc_malloc+145.3  :   addi_uop   sp, sp, #24   : IntAlu :  D=0x00000000befffd50
1382000: system.cpu T0 : @__libc_malloc+145.4  :   uopReg_uop   pc, r36     : IntAlu :  D=0x000000000000e3a5
1382500: system.cpu T0 : @__libc_malloc+471    :   mov   r5, r0             : IntAlu :  D=0x000000000006cd08
1383000: system.cpu T0 : @__libc_malloc+473    :   b                        : IntAlu : 
1383500: system.cpu T0 : @__libc_malloc+143    :   mov   r0, r5             : IntAlu :  D=0x000000000006cd08
1384000: system.cpu T0 : @__libc_malloc+145    : ldmstm                    
1384000: system.cpu T0 : @__libc_malloc+145.0  :   ldr2_uop   r3,r4, [sp, #0] : MemRead :  D=0x0000000000068fe0 A=0xbefffd50
1384500: system.cpu T0 : @__libc_malloc+145.1  :   ldr2_uop   r5,r6, [sp, #8] : MemRead :  D=0x00000000beffff3c A=0xbefffd58
1385000: system.cpu T0 : @__libc_malloc+145.2  :   ldr2_uop   r7,r36, [sp, #16] : MemRead :  D=0x0000000000028e49 A=0xbefffd60
1385500: system.cpu T0 : @__libc_malloc+145.3  :   addi_uop   sp, sp, #24   : IntAlu :  D=0x00000000befffd68
1386000: system.cpu T0 : @__libc_malloc+145.4  :   uopReg_uop   pc, r36     : IntAlu :  D=0x0000000000028e49
1386500: system.cpu T0 : @_dl_init_paths+35    :   ldr   r3, [pc, #412]     : MemRead :  D=0x000000000004f898 A=0x28fe8
1387000: system.cpu T0 : @_dl_init_paths+37    :   mov   r6, r0             : IntAlu :  D=0x000000000006cd08
1387500: system.cpu T0 : @_dl_init_paths+39    :   str   r0, [r4, #16]      : MemWrite :  D=0x000000000006cd08 A=0x68ff0
1388000: system.cpu T0 : @_dl_init_paths+41    :   cmps   r0, #0            : IntAlu :  D=0x0000000000000001
1388500: system.cpu T0 : @_dl_init_paths+43    :   b.w                      : IntAlu : Predicated False
1389000: system.cpu T0 : @_dl_init_paths+47    :   ldr   r5, [r4, #0]       : MemRead :  D=0x0000000000000001 A=0x68fe0
1390000: system.cpu T0 : @_dl_init_paths+49    :   mov.w   r3, #52429       : IntAlu :  D=0x000000000000cccd
1391000: system.cpu T0 : @_dl_init_paths+53    :   movt.w   r3, r3, #52428  : IntAlu :  D=0x00000000cccccccd
1392000: system.cpu T0 : @_dl_init_paths+57    :   mov.w   r8, r5, LSL #2   : IntAlu :  D=0x0000000000000004
1393000: system.cpu T0 : @_dl_init_paths+61    :   add.w   r8, r8, #39      : IntAlu :  D=0x000000000000002b
1394000: system.cpu T0 : @_dl_init_paths+65    :   umull.w                  : IntMult :  D=0x000000006666666f
1395000: system.cpu T0 : @_dl_init_paths+69    :   mov.w   r0, #1440        : IntAlu :  D=0x00000000000005a0
1396000: system.cpu T0 : @_dl_init_paths+73    :   mov.w   r8, r3, LSR #4   : IntAlu :  D=0x0000000000000002
1397000: system.cpu T0 : @_dl_init_paths+77    :   mul.w                    : IntMult :  D=0x0000000000000b40
1398000: system.cpu T0 : @_dl_init_paths+81    :   bl.w                     : IntAlu :  D=0x0000000000028e7b
1398500: system.cpu T0 : @malloc_set_state+899    : ldmstm                    
1398500: system.cpu T0 : @malloc_set_state+899.0  :   str_uop   r3, [sp, #24]  : MemWrite :  D=0x0000000000000022 A=0xbefffd50
1399000: system.cpu T0 : @malloc_set_state+899.1  :   str_uop   r4, [sp, #20]  : MemWrite :  D=0x0000000000068fe0 A=0xbefffd54
1399500: system.cpu T0 : @malloc_set_state+899.2  :   str_uop   r5, [sp, #16]  : MemWrite :  D=0x0000000000000001 A=0xbefffd58
1400000: system.cpu T0 : @malloc_set_state+899.3  :   str_uop   r6, [sp, #12]  : MemWrite :  D=0x000000000006cd08 A=0xbefffd5c
1400500: system.cpu T0 : @malloc_set_state+899.4  :   str_uop   r7, [sp, #8]   : MemWrite :  D=0x00000000befffd70 A=0xbefffd60
1401000: system.cpu T0 : @malloc_set_state+899.5  :   str_uop   lr, [sp, #4]   : MemWrite :  D=0x0000000000028e7b A=0xbefffd64
1401500: system.cpu T0 : @malloc_set_state+899.6  :   subi_uop   sp, sp, #24   : IntAlu :  D=0x00000000befffd50
1402000: system.cpu T0 : @__libc_malloc+1    :   mov   r6, r0             : IntAlu :  D=0x0000000000000b40
1402500: system.cpu T0 : @__libc_malloc+3    :   ldr   r3, [pc, #552]     : MemRead :  D=0x0000000000069948 A=0xe3fc
1403000: system.cpu T0 : @__libc_malloc+5    :   ldr   r3, [r3, #0]       : MemRead :  D=0x0000000000000000 A=0x69948
1403500: system.cpu T0 : @__libc_malloc+7    :   cmps   r3, #0            : IntAlu :  D=0x0000000000000001
1404500: system.cpu T0 : @__libc_malloc+9    :   b.w                      : IntAlu : Predicated False
1405000: system.cpu T0 : @__libc_malloc+13    :   ldr   r2, [pc, #548]     : MemRead :  D=0x000000000005ae28 A=0xe400
1405500: system.cpu T0 : @__libc_malloc+15    :   mrc.w   r1, r276, #406561 : IntAlu :  D=0x000000000006c4c0
1406000: system.cpu T0 : @__libc_malloc+19    :   add   r2, r2, pc         : IntAlu :  D=0x000000000006900c
1406500: system.cpu T0 : @__libc_malloc+21    :   ldr   r2, [r2, #0]       : MemRead :  D=0x000000000000001c A=0x6900c
1407000: system.cpu T0 : @__libc_malloc+23    :   ldr   r4, [r1, r2]       : MemRead :  D=0x00000000000694ac A=0x6c4dc
1407500: system.cpu T0 : @__libc_malloc+25    :   cmps   r4, #0            : IntAlu :  D=0x0000000000000001
1408000: system.cpu T0 : @__libc_malloc+27    :   b                        : IntAlu : Predicated False
1408500: system.cpu T0 : @__libc_malloc+29    :   movs   r1, #1            : IntAlu :  D=0x0000000000000000
1409000: system.cpu T0 : @__libc_malloc+31    :   dmb.w   #0               : IntAlu : 
1409500: system.cpu T0 : @__libc_malloc+35    :   ldrex.w   r2, [r4, #0]   : MemRead :  D=0x0000000000000000 A=0x694ac
1410000: system.cpu T0 : @__libc_malloc+39    :   cmps   r2, r3            : IntAlu :  D=0x0000000000000001
1410500: system.cpu T0 : @__libc_malloc+41    :   b                        : IntAlu : Predicated False
1411000: system.cpu T0 : @__libc_malloc+43    :   strex.w   r2, r1, [r4, #0] : MemWrite :  D=0x0000000000000000 A=0x694ac
1411500: system.cpu T0 : @__libc_malloc+47    :   teqs.w   r2, #0          : IntAlu :  D=0x0000000000000001
1412000: system.cpu T0 : @__libc_malloc+51    :   b                        : IntAlu : Predicated False
1412500: system.cpu T0 : @__libc_malloc+53    :   mov   r2, r3             : IntAlu :  D=0x0000000000000000
1413000: system.cpu T0 : @__libc_malloc+55    :   dmb.w   #0               : IntAlu : 
1413500: system.cpu T0 : @__libc_malloc+59    :   cmps   r2, #0            : IntAlu :  D=0x0000000000000001
1414500: system.cpu T0 : @__libc_malloc+61    :   b.w                      : IntAlu : Predicated False
1415000: system.cpu T0 : @__libc_malloc+65    :   mov   r1, r6             : IntAlu :  D=0x0000000000000b40
1415500: system.cpu T0 : @__libc_malloc+67    :   mov   r0, r4             : IntAlu :  D=0x00000000000694ac
1416500: system.cpu T0 : @__libc_malloc+69    :   bl.w                     : IntAlu :  D=0x000000000000e217
1417000: system.cpu T0 : @_int_free+2063    : ldmstm                    
1417000: system.cpu T0 : @_int_free+2063.0  :   str_uop.w   r4, [sp, #36] : MemWrite :  D=0x00000000000694ac A=0xbefffd2c
1417500: system.cpu T0 : @_int_free+2063.1  :   str_uop.w   r5, [sp, #32] : MemWrite :  D=0x0000000000000001 A=0xbefffd30
1418000: system.cpu T0 : @_int_free+2063.2  :   str_uop.w   r6, [sp, #28] : MemWrite :  D=0x0000000000000b40 A=0xbefffd34
1418500: system.cpu T0 : @_int_free+2063.3  :   str_uop.w   r7, [sp, #24] : MemWrite :  D=0x00000000befffd70 A=0xbefffd38
1419000: system.cpu T0 : @_int_free+2063.4  :   str_uop.w   r8, [sp, #20] : MemWrite :  D=0x0000000000000002 A=0xbefffd3c
1419500: system.cpu T0 : @_int_free+2063.5  :   str_uop.w   r9, [sp, #16] : MemWrite :  D=0x0000000000000000 A=0xbefffd40
1420000: system.cpu T0 : @_int_free+2063.6  :   str_uop.w   r10, [sp, #12] : MemWrite :  D=0x0000000000000000 A=0xbefffd44
1420500: system.cpu T0 : @_int_free+2063.7  :   str_uop.w   fp, [sp, #8] : MemWrite :  D=0x0000000000000000 A=0xbefffd48
1421000: system.cpu T0 : @_int_free+2063.8  :   str_uop.w   lr, [sp, #4] : MemWrite :  D=0x000000000000e217 A=0xbefffd4c
1421500: system.cpu T0 : @_int_free+2063.9  :   subi_uop.w   sp, sp, #36 : IntAlu :  D=0x00000000befffd2c
1422000: system.cpu T0 : @_int_malloc+3    :   sub   sp, sp, #76        : IntAlu :  D=0x00000000befffce0
1422500: system.cpu T0 : @_int_malloc+5    :   mov   r4, r0             : IntAlu :  D=0x00000000000694ac
1423000: system.cpu T0 : @_int_malloc+7    :   str   r1, [sp, #16]      : MemWrite :  D=0x0000000000000b40 A=0xbefffcf0
1423500: system.cpu T0 : @_int_malloc+9    :   adds   r1, r1, #33       : IntAlu :  D=0x0000000000000000
1424000: system.cpu T0 : @_int_malloc+11    :   b.w                      : IntAlu : Predicated False
1424500: system.cpu T0 : @_int_malloc+15    :   ldr   r6, [sp, #16]      : MemRead :  D=0x0000000000000b40 A=0xbefffcf0
1425500: system.cpu T0 : @_int_malloc+17    :   mov.w   r12, #42216      : IntAlu :  D=0x000000000000a4e8
1426500: system.cpu T0 : @_int_malloc+21    :   movt.w   r12, r12, #6    : IntAlu :  D=0x000000000006a4e8
1427500: system.cpu T0 : @_int_malloc+25    :   add.w   r5, r6, #11      : IntAlu :  D=0x0000000000000b4b
1428000: system.cpu T0 : @_int_malloc+29    :   cmps   r5, #15           : IntAlu :  D=0x0000000000000001
1428500: system.cpu T0 : @_int_malloc+31    :   ldr.w   r3, [r12, #28]   : MemRead :  D=0x0000000000000040 A=0x6a504
1429000: system.cpu T0 : @_int_malloc+35    :   it                       : IntAlu : 
1430000: system.cpu T0 : @_int_malloc+37    :   bic.w   r5, r5, #7       : IntAlu :  D=0x0000000000000b48
1430500: system.cpu T0 : @_int_malloc+41    :   mov   r5, #16            : IntAlu : Predicated False
1431000: system.cpu T0 : @_int_malloc+43    :   cmps   r5, r3            : IntAlu :  D=0x0000000000000001
1431500: system.cpu T0 : @_int_malloc+45    :   b                        : IntAlu : Predicated False
1432000: system.cpu T0 : @_int_malloc+47    :   movs   r3, r5, LSR #3    : IntAlu :  D=0x0000000000000000
1432500: system.cpu T0 : @_int_malloc+49    :   str   r3, [sp, #20]      : MemWrite :  D=0x0000000000000169 A=0xbefffcf4
1433000: system.cpu T0 : @_int_malloc+51    :   cmps.w   r5, #512        : IntAlu :  D=0x0000000000000001
1433500: system.cpu T0 : @_int_malloc+55    :   b                        : IntAlu : 
1434000: system.cpu T0 : @_int_malloc+233    :   movs   r3, r5, LSR #6    : IntAlu :  D=0x0000000000000000
1434500: system.cpu T0 : @_int_malloc+235    :   str   r3, [sp, #28]      : MemWrite :  D=0x000000000000002d A=0xbefffcfc
1435000: system.cpu T0 : @_int_malloc+237    :   cmps   r3, #38           : IntAlu :  D=0x0000000000000001
1435500: system.cpu T0 : @_int_malloc+239    :   b.w                      : IntAlu : Predicated False
1436000: system.cpu T0 : @_int_malloc+243    :   movs   r3, r5, LSR #9    : IntAlu :  D=0x0000000000000000
1436500: system.cpu T0 : @_int_malloc+245    :   str   r3, [sp, #36]      : MemWrite :  D=0x0000000000000005 A=0xbefffd04
1437000: system.cpu T0 : @_int_malloc+247    :   cmps   r3, #20           : IntAlu :  D=0x0000000000000000
1438000: system.cpu T0 : @_int_malloc+249    :   b.w                      : IntAlu : Predicated False
1439000: system.cpu T0 : @_int_malloc+253    :   add.w   r6, r3, #91      : IntAlu :  D=0x0000000000000060
1440000: system.cpu T0 : @_int_malloc+257    :   mov.w   r12, r5, LSR #12 : IntAlu :  D=0x0000000000000000
1440500: system.cpu T0 : @_int_malloc+261    :   str   r6, [sp, #24]      : MemWrite :  D=0x0000000000000060 A=0xbefffcf8
1441000: system.cpu T0 : @_int_malloc+263    :   movs   r3, r5, LSR #15   : IntAlu :  D=0x0000000000000001
1441500: system.cpu T0 : @_int_malloc+265    :   movs   r6, r5, LSR #18   : IntAlu :  D=0x0000000000000001
1442000: system.cpu T0 : @_int_malloc+267    :   str.w   r12, [sp, #48]   : MemWrite :  D=0x0000000000000000 A=0xbefffd10
1442500: system.cpu T0 : @_int_malloc+271    :   str   r3, [sp, #40]      : MemWrite :  D=0x0000000000000000 A=0xbefffd08
1443000: system.cpu T0 : @_int_malloc+273    :   str   r6, [sp, #32]      : MemWrite :  D=0x0000000000000000 A=0xbefffd00
1443500: system.cpu T0 : @_int_malloc+275    :   ldr   r3, [r4, #4]       : MemRead :  D=0x0000000000000001 A=0x694b0
1444000: system.cpu T0 : @_int_malloc+277    :   movs   r3, r3, LSL #31   : IntAlu :  D=0x0000000000000002
1444500: system.cpu T0 : @_int_malloc+279    :   b.w                      : IntAlu : Predicated False
1445000: system.cpu T0 : @_int_malloc+283    :   ldr   r6, [sp, #28]      : MemRead :  D=0x000000000000002d A=0xbefffcfc
1446000: system.cpu T0 : @_int_malloc+285    :   add.w   fp, r4, #56      : IntAlu :  D=0x00000000000694e4
1447000: system.cpu T0 : @_int_malloc+289    :   ldr.w   r12, [sp, #36]   : MemRead :  D=0x0000000000000005 A=0xbefffd04
1448000: system.cpu T0 : @_int_malloc+293    :   mov.w   r8, #511         : IntAlu :  D=0x00000000000001ff
1448500: system.cpu T0 : @_int_malloc+297    :   adds   r6, r6, #56       : IntAlu :  D=0x0000000000000000
1449000: system.cpu T0 : @_int_malloc+299    :   str   r6, [sp, #52]      : MemWrite :  D=0x0000000000000065 A=0xbefffd14
1449500: system.cpu T0 : @_int_malloc+301    :   ldr   r6, [sp, #40]      : MemRead :  D=0x0000000000000000 A=0xbefffd08
1450000: system.cpu T0 : @_int_malloc+303    :   add.w   r12, r12, #91    : IntAlu :  D=0x0000000000000060
1450500: system.cpu T0 : @_int_malloc+307    :   ldr   r3, [sp, #48]      : MemRead :  D=0x0000000000000000 A=0xbefffd10
1451000: system.cpu T0 : @_int_malloc+309    :   adds   r6, r6, #119      : IntAlu :  D=0x0000000000000000
1451500: system.cpu T0 : @_int_malloc+311    :   str.w   r12, [sp, #56]   : MemWrite :  D=0x0000000000000060 A=0xbefffd18
1452000: system.cpu T0 : @_int_malloc+315    :   str   r6, [sp, #64]      : MemWrite :  D=0x0000000000000077 A=0xbefffd20
1453000: system.cpu T0 : @_int_malloc+317    :   add.w   r6, r4, #48      : IntAlu :  D=0x00000000000694dc
1454000: system.cpu T0 : @_int_malloc+321    :   ldr.w   r12, [sp, #32]   : MemRead :  D=0x0000000000000000 A=0xbefffd00
1454500: system.cpu T0 : @_int_malloc+325    :   adds   r3, r3, #110      : IntAlu :  D=0x0000000000000000
1455000: system.cpu T0 : @_int_malloc+327    :   str   r3, [sp, #60]      : MemWrite :  D=0x000000000000006e A=0xbefffd1c
1456000: system.cpu T0 : @_int_malloc+329    :   add.w   r12, r12, #124   : IntAlu :  D=0x000000000000007c
1457000: system.cpu T0 : @_int_malloc+333    :   str.w   r12, [sp, #68]   : MemWrite :  D=0x000000000000007c A=0xbefffd24
1458000: system.cpu T0 : @_int_malloc+337    :   add.w   r12, r5, #16     : IntAlu :  D=0x0000000000000b58
1459000: system.cpu T0 : @_int_malloc+341    :   str.w   r12, [sp, #44]   : MemWrite :  D=0x0000000000000b58 A=0xbefffd0c
1460000: system.cpu T0 : @_int_malloc+345    :   mov.w   r9, #10000       : IntAlu :  D=0x0000000000002710
1460500: system.cpu T0 : @_int_malloc+349    :   b                        : IntAlu : 
1461000: system.cpu T0 : @_int_malloc+407    :   ldr   r7, [r4, #60]      : MemRead :  D=0x00000000000694dc A=0x694e8
1461500: system.cpu T0 : @_int_malloc+409    :   cmps   r7, r6            : IntAlu :  D=0x0000000000000001
1462000: system.cpu T0 : @_int_malloc+411    :   b.w                      : IntAlu : 
1462500: system.cpu T0 : @_int_malloc+807    :   cmps   r5, r8            : IntAlu :  D=0x0000000000000001
1463000: system.cpu T0 : @_int_malloc+809    :   b                        : IntAlu : Predicated False
1463500: system.cpu T0 : @_int_malloc+811    :   ldr.w   r12, [sp, #24]   : MemRead :  D=0x0000000000000060 A=0xbefffcf8
1464000: system.cpu T0 : @_int_malloc+815    :   sub.w   r3, r12, #2      : IntAlu :  D=0x000000000000005e
1464500: system.cpu T0 : @_int_malloc+819    :   add.w   r3, fp, r3, LSL #3 : IntAlu :  D=0x00000000000697d4
1465000: system.cpu T0 : @_int_malloc+823    :   ldr   r2, [r3, #8]       : MemRead :  D=0x00000000000697d4 A=0x697dc
1465500: system.cpu T0 : @_int_malloc+825    :   cmps   r2, r3            : IntAlu :  D=0x0000000000000001
1466000: system.cpu T0 : @_int_malloc+827    :   b                        : IntAlu : 
1466500: system.cpu T0 : @_int_malloc+837    :   ldr   r3, [sp, #24]      : MemRead :  D=0x0000000000000060 A=0xbefffcf8
1467000: system.cpu T0 : @_int_malloc+839    :   movs   r1, #1            : IntAlu :  D=0x0000000000000000
1467500: system.cpu T0 : @_int_malloc+841    :   mov   r12, r4            : IntAlu :  D=0x00000000000694ac
1468000: system.cpu T0 : @_int_malloc+843    :   adds   r0, r3, #1        : IntAlu :  D=0x0000000000000000
1468500: system.cpu T0 : @_int_malloc+845    :   subs   r2, r3, #1        : IntAlu :  D=0x0000000000000001
1469000: system.cpu T0 : @_int_malloc+847    :   and.w   r3, r0, #31      : IntAlu :  D=0x0000000000000001
1469500: system.cpu T0 : @_int_malloc+851    :   movs   r0, r0, LSR #5    : IntAlu :  D=0x0000000000000000
1470500: system.cpu T0 : @_int_malloc+853    :   mov.w   r3, r1, LSL r3   : IntAlu :  D=0x0000000000000002
1471500: system.cpu T0 : @_int_malloc+857    :   add.w   r7, r0, #268     : IntAlu :  D=0x000000000000010f
1472500: system.cpu T0 : @_int_malloc+861    :   add.w   r2, fp, r2, LSL #3 : IntAlu :  D=0x00000000000697dc
1473500: system.cpu T0 : @_int_malloc+865    :   ldr.w   r1, [r4, -r7 LSL #2] : MemRead :  D=0x0000000000000000 A=0x698e8
1474000: system.cpu T0 : @_int_malloc+869    :   cmps   r3, r1            : IntAlu :  D=0x0000000000000001
1474500: system.cpu T0 : @_int_malloc+871    :   it                       : IntAlu : 
1475000: system.cpu T0 : @_int_malloc+873    :   mov   r4, #0             : IntAlu : Predicated False
1475500: system.cpu T0 : @_int_malloc+875    :   mov   r4, #1             : IntAlu :  D=0x0000000000000001
1476000: system.cpu T0 : @_int_malloc+877    :   cmps   r3, #0            : IntAlu :  D=0x0000000000000001
1476500: system.cpu T0 : @_int_malloc+879    :   it                       : IntAlu : 
1477500: system.cpu T0 : @_int_malloc+881    :   orr.w   r4, r4, #1       : IntAlu : Predicated False
1478000: system.cpu T0 : @_int_malloc+885    :   cbz                      : IntAlu : Predicated False
1478500: system.cpu T0 : @_int_malloc+887    :   add.w   r7, r12, r7, LSL #2 : IntAlu :  D=0x00000000000698e8
1479000: system.cpu T0 : @_int_malloc+891    :   adds   r0, r0, #1        : IntAlu :  D=0x0000000000000000
1479500: system.cpu T0 : @_int_malloc+893    :   cmps   r0, #3            : IntAlu :  D=0x0000000000000001
1480000: system.cpu T0 : @_int_malloc+895    :   b                        : IntAlu : 
1481000: system.cpu T0 : @_int_malloc+953    :   ldr.w   r7, [r12, #48]   : MemRead :  D=0x000000000006cd18 A=0x694dc
1481500: system.cpu T0 : @_int_malloc+957    :   mov   r4, r12            : IntAlu :  D=0x00000000000694ac
1482000: system.cpu T0 : @_int_malloc+959    :   ldr.w   r12, [sp, #44]   : MemRead :  D=0x0000000000000b58 A=0xbefffd0c
1482500: system.cpu T0 : @_int_malloc+963    :   ldr   r3, [r7, #4]       : MemRead :  D=0x00000000000212e9 A=0x6cd1c
1483500: system.cpu T0 : @_int_malloc+965    :   bic.w   r9, r3, #7       : IntAlu :  D=0x00000000000212e8
1484000: system.cpu T0 : @_int_malloc+969    :   cmps   r9, r12           : IntAlu :  D=0x0000000000000001
1484500: system.cpu T0 : @_int_malloc+971    :   b.w                      : IntAlu : 
1485000: system.cpu T0 : @_int_malloc+1567    :   mov.w   r0, #42216       : IntAlu :  D=0x000000000000a4e8
1485500: system.cpu T0 : @_int_malloc+1571    :   movt.w   r0, r0, #6      : IntAlu :  D=0x000000000006a4e8
1486000: system.cpu T0 : @_int_malloc+1575    :   adds   r2, r7, r5        : IntAlu :  D=0x0000000000000000
1487000: system.cpu T0 : @_int_malloc+1577    :   rsb.w   r1, r5, r9       : IntAlu :  D=0x00000000000207a0
1487500: system.cpu T0 : @_int_malloc+1581    :   ldr   r3, [r0, #32]      : MemRead :  D=0x0000000000000000 A=0x6a508
1488000: system.cpu T0 : @_int_malloc+1583    :   orr.w   r5, r5, #1       : IntAlu :  D=0x0000000000000b49
1488500: system.cpu T0 : @_int_malloc+1587    :   ldr   r0, [pc, #180]     : MemRead :  D=0x00000000000694ac A=0xc748
1489500: system.cpu T0 : @_int_malloc+1589    :   orr.w   r1, r1, #1       : IntAlu :  D=0x00000000000207a1
1490000: system.cpu T0 : @_int_malloc+1593    :   str   r2, [r4, #48]      : MemWrite :  D=0x000000000006d860 A=0x694dc
1490500: system.cpu T0 : @_int_malloc+1595    :   cmps   r4, r0            : IntAlu :  D=0x0000000000000001
1491000: system.cpu T0 : @_int_malloc+1597    :   it                       : IntAlu : 
1491500: system.cpu T0 : @_int_malloc+1599    :   mov   r0, #4             : IntAlu : Predicated False
1492000: system.cpu T0 : @_int_malloc+1601    :   mov   r0, #0             : IntAlu :  D=0x0000000000000000
1492500: system.cpu T0 : @_int_malloc+1603    :   orrs   r0, r0, r5        : IntAlu :  D=0x0000000000000000
1493000: system.cpu T0 : @_int_malloc+1605    :   str   r0, [r7, #4]       : MemWrite :  D=0x0000000000000b49 A=0x6cd1c
1493500: system.cpu T0 : @_int_malloc+1607    :   adds   r7, r7, #8        : IntAlu :  D=0x0000000000000000
1494000: system.cpu T0 : @_int_malloc+1609    :   str   r1, [r2, #4]       : MemWrite :  D=0x00000000000207a1 A=0x6d864
1494500: system.cpu T0 : @_int_malloc+1611    :   cmps   r3, #0            : IntAlu :  D=0x0000000000000001
1495500: system.cpu T0 : @_int_malloc+1613    :   b.w                      : IntAlu : 
1496000: system.cpu T0 : @_int_malloc+225    :   mov   r0, r7             : IntAlu :  D=0x000000000006cd20
1496500: system.cpu T0 : @_int_malloc+227    :   add   sp, sp, #76        : IntAlu :  D=0x00000000befffd2c
1497500: system.cpu T0 : @_int_malloc+229    : ldmstm                    
1497500: system.cpu T0 : @_int_malloc+229.0  :   ldr2_uop.w   r4,r5, [sp, #0] : MemRead :  D=0x0000000000000001 A=0xbefffd2c
1498000: system.cpu T0 : @_int_malloc+229.1  :   ldr2_uop.w   r6,r7, [sp, #8] : MemRead :  D=0x00000000befffd70 A=0xbefffd34
1498500: system.cpu T0 : @_int_malloc+229.2  :   ldr2_uop.w   r8,r9, [sp, #16] : MemRead :  D=0x0000000000000000 A=0xbefffd3c
1499000: system.cpu T0 : @_int_malloc+229.3  :   ldr2_uop.w   r10,fp, [sp, #24] : MemRead :  D=0x0000000000000000 A=0xbefffd44
1499500: system.cpu T0 : @_int_malloc+229.4  :   ldr_uop.w   r36, [sp, #32] : MemRead :  D=0x000000000000e217 A=0xbefffd4c
1500000: system.cpu T0 : @_int_malloc+229.5  :   addi_uop.w   sp, sp, #36 : IntAlu :  D=0x00000000befffd50
1500500: system.cpu T0 : @_int_malloc+229.6  :   uopReg_uop.w   pc, r36   : IntAlu :  D=0x000000000000e217
1501000: system.cpu T0 : @__libc_malloc+73    :   movs   r1, #0            : IntAlu :  D=0x0000000000000001
1501500: system.cpu T0 : @__libc_malloc+75    :   mov   r5, r0             : IntAlu :  D=0x000000000006cd20
1502000: system.cpu T0 : @__libc_malloc+77    :   cmps   r0, #0            : IntAlu :  D=0x0000000000000001
1502500: system.cpu T0 : @__libc_malloc+79    :   b                        : IntAlu : Predicated False
1503000: system.cpu T0 : @__libc_malloc+81    :   ldr   r3, [r4, #0]       : MemRead :  D=0x0000000000000001 A=0x694ac
1503500: system.cpu T0 : @__libc_malloc+83    :   dmb.w   #0               : IntAlu : 
1504000: system.cpu T0 : @__libc_malloc+87    :   ldrex.w   r2, [r4, #0]   : MemRead :  D=0x0000000000000001 A=0x694ac
1504500: system.cpu T0 : @__libc_malloc+91    :   cmps   r2, r3            : IntAlu :  D=0x0000000000000001
1505000: system.cpu T0 : @__libc_malloc+93    :   b                        : IntAlu : Predicated False
1505500: system.cpu T0 : @__libc_malloc+95    :   strex.w   r2, r1, [r4, #0] : MemWrite :  D=0x0000000000000000 A=0x694ac
1506000: system.cpu T0 : @__libc_malloc+99    :   teqs.w   r2, #0          : IntAlu :  D=0x0000000000000001
1506500: system.cpu T0 : @__libc_malloc+103    :   b                        : IntAlu : Predicated False
1507000: system.cpu T0 : @__libc_malloc+105    :   mov   r2, r3             : IntAlu :  D=0x0000000000000001
1507500: system.cpu T0 : @__libc_malloc+107    :   dmb.w   #0               : IntAlu : 
1508000: system.cpu T0 : @__libc_malloc+111    :   cmps   r3, r2            : IntAlu :  D=0x0000000000000001
1508500: system.cpu T0 : @__libc_malloc+113    :   b                        : IntAlu : Predicated False
1509000: system.cpu T0 : @__libc_malloc+115    :   cmps   r3, #1            : IntAlu :  D=0x0000000000000001
1510000: system.cpu T0 : @__libc_malloc+117    :   b.w                      : IntAlu : Predicated False
1511000: system.cpu T0 : @__libc_malloc+121    :   ldr.w   r3, [r5, #-4]    : MemRead :  D=0x0000000000000b49 A=0x6cd1c
1511500: system.cpu T0 : @__libc_malloc+125    :   movs   r1, r3, LSL #30   : IntAlu :  D=0x0000000000000000
1512000: system.cpu T0 : @__libc_malloc+127    :   b                        : IntAlu : Predicated False
1512500: system.cpu T0 : @__libc_malloc+129    :   movs   r2, r3, LSL #29   : IntAlu :  D=0x0000000000000000
1513000: system.cpu T0 : @__libc_malloc+131    :   it                       : IntAlu : 
1513500: system.cpu T0 : @__libc_malloc+133    :   ldr   r3, [pc, #432]     : MemRead :  D=0x00000000000694ac A=0xe404
1514000: system.cpu T0 : @__libc_malloc+135    :   b                        : IntAlu : Predicated False
1514500: system.cpu T0 : @__libc_malloc+137    :   cmps   r3, r4            : IntAlu :  D=0x0000000000000001
1515000: system.cpu T0 : @__libc_malloc+139    :   b.w                      : IntAlu : Predicated False
1515500: system.cpu T0 : @__libc_malloc+143    :   mov   r0, r5             : IntAlu :  D=0x000000000006cd20
1516000: system.cpu T0 : @__libc_malloc+145    : ldmstm                    
1516000: system.cpu T0 : @__libc_malloc+145.0  :   ldr2_uop   r3,r4, [sp, #0] : MemRead :  D=0x0000000000068fe0 A=0xbefffd50
1516500: system.cpu T0 : @__libc_malloc+145.1  :   ldr2_uop   r5,r6, [sp, #8] : MemRead :  D=0x000000000006cd08 A=0xbefffd58
1517000: system.cpu T0 : @__libc_malloc+145.2  :   ldr2_uop   r7,r36, [sp, #16] : MemRead :  D=0x0000000000028e7b A=0xbefffd60
1517500: system.cpu T0 : @__libc_malloc+145.3  :   addi_uop   sp, sp, #24   : IntAlu :  D=0x00000000befffd68
1518000: system.cpu T0 : @__libc_malloc+145.4  :   uopReg_uop   pc, r36     : IntAlu :  D=0x0000000000028e7b
1518500: system.cpu T0 : @_dl_init_paths+85    :   str   r0, [r6, #0]       : MemWrite :  D=0x000000000006cd20 A=0x6cd08
1519000: system.cpu T0 : @_dl_init_paths+87    :   cmps   r0, #0            : IntAlu :  D=0x0000000000000001
1520000: system.cpu T0 : @_dl_init_paths+89    :   b.w                      : IntAlu : Predicated False
1520500: system.cpu T0 : @_dl_init_paths+93    :   ldr   r2, [pc, #360]     : MemRead :  D=0x000000000004f0c8 A=0x28fec
1521000: system.cpu T0 : @_dl_init_paths+95    :   add.w   r3, r8, r8, LSL #2 : IntAlu :  D=0x000000000000000a
1521500: system.cpu T0 : @_dl_init_paths+99    :   add.w   fp, r6, #4       : IntAlu :  D=0x000000000006cd0c
1522000: system.cpu T0 : @_dl_init_paths+103    :   ldr.w   r10, [pc, #384]  : MemRead :  D=0x000000000006af5c A=0x29010
1522500: system.cpu T0 : @_dl_init_paths+107    :   mov.w   r8, #0           : IntAlu :  D=0x0000000000000000
1523000: system.cpu T0 : @_dl_init_paths+111    :   movs   r3, r3, LSL #2    : IntAlu :  D=0x0000000000000000
1524000: system.cpu T0 : @_dl_init_paths+113    :   add.w   r1, r6, #16      : IntAlu :  D=0x000000000006cd18
1524500: system.cpu T0 : @_dl_init_paths+117    :   str   r3, [r7, #4]       : MemWrite :  D=0x0000000000000028 A=0xbefffd74
1525000: system.cpu T0 : @_dl_init_paths+119    :   str   r1, [r7, #12]      : MemWrite :  D=0x000000000006cd18 A=0xbefffd7c
1525500: system.cpu T0 : @_dl_init_paths+121    :   mov   r3, r8             : IntAlu :  D=0x0000000000000000
1526000: system.cpu T0 : @_dl_init_paths+123    :   mov.w   r1, #63672       : IntAlu :  D=0x000000000000f8b8
1526500: system.cpu T0 : @_dl_init_paths+127    :   movt.w   r1, r1, #4      : IntAlu :  D=0x000000000004f8b8
1527000: system.cpu T0 : @_dl_init_paths+131    :   str   r1, [r0, #4]       : MemWrite :  D=0x000000000004f8b8 A=0x6cd24
1527500: system.cpu T0 : @_dl_init_paths+133    :   mov   r1, fp             : IntAlu :  D=0x000000000006cd0c
1528000: system.cpu T0 : @_dl_init_paths+135    :   add.w   r12, r2, #26     : IntAlu :  D=0x000000000004f0e2
1528500: system.cpu T0 : @_dl_init_paths+139    :   add.w   r9, r2, #72      : IntAlu :  D=0x000000000004f110
1529000: system.cpu T0 : @_dl_init_paths+143    :   str   r2, [r0, #12]      : MemWrite :  D=0x000000000004f0c8 A=0x6cd2c
1529500: system.cpu T0 : @_dl_init_paths+145    :   movs   r2, #25           : IntAlu :  D=0x0000000000000000
1530000: system.cpu T0 : @_dl_init_paths+147    :   str.w   r8, [r4, #20]    : MemWrite :  D=0x0000000000000000 A=0x68ff4
1530500: system.cpu T0 : @_dl_init_paths+151    :   str.w   r0, [r10, #0]    : MemWrite :  D=0x000000000006cd20 A=0x6af5c
1531000: system.cpu T0 : @_dl_init_paths+155    :   str.w   r8, [r0, #8]     : MemWrite :  D=0x0000000000000000 A=0x6cd28
1531500: system.cpu T0 : @_dl_init_paths+159    :   str   r2, [r0, #16]      : MemWrite :  D=0x0000000000000019 A=0x6cd30
1532000: system.cpu T0 : @_dl_init_paths+161    :   cbz                      : IntAlu : Predicated False
1532500: system.cpu T0 : @_dl_init_paths+163    :   movs   r2, #0            : IntAlu :  D=0x0000000000000001
1533000: system.cpu T0 : @_dl_init_paths+165    :   mov   r8, r0             : IntAlu :  D=0x000000000006cd20
1533500: system.cpu T0 : @_dl_init_paths+167    :   adds   r2, r2, #1        : IntAlu :  D=0x0000000000000000
1534500: system.cpu T0 : @_dl_init_paths+169    :   str.w   r3, [r8, #20]    : MemWrite :  D=0x0000000000000000 A=0x6cd34
1535000: system.cpu T0 : @_dl_init_paths+173    :   cmps   r2, r5            : IntAlu :  D=0x0000000000000001
1535500: system.cpu T0 : @_dl_init_paths+175    :   add.w   r8, r8, #4       : IntAlu :  D=0x000000000006cd24
1536000: system.cpu T0 : @_dl_init_paths+179    :   b                        : IntAlu : Predicated False
1536500: system.cpu T0 : @_dl_init_paths+181    :   ldr   r2, [r7, #12]      : MemRead :  D=0x000000000006cd18 A=0xbefffd7c
1537000: system.cpu T0 : @_dl_init_paths+183    :   cmps   r1, r2            : IntAlu :  D=0x0000000000000000
1537500: system.cpu T0 : @_dl_init_paths+185    :   b                        : IntAlu : Predicated False
1538000: system.cpu T0 : @_dl_init_paths+187    :   ldr.w   r8, [r7, #4]     : MemRead :  D=0x0000000000000028 A=0xbefffd74
1538500: system.cpu T0 : @_dl_init_paths+191    :   ldrb.w   fp, [r12, #0]   : MemRead :  D=0x000000000000002f A=0x4f0e2
1539000: system.cpu T0 : @_dl_init_paths+195    :   ldr.w   r6, [r9, #4]!   
1539000: system.cpu T0 : @_dl_init_paths+195.0  :   ldr.w   r6, [r9, #4]!    : MemRead :  D=0x000000000000001d A=0x4f114
1539500: system.cpu T0 : @_dl_init_paths+195.1  :   addi_uop.w   r9, r9, #4  : IntAlu :  D=0x000000000004f114
1540000: system.cpu T0 : @_dl_init_paths+199    :   add.w   r2, r0, r8       : IntAlu :  D=0x000000000006cd48
1540500: system.cpu T0 : @_dl_init_paths+203    :   cmps.w   fp, #47         : IntAlu :  D=0x0000000000000001
1541000: system.cpu T0 : @_dl_init_paths+207    :   mov   r8, r1             : IntAlu :  D=0x000000000006cd0c
1542000: system.cpu T0 : @_dl_init_paths+209    :   add.w   r10, r6, #1      : IntAlu :  D=0x000000000000001e
1542500: system.cpu T0 : @_dl_init_paths+213    :   str   r2, [r0, #0]       : MemWrite :  D=0x000000000006cd48 A=0x6cd20
1543000: system.cpu T0 : @_dl_init_paths+215    :   str.w   r2, [r8] #4     
1543000: system.cpu T0 : @_dl_init_paths+215.0  :   str.w   r2, [r8] #4      : MemWrite :  D=0x000000000006cd48 A=0x6cd0c
1543500: system.cpu T0 : @_dl_init_paths+215.1  :   addi_uop.w   r8, r8, #4  : IntAlu :  D=0x000000000006cd10
1544000: system.cpu T0 : @_dl_init_paths+219    :   mov.w   r0, #63672       : IntAlu :  D=0x000000000000f8b8
1544500: system.cpu T0 : @_dl_init_paths+223    :   add   r10, r10, r12      : IntAlu :  D=0x000000000004f100
1545500: system.cpu T0 : @_dl_init_paths+225    :   movt.w   r0, r0, #4      : IntAlu :  D=0x000000000004f8b8
1546000: system.cpu T0 : @_dl_init_paths+229    :   str   r3, [r2, #8]       : MemWrite :  D=0x0000000000000000 A=0x6cd50
1546500: system.cpu T0 : @_dl_init_paths+231    :   str   r0, [r2, #4]       : MemWrite :  D=0x000000000004f8b8 A=0x6cd4c
1547500: system.cpu T0 : @_dl_init_paths+233    :   str.w   r12, [r2, #12]   : MemWrite :  D=0x000000000004f0e2 A=0x6cd54
1548000: system.cpu T0 : @_dl_init_paths+237    :   str   r6, [r2, #16]      : MemWrite :  D=0x000000000000001d A=0x6cd58
1548500: system.cpu T0 : @_dl_init_paths+239    :   b                        : IntAlu : Predicated False
1549000: system.cpu T0 : @_dl_init_paths+241    :   mov   r6, r1             : IntAlu :  D=0x000000000006cd0c
1549500: system.cpu T0 : @_dl_init_paths+243    :   mov   r12, r10           : IntAlu :  D=0x000000000004f100
1550000: system.cpu T0 : @_dl_init_paths+245    :   mov   r1, r8             : IntAlu :  D=0x000000000006cd10
1550500: system.cpu T0 : @_dl_init_paths+247    :   mov   r0, r2             : IntAlu :  D=0x000000000006cd48
1551000: system.cpu T0 : @_dl_init_paths+249    :   b                        : IntAlu : 
1551500: system.cpu T0 : @_dl_init_paths+161    :   cbz                      : IntAlu : Predicated False
1552000: system.cpu T0 : @_dl_init_paths+163    :   movs   r2, #0            : IntAlu :  D=0x0000000000000001
1552500: system.cpu T0 : @_dl_init_paths+165    :   mov   r8, r0             : IntAlu :  D=0x000000000006cd48
1553000: system.cpu T0 : @_dl_init_paths+167    :   adds   r2, r2, #1        : IntAlu :  D=0x0000000000000000
1554000: system.cpu T0 : @_dl_init_paths+169    :   str.w   r3, [r8, #20]    : MemWrite :  D=0x0000000000000000 A=0x6cd5c
1554500: system.cpu T0 : @_dl_init_paths+173    :   cmps   r2, r5            : IntAlu :  D=0x0000000000000001
1555000: system.cpu T0 : @_dl_init_paths+175    :   add.w   r8, r8, #4       : IntAlu :  D=0x000000000006cd4c
1555500: system.cpu T0 : @_dl_init_paths+179    :   b                        : IntAlu : Predicated False
1556000: system.cpu T0 : @_dl_init_paths+181    :   ldr   r2, [r7, #12]      : MemRead :  D=0x000000000006cd18 A=0xbefffd7c
1556500: system.cpu T0 : @_dl_init_paths+183    :   cmps   r1, r2            : IntAlu :  D=0x0000000000000000
1557000: system.cpu T0 : @_dl_init_paths+185    :   b                        : IntAlu : Predicated False
1557500: system.cpu T0 : @_dl_init_paths+187    :   ldr.w   r8, [r7, #4]     : MemRead :  D=0x0000000000000028 A=0xbefffd74
1558000: system.cpu T0 : @_dl_init_paths+191    :   ldrb.w   fp, [r12, #0]   : MemRead :  D=0x000000000000002f A=0x4f100
1558500: system.cpu T0 : @_dl_init_paths+195    :   ldr.w   r6, [r9, #4]!   
1558500: system.cpu T0 : @_dl_init_paths+195.0  :   ldr.w   r6, [r9, #4]!    : MemRead :  D=0x0000000000000005 A=0x4f118
1559000: system.cpu T0 : @_dl_init_paths+195.1  :   addi_uop.w   r9, r9, #4  : IntAlu :  D=0x000000000004f118
1559500: system.cpu T0 : @_dl_init_paths+199    :   add.w   r2, r0, r8       : IntAlu :  D=0x000000000006cd70
1560000: system.cpu T0 : @_dl_init_paths+203    :   cmps.w   fp, #47         : IntAlu :  D=0x0000000000000001
1560500: system.cpu T0 : @_dl_init_paths+207    :   mov   r8, r1             : IntAlu :  D=0x000000000006cd10
1561500: system.cpu T0 : @_dl_init_paths+209    :   add.w   r10, r6, #1      : IntAlu :  D=0x0000000000000006
1562000: system.cpu T0 : @_dl_init_paths+213    :   str   r2, [r0, #0]       : MemWrite :  D=0x000000000006cd70 A=0x6cd48
1562500: system.cpu T0 : @_dl_init_paths+215    :   str.w   r2, [r8] #4     
1562500: system.cpu T0 : @_dl_init_paths+215.0  :   str.w   r2, [r8] #4      : MemWrite :  D=0x000000000006cd70 A=0x6cd10
1563000: system.cpu T0 : @_dl_init_paths+215.1  :   addi_uop.w   r8, r8, #4  : IntAlu :  D=0x000000000006cd14
1563500: system.cpu T0 : @_dl_init_paths+219    :   mov.w   r0, #63672       : IntAlu :  D=0x000000000000f8b8
1564000: system.cpu T0 : @_dl_init_paths+223    :   add   r10, r10, r12      : IntAlu :  D=0x000000000004f106
1565000: system.cpu T0 : @_dl_init_paths+225    :   movt.w   r0, r0, #4      : IntAlu :  D=0x000000000004f8b8
1565500: system.cpu T0 : @_dl_init_paths+229    :   str   r3, [r2, #8]       : MemWrite :  D=0x0000000000000000 A=0x6cd78
1566000: system.cpu T0 : @_dl_init_paths+231    :   str   r0, [r2, #4]       : MemWrite :  D=0x000000000004f8b8 A=0x6cd74
1567000: system.cpu T0 : @_dl_init_paths+233    :   str.w   r12, [r2, #12]   : MemWrite :  D=0x000000000004f100 A=0x6cd7c
1567500: system.cpu T0 : @_dl_init_paths+237    :   str   r6, [r2, #16]      : MemWrite :  D=0x0000000000000005 A=0x6cd80
1568000: system.cpu T0 : @_dl_init_paths+239    :   b                        : IntAlu : Predicated False
1568500: system.cpu T0 : @_dl_init_paths+241    :   mov   r6, r1             : IntAlu :  D=0x000000000006cd10
1569000: system.cpu T0 : @_dl_init_paths+243    :   mov   r12, r10           : IntAlu :  D=0x000000000004f106
1569500: system.cpu T0 : @_dl_init_paths+245    :   mov   r1, r8             : IntAlu :  D=0x000000000006cd14
1570000: system.cpu T0 : @_dl_init_paths+247    :   mov   r0, r2             : IntAlu :  D=0x000000000006cd70
1570500: system.cpu T0 : @_dl_init_paths+249    :   b                        : IntAlu : 
1571000: system.cpu T0 : @_dl_init_paths+161    :   cbz                      : IntAlu : Predicated False
1571500: system.cpu T0 : @_dl_init_paths+163    :   movs   r2, #0            : IntAlu :  D=0x0000000000000001
1572000: system.cpu T0 : @_dl_init_paths+165    :   mov   r8, r0             : IntAlu :  D=0x000000000006cd70
1572500: system.cpu T0 : @_dl_init_paths+167    :   adds   r2, r2, #1        : IntAlu :  D=0x0000000000000000
1573500: system.cpu T0 : @_dl_init_paths+169    :   str.w   r3, [r8, #20]    : MemWrite :  D=0x0000000000000000 A=0x6cd84
1574000: system.cpu T0 : @_dl_init_paths+173    :   cmps   r2, r5            : IntAlu :  D=0x0000000000000001
1574500: system.cpu T0 : @_dl_init_paths+175    :   add.w   r8, r8, #4       : IntAlu :  D=0x000000000006cd74
1575000: system.cpu T0 : @_dl_init_paths+179    :   b                        : IntAlu : Predicated False
1575500: system.cpu T0 : @_dl_init_paths+181    :   ldr   r2, [r7, #12]      : MemRead :  D=0x000000000006cd18 A=0xbefffd7c
1576000: system.cpu T0 : @_dl_init_paths+183    :   cmps   r1, r2            : IntAlu :  D=0x0000000000000000
1576500: system.cpu T0 : @_dl_init_paths+185    :   b                        : IntAlu : Predicated False
1577000: system.cpu T0 : @_dl_init_paths+187    :   ldr.w   r8, [r7, #4]     : MemRead :  D=0x0000000000000028 A=0xbefffd74
1577500: system.cpu T0 : @_dl_init_paths+191    :   ldrb.w   fp, [r12, #0]   : MemRead :  D=0x000000000000002f A=0x4f106
1578000: system.cpu T0 : @_dl_init_paths+195    :   ldr.w   r6, [r9, #4]!   
1578000: system.cpu T0 : @_dl_init_paths+195.0  :   ldr.w   r6, [r9, #4]!    : MemRead :  D=0x0000000000000009 A=0x4f11c
1578500: system.cpu T0 : @_dl_init_paths+195.1  :   addi_uop.w   r9, r9, #4  : IntAlu :  D=0x000000000004f11c
1579000: system.cpu T0 : @_dl_init_paths+199    :   add.w   r2, r0, r8       : IntAlu :  D=0x000000000006cd98
1579500: system.cpu T0 : @_dl_init_paths+203    :   cmps.w   fp, #47         : IntAlu :  D=0x0000000000000001
1580000: system.cpu T0 : @_dl_init_paths+207    :   mov   r8, r1             : IntAlu :  D=0x000000000006cd14
1581000: system.cpu T0 : @_dl_init_paths+209    :   add.w   r10, r6, #1      : IntAlu :  D=0x000000000000000a
1581500: system.cpu T0 : @_dl_init_paths+213    :   str   r2, [r0, #0]       : MemWrite :  D=0x000000000006cd98 A=0x6cd70
1582000: system.cpu T0 : @_dl_init_paths+215    :   str.w   r2, [r8] #4     
1582000: system.cpu T0 : @_dl_init_paths+215.0  :   str.w   r2, [r8] #4      : MemWrite :  D=0x000000000006cd98 A=0x6cd14
1582500: system.cpu T0 : @_dl_init_paths+215.1  :   addi_uop.w   r8, r8, #4  : IntAlu :  D=0x000000000006cd18
1583000: system.cpu T0 : @_dl_init_paths+219    :   mov.w   r0, #63672       : IntAlu :  D=0x000000000000f8b8
1583500: system.cpu T0 : @_dl_init_paths+223    :   add   r10, r10, r12      : IntAlu :  D=0x000000000004f110
1584500: system.cpu T0 : @_dl_init_paths+225    :   movt.w   r0, r0, #4      : IntAlu :  D=0x000000000004f8b8
1585000: system.cpu T0 : @_dl_init_paths+229    :   str   r3, [r2, #8]       : MemWrite :  D=0x0000000000000000 A=0x6cda0
1585500: system.cpu T0 : @_dl_init_paths+231    :   str   r0, [r2, #4]       : MemWrite :  D=0x000000000004f8b8 A=0x6cd9c
1586500: system.cpu T0 : @_dl_init_paths+233    :   str.w   r12, [r2, #12]   : MemWrite :  D=0x000000000004f106 A=0x6cda4
1587000: system.cpu T0 : @_dl_init_paths+237    :   str   r6, [r2, #16]      : MemWrite :  D=0x0000000000000009 A=0x6cda8
1587500: system.cpu T0 : @_dl_init_paths+239    :   b                        : IntAlu : Predicated False
1588000: system.cpu T0 : @_dl_init_paths+241    :   mov   r6, r1             : IntAlu :  D=0x000000000006cd14
1588500: system.cpu T0 : @_dl_init_paths+243    :   mov   r12, r10           : IntAlu :  D=0x000000000004f110
1589000: system.cpu T0 : @_dl_init_paths+245    :   mov   r1, r8             : IntAlu :  D=0x000000000006cd18
1589500: system.cpu T0 : @_dl_init_paths+247    :   mov   r0, r2             : IntAlu :  D=0x000000000006cd98
1590000: system.cpu T0 : @_dl_init_paths+249    :   b                        : IntAlu : 
1590500: system.cpu T0 : @_dl_init_paths+161    :   cbz                      : IntAlu : Predicated False
1591000: system.cpu T0 : @_dl_init_paths+163    :   movs   r2, #0            : IntAlu :  D=0x0000000000000001
1591500: system.cpu T0 : @_dl_init_paths+165    :   mov   r8, r0             : IntAlu :  D=0x000000000006cd98
1592000: system.cpu T0 : @_dl_init_paths+167    :   adds   r2, r2, #1        : IntAlu :  D=0x0000000000000000
1593000: system.cpu T0 : @_dl_init_paths+169    :   str.w   r3, [r8, #20]    : MemWrite :  D=0x0000000000000000 A=0x6cdac
1593500: system.cpu T0 : @_dl_init_paths+173    :   cmps   r2, r5            : IntAlu :  D=0x0000000000000001
1594000: system.cpu T0 : @_dl_init_paths+175    :   add.w   r8, r8, #4       : IntAlu :  D=0x000000000006cd9c
1594500: system.cpu T0 : @_dl_init_paths+179    :   b                        : IntAlu : Predicated False
1595000: system.cpu T0 : @_dl_init_paths+181    :   ldr   r2, [r7, #12]      : MemRead :  D=0x000000000006cd18 A=0xbefffd7c
1595500: system.cpu T0 : @_dl_init_paths+183    :   cmps   r1, r2            : IntAlu :  D=0x0000000000000001
1596000: system.cpu T0 : @_dl_init_paths+185    :   b                        : IntAlu : 
1596500: system.cpu T0 : @_dl_init_paths+251    :   movs   r3, #0            : IntAlu :  D=0x0000000000000001
1597000: system.cpu T0 : @_dl_init_paths+253    :   str   r3, [r0, #0]       : MemWrite :  D=0x0000000000000000 A=0x6cd98
1597500: system.cpu T0 : @_dl_init_paths+255    :   str   r3, [r6, #4]       : MemWrite :  D=0x0000000000000000 A=0x6cd18
1598000: system.cpu T0 : @_dl_init_paths+257    :   movs   r2, #29           : IntAlu :  D=0x0000000000000000
1598500: system.cpu T0 : @_dl_init_paths+259    :   ldr   r3, [pc, #196]     : MemRead :  D=0x000000000006acbc A=0x28ff0
1599000: system.cpu T0 : @_dl_init_paths+261    :   ldr   r0, [r7, #8]       : MemRead :  D=0x0000000000000000 A=0xbefffd78
1599500: system.cpu T0 : @_dl_init_paths+263    :   str   r2, [r3, #0]       : MemWrite :  D=0x000000000000001d A=0x6acbc
1600000: system.cpu T0 : @_dl_init_paths+265    :   cbz                      : IntAlu : 
1601000: system.cpu T0 : @_dl_init_paths+277    :   mov.w   r3, #4294967295  : IntAlu :  D=0x00000000ffffffff
1601500: system.cpu T0 : @_dl_init_paths+281    :   str   r3, [r4, #24]      : MemWrite :  D=0x00000000ffffffff A=0x68ff8
1602000: system.cpu T0 : @_dl_init_paths+283    :   add.w   r7, r7, #20      : IntAlu :  D=0x00000000befffd84
1602500: system.cpu T0 : @_dl_init_paths+287    :   mov   sp, r7             : IntAlu :  D=0x00000000befffd84
1603500: system.cpu T0 : @_dl_init_paths+289    : ldmstm                    
1603500: system.cpu T0 : @_dl_init_paths+289.0  :   ldr2_uop.w   r4,r5, [sp, #0] : MemRead :  D=0x00000000beffff34 A=0xbefffd84
1604000: system.cpu T0 : @_dl_init_paths+289.1  :   ldr2_uop.w   r6,r7, [sp, #8] : MemRead :  D=0x0000000000000000 A=0xbefffd8c
1604500: system.cpu T0 : @_dl_init_paths+289.2  :   ldr2_uop.w   r8,r9, [sp, #16] : MemRead :  D=0x0000000000000000 A=0xbefffd94
1605000: system.cpu T0 : @_dl_init_paths+289.3  :   ldr2_uop.w   r10,fp, [sp, #24] : MemRead :  D=0x0000000000000000 A=0xbefffd9c
1605500: system.cpu T0 : @_dl_init_paths+289.4  :   ldr_uop.w   r36, [sp, #32] : MemRead :  D=0x0000000000011e0b A=0xbefffda4
1606000: system.cpu T0 : @_dl_init_paths+289.5  :   addi_uop.w   sp, sp, #36 : IntAlu :  D=0x00000000befffda8
1606500: system.cpu T0 : @_dl_init_paths+289.6  :   uopReg_uop.w   pc, r36   : IntAlu :  D=0x0000000000011e0b
1607000: system.cpu T0 : @_dl_non_dynamic_init+61    :   ldr   r3, [pc, #396]     : MemRead :  D=0x000000000006af5c A=0x11f98
1607500: system.cpu T0 : @_dl_non_dynamic_init+63    :   ldr   r0, [pc, #396]     : MemRead :  D=0x000000000004c488 A=0x11f9c
1608000: system.cpu T0 : @_dl_non_dynamic_init+65    :   ldr   r2, [r3, #0]       : MemRead :  D=0x000000000006cd20 A=0x6af5c
1608500: system.cpu T0 : @_dl_non_dynamic_init+67    :   ldr   r3, [pc, #396]     : MemRead :  D=0x000000000006af48 A=0x11fa0
1609000: system.cpu T0 : @_dl_non_dynamic_init+69    :   str   r2, [r3, #0]       : MemWrite :  D=0x000000000006cd20 A=0x6af48
1609500: system.cpu T0 : @_dl_non_dynamic_init+71    :   bl.w                     : IntAlu :  D=0x0000000000011e19
1610000: system.cpu T0 : @qsort+15    : ldmstm                    
1610000: system.cpu T0 : @qsort+15.0  :   str_uop.w   r3, [sp, #32] : MemWrite :  D=0x000000000006af48 A=0xbefffd88
1610500: system.cpu T0 : @qsort+15.1  :   str_uop.w   r4, [sp, #28] : MemWrite :  D=0x000000000005fc4c A=0xbefffd8c
1611000: system.cpu T0 : @qsort+15.2  :   str_uop.w   r5, [sp, #24] : MemWrite :  D=0x00000000beffff34 A=0xbefffd90
1611500: system.cpu T0 : @qsort+15.3  :   str_uop.w   r6, [sp, #20] : MemWrite :  D=0x00000000beffff3c A=0xbefffd94
1612000: system.cpu T0 : @qsort+15.4  :   str_uop.w   r7, [sp, #16] : MemWrite :  D=0x0000000000000000 A=0xbefffd98
1612500: system.cpu T0 : @qsort+15.5  :   str_uop.w   r8, [sp, #12] : MemWrite :  D=0x0000000000069964 A=0xbefffd9c
1613000: system.cpu T0 : @qsort+15.6  :   str_uop.w   r9, [sp, #8] : MemWrite :  D=0x0000000000000000 A=0xbefffda0
1613500: system.cpu T0 : @qsort+15.7  :   str_uop.w   lr, [sp, #4] : MemWrite :  D=0x0000000000011e19 A=0xbefffda4
1614000: system.cpu T0 : @qsort+15.8  :   subi_uop.w   sp, sp, #32 : IntAlu :  D=0x00000000befffd88
1614500: system.cpu T0 : @getenv+3    :   mov   r8, r0             : IntAlu :  D=0x000000000004c488
1615500: system.cpu T0 : @getenv+5    :   blx.w                    : IntAlu :  D=0x0000000000015aa7
1616000: system.cpu T0 : @strlen    :   bic   r1, r0, #3         : IntAlu :  D=0x000000000004c488
1616500: system.cpu T0 : @strlen+4    :   ldr   r2, [r1] #4       
1616500: system.cpu T0 : @strlen+4.0  :   ldr   r2, [r1] #4        : MemRead :  D=0x00000000425f444c A=0x4c488
1617000: system.cpu T0 : @strlen+4.1  :   addi_uop   r1, r1, #4    : IntAlu :  D=0x000000000004c48c
1617500: system.cpu T0 : @strlen+8    :   ands   r3, r0, #3        : IntAlu :  D=0x0000000000000001
1618000: system.cpu T0 : @strlen+12    :   rsb   r0, r3, #0         : IntAlu :  D=0x0000000000000000
1618500: system.cpu T0 : @strlen+16    :   beq                      : IntAlu : 
1619000: system.cpu T0 : @Laligned    :   tsts   r2, #255          : IntAlu :  D=0x0000000000000000
1619500: system.cpu T0 : @Laligned+4    :   tstsne   r2, #65280      : IntAlu :  D=0x0000000000000000
1620000: system.cpu T0 : @Laligned+8    :   tstsne   r2, #16711680   : IntAlu :  D=0x0000000000000000
1620500: system.cpu T0 : @Laligned+12    :   tstsne   r2, #4278190080 : IntAlu :  D=0x0000000000000000
1621000: system.cpu T0 : @Laligned+16    :   addne   r0, r0, #4       : IntAlu :  D=0x0000000000000004
1621500: system.cpu T0 : @Laligned+20    :   ldrne   r2, [r1] #4     
1621500: system.cpu T0 : @Laligned+20.0  :   ldrne   r2, [r1] #4      : MemRead :  D=0x000000005f444e49 A=0x4c48c
1622000: system.cpu T0 : @Laligned+20.1  :   addi_uopne   r1, r1, #4  : IntAlu :  D=0x000000000004c490
1622500: system.cpu T0 : @Laligned+24    :   bne                      : IntAlu : 
1623000: system.cpu T0 : @Laligned    :   tsts   r2, #255          : IntAlu :  D=0x0000000000000000
1623500: system.cpu T0 : @Laligned+4    :   tstsne   r2, #65280      : IntAlu :  D=0x0000000000000000
1624000: system.cpu T0 : @Laligned+8    :   tstsne   r2, #16711680   : IntAlu :  D=0x0000000000000000
1624500: system.cpu T0 : @Laligned+12    :   tstsne   r2, #4278190080 : IntAlu :  D=0x0000000000000000
1625000: system.cpu T0 : @Laligned+16    :   addne   r0, r0, #4       : IntAlu :  D=0x0000000000000008
1625500: system.cpu T0 : @Laligned+20    :   ldrne   r2, [r1] #4     
1625500: system.cpu T0 : @Laligned+20.0  :   ldrne   r2, [r1] #4      : MemRead :  D=0x0000000000574f4e A=0x4c490
1626000: system.cpu T0 : @Laligned+20.1  :   addi_uopne   r1, r1, #4  : IntAlu :  D=0x000000000004c494
1626500: system.cpu T0 : @Laligned+24    :   bne                      : IntAlu : 
1627000: system.cpu T0 : @Laligned    :   tsts   r2, #255          : IntAlu :  D=0x0000000000000000
1627500: system.cpu T0 : @Laligned+4    :   tstsne   r2, #65280      : IntAlu :  D=0x0000000000000000
1628000: system.cpu T0 : @Laligned+8    :   tstsne   r2, #16711680   : IntAlu :  D=0x0000000000000000
1628500: system.cpu T0 : @Laligned+12    :   tstsne   r2, #4278190080 : IntAlu :  D=0x0000000000000001
1629000: system.cpu T0 : @Laligned+16    :   addne   r0, r0, #4       : IntAlu : Predicated False
1629500: system.cpu T0 : @Laligned+20    :   ldrne   r2, [r1] #4     
1629500: system.cpu T0 : @Laligned+20.0  :   ldrne   r2, [r1] #4      : MemRead : Predicated False
1630000: system.cpu T0 : @Laligned+20.1  :   addi_uopne   r1, r1, #4  : IntAlu : Predicated False
1630500: system.cpu T0 : @Laligned+24    :   bne                      : IntAlu : Predicated False
1631000: system.cpu T0 : @Llastword    :   tsts   r2, #255          : IntAlu :  D=0x0000000000000000
1631500: system.cpu T0 : @Llastword+4    :   addne   r0, r0, #1       : IntAlu :  D=0x0000000000000009
1632000: system.cpu T0 : @Llastword+8    :   tstsne   r2, #65280      : IntAlu :  D=0x0000000000000000
1632500: system.cpu T0 : @Llastword+12    :   addne   r0, r0, #1       : IntAlu :  D=0x000000000000000a
1633000: system.cpu T0 : @Llastword+16    :   tstsne   r2, #16711680   : IntAlu :  D=0x0000000000000000
1633500: system.cpu T0 : @Llastword+20    :   addne   r0, r0, #1       : IntAlu :  D=0x000000000000000b
1634000: system.cpu T0 : @Llastword+24    :   bx                       : IntAlu : 
1634500: system.cpu T0 : @getenv+9    :   ldr   r3, [pc, #172]     : MemRead :  D=0x000000000006a548 A=0x15b54
1635000: system.cpu T0 : @getenv+11    :   ldr   r5, [r3, #0]       : MemRead :  D=0x00000000beffff3c A=0x6a548
1635500: system.cpu T0 : @getenv+13    :   mov   r9, r0             : IntAlu :  D=0x000000000000000b
1636000: system.cpu T0 : @getenv+15    :   cmps   r5, #0            : IntAlu :  D=0x0000000000000001
1636500: system.cpu T0 : @getenv+17    :   b                        : IntAlu : Predicated False
1637000: system.cpu T0 : @getenv+19    :   ldrb.w   r1, [r8, #0]    : MemRead :  D=0x000000000000004c A=0x4c488
1637500: system.cpu T0 : @getenv+23    :   cmps   r1, #0            : IntAlu :  D=0x0000000000000001
1638000: system.cpu T0 : @getenv+25    :   b                        : IntAlu : Predicated False
1638500: system.cpu T0 : @getenv+27    :   ldrb.w   r6, [r8, #1]    : MemRead :  D=0x0000000000000044 A=0x4c489
1639000: system.cpu T0 : @getenv+31    :   cbnz                     : IntAlu : 
1639500: system.cpu T0 : @getenv+81    :   ldr   r4, [r5, #0]       : MemRead :  D=0x0000000000000000 A=0xbeffff3c
1640000: system.cpu T0 : @getenv+83    :   orr.w   r6, r1, r6, LSL #8 : IntAlu :  D=0x000000000000444c
1640500: system.cpu T0 : @getenv+87    :   sub.w   r7, r0, #2       : IntAlu :  D=0x0000000000000009
1641000: system.cpu T0 : @getenv+91    :   add.w   r8, r8, #2       : IntAlu :  D=0x000000000004c48a
1641500: system.cpu T0 : @getenv+95    :   cbz                      : IntAlu : 
1642000: system.cpu T0 : @getenv+153    :   mov   r0, r4             : IntAlu :  D=0x0000000000000000
1642500: system.cpu T0 : @getenv+155    : ldmstm                    
1642500: system.cpu T0 : @getenv+155.0  :   ldr2_uop.w   r3,r4, [sp, #0] : MemRead :  D=0x000000000005fc4c A=0xbefffd88
1643000: system.cpu T0 : @getenv+155.1  :   ldr2_uop.w   r5,r6, [sp, #8] : MemRead :  D=0x00000000beffff3c A=0xbefffd90
1643500: system.cpu T0 : @getenv+155.2  :   ldr2_uop.w   r7,r8, [sp, #16] : MemRead :  D=0x0000000000069964 A=0xbefffd98
1644000: system.cpu T0 : @getenv+155.3  :   ldr2_uop.w   r9,r36, [sp, #24] : MemRead :  D=0x0000000000011e19 A=0xbefffda0
1644500: system.cpu T0 : @getenv+155.4  :   addi_uop.w   sp, sp, #32 : IntAlu :  D=0x00000000befffda8
1645000: system.cpu T0 : @getenv+155.5  :   uopReg_uop.w   pc, r36   : IntAlu :  D=0x0000000000011e19
1645500: system.cpu T0 : @_dl_non_dynamic_init+75    :   cmps   r0, #0            : IntAlu :  D=0x0000000000000001
1646000: system.cpu T0 : @_dl_non_dynamic_init+77    :   it                       : IntAlu : 
1646500: system.cpu T0 : @_dl_non_dynamic_init+79    :   mov   r3, r0             : IntAlu : Predicated False
1647000: system.cpu T0 : @_dl_non_dynamic_init+81    :   mov   r3, r4             : IntAlu :  D=0x000000000005fc4c
1647500: system.cpu T0 : @_dl_non_dynamic_init+83    :   ldr   r0, [pc, #384]     : MemRead :  D=0x000000000004c494 A=0x11fa4
1648000: system.cpu T0 : @_dl_non_dynamic_init+85    :   ldrb   r2, [r3, #0]      : MemRead :  D=0x0000000000000000 A=0x5fc4c
1648500: system.cpu T0 : @_dl_non_dynamic_init+87    :   ldr   r3, [pc, #384]     : MemRead :  D=0x000000000006af28 A=0x11fa8
1649500: system.cpu T0 : @_dl_non_dynamic_init+89    :   rsbs.w   r2, r2, #1      : IntAlu :  D=0x0000000000000001
1650000: system.cpu T0 : @_dl_non_dynamic_init+93    :   it                       : IntAlu : 
1650500: system.cpu T0 : @_dl_non_dynamic_init+95    :   mov   r2, #0             : IntAlu : Predicated False
1651000: system.cpu T0 : @_dl_non_dynamic_init+97    :   str   r2, [r3, #0]       : MemWrite :  D=0x0000000000000001 A=0x6af28
1651500: system.cpu T0 : @_dl_non_dynamic_init+99    :   bl.w                     : IntAlu :  D=0x0000000000011e35
1652000: system.cpu T0 : @qsort+15    : ldmstm                    
1652000: system.cpu T0 : @qsort+15.0  :   str_uop.w   r3, [sp, #32] : MemWrite :  D=0x000000000006af28 A=0xbefffd88
1652500: system.cpu T0 : @qsort+15.1  :   str_uop.w   r4, [sp, #28] : MemWrite :  D=0x000000000005fc4c A=0xbefffd8c
1653000: system.cpu T0 : @qsort+15.2  :   str_uop.w   r5, [sp, #24] : MemWrite :  D=0x00000000beffff34 A=0xbefffd90
1653500: system.cpu T0 : @qsort+15.3  :   str_uop.w   r6, [sp, #20] : MemWrite :  D=0x00000000beffff3c A=0xbefffd94
1654000: system.cpu T0 : @qsort+15.4  :   str_uop.w   r7, [sp, #16] : MemWrite :  D=0x0000000000000000 A=0xbefffd98
1654500: system.cpu T0 : @qsort+15.5  :   str_uop.w   r8, [sp, #12] : MemWrite :  D=0x0000000000069964 A=0xbefffd9c
1655000: system.cpu T0 : @qsort+15.6  :   str_uop.w   r9, [sp, #8] : MemWrite :  D=0x0000000000000000 A=0xbefffda0
1655500: system.cpu T0 : @qsort+15.7  :   str_uop.w   lr, [sp, #4] : MemWrite :  D=0x0000000000011e35 A=0xbefffda4
1656000: system.cpu T0 : @qsort+15.8  :   subi_uop.w   sp, sp, #32 : IntAlu :  D=0x00000000befffd88
1656500: system.cpu T0 : @getenv+3    :   mov   r8, r0             : IntAlu :  D=0x000000000004c494
1657500: system.cpu T0 : @getenv+5    :   blx.w                    : IntAlu :  D=0x0000000000015aa7
1658000: system.cpu T0 : @strlen    :   bic   r1, r0, #3         : IntAlu :  D=0x000000000004c494
1658500: system.cpu T0 : @strlen+4    :   ldr   r2, [r1] #4       
1658500: system.cpu T0 : @strlen+4.0  :   ldr   r2, [r1] #4        : MemRead :  D=0x00000000425f444c A=0x4c494
1659000: system.cpu T0 : @strlen+4.1  :   addi_uop   r1, r1, #4    : IntAlu :  D=0x000000000004c498
1659500: system.cpu T0 : @strlen+8    :   ands   r3, r0, #3        : IntAlu :  D=0x0000000000000001
1660000: system.cpu T0 : @strlen+12    :   rsb   r0, r3, #0         : IntAlu :  D=0x0000000000000000
1660500: system.cpu T0 : @strlen+16    :   beq                      : IntAlu : 
1661000: system.cpu T0 : @Laligned    :   tsts   r2, #255          : IntAlu :  D=0x0000000000000000
1661500: system.cpu T0 : @Laligned+4    :   tstsne   r2, #65280      : IntAlu :  D=0x0000000000000000
1662000: system.cpu T0 : @Laligned+8    :   tstsne   r2, #16711680   : IntAlu :  D=0x0000000000000000
1662500: system.cpu T0 : @Laligned+12    :   tstsne   r2, #4278190080 : IntAlu :  D=0x0000000000000000
1663000: system.cpu T0 : @Laligned+16    :   addne   r0, r0, #4       : IntAlu :  D=0x0000000000000004
1663500: system.cpu T0 : @Laligned+20    :   ldrne   r2, [r1] #4     
1663500: system.cpu T0 : @Laligned+20.0  :   ldrne   r2, [r1] #4      : MemRead :  D=0x000000005f444e49 A=0x4c498
1664000: system.cpu T0 : @Laligned+20.1  :   addi_uopne   r1, r1, #4  : IntAlu :  D=0x000000000004c49c
1664500: system.cpu T0 : @Laligned+24    :   bne                      : IntAlu : 
1665000: system.cpu T0 : @Laligned    :   tsts   r2, #255          : IntAlu :  D=0x0000000000000000
1665500: system.cpu T0 : @Laligned+4    :   tstsne   r2, #65280      : IntAlu :  D=0x0000000000000000
1666000: system.cpu T0 : @Laligned+8    :   tstsne   r2, #16711680   : IntAlu :  D=0x0000000000000000
1666500: system.cpu T0 : @Laligned+12    :   tstsne   r2, #4278190080 : IntAlu :  D=0x0000000000000000
1667000: system.cpu T0 : @Laligned+16    :   addne   r0, r0, #4       : IntAlu :  D=0x0000000000000008
1667500: system.cpu T0 : @Laligned+20    :   ldrne   r2, [r1] #4     
1667500: system.cpu T0 : @Laligned+20.0  :   ldrne   r2, [r1] #4      : MemRead :  D=0x0000000000544f4e A=0x4c49c
1668000: system.cpu T0 : @Laligned+20.1  :   addi_uopne   r1, r1, #4  : IntAlu :  D=0x000000000004c4a0
1668500: system.cpu T0 : @Laligned+24    :   bne                      : IntAlu : 
1669000: system.cpu T0 : @Laligned    :   tsts   r2, #255          : IntAlu :  D=0x0000000000000000
1669500: system.cpu T0 : @Laligned+4    :   tstsne   r2, #65280      : IntAlu :  D=0x0000000000000000
1670000: system.cpu T0 : @Laligned+8    :   tstsne   r2, #16711680   : IntAlu :  D=0x0000000000000000
1670500: system.cpu T0 : @Laligned+12    :   tstsne   r2, #4278190080 : IntAlu :  D=0x0000000000000001
1671000: system.cpu T0 : @Laligned+16    :   addne   r0, r0, #4       : IntAlu : Predicated False
1671500: system.cpu T0 : @Laligned+20    :   ldrne   r2, [r1] #4     
1671500: system.cpu T0 : @Laligned+20.0  :   ldrne   r2, [r1] #4      : MemRead : Predicated False
1672000: system.cpu T0 : @Laligned+20.1  :   addi_uopne   r1, r1, #4  : IntAlu : Predicated False
1672500: system.cpu T0 : @Laligned+24    :   bne                      : IntAlu : Predicated False
1673000: system.cpu T0 : @Llastword    :   tsts   r2, #255          : IntAlu :  D=0x0000000000000000
1673500: system.cpu T0 : @Llastword+4    :   addne   r0, r0, #1       : IntAlu :  D=0x0000000000000009
1674000: system.cpu T0 : @Llastword+8    :   tstsne   r2, #65280      : IntAlu :  D=0x0000000000000000
1674500: system.cpu T0 : @Llastword+12    :   addne   r0, r0, #1       : IntAlu :  D=0x000000000000000a
1675000: system.cpu T0 : @Llastword+16    :   tstsne   r2, #16711680   : IntAlu :  D=0x0000000000000000
1675500: system.cpu T0 : @Llastword+20    :   addne   r0, r0, #1       : IntAlu :  D=0x000000000000000b
1676000: system.cpu T0 : @Llastword+24    :   bx                       : IntAlu : 
1676500: system.cpu T0 : @getenv+9    :   ldr   r3, [pc, #172]     : MemRead :  D=0x000000000006a548 A=0x15b54
1677000: system.cpu T0 : @getenv+11    :   ldr   r5, [r3, #0]       : MemRead :  D=0x00000000beffff3c A=0x6a548
1677500: system.cpu T0 : @getenv+13    :   mov   r9, r0             : IntAlu :  D=0x000000000000000b
1678000: system.cpu T0 : @getenv+15    :   cmps   r5, #0            : IntAlu :  D=0x0000000000000001
1678500: system.cpu T0 : @getenv+17    :   b                        : IntAlu : Predicated False
1679000: system.cpu T0 : @getenv+19    :   ldrb.w   r1, [r8, #0]    : MemRead :  D=0x000000000000004c A=0x4c494
1679500: system.cpu T0 : @getenv+23    :   cmps   r1, #0            : IntAlu :  D=0x0000000000000001
1680000: system.cpu T0 : @getenv+25    :   b                        : IntAlu : Predicated False
1680500: system.cpu T0 : @getenv+27    :   ldrb.w   r6, [r8, #1]    : MemRead :  D=0x0000000000000044 A=0x4c495
1681000: system.cpu T0 : @getenv+31    :   cbnz                     : IntAlu : 
1681500: system.cpu T0 : @getenv+81    :   ldr   r4, [r5, #0]       : MemRead :  D=0x0000000000000000 A=0xbeffff3c
1682000: system.cpu T0 : @getenv+83    :   orr.w   r6, r1, r6, LSL #8 : IntAlu :  D=0x000000000000444c
1682500: system.cpu T0 : @getenv+87    :   sub.w   r7, r0, #2       : IntAlu :  D=0x0000000000000009
1683000: system.cpu T0 : @getenv+91    :   add.w   r8, r8, #2       : IntAlu :  D=0x000000000004c496
1683500: system.cpu T0 : @getenv+95    :   cbz                      : IntAlu : 
1684000: system.cpu T0 : @getenv+153    :   mov   r0, r4             : IntAlu :  D=0x0000000000000000
1684500: system.cpu T0 : @getenv+155    : ldmstm                    
1684500: system.cpu T0 : @getenv+155.0  :   ldr2_uop.w   r3,r4, [sp, #0] : MemRead :  D=0x000000000005fc4c A=0xbefffd88
1685000: system.cpu T0 : @getenv+155.1  :   ldr2_uop.w   r5,r6, [sp, #8] : MemRead :  D=0x00000000beffff3c A=0xbefffd90
1685500: system.cpu T0 : @getenv+155.2  :   ldr2_uop.w   r7,r8, [sp, #16] : MemRead :  D=0x0000000000069964 A=0xbefffd98
1686000: system.cpu T0 : @getenv+155.3  :   ldr2_uop.w   r9,r36, [sp, #24] : MemRead :  D=0x0000000000011e35 A=0xbefffda0
1686500: system.cpu T0 : @getenv+155.4  :   addi_uop.w   sp, sp, #32 : IntAlu :  D=0x00000000befffda8
1687000: system.cpu T0 : @getenv+155.5  :   uopReg_uop.w   pc, r36   : IntAlu :  D=0x0000000000011e35
1687500: system.cpu T0 : @_dl_non_dynamic_init+103    :   cmps   r0, #0            : IntAlu :  D=0x0000000000000001
1688000: system.cpu T0 : @_dl_non_dynamic_init+105    :   it                       : IntAlu : 
1688500: system.cpu T0 : @_dl_non_dynamic_init+107    :   mov   r3, r0             : IntAlu : Predicated False
1689000: system.cpu T0 : @_dl_non_dynamic_init+109    :   mov   r3, r4             : IntAlu :  D=0x000000000005fc4c
1689500: system.cpu T0 : @_dl_non_dynamic_init+111    :   ldr   r0, [pc, #364]     : MemRead :  D=0x000000000004c4a0 A=0x11fac
1690000: system.cpu T0 : @_dl_non_dynamic_init+113    :   ldrb   r2, [r3, #0]      : MemRead :  D=0x0000000000000000 A=0x5fc4c
1690500: system.cpu T0 : @_dl_non_dynamic_init+115    :   ldr   r3, [pc, #364]     : MemRead :  D=0x000000000006af20 A=0x11fb0
1691000: system.cpu T0 : @_dl_non_dynamic_init+117    :   adds   r2, r2, #0        : IntAlu :  D=0x0000000000000000
1691500: system.cpu T0 : @_dl_non_dynamic_init+119    :   it                       : IntAlu : 
1692000: system.cpu T0 : @_dl_non_dynamic_init+121    :   mov   r2, #1             : IntAlu : Predicated False
1692500: system.cpu T0 : @_dl_non_dynamic_init+123    :   str   r2, [r3, #0]       : MemWrite :  D=0x0000000000000000 A=0x6af20
1693500: system.cpu T0 : @_dl_non_dynamic_init+125    :   bl.w                     : IntAlu :  D=0x0000000000011e4f
1694000: system.cpu T0 : @qsort+15    : ldmstm                    
1694000: system.cpu T0 : @qsort+15.0  :   str_uop.w   r3, [sp, #32] : MemWrite :  D=0x000000000006af20 A=0xbefffd88
1694500: system.cpu T0 : @qsort+15.1  :   str_uop.w   r4, [sp, #28] : MemWrite :  D=0x000000000005fc4c A=0xbefffd8c
1695000: system.cpu T0 : @qsort+15.2  :   str_uop.w   r5, [sp, #24] : MemWrite :  D=0x00000000beffff34 A=0xbefffd90
1695500: system.cpu T0 : @qsort+15.3  :   str_uop.w   r6, [sp, #20] : MemWrite :  D=0x00000000beffff3c A=0xbefffd94
1696000: system.cpu T0 : @qsort+15.4  :   str_uop.w   r7, [sp, #16] : MemWrite :  D=0x0000000000000000 A=0xbefffd98
1696500: system.cpu T0 : @qsort+15.5  :   str_uop.w   r8, [sp, #12] : MemWrite :  D=0x0000000000069964 A=0xbefffd9c
1697000: system.cpu T0 : @qsort+15.6  :   str_uop.w   r9, [sp, #8] : MemWrite :  D=0x0000000000000000 A=0xbefffda0
1697500: system.cpu T0 : @qsort+15.7  :   str_uop.w   lr, [sp, #4] : MemWrite :  D=0x0000000000011e4f A=0xbefffda4
1698000: system.cpu T0 : @qsort+15.8  :   subi_uop.w   sp, sp, #32 : IntAlu :  D=0x00000000befffd88
1698500: system.cpu T0 : @getenv+3    :   mov   r8, r0             : IntAlu :  D=0x000000000004c4a0
1699500: system.cpu T0 : @getenv+5    :   blx.w                    : IntAlu :  D=0x0000000000015aa7
1700000: system.cpu T0 : @strlen    :   bic   r1, r0, #3         : IntAlu :  D=0x000000000004c4a0
1700500: system.cpu T0 : @strlen+4    :   ldr   r2, [r1] #4       
1700500: system.cpu T0 : @strlen+4.0  :   ldr   r2, [r1] #4        : MemRead :  D=0x00000000445f444c A=0x4c4a0
1701000: system.cpu T0 : @strlen+4.1  :   addi_uop   r1, r1, #4    : IntAlu :  D=0x000000000004c4a4
1701500: system.cpu T0 : @strlen+8    :   ands   r3, r0, #3        : IntAlu :  D=0x0000000000000001
1702000: system.cpu T0 : @strlen+12    :   rsb   r0, r3, #0         : IntAlu :  D=0x0000000000000000
1702500: system.cpu T0 : @strlen+16    :   beq                      : IntAlu : 
1703000: system.cpu T0 : @Laligned    :   tsts   r2, #255          : IntAlu :  D=0x0000000000000000
1703500: system.cpu T0 : @Laligned+4    :   tstsne   r2, #65280      : IntAlu :  D=0x0000000000000000
1704000: system.cpu T0 : @Laligned+8    :   tstsne   r2, #16711680   : IntAlu :  D=0x0000000000000000
1704500: system.cpu T0 : @Laligned+12    :   tstsne   r2, #4278190080 : IntAlu :  D=0x0000000000000000
1705000: system.cpu T0 : @Laligned+16    :   addne   r0, r0, #4       : IntAlu :  D=0x0000000000000004
1705500: system.cpu T0 : @Laligned+20    :   ldrne   r2, [r1] #4     
1705500: system.cpu T0 : @Laligned+20.0  :   ldrne   r2, [r1] #4      : MemRead :  D=0x000000004d414e59 A=0x4c4a4
1706000: system.cpu T0 : @Laligned+20.1  :   addi_uopne   r1, r1, #4  : IntAlu :  D=0x000000000004c4a8
1706500: system.cpu T0 : @Laligned+24    :   bne                      : IntAlu : 
1707000: system.cpu T0 : @Laligned    :   tsts   r2, #255          : IntAlu :  D=0x0000000000000000
1707500: system.cpu T0 : @Laligned+4    :   tstsne   r2, #65280      : IntAlu :  D=0x0000000000000000
1708000: system.cpu T0 : @Laligned+8    :   tstsne   r2, #16711680   : IntAlu :  D=0x0000000000000000
1708500: system.cpu T0 : @Laligned+12    :   tstsne   r2, #4278190080 : IntAlu :  D=0x0000000000000000
1709000: system.cpu T0 : @Laligned+16    :   addne   r0, r0, #4       : IntAlu :  D=0x0000000000000008
1709500: system.cpu T0 : @Laligned+20    :   ldrne   r2, [r1] #4     
1709500: system.cpu T0 : @Laligned+20.0  :   ldrne   r2, [r1] #4      : MemRead :  D=0x00000000575f4349 A=0x4c4a8
1710000: system.cpu T0 : @Laligned+20.1  :   addi_uopne   r1, r1, #4  : IntAlu :  D=0x000000000004c4ac
1710500: system.cpu T0 : @Laligned+24    :   bne                      : IntAlu : 
1711000: system.cpu T0 : @Laligned    :   tsts   r2, #255          : IntAlu :  D=0x0000000000000000
1711500: system.cpu T0 : @Laligned+4    :   tstsne   r2, #65280      : IntAlu :  D=0x0000000000000000
1712000: system.cpu T0 : @Laligned+8    :   tstsne   r2, #16711680   : IntAlu :  D=0x0000000000000000
1712500: system.cpu T0 : @Laligned+12    :   tstsne   r2, #4278190080 : IntAlu :  D=0x0000000000000000
1713000: system.cpu T0 : @Laligned+16    :   addne   r0, r0, #4       : IntAlu :  D=0x000000000000000c
1713500: system.cpu T0 : @Laligned+20    :   ldrne   r2, [r1] #4     
1713500: system.cpu T0 : @Laligned+20.0  :   ldrne   r2, [r1] #4      : MemRead :  D=0x00000000004b4145 A=0x4c4ac
1714000: system.cpu T0 : @Laligned+20.1  :   addi_uopne   r1, r1, #4  : IntAlu :  D=0x000000000004c4b0
1714500: system.cpu T0 : @Laligned+24    :   bne                      : IntAlu : 
1715000: system.cpu T0 : @Laligned    :   tsts   r2, #255          : IntAlu :  D=0x0000000000000000
1715500: system.cpu T0 : @Laligned+4    :   tstsne   r2, #65280      : IntAlu :  D=0x0000000000000000
1716000: system.cpu T0 : @Laligned+8    :   tstsne   r2, #16711680   : IntAlu :  D=0x0000000000000000
1716500: system.cpu T0 : @Laligned+12    :   tstsne   r2, #4278190080 : IntAlu :  D=0x0000000000000001
1717000: system.cpu T0 : @Laligned+16    :   addne   r0, r0, #4       : IntAlu : Predicated False
1717500: system.cpu T0 : @Laligned+20    :   ldrne   r2, [r1] #4     
1717500: system.cpu T0 : @Laligned+20.0  :   ldrne   r2, [r1] #4      : MemRead : Predicated False
1718000: system.cpu T0 : @Laligned+20.1  :   addi_uopne   r1, r1, #4  : IntAlu : Predicated False
1718500: system.cpu T0 : @Laligned+24    :   bne                      : IntAlu : Predicated False
1719000: system.cpu T0 : @Llastword    :   tsts   r2, #255          : IntAlu :  D=0x0000000000000000
1719500: system.cpu T0 : @Llastword+4    :   addne   r0, r0, #1       : IntAlu :  D=0x000000000000000d
1720000: system.cpu T0 : @Llastword+8    :   tstsne   r2, #65280      : IntAlu :  D=0x0000000000000000
1720500: system.cpu T0 : @Llastword+12    :   addne   r0, r0, #1       : IntAlu :  D=0x000000000000000e
1721000: system.cpu T0 : @Llastword+16    :   tstsne   r2, #16711680   : IntAlu :  D=0x0000000000000000
1721500: system.cpu T0 : @Llastword+20    :   addne   r0, r0, #1       : IntAlu :  D=0x000000000000000f
1722000: system.cpu T0 : @Llastword+24    :   bx                       : IntAlu : 
1722500: system.cpu T0 : @getenv+9    :   ldr   r3, [pc, #172]     : MemRead :  D=0x000000000006a548 A=0x15b54
1723000: system.cpu T0 : @getenv+11    :   ldr   r5, [r3, #0]       : MemRead :  D=0x00000000beffff3c A=0x6a548
1723500: system.cpu T0 : @getenv+13    :   mov   r9, r0             : IntAlu :  D=0x000000000000000f
1724000: system.cpu T0 : @getenv+15    :   cmps   r5, #0            : IntAlu :  D=0x0000000000000001
1724500: system.cpu T0 : @getenv+17    :   b                        : IntAlu : Predicated False
1725000: system.cpu T0 : @getenv+19    :   ldrb.w   r1, [r8, #0]    : MemRead :  D=0x000000000000004c A=0x4c4a0
1725500: system.cpu T0 : @getenv+23    :   cmps   r1, #0            : IntAlu :  D=0x0000000000000001
1726000: system.cpu T0 : @getenv+25    :   b                        : IntAlu : Predicated False
1726500: system.cpu T0 : @getenv+27    :   ldrb.w   r6, [r8, #1]    : MemRead :  D=0x0000000000000044 A=0x4c4a1
1727000: system.cpu T0 : @getenv+31    :   cbnz                     : IntAlu : 
1727500: system.cpu T0 : @getenv+81    :   ldr   r4, [r5, #0]       : MemRead :  D=0x0000000000000000 A=0xbeffff3c
1728000: system.cpu T0 : @getenv+83    :   orr.w   r6, r1, r6, LSL #8 : IntAlu :  D=0x000000000000444c
1728500: system.cpu T0 : @getenv+87    :   sub.w   r7, r0, #2       : IntAlu :  D=0x000000000000000d
1729000: system.cpu T0 : @getenv+91    :   add.w   r8, r8, #2       : IntAlu :  D=0x000000000004c4a2
1729500: system.cpu T0 : @getenv+95    :   cbz                      : IntAlu : 
1730000: system.cpu T0 : @getenv+153    :   mov   r0, r4             : IntAlu :  D=0x0000000000000000
1730500: system.cpu T0 : @getenv+155    : ldmstm                    
1730500: system.cpu T0 : @getenv+155.0  :   ldr2_uop.w   r3,r4, [sp, #0] : MemRead :  D=0x000000000005fc4c A=0xbefffd88
1731000: system.cpu T0 : @getenv+155.1  :   ldr2_uop.w   r5,r6, [sp, #8] : MemRead :  D=0x00000000beffff3c A=0xbefffd90
1731500: system.cpu T0 : @getenv+155.2  :   ldr2_uop.w   r7,r8, [sp, #16] : MemRead :  D=0x0000000000069964 A=0xbefffd98
1732000: system.cpu T0 : @getenv+155.3  :   ldr2_uop.w   r9,r36, [sp, #24] : MemRead :  D=0x0000000000011e4f A=0xbefffda0
1732500: system.cpu T0 : @getenv+155.4  :   addi_uop.w   sp, sp, #32 : IntAlu :  D=0x00000000befffda8
1733000: system.cpu T0 : @getenv+155.5  :   uopReg_uop.w   pc, r36   : IntAlu :  D=0x0000000000011e4f
1733500: system.cpu T0 : @_dl_non_dynamic_init+129    :   ldr   r3, [pc, #356]     : MemRead :  D=0x000000000006af40 A=0x11fb4
1734000: system.cpu T0 : @_dl_non_dynamic_init+131    :   cmps   r0, #0            : IntAlu :  D=0x0000000000000001
1734500: system.cpu T0 : @_dl_non_dynamic_init+133    :   it                       : IntAlu : 
1735000: system.cpu T0 : @_dl_non_dynamic_init+135    :   mov   r4, r0             : IntAlu : Predicated False
1735500: system.cpu T0 : @_dl_non_dynamic_init+137    :   ldr   r0, [pc, #352]     : MemRead :  D=0x000000000004c4b0 A=0x11fb8
1736000: system.cpu T0 : @_dl_non_dynamic_init+139    :   ldrb   r2, [r4, #0]      : MemRead :  D=0x0000000000000000 A=0x5fc4c
1737000: system.cpu T0 : @_dl_non_dynamic_init+141    :   rsbs.w   r2, r2, #1      : IntAlu :  D=0x0000000000000001
1737500: system.cpu T0 : @_dl_non_dynamic_init+145    :   it                       : IntAlu : 
1738000: system.cpu T0 : @_dl_non_dynamic_init+147    :   mov   r2, #0             : IntAlu : Predicated False
1738500: system.cpu T0 : @_dl_non_dynamic_init+149    :   str   r2, [r3, #0]       : MemWrite :  D=0x0000000000000001 A=0x6af40
1739000: system.cpu T0 : @_dl_non_dynamic_init+151    :   bl.w                     : IntAlu :  D=0x0000000000011e69
1739500: system.cpu T0 : @qsort+15    : ldmstm                    
1739500: system.cpu T0 : @qsort+15.0  :   str_uop.w   r3, [sp, #32] : MemWrite :  D=0x000000000006af40 A=0xbefffd88
1740000: system.cpu T0 : @qsort+15.1  :   str_uop.w   r4, [sp, #28] : MemWrite :  D=0x000000000005fc4c A=0xbefffd8c
1740500: system.cpu T0 : @qsort+15.2  :   str_uop.w   r5, [sp, #24] : MemWrite :  D=0x00000000beffff34 A=0xbefffd90
1741000: system.cpu T0 : @qsort+15.3  :   str_uop.w   r6, [sp, #20] : MemWrite :  D=0x00000000beffff3c A=0xbefffd94
1741500: system.cpu T0 : @qsort+15.4  :   str_uop.w   r7, [sp, #16] : MemWrite :  D=0x0000000000000000 A=0xbefffd98
1742000: system.cpu T0 : @qsort+15.5  :   str_uop.w   r8, [sp, #12] : MemWrite :  D=0x0000000000069964 A=0xbefffd9c
1742500: system.cpu T0 : @qsort+15.6  :   str_uop.w   r9, [sp, #8] : MemWrite :  D=0x0000000000000000 A=0xbefffda0
1743000: system.cpu T0 : @qsort+15.7  :   str_uop.w   lr, [sp, #4] : MemWrite :  D=0x0000000000011e69 A=0xbefffda4
1743500: system.cpu T0 : @qsort+15.8  :   subi_uop.w   sp, sp, #32 : IntAlu :  D=0x00000000befffd88
1744000: system.cpu T0 : @getenv+3    :   mov   r8, r0             : IntAlu :  D=0x000000000004c4b0
1745000: system.cpu T0 : @getenv+5    :   blx.w                    : IntAlu :  D=0x0000000000015aa7
1745500: system.cpu T0 : @strlen    :   bic   r1, r0, #3         : IntAlu :  D=0x000000000004c4b0
1746000: system.cpu T0 : @strlen+4    :   ldr   r2, [r1] #4       
1746000: system.cpu T0 : @strlen+4.0  :   ldr   r2, [r1] #4        : MemRead :  D=0x00000000505f444c A=0x4c4b0
1746500: system.cpu T0 : @strlen+4.1  :   addi_uop   r1, r1, #4    : IntAlu :  D=0x000000000004c4b4
1747000: system.cpu T0 : @strlen+8    :   ands   r3, r0, #3        : IntAlu :  D=0x0000000000000001
1747500: system.cpu T0 : @strlen+12    :   rsb   r0, r3, #0         : IntAlu :  D=0x0000000000000000
1748000: system.cpu T0 : @strlen+16    :   beq                      : IntAlu : 
1748500: system.cpu T0 : @Laligned    :   tsts   r2, #255          : IntAlu :  D=0x0000000000000000
1749000: system.cpu T0 : @Laligned+4    :   tstsne   r2, #65280      : IntAlu :  D=0x0000000000000000
1749500: system.cpu T0 : @Laligned+8    :   tstsne   r2, #16711680   : IntAlu :  D=0x0000000000000000
1750000: system.cpu T0 : @Laligned+12    :   tstsne   r2, #4278190080 : IntAlu :  D=0x0000000000000000
1750500: system.cpu T0 : @Laligned+16    :   addne   r0, r0, #4       : IntAlu :  D=0x0000000000000004
1751000: system.cpu T0 : @Laligned+20    :   ldrne   r2, [r1] #4     
1751000: system.cpu T0 : @Laligned+20.0  :   ldrne   r2, [r1] #4      : MemRead :  D=0x0000000049464f52 A=0x4c4b4
1751500: system.cpu T0 : @Laligned+20.1  :   addi_uopne   r1, r1, #4  : IntAlu :  D=0x000000000004c4b8
1752000: system.cpu T0 : @Laligned+24    :   bne                      : IntAlu : 
1752500: system.cpu T0 : @Laligned    :   tsts   r2, #255          : IntAlu :  D=0x0000000000000000
1753000: system.cpu T0 : @Laligned+4    :   tstsne   r2, #65280      : IntAlu :  D=0x0000000000000000
1753500: system.cpu T0 : @Laligned+8    :   tstsne   r2, #16711680   : IntAlu :  D=0x0000000000000000
1754000: system.cpu T0 : @Laligned+12    :   tstsne   r2, #4278190080 : IntAlu :  D=0x0000000000000000
1754500: system.cpu T0 : @Laligned+16    :   addne   r0, r0, #4       : IntAlu :  D=0x0000000000000008
1755000: system.cpu T0 : @Laligned+20    :   ldrne   r2, [r1] #4     
1755000: system.cpu T0 : @Laligned+20.0  :   ldrne   r2, [r1] #4      : MemRead :  D=0x000000004f5f454c A=0x4c4b8
1755500: system.cpu T0 : @Laligned+20.1  :   addi_uopne   r1, r1, #4  : IntAlu :  D=0x000000000004c4bc
1756000: system.cpu T0 : @Laligned+24    :   bne                      : IntAlu : 
1756500: system.cpu T0 : @Laligned    :   tsts   r2, #255          : IntAlu :  D=0x0000000000000000
1757000: system.cpu T0 : @Laligned+4    :   tstsne   r2, #65280      : IntAlu :  D=0x0000000000000000
1757500: system.cpu T0 : @Laligned+8    :   tstsne   r2, #16711680   : IntAlu :  D=0x0000000000000000
1758000: system.cpu T0 : @Laligned+12    :   tstsne   r2, #4278190080 : IntAlu :  D=0x0000000000000000
1758500: system.cpu T0 : @Laligned+16    :   addne   r0, r0, #4       : IntAlu :  D=0x000000000000000c
1759000: system.cpu T0 : @Laligned+20    :   ldrne   r2, [r1] #4     
1759000: system.cpu T0 : @Laligned+20.0  :   ldrne   r2, [r1] #4      : MemRead :  D=0x0000000055505455 A=0x4c4bc
1759500: system.cpu T0 : @Laligned+20.1  :   addi_uopne   r1, r1, #4  : IntAlu :  D=0x000000000004c4c0
1760000: system.cpu T0 : @Laligned+24    :   bne                      : IntAlu : 
1760500: system.cpu T0 : @Laligned    :   tsts   r2, #255          : IntAlu :  D=0x0000000000000000
1761000: system.cpu T0 : @Laligned+4    :   tstsne   r2, #65280      : IntAlu :  D=0x0000000000000000
1761500: system.cpu T0 : @Laligned+8    :   tstsne   r2, #16711680   : IntAlu :  D=0x0000000000000000
1762000: system.cpu T0 : @Laligned+12    :   tstsne   r2, #4278190080 : IntAlu :  D=0x0000000000000000
1762500: system.cpu T0 : @Laligned+16    :   addne   r0, r0, #4       : IntAlu :  D=0x0000000000000010
1763000: system.cpu T0 : @Laligned+20    :   ldrne   r2, [r1] #4     
1763000: system.cpu T0 : @Laligned+20.0  :   ldrne   r2, [r1] #4      : MemRead :  D=0x0000000000000054 A=0x4c4c0
1763500: system.cpu T0 : @Laligned+20.1  :   addi_uopne   r1, r1, #4  : IntAlu :  D=0x000000000004c4c4
1764000: system.cpu T0 : @Laligned+24    :   bne                      : IntAlu : 
1764500: system.cpu T0 : @Laligned    :   tsts   r2, #255          : IntAlu :  D=0x0000000000000000
1765000: system.cpu T0 : @Laligned+4    :   tstsne   r2, #65280      : IntAlu :  D=0x0000000000000001
1765500: system.cpu T0 : @Laligned+8    :   tstsne   r2, #16711680   : IntAlu : Predicated False
1766000: system.cpu T0 : @Laligned+12    :   tstsne   r2, #4278190080 : IntAlu : Predicated False
1766500: system.cpu T0 : @Laligned+16    :   addne   r0, r0, #4       : IntAlu : Predicated False
1767000: system.cpu T0 : @Laligned+20    :   ldrne   r2, [r1] #4     
1767000: system.cpu T0 : @Laligned+20.0  :   ldrne   r2, [r1] #4      : MemRead : Predicated False
1767500: system.cpu T0 : @Laligned+20.1  :   addi_uopne   r1, r1, #4  : IntAlu : Predicated False
1768000: system.cpu T0 : @Laligned+24    :   bne                      : IntAlu : Predicated False
1768500: system.cpu T0 : @Llastword    :   tsts   r2, #255          : IntAlu :  D=0x0000000000000000
1769000: system.cpu T0 : @Llastword+4    :   addne   r0, r0, #1       : IntAlu :  D=0x0000000000000011
1769500: system.cpu T0 : @Llastword+8    :   tstsne   r2, #65280      : IntAlu :  D=0x0000000000000001
1770000: system.cpu T0 : @Llastword+12    :   addne   r0, r0, #1       : IntAlu : Predicated False
1770500: system.cpu T0 : @Llastword+16    :   tstsne   r2, #16711680   : IntAlu : Predicated False
1771000: system.cpu T0 : @Llastword+20    :   addne   r0, r0, #1       : IntAlu : Predicated False
1771500: system.cpu T0 : @Llastword+24    :   bx                       : IntAlu : 
1772000: system.cpu T0 : @getenv+9    :   ldr   r3, [pc, #172]     : MemRead :  D=0x000000000006a548 A=0x15b54
1772500: system.cpu T0 : @getenv+11    :   ldr   r5, [r3, #0]       : MemRead :  D=0x00000000beffff3c A=0x6a548
1773000: system.cpu T0 : @getenv+13    :   mov   r9, r0             : IntAlu :  D=0x0000000000000011
1773500: system.cpu T0 : @getenv+15    :   cmps   r5, #0            : IntAlu :  D=0x0000000000000001
1774000: system.cpu T0 : @getenv+17    :   b                        : IntAlu : Predicated False
1774500: system.cpu T0 : @getenv+19    :   ldrb.w   r1, [r8, #0]    : MemRead :  D=0x000000000000004c A=0x4c4b0
1775000: system.cpu T0 : @getenv+23    :   cmps   r1, #0            : IntAlu :  D=0x0000000000000001
1775500: system.cpu T0 : @getenv+25    :   b                        : IntAlu : Predicated False
1776000: system.cpu T0 : @getenv+27    :   ldrb.w   r6, [r8, #1]    : MemRead :  D=0x0000000000000044 A=0x4c4b1
1776500: system.cpu T0 : @getenv+31    :   cbnz                     : IntAlu : 
1777000: system.cpu T0 : @getenv+81    :   ldr   r4, [r5, #0]       : MemRead :  D=0x0000000000000000 A=0xbeffff3c
1777500: system.cpu T0 : @getenv+83    :   orr.w   r6, r1, r6, LSL #8 : IntAlu :  D=0x000000000000444c
1778000: system.cpu T0 : @getenv+87    :   sub.w   r7, r0, #2       : IntAlu :  D=0x000000000000000f
1778500: system.cpu T0 : @getenv+91    :   add.w   r8, r8, #2       : IntAlu :  D=0x000000000004c4b2
1779000: system.cpu T0 : @getenv+95    :   cbz                      : IntAlu : 
1779500: system.cpu T0 : @getenv+153    :   mov   r0, r4             : IntAlu :  D=0x0000000000000000
1780000: system.cpu T0 : @getenv+155    : ldmstm                    
1780000: system.cpu T0 : @getenv+155.0  :   ldr2_uop.w   r3,r4, [sp, #0] : MemRead :  D=0x000000000005fc4c A=0xbefffd88
1780500: system.cpu T0 : @getenv+155.1  :   ldr2_uop.w   r5,r6, [sp, #8] : MemRead :  D=0x00000000beffff3c A=0xbefffd90
1781000: system.cpu T0 : @getenv+155.2  :   ldr2_uop.w   r7,r8, [sp, #16] : MemRead :  D=0x0000000000069964 A=0xbefffd98
1781500: system.cpu T0 : @getenv+155.3  :   ldr2_uop.w   r9,r36, [sp, #24] : MemRead :  D=0x0000000000011e69 A=0xbefffda0
1782000: system.cpu T0 : @getenv+155.4  :   addi_uop.w   sp, sp, #32 : IntAlu :  D=0x00000000befffda8
1782500: system.cpu T0 : @getenv+155.5  :   uopReg_uop.w   pc, r36   : IntAlu :  D=0x0000000000011e69
1783000: system.cpu T0 : @_dl_non_dynamic_init+155    :   ldr   r2, [pc, #336]     : MemRead :  D=0x000000000006aef8 A=0x11fbc
1783500: system.cpu T0 : @_dl_non_dynamic_init+157    :   str   r0, [r2, #0]       : MemWrite :  D=0x0000000000000000 A=0x6aef8
1784000: system.cpu T0 : @_dl_non_dynamic_init+159    :   cbz                      : IntAlu : 
1784500: system.cpu T0 : @_dl_non_dynamic_init+167    :   ldr   r3, [pc, #328]     : MemRead :  D=0x0000000000068fdc A=0x11fc0
1785000: system.cpu T0 : @_dl_non_dynamic_init+169    :   ldr   r1, [pc, #332]     : MemRead :  D=0x000000000004c2c1 A=0x11fc4
1785500: system.cpu T0 : @_dl_non_dynamic_init+171    :   ldr   r3, [r3, #0]       : MemRead :  D=0x0000000000000000 A=0x68fdc
1786500: system.cpu T0 : @_dl_non_dynamic_init+173    :   sub.w   r0, r1, #9       : IntAlu :  D=0x000000000004c2b8
1787000: system.cpu T0 : @_dl_non_dynamic_init+177    :   cmps   r3, #0            : IntAlu :  D=0x0000000000000001
1787500: system.cpu T0 : @_dl_non_dynamic_init+179    :   it                       : IntAlu : 
1788000: system.cpu T0 : @_dl_non_dynamic_init+181    :   mov   r1, r0             : IntAlu :  D=0x000000000004c2b8
1788500: system.cpu T0 : @_dl_non_dynamic_init+183    :   str   r1, [r2, #0]       : MemWrite :  D=0x000000000004c2b8 A=0x6aef8
1789000: system.cpu T0 : @_dl_non_dynamic_init+185    :   cbz                      : IntAlu : 
1790000: system.cpu T0 : @_dl_non_dynamic_init+225    :   ldr.w   r9, [pc, #316]   : MemRead :  D=0x000000000006af24 A=0x11fec
1791000: system.cpu T0 : @_dl_non_dynamic_init+229    :   ldr.w   r3, [r9, #0]     : MemRead :  D=0x0000000000000000 A=0x6af24
1791500: system.cpu T0 : @_dl_non_dynamic_init+233    :   cbz                      : IntAlu : 
1792000: system.cpu T0 : @_dl_non_dynamic_init+241    :   ldr   r0, [pc, #272]     : MemRead :  D=0x000000000004c4e4 A=0x11fd0
1792500: system.cpu T0 : @_dl_non_dynamic_init+243    :   bl.w                     : IntAlu :  D=0x0000000000011ec5
1793000: system.cpu T0 : @qsort+15    : ldmstm                    
1793000: system.cpu T0 : @qsort+15.0  :   str_uop.w   r3, [sp, #32] : MemWrite :  D=0x0000000000000000 A=0xbefffd88
1793500: system.cpu T0 : @qsort+15.1  :   str_uop.w   r4, [sp, #28] : MemWrite :  D=0x000000000005fc4c A=0xbefffd8c
1794000: system.cpu T0 : @qsort+15.2  :   str_uop.w   r5, [sp, #24] : MemWrite :  D=0x00000000beffff34 A=0xbefffd90
1794500: system.cpu T0 : @qsort+15.3  :   str_uop.w   r6, [sp, #20] : MemWrite :  D=0x00000000beffff3c A=0xbefffd94
1795000: system.cpu T0 : @qsort+15.4  :   str_uop.w   r7, [sp, #16] : MemWrite :  D=0x0000000000000000 A=0xbefffd98
1795500: system.cpu T0 : @qsort+15.5  :   str_uop.w   r8, [sp, #12] : MemWrite :  D=0x0000000000069964 A=0xbefffd9c
1796000: system.cpu T0 : @qsort+15.6  :   str_uop.w   r9, [sp, #8] : MemWrite :  D=0x000000000006af24 A=0xbefffda0
1796500: system.cpu T0 : @qsort+15.7  :   str_uop.w   lr, [sp, #4] : MemWrite :  D=0x0000000000011ec5 A=0xbefffda4
1797000: system.cpu T0 : @qsort+15.8  :   subi_uop.w   sp, sp, #32 : IntAlu :  D=0x00000000befffd88
1797500: system.cpu T0 : @getenv+3    :   mov   r8, r0             : IntAlu :  D=0x000000000004c4e4
1798500: system.cpu T0 : @getenv+5    :   blx.w                    : IntAlu :  D=0x0000000000015aa7
1799000: system.cpu T0 : @strlen    :   bic   r1, r0, #3         : IntAlu :  D=0x000000000004c4e4
1799500: system.cpu T0 : @strlen+4    :   ldr   r2, [r1] #4       
1799500: system.cpu T0 : @strlen+4.0  :   ldr   r2, [r1] #4        : MemRead :  D=0x00000000415f444c A=0x4c4e4
1800000: system.cpu T0 : @strlen+4.1  :   addi_uop   r1, r1, #4    : IntAlu :  D=0x000000000004c4e8
1800500: system.cpu T0 : @strlen+8    :   ands   r3, r0, #3        : IntAlu :  D=0x0000000000000001
1801000: system.cpu T0 : @strlen+12    :   rsb   r0, r3, #0         : IntAlu :  D=0x0000000000000000
1801500: system.cpu T0 : @strlen+16    :   beq                      : IntAlu : 
1802000: system.cpu T0 : @Laligned    :   tsts   r2, #255          : IntAlu :  D=0x0000000000000000
1802500: system.cpu T0 : @Laligned+4    :   tstsne   r2, #65280      : IntAlu :  D=0x0000000000000000
1803000: system.cpu T0 : @Laligned+8    :   tstsne   r2, #16711680   : IntAlu :  D=0x0000000000000000
1803500: system.cpu T0 : @Laligned+12    :   tstsne   r2, #4278190080 : IntAlu :  D=0x0000000000000000
1804000: system.cpu T0 : @Laligned+16    :   addne   r0, r0, #4       : IntAlu :  D=0x0000000000000004
1804500: system.cpu T0 : @Laligned+20    :   ldrne   r2, [r1] #4     
1804500: system.cpu T0 : @Laligned+20.0  :   ldrne   r2, [r1] #4      : MemRead :  D=0x000000004d555353 A=0x4c4e8
1805000: system.cpu T0 : @Laligned+20.1  :   addi_uopne   r1, r1, #4  : IntAlu :  D=0x000000000004c4ec
1805500: system.cpu T0 : @Laligned+24    :   bne                      : IntAlu : 
1806000: system.cpu T0 : @Laligned    :   tsts   r2, #255          : IntAlu :  D=0x0000000000000000
1806500: system.cpu T0 : @Laligned+4    :   tstsne   r2, #65280      : IntAlu :  D=0x0000000000000000
1807000: system.cpu T0 : @Laligned+8    :   tstsne   r2, #16711680   : IntAlu :  D=0x0000000000000000
1807500: system.cpu T0 : @Laligned+12    :   tstsne   r2, #4278190080 : IntAlu :  D=0x0000000000000000
1808000: system.cpu T0 : @Laligned+16    :   addne   r0, r0, #4       : IntAlu :  D=0x0000000000000008
1808500: system.cpu T0 : @Laligned+20    :   ldrne   r2, [r1] #4     
1808500: system.cpu T0 : @Laligned+20.0  :   ldrne   r2, [r1] #4      : MemRead :  D=0x00000000454b5f45 A=0x4c4ec
1809000: system.cpu T0 : @Laligned+20.1  :   addi_uopne   r1, r1, #4  : IntAlu :  D=0x000000000004c4f0
1809500: system.cpu T0 : @Laligned+24    :   bne                      : IntAlu : 
1810000: system.cpu T0 : @Laligned    :   tsts   r2, #255          : IntAlu :  D=0x0000000000000000
1810500: system.cpu T0 : @Laligned+4    :   tstsne   r2, #65280      : IntAlu :  D=0x0000000000000000
1811000: system.cpu T0 : @Laligned+8    :   tstsne   r2, #16711680   : IntAlu :  D=0x0000000000000000
1811500: system.cpu T0 : @Laligned+12    :   tstsne   r2, #4278190080 : IntAlu :  D=0x0000000000000000
1812000: system.cpu T0 : @Laligned+16    :   addne   r0, r0, #4       : IntAlu :  D=0x000000000000000c
1812500: system.cpu T0 : @Laligned+20    :   ldrne   r2, [r1] #4     
1812500: system.cpu T0 : @Laligned+20.0  :   ldrne   r2, [r1] #4      : MemRead :  D=0x000000004c454e52 A=0x4c4f0
1813000: system.cpu T0 : @Laligned+20.1  :   addi_uopne   r1, r1, #4  : IntAlu :  D=0x000000000004c4f4
1813500: system.cpu T0 : @Laligned+24    :   bne                      : IntAlu : 
1814000: system.cpu T0 : @Laligned    :   tsts   r2, #255          : IntAlu :  D=0x0000000000000000
1814500: system.cpu T0 : @Laligned+4    :   tstsne   r2, #65280      : IntAlu :  D=0x0000000000000000
1815000: system.cpu T0 : @Laligned+8    :   tstsne   r2, #16711680   : IntAlu :  D=0x0000000000000000
1815500: system.cpu T0 : @Laligned+12    :   tstsne   r2, #4278190080 : IntAlu :  D=0x0000000000000000
1816000: system.cpu T0 : @Laligned+16    :   addne   r0, r0, #4       : IntAlu :  D=0x0000000000000010
1816500: system.cpu T0 : @Laligned+20    :   ldrne   r2, [r1] #4     
1816500: system.cpu T0 : @Laligned+20.0  :   ldrne   r2, [r1] #4      : MemRead :  D=0x0000000000000000 A=0x4c4f4
1817000: system.cpu T0 : @Laligned+20.1  :   addi_uopne   r1, r1, #4  : IntAlu :  D=0x000000000004c4f8
1817500: system.cpu T0 : @Laligned+24    :   bne                      : IntAlu : 
1818000: system.cpu T0 : @Laligned    :   tsts   r2, #255          : IntAlu :  D=0x0000000000000001
1818500: system.cpu T0 : @Laligned+4    :   tstsne   r2, #65280      : IntAlu : Predicated False
1819000: system.cpu T0 : @Laligned+8    :   tstsne   r2, #16711680   : IntAlu : Predicated False
1819500: system.cpu T0 : @Laligned+12    :   tstsne   r2, #4278190080 : IntAlu : Predicated False
1820000: system.cpu T0 : @Laligned+16    :   addne   r0, r0, #4       : IntAlu : Predicated False
1820500: system.cpu T0 : @Laligned+20    :   ldrne   r2, [r1] #4     
1820500: system.cpu T0 : @Laligned+20.0  :   ldrne   r2, [r1] #4      : MemRead : Predicated False
1821000: system.cpu T0 : @Laligned+20.1  :   addi_uopne   r1, r1, #4  : IntAlu : Predicated False
1821500: system.cpu T0 : @Laligned+24    :   bne                      : IntAlu : Predicated False
1822000: system.cpu T0 : @Llastword    :   tsts   r2, #255          : IntAlu :  D=0x0000000000000001
1822500: system.cpu T0 : @Llastword+4    :   addne   r0, r0, #1       : IntAlu : Predicated False
1823000: system.cpu T0 : @Llastword+8    :   tstsne   r2, #65280      : IntAlu : Predicated False
1823500: system.cpu T0 : @Llastword+12    :   addne   r0, r0, #1       : IntAlu : Predicated False
1824000: system.cpu T0 : @Llastword+16    :   tstsne   r2, #16711680   : IntAlu : Predicated False
1824500: system.cpu T0 : @Llastword+20    :   addne   r0, r0, #1       : IntAlu : Predicated False
1825000: system.cpu T0 : @Llastword+24    :   bx                       : IntAlu : 
1825500: system.cpu T0 : @getenv+9    :   ldr   r3, [pc, #172]     : MemRead :  D=0x000000000006a548 A=0x15b54
1826000: system.cpu T0 : @getenv+11    :   ldr   r5, [r3, #0]       : MemRead :  D=0x00000000beffff3c A=0x6a548
1826500: system.cpu T0 : @getenv+13    :   mov   r9, r0             : IntAlu :  D=0x0000000000000010
1827000: system.cpu T0 : @getenv+15    :   cmps   r5, #0            : IntAlu :  D=0x0000000000000001
1827500: system.cpu T0 : @getenv+17    :   b                        : IntAlu : Predicated False
1828000: system.cpu T0 : @getenv+19    :   ldrb.w   r1, [r8, #0]    : MemRead :  D=0x000000000000004c A=0x4c4e4
1828500: system.cpu T0 : @getenv+23    :   cmps   r1, #0            : IntAlu :  D=0x0000000000000001
1829000: system.cpu T0 : @getenv+25    :   b                        : IntAlu : Predicated False
1829500: system.cpu T0 : @getenv+27    :   ldrb.w   r6, [r8, #1]    : MemRead :  D=0x0000000000000044 A=0x4c4e5
1830000: system.cpu T0 : @getenv+31    :   cbnz                     : IntAlu : 
1830500: system.cpu T0 : @getenv+81    :   ldr   r4, [r5, #0]       : MemRead :  D=0x0000000000000000 A=0xbeffff3c
1831000: system.cpu T0 : @getenv+83    :   orr.w   r6, r1, r6, LSL #8 : IntAlu :  D=0x000000000000444c
1831500: system.cpu T0 : @getenv+87    :   sub.w   r7, r0, #2       : IntAlu :  D=0x000000000000000e
1832000: system.cpu T0 : @getenv+91    :   add.w   r8, r8, #2       : IntAlu :  D=0x000000000004c4e6
1832500: system.cpu T0 : @getenv+95    :   cbz                      : IntAlu : 
1833000: system.cpu T0 : @getenv+153    :   mov   r0, r4             : IntAlu :  D=0x0000000000000000
1833500: system.cpu T0 : @getenv+155    : ldmstm                    
1833500: system.cpu T0 : @getenv+155.0  :   ldr2_uop.w   r3,r4, [sp, #0] : MemRead :  D=0x000000000005fc4c A=0xbefffd88
1834000: system.cpu T0 : @getenv+155.1  :   ldr2_uop.w   r5,r6, [sp, #8] : MemRead :  D=0x00000000beffff3c A=0xbefffd90
1834500: system.cpu T0 : @getenv+155.2  :   ldr2_uop.w   r7,r8, [sp, #16] : MemRead :  D=0x0000000000069964 A=0xbefffd98
1835000: system.cpu T0 : @getenv+155.3  :   ldr2_uop.w   r9,r36, [sp, #24] : MemRead :  D=0x0000000000011ec5 A=0xbefffda0
1835500: system.cpu T0 : @getenv+155.4  :   addi_uop.w   sp, sp, #32 : IntAlu :  D=0x00000000befffda8
1836000: system.cpu T0 : @getenv+155.5  :   uopReg_uop.w   pc, r36   : IntAlu :  D=0x0000000000011ec5
1836500: system.cpu T0 : @_dl_non_dynamic_init+247    :   mov   r5, r0             : IntAlu :  D=0x0000000000000000
1837000: system.cpu T0 : @_dl_non_dynamic_init+249    :   cbz                      : IntAlu : 
1838000: system.cpu T0 : @_dl_non_dynamic_init+309    :   ldr.w   r0, [r9, #0]     : MemRead :  D=0x0000000000000000 A=0x6af24
1838500: system.cpu T0 : @_dl_non_dynamic_init+313    :   cbz                      : IntAlu : 
1839000: system.cpu T0 : @_dl_non_dynamic_init+323    :   ldr   r3, [pc, #200]     : MemRead :  D=0x000000000006af2c A=0x11fdc
1839500: system.cpu T0 : @_dl_non_dynamic_init+325    :   ldr   r0, [r3, #0]       : MemRead :  D=0x0000000000008034 A=0x6af2c
1840000: system.cpu T0 : @_dl_non_dynamic_init+327    :   cbz                      : IntAlu : Predicated False
1840500: system.cpu T0 : @_dl_non_dynamic_init+329    :   ldr   r3, [pc, #200]     : MemRead :  D=0x000000000006af50 A=0x11fe0
1841000: system.cpu T0 : @_dl_non_dynamic_init+331    :   ldr   r4, [r3, #0]       : MemRead :  D=0x0000000000000007 A=0x6af50
1841500: system.cpu T0 : @_dl_non_dynamic_init+333    :   cbz                      : IntAlu : Predicated False
1842000: system.cpu T0 : @_dl_non_dynamic_init+335    :   ldr   r3, [r0, #0]       : MemRead :  D=0x0000000070000001 A=0x8034
1843000: system.cpu T0 : @_dl_non_dynamic_init+337    :   mov.w   r5, #58705       : IntAlu :  D=0x000000000000e551
1844000: system.cpu T0 : @_dl_non_dynamic_init+341    :   movt.w   r5, r5, #25716  : IntAlu :  D=0x000000006474e551
1844500: system.cpu T0 : @_dl_non_dynamic_init+345    :   cmps   r3, r5            : IntAlu :  D=0x0000000000000001
1845000: system.cpu T0 : @_dl_non_dynamic_init+347    :   b                        : IntAlu : Predicated False
1846000: system.cpu T0 : @_dl_non_dynamic_init+349    :   add.w   r2, r0, #32      : IntAlu :  D=0x0000000000008054
1846500: system.cpu T0 : @_dl_non_dynamic_init+353    :   movs   r3, #0            : IntAlu :  D=0x0000000000000001
1847000: system.cpu T0 : @_dl_non_dynamic_init+355    :   b                        : IntAlu : 
1847500: system.cpu T0 : @_dl_non_dynamic_init+365    :   adds   r3, r3, #1        : IntAlu :  D=0x0000000000000000
1848000: system.cpu T0 : @_dl_non_dynamic_init+367    :   mov   r0, r2             : IntAlu :  D=0x0000000000008054
1848500: system.cpu T0 : @_dl_non_dynamic_init+369    :   cmps   r3, r4            : IntAlu :  D=0x0000000000000000
1849000: system.cpu T0 : @_dl_non_dynamic_init+371    :   b                        : IntAlu : 
1850000: system.cpu T0 : @_dl_non_dynamic_init+357    :   ldr.w   r1, [r2] #32    
1850000: system.cpu T0 : @_dl_non_dynamic_init+357.0  :   ldr.w   r1, [r2] #32     : MemRead :  D=0x0000000000000001 A=0x8054
1850500: system.cpu T0 : @_dl_non_dynamic_init+357.1  :   addi_uop.w   r2, r2, #32 : IntAlu :  D=0x0000000000008074
1851000: system.cpu T0 : @_dl_non_dynamic_init+361    :   cmps   r1, r5            : IntAlu :  D=0x0000000000000000
1851500: system.cpu T0 : @_dl_non_dynamic_init+363    :   b                        : IntAlu : Predicated False
1852000: system.cpu T0 : @_dl_non_dynamic_init+365    :   adds   r3, r3, #1        : IntAlu :  D=0x0000000000000000
1852500: system.cpu T0 : @_dl_non_dynamic_init+367    :   mov   r0, r2             : IntAlu :  D=0x0000000000008074
1853000: system.cpu T0 : @_dl_non_dynamic_init+369    :   cmps   r3, r4            : IntAlu :  D=0x0000000000000000
1853500: system.cpu T0 : @_dl_non_dynamic_init+371    :   b                        : IntAlu : 
1854500: system.cpu T0 : @_dl_non_dynamic_init+357    :   ldr.w   r1, [r2] #32    
1854500: system.cpu T0 : @_dl_non_dynamic_init+357.0  :   ldr.w   r1, [r2] #32     : MemRead :  D=0x0000000000000001 A=0x8074
1855000: system.cpu T0 : @_dl_non_dynamic_init+357.1  :   addi_uop.w   r2, r2, #32 : IntAlu :  D=0x0000000000008094
1855500: system.cpu T0 : @_dl_non_dynamic_init+361    :   cmps   r1, r5            : IntAlu :  D=0x0000000000000000
1856000: system.cpu T0 : @_dl_non_dynamic_init+363    :   b                        : IntAlu : Predicated False
1856500: system.cpu T0 : @_dl_non_dynamic_init+365    :   adds   r3, r3, #1        : IntAlu :  D=0x0000000000000000
1857000: system.cpu T0 : @_dl_non_dynamic_init+367    :   mov   r0, r2             : IntAlu :  D=0x0000000000008094
1857500: system.cpu T0 : @_dl_non_dynamic_init+369    :   cmps   r3, r4            : IntAlu :  D=0x0000000000000000
1858000: system.cpu T0 : @_dl_non_dynamic_init+371    :   b                        : IntAlu : 
1859000: system.cpu T0 : @_dl_non_dynamic_init+357    :   ldr.w   r1, [r2] #32    
1859000: system.cpu T0 : @_dl_non_dynamic_init+357.0  :   ldr.w   r1, [r2] #32     : MemRead :  D=0x0000000000000004 A=0x8094
1859500: system.cpu T0 : @_dl_non_dynamic_init+357.1  :   addi_uop.w   r2, r2, #32 : IntAlu :  D=0x00000000000080b4
1860000: system.cpu T0 : @_dl_non_dynamic_init+361    :   cmps   r1, r5            : IntAlu :  D=0x0000000000000000
1860500: system.cpu T0 : @_dl_non_dynamic_init+363    :   b                        : IntAlu : Predicated False
1861000: system.cpu T0 : @_dl_non_dynamic_init+365    :   adds   r3, r3, #1        : IntAlu :  D=0x0000000000000000
1861500: system.cpu T0 : @_dl_non_dynamic_init+367    :   mov   r0, r2             : IntAlu :  D=0x00000000000080b4
1862000: system.cpu T0 : @_dl_non_dynamic_init+369    :   cmps   r3, r4            : IntAlu :  D=0x0000000000000000
1862500: system.cpu T0 : @_dl_non_dynamic_init+371    :   b                        : IntAlu : 
1863500: system.cpu T0 : @_dl_non_dynamic_init+357    :   ldr.w   r1, [r2] #32    
1863500: system.cpu T0 : @_dl_non_dynamic_init+357.0  :   ldr.w   r1, [r2] #32     : MemRead :  D=0x0000000000000007 A=0x80b4
1864000: system.cpu T0 : @_dl_non_dynamic_init+357.1  :   addi_uop.w   r2, r2, #32 : IntAlu :  D=0x00000000000080d4
1864500: system.cpu T0 : @_dl_non_dynamic_init+361    :   cmps   r1, r5            : IntAlu :  D=0x0000000000000000
1865000: system.cpu T0 : @_dl_non_dynamic_init+363    :   b                        : IntAlu : Predicated False
1865500: system.cpu T0 : @_dl_non_dynamic_init+365    :   adds   r3, r3, #1        : IntAlu :  D=0x0000000000000000
1866000: system.cpu T0 : @_dl_non_dynamic_init+367    :   mov   r0, r2             : IntAlu :  D=0x00000000000080d4
1866500: system.cpu T0 : @_dl_non_dynamic_init+369    :   cmps   r3, r4            : IntAlu :  D=0x0000000000000000
1867000: system.cpu T0 : @_dl_non_dynamic_init+371    :   b                        : IntAlu : 
1868000: system.cpu T0 : @_dl_non_dynamic_init+357    :   ldr.w   r1, [r2] #32    
1868000: system.cpu T0 : @_dl_non_dynamic_init+357.0  :   ldr.w   r1, [r2] #32     : MemRead :  D=0x000000006474e551 A=0x80d4
1868500: system.cpu T0 : @_dl_non_dynamic_init+357.1  :   addi_uop.w   r2, r2, #32 : IntAlu :  D=0x00000000000080f4
1869000: system.cpu T0 : @_dl_non_dynamic_init+361    :   cmps   r1, r5            : IntAlu :  D=0x0000000000000001
1869500: system.cpu T0 : @_dl_non_dynamic_init+363    :   b                        : IntAlu : 
1870000: system.cpu T0 : @_dl_non_dynamic_init+427    :   ldr   r3, [r0, #24]      : MemRead :  D=0x0000000000000006 A=0x80ec
1871000: system.cpu T0 : @_dl_non_dynamic_init+429    :   str.w   r3, [r8, #4]     : MemWrite :  D=0x0000000000000006 A=0x69968
1871500: system.cpu T0 : @_dl_non_dynamic_init+433    :   b                        : IntAlu : 
1872000: system.cpu T0 : @_dl_non_dynamic_init+373    :   add   sp, sp, #12        : IntAlu :  D=0x00000000befffdb4
1872500: system.cpu T0 : @_dl_non_dynamic_init+375    : ldmstm                    
1872500: system.cpu T0 : @_dl_non_dynamic_init+375.0  :   ldr2_uop.w   r4,r5, [sp, #0] : MemRead :  D=0x00000000beffff34 A=0xbefffdb4
1873000: system.cpu T0 : @_dl_non_dynamic_init+375.1  :   ldr2_uop.w   r6,r7, [sp, #8] : MemRead :  D=0x0000000000000000 A=0xbefffdbc
1873500: system.cpu T0 : @_dl_non_dynamic_init+375.2  :   ldr2_uop.w   r8,r9, [sp, #16] : MemRead :  D=0x0000000000000000 A=0xbefffdc4
1874000: system.cpu T0 : @_dl_non_dynamic_init+375.3  :   ldr_uop.w   r36, [sp, #24] : MemRead :  D=0x000000000001237b A=0xbefffdcc
1874500: system.cpu T0 : @_dl_non_dynamic_init+375.4  :   addi_uop.w   sp, sp, #28 : IntAlu :  D=0x00000000befffdd0
1875000: system.cpu T0 : @_dl_non_dynamic_init+375.5  :   uopReg_uop.w   pc, r36   : IntAlu :  D=0x000000000001237b
1875500: system.cpu T0 : @__libc_init_first+49    :   mov   r0, r4             : IntAlu :  D=0x0000000000000001
1876000: system.cpu T0 : @__libc_init_first+51    :   mov   r1, r5             : IntAlu :  D=0x00000000beffff34
1876500: system.cpu T0 : @__libc_init_first+53    :   mov   r2, r6             : IntAlu :  D=0x00000000beffff3c
1877000: system.cpu T0 : @__libc_init_first+55    :   bl.w                     : IntAlu :  D=0x0000000000012385
1877500: system.cpu T0 : @get_avphys_pages+11    : ldmstm                    
1877500: system.cpu T0 : @get_avphys_pages+11.0  :   str_uop   r3, [sp, #16]  : MemWrite :  D=0x0000000000000006 A=0xbefffdc0
1878000: system.cpu T0 : @get_avphys_pages+11.1  :   str_uop   r4, [sp, #12]  : MemWrite :  D=0x0000000000000001 A=0xbefffdc4
1878500: system.cpu T0 : @get_avphys_pages+11.2  :   str_uop   r5, [sp, #8]   : MemWrite :  D=0x00000000beffff34 A=0xbefffdc8
1879000: system.cpu T0 : @get_avphys_pages+11.3  :   str_uop   lr, [sp, #4]   : MemWrite :  D=0x0000000000012385 A=0xbefffdcc
1879500: system.cpu T0 : @get_avphys_pages+11.4  :   subi_uop   sp, sp, #16   : IntAlu :  D=0x00000000befffdc0
1880000: system.cpu T0 : @__init_misc+1    :   mov   r4, r1             : IntAlu :  D=0x00000000beffff34
1880500: system.cpu T0 : @__init_misc+3    :   cbz                      : IntAlu : Predicated False
1881000: system.cpu T0 : @__init_misc+5    :   ldr   r5, [r1, #0]       : MemRead :  D=0x00000000beffffe4 A=0xbeffff34
1881500: system.cpu T0 : @__init_misc+7    :   cbz                      : IntAlu : Predicated False
1882000: system.cpu T0 : @__init_misc+9    :   mov   r0, r5             : IntAlu :  D=0x00000000beffffe4
1882500: system.cpu T0 : @__init_misc+11    :   movs   r1, #47           : IntAlu :  D=0x0000000000000000
1883500: system.cpu T0 : @__init_misc+13    :   bl.w                     : IntAlu :  D=0x000000000001139f
1884000: system.cpu T0 : @strncpy+107    : ldmstm                    
1884000: system.cpu T0 : @strncpy+107.0  :   str_uop   r3, [sp, #16]  : MemWrite :  D=0x0000000000000006 A=0xbefffdb0
1884500: system.cpu T0 : @strncpy+107.1  :   str_uop   r4, [sp, #12]  : MemWrite :  D=0x00000000beffff34 A=0xbefffdb4
1885000: system.cpu T0 : @strncpy+107.2  :   str_uop   r5, [sp, #8]   : MemWrite :  D=0x00000000beffffe4 A=0xbefffdb8
1885500: system.cpu T0 : @strncpy+107.3  :   str_uop   lr, [sp, #4]   : MemWrite :  D=0x000000000001139f A=0xbefffdbc
1886000: system.cpu T0 : @strncpy+107.4  :   subi_uop   sp, sp, #16   : IntAlu :  D=0x00000000befffdb0
1886500: system.cpu T0 : @rindex+1    :   uxtb   r4, #0, r1        : IntAlu :  D=0x000000000000002f
1887000: system.cpu T0 : @rindex+3    :   mov   r3, r0             : IntAlu :  D=0x00000000beffffe4
1887500: system.cpu T0 : @rindex+5    :   cbz                      : IntAlu : Predicated False
1888000: system.cpu T0 : @rindex+7    :   movs   r5, #0            : IntAlu :  D=0x0000000000000001
1888500: system.cpu T0 : @rindex+9    :   b                        : IntAlu : 
1889000: system.cpu T0 : @rindex+15    :   mov   r0, r3             : IntAlu :  D=0x00000000beffffe4
1889500: system.cpu T0 : @rindex+17    :   mov   r1, r4             : IntAlu :  D=0x000000000000002f
1890000: system.cpu T0 : @rindex+19    :   bl.w                     : IntAlu :  D=0x0000000000021765
1890500: system.cpu T0 : @_IO_str_count+19    :   and.w   r1, r1, #255     : IntAlu :  D=0x000000000000002f
1891000: system.cpu T0 : @index+3    :   ldrb.w   r2, [r0] #1    
1891000: system.cpu T0 : @index+3.0  :   ldrb.w   r2, [r0] #1     : MemRead :  D=0x000000000000006d A=0xbeffffe4
1891500: system.cpu T0 : @index+3.1  :   addi_uop.w   r0, r0, #1  : IntAlu :  D=0x00000000beffffe5
1892000: system.cpu T0 : @index+7    :   cmps   r2, r1            : IntAlu :  D=0x0000000000000001
1892500: system.cpu T0 : @index+9    :   cbz                      : IntAlu : Predicated False
1893000: system.cpu T0 : @index+11    :   b                        : IntAlu : 
1893500: system.cpu T0 : @index+3    :   ldrb.w   r2, [r0] #1    
1893500: system.cpu T0 : @index+3.0  :   ldrb.w   r2, [r0] #1     : MemRead :  D=0x0000000000000079 A=0xbeffffe5
1894000: system.cpu T0 : @index+3.1  :   addi_uop.w   r0, r0, #1  : IntAlu :  D=0x00000000beffffe6
1894500: system.cpu T0 : @index+7    :   cmps   r2, r1            : IntAlu :  D=0x0000000000000001
1895000: system.cpu T0 : @index+9    :   cbz                      : IntAlu : Predicated False
1895500: system.cpu T0 : @index+11    :   b                        : IntAlu : 
1896000: system.cpu T0 : @index+3    :   ldrb.w   r2, [r0] #1    
1896000: system.cpu T0 : @index+3.0  :   ldrb.w   r2, [r0] #1     : MemRead :  D=0x0000000000000074 A=0xbeffffe6
1896500: system.cpu T0 : @index+3.1  :   addi_uop.w   r0, r0, #1  : IntAlu :  D=0x00000000beffffe7
1897000: system.cpu T0 : @index+7    :   cmps   r2, r1            : IntAlu :  D=0x0000000000000001
1897500: system.cpu T0 : @index+9    :   cbz                      : IntAlu : Predicated False
1898000: system.cpu T0 : @index+11    :   b                        : IntAlu : 
1898500: system.cpu T0 : @index+3    :   ldrb.w   r2, [r0] #1    
1898500: system.cpu T0 : @index+3.0  :   ldrb.w   r2, [r0] #1     : MemRead :  D=0x0000000000000065 A=0xbeffffe7
1899000: system.cpu T0 : @index+3.1  :   addi_uop.w   r0, r0, #1  : IntAlu :  D=0x00000000beffffe8
1899500: system.cpu T0 : @index+7    :   cmps   r2, r1            : IntAlu :  D=0x0000000000000001
1900000: system.cpu T0 : @index+9    :   cbz                      : IntAlu : Predicated False
1900500: system.cpu T0 : @index+11    :   b                        : IntAlu : 
1901000: system.cpu T0 : @index+3    :   ldrb.w   r2, [r0] #1    
1901000: system.cpu T0 : @index+3.0  :   ldrb.w   r2, [r0] #1     : MemRead :  D=0x0000000000000073 A=0xbeffffe8
1901500: system.cpu T0 : @index+3.1  :   addi_uop.w   r0, r0, #1  : IntAlu :  D=0x00000000beffffe9
1902000: system.cpu T0 : @index+7    :   cmps   r2, r1            : IntAlu :  D=0x0000000000000001
1902500: system.cpu T0 : @index+9    :   cbz                      : IntAlu : Predicated False
1903000: system.cpu T0 : @index+11    :   b                        : IntAlu : 
1903500: system.cpu T0 : @index+3    :   ldrb.w   r2, [r0] #1    
1903500: system.cpu T0 : @index+3.0  :   ldrb.w   r2, [r0] #1     : MemRead :  D=0x0000000000000074 A=0xbeffffe9
1904000: system.cpu T0 : @index+3.1  :   addi_uop.w   r0, r0, #1  : IntAlu :  D=0x00000000beffffea
1904500: system.cpu T0 : @index+7    :   cmps   r2, r1            : IntAlu :  D=0x0000000000000001
1905000: system.cpu T0 : @index+9    :   cbz                      : IntAlu : Predicated False
1905500: system.cpu T0 : @index+11    :   b                        : IntAlu : 
1906000: system.cpu T0 : @index+3    :   ldrb.w   r2, [r0] #1    
1906000: system.cpu T0 : @index+3.0  :   ldrb.w   r2, [r0] #1     : MemRead :  D=0x000000000000002f A=0xbeffffea
1906500: system.cpu T0 : @index+3.1  :   addi_uop.w   r0, r0, #1  : IntAlu :  D=0x00000000beffffeb
1907000: system.cpu T0 : @index+7    :   cmps   r2, r1            : IntAlu :  D=0x0000000000000001
1907500: system.cpu T0 : @index+9    :   cbz                      : IntAlu : Predicated False
1908000: system.cpu T0 : @index+11    :   b                        : IntAlu : Predicated False
1908500: system.cpu T0 : @index+13    :   subs   r0, r0, #1        : IntAlu :  D=0x0000000000000001
1909000: system.cpu T0 : @index+15    :   bx                       : IntAlu : 
1909500: system.cpu T0 : @rindex+23    :   cmps   r0, #0            : IntAlu :  D=0x0000000000000001
1910000: system.cpu T0 : @rindex+25    :   b                        : IntAlu : 
1910500: system.cpu T0 : @rindex+11    :   adds   r3, r0, #1        : IntAlu :  D=0x0000000000000000
1911000: system.cpu T0 : @rindex+13    :   mov   r5, r0             : IntAlu :  D=0x00000000beffffea
1911500: system.cpu T0 : @rindex+15    :   mov   r0, r3             : IntAlu :  D=0x00000000beffffeb
1912000: system.cpu T0 : @rindex+17    :   mov   r1, r4             : IntAlu :  D=0x000000000000002f
1912500: system.cpu T0 : @rindex+19    :   bl.w                     : IntAlu :  D=0x0000000000021765
1913000: system.cpu T0 : @_IO_str_count+19    :   and.w   r1, r1, #255     : IntAlu :  D=0x000000000000002f
1913500: system.cpu T0 : @index+3    :   ldrb.w   r2, [r0] #1    
1913500: system.cpu T0 : @index+3.0  :   ldrb.w   r2, [r0] #1     : MemRead :  D=0x0000000000000074 A=0xbeffffeb
1914000: system.cpu T0 : @index+3.1  :   addi_uop.w   r0, r0, #1  : IntAlu :  D=0x00000000beffffec
1914500: system.cpu T0 : @index+7    :   cmps   r2, r1            : IntAlu :  D=0x0000000000000001
1915000: system.cpu T0 : @index+9    :   cbz                      : IntAlu : Predicated False
1915500: system.cpu T0 : @index+11    :   b                        : IntAlu : 
1916000: system.cpu T0 : @index+3    :   ldrb.w   r2, [r0] #1    
1916000: system.cpu T0 : @index+3.0  :   ldrb.w   r2, [r0] #1     : MemRead :  D=0x0000000000000065 A=0xbeffffec
1916500: system.cpu T0 : @index+3.1  :   addi_uop.w   r0, r0, #1  : IntAlu :  D=0x00000000beffffed
1917000: system.cpu T0 : @index+7    :   cmps   r2, r1            : IntAlu :  D=0x0000000000000001
1917500: system.cpu T0 : @index+9    :   cbz                      : IntAlu : Predicated False
1918000: system.cpu T0 : @index+11    :   b                        : IntAlu : 
1918500: system.cpu T0 : @index+3    :   ldrb.w   r2, [r0] #1    
1918500: system.cpu T0 : @index+3.0  :   ldrb.w   r2, [r0] #1     : MemRead :  D=0x0000000000000073 A=0xbeffffed
1919000: system.cpu T0 : @index+3.1  :   addi_uop.w   r0, r0, #1  : IntAlu :  D=0x00000000beffffee
1919500: system.cpu T0 : @index+7    :   cmps   r2, r1            : IntAlu :  D=0x0000000000000001
1920000: system.cpu T0 : @index+9    :   cbz                      : IntAlu : Predicated False
1920500: system.cpu T0 : @index+11    :   b                        : IntAlu : 
1921000: system.cpu T0 : @index+3    :   ldrb.w   r2, [r0] #1    
1921000: system.cpu T0 : @index+3.0  :   ldrb.w   r2, [r0] #1     : MemRead :  D=0x0000000000000074 A=0xbeffffee
1921500: system.cpu T0 : @index+3.1  :   addi_uop.w   r0, r0, #1  : IntAlu :  D=0x00000000beffffef
1922000: system.cpu T0 : @index+7    :   cmps   r2, r1            : IntAlu :  D=0x0000000000000001
1922500: system.cpu T0 : @index+9    :   cbz                      : IntAlu : Predicated False
1923000: system.cpu T0 : @index+11    :   b                        : IntAlu : 
1923500: system.cpu T0 : @index+3    :   ldrb.w   r2, [r0] #1    
1923500: system.cpu T0 : @index+3.0  :   ldrb.w   r2, [r0] #1     : MemRead :  D=0x0000000000000000 A=0xbeffffef
1924000: system.cpu T0 : @index+3.1  :   addi_uop.w   r0, r0, #1  : IntAlu :  D=0x00000000befffff0
1924500: system.cpu T0 : @index+7    :   cmps   r2, r1            : IntAlu :  D=0x0000000000000000
1925000: system.cpu T0 : @index+9    :   cbz                      : IntAlu : 
1925500: system.cpu T0 : @index+17    :   cmps   r1, #0            : IntAlu :  D=0x0000000000000001
1926000: system.cpu T0 : @index+19    :   b                        : IntAlu : Predicated False
1927000: system.cpu T0 : @index+21    :   mov.w   r0, #0           : IntAlu :  D=0x0000000000000000
1927500: system.cpu T0 : @index+25    :   bx                       : IntAlu : 
1928000: system.cpu T0 : @rindex+23    :   cmps   r0, #0            : IntAlu :  D=0x0000000000000001
1928500: system.cpu T0 : @rindex+25    :   b                        : IntAlu : Predicated False
1929000: system.cpu T0 : @rindex+27    :   mov   r0, r5             : IntAlu :  D=0x00000000beffffea
1929500: system.cpu T0 : @rindex+29    : ldmstm                    
1929500: system.cpu T0 : @rindex+29.0  :   ldr2_uop   r3,r4, [sp, #0] : MemRead :  D=0x00000000beffff34 A=0xbefffdb0
1930000: system.cpu T0 : @rindex+29.1  :   ldr2_uop   r5,r36, [sp, #8] : MemRead :  D=0x000000000001139f A=0xbefffdb8
1930500: system.cpu T0 : @rindex+29.2  :   addi_uop   sp, sp, #16   : IntAlu :  D=0x00000000befffdc0
1931000: system.cpu T0 : @rindex+29.3  :   uopReg_uop   pc, r36     : IntAlu :  D=0x000000000001139f
1931500: system.cpu T0 : @__init_misc+17    :   ldr   r3, [pc, #16]      : MemRead :  D=0x000000000006995c A=0x113b0
1932000: system.cpu T0 : @__init_misc+19    :   cbz                      : IntAlu : Predicated False
1932500: system.cpu T0 : @__init_misc+21    :   adds   r0, r0, #1        : IntAlu :  D=0x0000000000000000
1933000: system.cpu T0 : @__init_misc+23    :   str   r0, [r3, #0]       : MemWrite :  D=0x00000000beffffeb A=0x6995c
1933500: system.cpu T0 : @__init_misc+25    :   ldr   r2, [r4, #0]       : MemRead :  D=0x00000000beffffe4 A=0xbeffff34
1934000: system.cpu T0 : @__init_misc+27    :   str   r2, [r3, #4]       : MemWrite :  D=0x00000000beffffe4 A=0x69960
1934500: system.cpu T0 : @__init_misc+29    : ldmstm                    
1934500: system.cpu T0 : @__init_misc+29.0  :   ldr2_uop   r3,r4, [sp, #0] : MemRead :  D=0x0000000000000001 A=0xbefffdc0
1935000: system.cpu T0 : @__init_misc+29.1  :   ldr2_uop   r5,r36, [sp, #8] : MemRead :  D=0x0000000000012385 A=0xbefffdc8
1935500: system.cpu T0 : @__init_misc+29.2  :   addi_uop   sp, sp, #16   : IntAlu :  D=0x00000000befffdd0
1936000: system.cpu T0 : @__init_misc+29.3  :   uopReg_uop   pc, r36     : IntAlu :  D=0x0000000000012385
1936500: system.cpu T0 : @__libc_init_first+59    : ldmstm                    
1936500: system.cpu T0 : @__libc_init_first+59.0  :   ldr2_uop.w   r4,r5, [sp, #0] : MemRead :  D=0x0000000000008df1 A=0xbefffdd0
1937000: system.cpu T0 : @__libc_init_first+59.1  :   ldr2_uop.w   r6,lr, [sp, #8] : MemRead :  D=0x0000000000008a41 A=0xbefffdd8
1937500: system.cpu T0 : @__libc_init_first+59.2  :   addi_uop.w   sp, sp, #16 : IntAlu :  D=0x00000000befffde0
1938000: system.cpu T0 : @__libc_init_first+63    :   b.w                      : IntAlu : 
1938500: system.cpu T0 : @__ctype_tolower_loc+23    :   ldr   r2, [pc, #52]      : MemRead :  D=0x0000000000056acc A=0x1259c
1939500: system.cpu T0 : @__ctype_init+1    :   mrc.w   r1, r276, #406561 : IntAlu :  D=0x000000000006c4c0
1940000: system.cpu T0 : @__ctype_init+5    : ldmstm                    
1940000: system.cpu T0 : @__ctype_init+5.0  :   str_uop   r4, [sp, #4]   : MemWrite :  D=0x00000000beffff3c A=0xbefffddc
1940500: system.cpu T0 : @__ctype_init+5.1  :   subi_uop   sp, sp, #4    : IntAlu :  D=0x00000000befffddc
1941000: system.cpu T0 : @__ctype_init+7    :   add   r2, r2, pc         : IntAlu :  D=0x000000000006903c
1941500: system.cpu T0 : @__ctype_init+9    :   ldr   r2, [r2, #0]       : MemRead :  D=0x000000000000000c A=0x6903c
1942000: system.cpu T0 : @__ctype_init+11    :   ldr   r3, [pc, #44]      : MemRead :  D=0x0000000000056a98 A=0x125a0
1942500: system.cpu T0 : @__ctype_init+13    :   ldr   r2, [r1, r2]       : MemRead :  D=0x0000000000069b54 A=0x6c4cc
1943000: system.cpu T0 : @__ctype_init+15    :   add   r3, r3, pc         : IntAlu :  D=0x0000000000069010
1943500: system.cpu T0 : @__ctype_init+17    :   ldr   r3, [r3, #0]       : MemRead :  D=0x0000000000000020 A=0x69010
1944000: system.cpu T0 : @__ctype_init+19    :   adds   r0, r1, r3        : IntAlu :  D=0x0000000000000000
1944500: system.cpu T0 : @__ctype_init+21    :   ldr   r4, [r2, #0]       : MemRead :  D=0x0000000000051cfc A=0x69b54
1945000: system.cpu T0 : @__ctype_init+23    :   ldr   r4, [r4, #36]      : MemRead :  D=0x0000000000053390 A=0x51d20
1946000: system.cpu T0 : @__ctype_init+25    :   add.w   r4, r4, #256     : IntAlu :  D=0x0000000000053490
1946500: system.cpu T0 : @__ctype_init+29    :   str   r4, [r1, r3]       : MemWrite :  D=0x0000000000053490 A=0x6c4e0
1947000: system.cpu T0 : @__ctype_init+31    :   ldr   r3, [r2, #0]       : MemRead :  D=0x0000000000051cfc A=0x69b54
1947500: system.cpu T0 : @__ctype_init+33    :   ldr   r3, [r3, #40]      : MemRead :  D=0x0000000000052990 A=0x51d24
1948000: system.cpu T0 : @__ctype_init+35    :   add.w   r3, r3, #512     : IntAlu :  D=0x0000000000052b90
1948500: system.cpu T0 : @__ctype_init+39    :   str   r3, [r0, #4]       : MemWrite :  D=0x0000000000052b90 A=0x6c4e4
1949000: system.cpu T0 : @__ctype_init+41    :   ldr   r3, [r2, #0]       : MemRead :  D=0x0000000000051cfc A=0x69b54
1949500: system.cpu T0 : @__ctype_init+43    :   ldr   r3, [r3, #48]      : MemRead :  D=0x0000000000052390 A=0x51d2c
1950500: system.cpu T0 : @__ctype_init+45    :   add.w   r3, r3, #512     : IntAlu :  D=0x0000000000052590
1951000: system.cpu T0 : @__ctype_init+49    :   str   r3, [r0, #8]       : MemWrite :  D=0x0000000000052590 A=0x6c4e8
1951500: system.cpu T0 : @__ctype_init+51    : ldmstm                    
1951500: system.cpu T0 : @__ctype_init+51.0  :   ldr_uop   r4, [sp, #0]   : MemRead :  D=0x00000000beffff3c A=0xbefffddc
1952000: system.cpu T0 : @__ctype_init+51.1  :   addi_uop   sp, sp, #4    : IntAlu :  D=0x00000000befffde0
1952500: system.cpu T0 : @__ctype_init+53    :   bx                       : IntAlu : 
1953000: system.cpu T0 : @__libc_start_main+211    :   cbz                      : IntAlu : Predicated False
1953500: system.cpu T0 : @__libc_start_main+213    :   movs   r1, #0            : IntAlu :  D=0x0000000000000001
1954000: system.cpu T0 : @__libc_start_main+215    :   mov   r0, r6             : IntAlu :  D=0x0000000000008e61
1954500: system.cpu T0 : @__libc_start_main+217    :   mov   r2, r1             : IntAlu :  D=0x0000000000000000
1955000: system.cpu T0 : @__libc_start_main+219    :   bl.w                     : IntAlu :  D=0x0000000000008a4d
1955500: system.cpu T0 : @__internal_atexit+43    :   mov.w   r3, #36988       : IntAlu :  D=0x000000000000907c
1956000: system.cpu T0 : @__cxa_atexit+3    :   movt.w   r3, r3, #6      : IntAlu :  D=0x000000000006907c
1956500: system.cpu T0 : @__cxa_atexit+7    :   b.w                      : IntAlu : 
1957000: system.cpu T0 : @__new_exitfn+303    : ldmstm                    
1957000: system.cpu T0 : @__new_exitfn+303.0  :   str_uop   r4, [sp, #16]  : MemWrite :  D=0x00000000beffff3c A=0xbefffdd0
1957500: system.cpu T0 : @__new_exitfn+303.1  :   str_uop   r5, [sp, #12]  : MemWrite :  D=0x0000000000008df1 A=0xbefffdd4
1958000: system.cpu T0 : @__new_exitfn+303.2  :   str_uop   r6, [sp, #8]   : MemWrite :  D=0x0000000000008e61 A=0xbefffdd8
1958500: system.cpu T0 : @__new_exitfn+303.3  :   str_uop   lr, [sp, #4]   : MemWrite :  D=0x0000000000008a4d A=0xbefffddc
1959000: system.cpu T0 : @__new_exitfn+303.4  :   subi_uop   sp, sp, #16   : IntAlu :  D=0x00000000befffdd0
1959500: system.cpu T0 : @__internal_atexit+1    :   mov   r4, r0             : IntAlu :  D=0x0000000000008e61
1960000: system.cpu T0 : @__internal_atexit+3    :   mov   r0, r3             : IntAlu :  D=0x000000000006907c
1960500: system.cpu T0 : @__internal_atexit+5    :   mov   r5, r1             : IntAlu :  D=0x0000000000000000
1961000: system.cpu T0 : @__internal_atexit+7    :   mov   r6, r2             : IntAlu :  D=0x0000000000000000
1962000: system.cpu T0 : @__internal_atexit+9    :   bl.w                     : IntAlu :  D=0x00000000000091ef
1962500: system.cpu T0 : @exit+15    : ldmstm                    
1962500: system.cpu T0 : @exit+15.0  :   str_uop.w   r4, [sp, #24] : MemWrite :  D=0x0000000000008e61 A=0xbefffdb8
1963000: system.cpu T0 : @exit+15.1  :   str_uop.w   r5, [sp, #20] : MemWrite :  D=0x0000000000000000 A=0xbefffdbc
1963500: system.cpu T0 : @exit+15.2  :   str_uop.w   r6, [sp, #16] : MemWrite :  D=0x0000000000000000 A=0xbefffdc0
1964000: system.cpu T0 : @exit+15.3  :   str_uop.w   r7, [sp, #12] : MemWrite :  D=0x0000000000000000 A=0xbefffdc4
1964500: system.cpu T0 : @exit+15.4  :   str_uop.w   r8, [sp, #8] : MemWrite :  D=0x0000000000000000 A=0xbefffdc8
1965000: system.cpu T0 : @exit+15.5  :   str_uop.w   lr, [sp, #4] : MemWrite :  D=0x00000000000091ef A=0xbefffdcc
1965500: system.cpu T0 : @exit+15.6  :   subi_uop.w   sp, sp, #24 : IntAlu :  D=0x00000000befffdb8
1966000: system.cpu T0 : @__new_exitfn+3    :   movs   r3, #0            : IntAlu :  D=0x0000000000000001
1966500: system.cpu T0 : @__new_exitfn+5    :   ldr   r4, [pc, #276]     : MemRead :  D=0x000000000006a29c A=0x91cc
1967000: system.cpu T0 : @__new_exitfn+7    :   movs   r1, #1            : IntAlu :  D=0x0000000000000000
1967500: system.cpu T0 : @__new_exitfn+9    :   mov   r6, r0             : IntAlu :  D=0x000000000006907c
1968000: system.cpu T0 : @__new_exitfn+11    :   dmb.w   #0               : IntAlu : 
1968500: system.cpu T0 : @__new_exitfn+15    :   ldrex.w   r2, [r4, #0]   : MemRead :  D=0x0000000000000000 A=0x6a29c
1969000: system.cpu T0 : @__new_exitfn+19    :   cmps   r2, r3            : IntAlu :  D=0x0000000000000001
1969500: system.cpu T0 : @__new_exitfn+21    :   b                        : IntAlu : Predicated False
1970000: system.cpu T0 : @__new_exitfn+23    :   strex.w   r2, r1, [r4, #0] : MemWrite :  D=0x0000000000000000 A=0x6a29c
1970500: system.cpu T0 : @__new_exitfn+27    :   teqs.w   r2, #0          : IntAlu :  D=0x0000000000000001
1971000: system.cpu T0 : @__new_exitfn+31    :   b                        : IntAlu : Predicated False
1971500: system.cpu T0 : @__new_exitfn+33    :   mov   r2, r3             : IntAlu :  D=0x0000000000000000
1972000: system.cpu T0 : @__new_exitfn+35    :   dmb.w   #0               : IntAlu : 
1972500: system.cpu T0 : @__new_exitfn+39    :   cmps   r2, #0            : IntAlu :  D=0x0000000000000001
1973000: system.cpu T0 : @__new_exitfn+41    :   b                        : IntAlu : Predicated False
1973500: system.cpu T0 : @__new_exitfn+43    :   ldr   r5, [r6, #0]       : MemRead :  D=0x000000000006a2a0 A=0x6907c
1974000: system.cpu T0 : @__new_exitfn+45    :   cmps   r5, #0            : IntAlu :  D=0x0000000000000001
1974500: system.cpu T0 : @__new_exitfn+47    :   b                        : IntAlu : Predicated False
1975000: system.cpu T0 : @__new_exitfn+49    :   movs   r0, #0            : IntAlu :  D=0x0000000000000001
1975500: system.cpu T0 : @__new_exitfn+51    :   mov   r12, r5            : IntAlu :  D=0x000000000006a2a0
1976000: system.cpu T0 : @__new_exitfn+53    :   mov   r8, r0             : IntAlu :  D=0x0000000000000000
1976500: system.cpu T0 : @__new_exitfn+55    :   ldr.w   r7, [r12, #4]    : MemRead :  D=0x0000000000000000 A=0x6a2a4
1977000: system.cpu T0 : @__new_exitfn+59    :   cbz                      : IntAlu : 
1977500: system.cpu T0 : @__new_exitfn+95    :   ldr.w   r3, [r12, #0]    : MemRead :  D=0x0000000000000000 A=0x6a2a0
1978000: system.cpu T0 : @__new_exitfn+99    :   mov   r0, r12            : IntAlu :  D=0x000000000006a2a0
1979000: system.cpu T0 : @__new_exitfn+101    :   str.w   r8, [r12, #4]    : MemWrite :  D=0x0000000000000000 A=0x6a2a4
1979500: system.cpu T0 : @__new_exitfn+105    :   cmps   r3, #0            : IntAlu :  D=0x0000000000000001
1980000: system.cpu T0 : @__new_exitfn+107    :   b                        : IntAlu : 
1980500: system.cpu T0 : @__new_exitfn+215    :   movs   r3, #1            : IntAlu :  D=0x0000000000000000
1981000: system.cpu T0 : @__new_exitfn+217    :   cmps   r0, #0            : IntAlu :  D=0x0000000000000001
1981500: system.cpu T0 : @__new_exitfn+219    :   b                        : IntAlu : 
1982000: system.cpu T0 : @__new_exitfn+203    :   movs   r3, #1            : IntAlu :  D=0x0000000000000000
1983000: system.cpu T0 : @__new_exitfn+205    :   add.w   r5, r0, #8       : IntAlu :  D=0x000000000006a2a8
1983500: system.cpu T0 : @__new_exitfn+209    :   str   r3, [r0, #4]       : MemWrite :  D=0x0000000000000001 A=0x6a2a4
1984000: system.cpu T0 : @__new_exitfn+211    :   b                        : IntAlu : 
1984500: system.cpu T0 : @__new_exitfn+129    :   ldr   r6, [pc, #156]     : MemRead :  D=0x000000000006aee0 A=0x91d0
1985000: system.cpu T0 : @__new_exitfn+131    :   movs   r3, #1            : IntAlu :  D=0x0000000000000000
1985500: system.cpu T0 : @__new_exitfn+133    :   str   r3, [r5, #0]       : MemWrite :  D=0x0000000000000001 A=0x6a2a8
1986000: system.cpu T0 : @__new_exitfn+135    :   movs   r0, #1            : IntAlu :  D=0x0000000000000000
1986500: system.cpu T0 : @__new_exitfn+137    :   movs   r1, #0            : IntAlu :  D=0x0000000000000001
1987000: system.cpu T0 : @__new_exitfn+139    :   ldrd.w   r2, r3, [r6, #0] : MemRead :  D=0x0000000000000000 A=0x6aee0
1987500: system.cpu T0 : @__new_exitfn+143    :   adds   r2, r2, r0        : IntAlu :  D=0x0000000000000000
1988500: system.cpu T0 : @__new_exitfn+145    :   adc.w   r3, r3, r1       : IntAlu :  D=0x0000000000000000
1989500: system.cpu T0 : @__new_exitfn+149    :   strd.w   r2, r3, [r6, #0] : MemWrite :  D=0x0000000000000001 A=0x6aee0
1990000: system.cpu T0 : @__new_exitfn+153    :   movs   r2, #0            : IntAlu :  D=0x0000000000000001
1990500: system.cpu T0 : @__new_exitfn+155    :   ldr   r3, [r4, #0]       : MemRead :  D=0x0000000000000001 A=0x6a29c
1991500: system.cpu T0 : @__new_exitfn+157    :   dmb.w   #0               : IntAlu : 
1992500: system.cpu T0 : @__new_exitfn+161    :   ldrex.w   r1, [r4, #0]   : MemRead :  D=0x0000000000000001 A=0x6a29c
1993000: system.cpu T0 : @__new_exitfn+165    :   cmps   r1, r3            : IntAlu :  D=0x0000000000000001
1993500: system.cpu T0 : @__new_exitfn+167    :   b                        : IntAlu : Predicated False
1994500: system.cpu T0 : @__new_exitfn+169    :   strex.w   r1, r2, [r4, #0] : MemWrite :  D=0x0000000000000000 A=0x6a29c
1995500: system.cpu T0 : @__new_exitfn+173    :   teqs.w   r1, #0          : IntAlu :  D=0x0000000000000001
1996000: system.cpu T0 : @__new_exitfn+177    :   b                        : IntAlu : Predicated False
1996500: system.cpu T0 : @__new_exitfn+179    :   mov   r1, r3             : IntAlu :  D=0x0000000000000001
1997500: system.cpu T0 : @__new_exitfn+181    :   dmb.w   #0               : IntAlu : 
1998000: system.cpu T0 : @__new_exitfn+185    :   cmps   r3, r1            : IntAlu :  D=0x0000000000000001
1998500: system.cpu T0 : @__new_exitfn+187    :   b                        : IntAlu : Predicated False
1999000: system.cpu T0 : @__new_exitfn+189    :   cmps   r3, #1            : IntAlu :  D=0x0000000000000001
1999500: system.cpu T0 : @__new_exitfn+191    :   b                        : IntAlu : Predicated False
2000000: system.cpu T0 : @__new_exitfn+193    :   mov   r0, r5             : IntAlu :  D=0x000000000006a2a8
2000500: system.cpu T0 : @__new_exitfn+195    : ldmstm                    
2000500: system.cpu T0 : @__new_exitfn+195.0  :   ldr2_uop.w   r4,r5, [sp, #0] : MemRead :  D=0x0000000000000000 A=0xbefffdb8
2001000: system.cpu T0 : @__new_exitfn+195.1  :   ldr2_uop.w   r6,r7, [sp, #8] : MemRead :  D=0x0000000000000000 A=0xbefffdc0
2001500: system.cpu T0 : @__new_exitfn+195.2  :   ldr2_uop.w   r8,r36, [sp, #16] : MemRead :  D=0x00000000000091ef A=0xbefffdc8
2002000: system.cpu T0 : @__new_exitfn+195.3  :   addi_uop.w   sp, sp, #24 : IntAlu :  D=0x00000000befffdd0
2002500: system.cpu T0 : @__new_exitfn+195.4  :   uopReg_uop.w   pc, r36   : IntAlu :  D=0x00000000000091ef
2003000: system.cpu T0 : @__internal_atexit+13    :   mov   r3, r0             : IntAlu :  D=0x000000000006a2a8
2003500: system.cpu T0 : @__internal_atexit+15    :   cbz                      : IntAlu : Predicated False
2004000: system.cpu T0 : @__internal_atexit+17    :   str   r4, [r0, #4]       : MemWrite :  D=0x0000000000008e61 A=0x6a2ac
2004500: system.cpu T0 : @__internal_atexit+19    :   movs   r2, #4            : IntAlu :  D=0x0000000000000000
2005000: system.cpu T0 : @__internal_atexit+21    :   str   r5, [r0, #8]       : MemWrite :  D=0x0000000000000000 A=0x6a2b0
2005500: system.cpu T0 : @__internal_atexit+23    :   movs   r0, #0            : IntAlu :  D=0x0000000000000001
2006000: system.cpu T0 : @__internal_atexit+25    :   str   r6, [r3, #12]      : MemWrite :  D=0x0000000000000000 A=0x6a2b4
2006500: system.cpu T0 : @__internal_atexit+27    :   dmb.w   #0               : IntAlu : 
2007000: system.cpu T0 : @__internal_atexit+31    :   str   r2, [r3, #0]       : MemWrite :  D=0x0000000000000004 A=0x6a2a8
2007500: system.cpu T0 : @__internal_atexit+33    : ldmstm                    
2007500: system.cpu T0 : @__internal_atexit+33.0  :   ldr2_uop   r4,r5, [sp, #0] : MemRead :  D=0x0000000000008df1 A=0xbefffdd0
2008000: system.cpu T0 : @__internal_atexit+33.1  :   ldr2_uop   r6,r36, [sp, #8] : MemRead :  D=0x0000000000008a4d A=0xbefffdd8
2008500: system.cpu T0 : @__internal_atexit+33.2  :   addi_uop   sp, sp, #16   : IntAlu :  D=0x00000000befffde0
2009000: system.cpu T0 : @__internal_atexit+33.3  :   uopReg_uop   pc, r36     : IntAlu :  D=0x0000000000008a4d
2009500: system.cpu T0 : @__libc_start_main+223    :   mov.w   r3, #36828       : IntAlu :  D=0x0000000000008fdc
2010000: system.cpu T0 : @__libc_start_main+227    :   movt.w   r3, r3, #6      : IntAlu :  D=0x0000000000068fdc
2010500: system.cpu T0 : @__libc_start_main+231    :   ldr   r3, [r3, #0]       : MemRead :  D=0x0000000000000000 A=0x68fdc
2011000: system.cpu T0 : @__libc_start_main+233    :   cbnz                     : IntAlu : Predicated False
2011500: system.cpu T0 : @__libc_start_main+235    :   cbz                      : IntAlu : Predicated False
2012000: system.cpu T0 : @__libc_start_main+237    :   ldr   r3, [pc, #144]     : MemRead :  D=0x000000000006a548 A=0x8aec
2012500: system.cpu T0 : @__libc_start_main+239    :   ldr   r0, [sp, #4]       : MemRead :  D=0x0000000000000001 A=0xbefffde4
2013000: system.cpu T0 : @__libc_start_main+241    :   ldr   r1, [sp, #8]       : MemRead :  D=0x00000000beffff34 A=0xbefffde8
2013500: system.cpu T0 : @__libc_start_main+243    :   ldr   r2, [r3, #0]       : MemRead :  D=0x00000000beffff3c A=0x6a548
2014000: system.cpu T0 : @__libc_start_main+245    :   blx                      : IntAlu :  D=0x0000000000008a65
2014500: system.cpu T0 : @__libc_csu_irel+3    : ldmstm                    
2014500: system.cpu T0 : @__libc_csu_irel+3.0  :   str_uop.w   r3, [sp, #32] : MemWrite :  D=0x000000000006a548 A=0xbefffdc0
2015000: system.cpu T0 : @__libc_csu_irel+3.1  :   str_uop.w   r4, [sp, #28] : MemWrite :  D=0x00000000beffff3c A=0xbefffdc4
2015500: system.cpu T0 : @__libc_csu_irel+3.2  :   str_uop.w   r5, [sp, #24] : MemWrite :  D=0x0000000000008df1 A=0xbefffdc8
2016000: system.cpu T0 : @__libc_csu_irel+3.3  :   str_uop.w   r6, [sp, #20] : MemWrite :  D=0x0000000000008e61 A=0xbefffdcc
2016500: system.cpu T0 : @__libc_csu_irel+3.4  :   str_uop.w   r7, [sp, #16] : MemWrite :  D=0x0000000000000000 A=0xbefffdd0
2017000: system.cpu T0 : @__libc_csu_irel+3.5  :   str_uop.w   r8, [sp, #12] : MemWrite :  D=0x0000000000000000 A=0xbefffdd4
2017500: system.cpu T0 : @__libc_csu_irel+3.6  :   str_uop.w   r9, [sp, #8] : MemWrite :  D=0x0000000000000000 A=0xbefffdd8
2018000: system.cpu T0 : @__libc_csu_irel+3.7  :   str_uop.w   lr, [sp, #4] : MemWrite :  D=0x0000000000008a65 A=0xbefffddc
2018500: system.cpu T0 : @__libc_csu_irel+3.8  :   subi_uop.w   sp, sp, #32 : IntAlu :  D=0x00000000befffdc0
2019000: system.cpu T0 : @__libc_csu_init+3    :   mov   r7, r2             : IntAlu :  D=0x00000000beffff3c
2019500: system.cpu T0 : @__libc_csu_init+5    :   ldr   r3, [pc, #88]      : MemRead :  D=0x0000000000068fc0 A=0x8e50
2020000: system.cpu T0 : @__libc_csu_init+7    :   mov   r5, r0             : IntAlu :  D=0x0000000000000001
2020500: system.cpu T0 : @__libc_csu_init+9    :   ldr   r2, [pc, #88]      : MemRead :  D=0x0000000000068fc0 A=0x8e54
2021000: system.cpu T0 : @__libc_csu_init+11    :   mov   r6, r1             : IntAlu :  D=0x00000000beffff34
2022000: system.cpu T0 : @__libc_csu_init+13    :   rsb.w   r9, r3, r2       : IntAlu :  D=0x0000000000000000
2023000: system.cpu T0 : @__libc_csu_init+17    :   movs.w   r9, r9, ASR #2  : IntAlu :  D=0x0000000000000001
2023500: system.cpu T0 : @__libc_csu_init+21    :   b                        : IntAlu : 
2024000: system.cpu T0 : @__libc_csu_init+47    :   bl.w                     : IntAlu :  D=0x0000000000008e25
2024500: system.cpu T0 : @data.7285+33076    : ldmstm                    
2024500: system.cpu T0 : @data.7285+33076.0  :   str_uop   r3, [sp, #8]   : MemWrite :  D=0x0000000000068fc0 A=0xbefffdb8
2025000: system.cpu T0 : @data.7285+33076.1  :   str_uop   lr, [sp, #4]   : MemWrite :  D=0x0000000000008e25 A=0xbefffdbc
2025500: system.cpu T0 : @data.7285+33076.2  :   subi_uop   sp, sp, #8    : IntAlu :  D=0x00000000befffdb8
2026500: system.cpu T0 : @_init+1    :   bl.w                     : IntAlu :  D=0x000000000000815f
2027000: system.cpu T0 : @_start+55    :   ldr   r3, [pc, #12]      : MemRead :  D=0x0000000000060740 A=0x88c8
2027500: system.cpu T0 : @call_gmon_start+1    :   ldr   r2, [pc, #16]      : MemRead :  D=0x000000000000006c A=0x88cc
2028000: system.cpu T0 : @call_gmon_start+3    :   add   r3, r3, pc         : IntAlu :  D=0x0000000000069000
2028500: system.cpu T0 : @call_gmon_start+5    :   ldr   r3, [r3, r2]       : MemRead :  D=0x0000000000000000 A=0x6906c
2029000: system.cpu T0 : @call_gmon_start+7    :   cbz                      : IntAlu : 
2029500: system.cpu T0 : @call_gmon_start+13    :   bx                       : IntAlu : 
2030000: system.cpu T0 : @_init+5    :   nop                      : IntAlu : 
2030500: system.cpu T0 : @_init+7    : ldmstm                    
2030500: system.cpu T0 : @_init+7.0  :   ldr2_uop   r3,r36, [sp, #0] : MemRead :  D=0x0000000000008e25 A=0xbefffdb8
2031000: system.cpu T0 : @_init+7.1  :   addi_uop   sp, sp, #8    : IntAlu :  D=0x00000000befffdc0
2031500: system.cpu T0 : @_init+7.2  :   uopReg_uop   pc, r36     : IntAlu :  D=0x0000000000008e25
2032000: system.cpu T0 : @__libc_csu_init+51    :   ldr   r3, [pc, #48]      : MemRead :  D=0x0000000000068fc0 A=0x8e58
2032500: system.cpu T0 : @__libc_csu_init+53    :   ldr   r2, [pc, #52]      : MemRead :  D=0x0000000000068fc4 A=0x8e5c
2033000: system.cpu T0 : @__libc_csu_init+55    :   rsb.w   r9, r3, r2       : IntAlu :  D=0x0000000000000004
2033500: system.cpu T0 : @__libc_csu_init+59    :   movs.w   r9, r9, ASR #2  : IntAlu :  D=0x0000000000000000
2034000: system.cpu T0 : @__libc_csu_init+63    :   b                        : IntAlu : Predicated False
2035000: system.cpu T0 : @__libc_csu_init+65    :   sub.w   r8, r3, #4       : IntAlu :  D=0x0000000000068fbc
2035500: system.cpu T0 : @__libc_csu_init+69    :   movs   r4, #0            : IntAlu :  D=0x0000000000000001
2036000: system.cpu T0 : @__libc_csu_init+71    :   ldr.w   r3, [r8, #4]!   
2036000: system.cpu T0 : @__libc_csu_init+71.0  :   ldr.w   r3, [r8, #4]!    : MemRead :  D=0x00000000000088f5 A=0x68fc0
2036500: system.cpu T0 : @__libc_csu_init+71.1  :   addi_uop.w   r8, r8, #4  : IntAlu :  D=0x0000000000068fc0
2037000: system.cpu T0 : @__libc_csu_init+75    :   mov   r0, r5             : IntAlu :  D=0x0000000000000001
2037500: system.cpu T0 : @__libc_csu_init+77    :   mov   r1, r6             : IntAlu :  D=0x00000000beffff34
2038000: system.cpu T0 : @__libc_csu_init+79    :   mov   r2, r7             : IntAlu :  D=0x00000000beffff3c
2038500: system.cpu T0 : @__libc_csu_init+81    :   adds   r4, r4, #1        : IntAlu :  D=0x0000000000000000
2039000: system.cpu T0 : @__libc_csu_init+83    :   blx                      : IntAlu :  D=0x0000000000008e47
2039500: system.cpu T0 : @__do_global_dtors_aux+35    : ldmstm                    
2039500: system.cpu T0 : @__do_global_dtors_aux+35.0  :   str_uop   r3, [sp, #8]   : MemWrite :  D=0x00000000000088f5 A=0xbefffdb8
2040000: system.cpu T0 : @__do_global_dtors_aux+35.1  :   str_uop   lr, [sp, #4]   : MemWrite :  D=0x0000000000008e47 A=0xbefffdbc
2040500: system.cpu T0 : @__do_global_dtors_aux+35.2  :   subi_uop   sp, sp, #8    : IntAlu :  D=0x00000000befffdb8
2041000: system.cpu T0 : @frame_dummy+1    :   ldr   r3, [pc, #24]      : MemRead :  D=0x0000000000000000 A=0x8910
2041500: system.cpu T0 : @frame_dummy+3    :   cbz                      : IntAlu : 
2042000: system.cpu T0 : @frame_dummy+13    :   ldr   r0, [pc, #24]      : MemRead :  D=0x0000000000068fcc A=0x891c
2042500: system.cpu T0 : @frame_dummy+15    :   ldr   r3, [r0, #0]       : MemRead :  D=0x0000000000000000 A=0x68fcc
2043000: system.cpu T0 : @frame_dummy+17    :   cbz                      : IntAlu : 
2043500: system.cpu T0 : @frame_dummy+25    : ldmstm                    
2043500: system.cpu T0 : @frame_dummy+25.0  :   ldr2_uop   r3,r36, [sp, #0] : MemRead :  D=0x0000000000008e47 A=0xbefffdb8
2044000: system.cpu T0 : @frame_dummy+25.1  :   addi_uop   sp, sp, #8    : IntAlu :  D=0x00000000befffdc0
2044500: system.cpu T0 : @frame_dummy+25.2  :   uopReg_uop   pc, r36     : IntAlu :  D=0x0000000000008e47
2045000: system.cpu T0 : @__libc_csu_init+85    :   cmps   r4, r9            : IntAlu :  D=0x0000000000000001
2045500: system.cpu T0 : @__libc_csu_init+87    :   b                        : IntAlu : Predicated False
2046500: system.cpu T0 : @__libc_csu_init+89    : ldmstm                    
2046500: system.cpu T0 : @__libc_csu_init+89.0  :   ldr2_uop.w   r3,r4, [sp, #0] : MemRead :  D=0x00000000beffff3c A=0xbefffdc0
2047000: system.cpu T0 : @__libc_csu_init+89.1  :   ldr2_uop.w   r5,r6, [sp, #8] : MemRead :  D=0x0000000000008e61 A=0xbefffdc8
2047500: system.cpu T0 : @__libc_csu_init+89.2  :   ldr2_uop.w   r7,r8, [sp, #16] : MemRead :  D=0x0000000000000000 A=0xbefffdd0
2048000: system.cpu T0 : @__libc_csu_init+89.3  :   ldr2_uop.w   r9,r36, [sp, #24] : MemRead :  D=0x0000000000008a65 A=0xbefffdd8
2048500: system.cpu T0 : @__libc_csu_init+89.4  :   addi_uop.w   sp, sp, #32 : IntAlu :  D=0x00000000befffde0
2049000: system.cpu T0 : @__libc_csu_init+89.5  :   uopReg_uop.w   pc, r36   : IntAlu :  D=0x0000000000008a65
2049500: system.cpu T0 : @__libc_start_main+247    :   add   r0, sp, #16        : IntAlu :  D=0x00000000befffdf0
2050500: system.cpu T0 : @__libc_start_main+249    :   blx.w                    : IntAlu :  D=0x0000000000008a6b
2051000: system.cpu T0 : @_setjmp    :   mov   r1, #0             : IntAlu :  D=0x0000000000000000
2051500: system.cpu T0 : @_setjmp+4    :   b                        : IntAlu : 
2052000: system.cpu T0 : @__sigsetjmp    :   mov   r12, r0            : IntAlu :  D=0x00000000befffdf0
2052500: system.cpu T0 : @__sigsetjmp+4    : ldmstm                    
2052500: system.cpu T0 : @__sigsetjmp+4.0  :   str_uop   r4, [r12, #0]  : MemWrite :  D=0x00000000beffff3c A=0xbefffdf0
2053000: system.cpu T0 : @__sigsetjmp+4.1  :   str_uop   r5, [r12, #4]  : MemWrite :  D=0x0000000000008df1 A=0xbefffdf4
2053500: system.cpu T0 : @__sigsetjmp+4.2  :   str_uop   r6, [r12, #8]  : MemWrite :  D=0x0000000000008e61 A=0xbefffdf8
2054000: system.cpu T0 : @__sigsetjmp+4.3  :   str_uop   r7, [r12, #12] : MemWrite :  D=0x0000000000000000 A=0xbefffdfc
2054500: system.cpu T0 : @__sigsetjmp+4.4  :   str_uop   r8, [r12, #16] : MemWrite :  D=0x0000000000000000 A=0xbefffe00
2055000: system.cpu T0 : @__sigsetjmp+4.5  :   str_uop   r9, [r12, #20] : MemWrite :  D=0x0000000000000000 A=0xbefffe04
2055500: system.cpu T0 : @__sigsetjmp+4.6  :   str_uop   r10, [r12, #24] : MemWrite :  D=0x0000000000000000 A=0xbefffe08
2056000: system.cpu T0 : @__sigsetjmp+4.7  :   str_uop   fp, [r12, #28] : MemWrite :  D=0x0000000000000000 A=0xbefffe0c
2056500: system.cpu T0 : @__sigsetjmp+4.8  :   str_uop   sp, [r12, #32] : MemWrite :  D=0x00000000befffde0 A=0xbefffe10
2057000: system.cpu T0 : @__sigsetjmp+4.9  :   str_uop   lr, [r12, #36] : MemWrite :  D=0x0000000000008a6b A=0xbefffe14
2057500: system.cpu T0 : @__sigsetjmp+4.10 :   addi_uop   r12, r12, #40 : IntAlu :  D=0x00000000befffe18
2058000: system.cpu T0 : @__sigsetjmp+8    :   ldr   r2, [pc, #56]      : MemRead :  D=0x000000000006ab20 A=0x15428
2058500: system.cpu T0 : @__sigsetjmp+12    :   ldr   r2, [r2, #0]       : MemRead :  D=0x00000000000078d7 A=0x6ab20
2059000: system.cpu T0 : @__sigsetjmp+16    :   tsts   r2, #64           : IntAlu :  D=0x0000000000000000
2059500: system.cpu T0 : @__sigsetjmp+20    :   beq                      : IntAlu : Predicated False
2060000: system.cpu T0 : @__sigsetjmp+24.0  :   strfp_uop   f16, [r12, #0] : FloatMemWrite :  D=0x0000000000000000 A=0xbefffe18
2060500: system.cpu T0 : @__sigsetjmp+24.1  :   strfp_uop   f17, [r12, #4] : FloatMemWrite :  D=0x0000000000000000 A=0xbefffe1c
2061000: system.cpu T0 : @__sigsetjmp+24.2  :   strfp_uop   f18, [r12, #8] : FloatMemWrite :  D=0x0000000000000000 A=0xbefffe20
2061500: system.cpu T0 : @__sigsetjmp+24.3  :   strfp_uop   f19, [r12, #12] : FloatMemWrite :  D=0x0000000000000000 A=0xbefffe24
2062000: system.cpu T0 : @__sigsetjmp+24.4  :   strfp_uop   f20, [r12, #16] : FloatMemWrite :  D=0x0000000000000000 A=0xbefffe28
2062500: system.cpu T0 : @__sigsetjmp+24.5  :   strfp_uop   f21, [r12, #20] : FloatMemWrite :  D=0x0000000000000000 A=0xbefffe2c
2063000: system.cpu T0 : @__sigsetjmp+24.6  :   strfp_uop   f22, [r12, #24] : FloatMemWrite :  D=0x0000000000000000 A=0xbefffe30
2063500: system.cpu T0 : @__sigsetjmp+24.7  :   strfp_uop   f23, [r12, #28] : FloatMemWrite :  D=0x0000000000000000 A=0xbefffe34
2064000: system.cpu T0 : @__sigsetjmp+24.8  :   strfp_uop   f24, [r12, #32] : FloatMemWrite :  D=0x0000000000000000 A=0xbefffe38
2064500: system.cpu T0 : @__sigsetjmp+24.9  :   strfp_uop   f25, [r12, #36] : FloatMemWrite :  D=0x0000000000000000 A=0xbefffe3c
2065000: system.cpu T0 : @__sigsetjmp+24.10 :   strfp_uop   f26, [r12, #40] : FloatMemWrite :  D=0x0000000000000000 A=0xbefffe40
2065500: system.cpu T0 : @__sigsetjmp+24.11 :   strfp_uop   f27, [r12, #44] : FloatMemWrite :  D=0x0000000000000000 A=0xbefffe44
2066000: system.cpu T0 : @__sigsetjmp+24.12 :   strfp_uop   f28, [r12, #48] : FloatMemWrite :  D=0x0000000000000000 A=0xbefffe48
2066500: system.cpu T0 : @__sigsetjmp+24.13 :   strfp_uop   f29, [r12, #52] : FloatMemWrite :  D=0x0000000000000000 A=0xbefffe4c
2067000: system.cpu T0 : @__sigsetjmp+24.14 :   strfp_uop   f30, [r12, #56] : FloatMemWrite :  D=0x0000000000000000 A=0xbefffe50
2067500: system.cpu T0 : @__sigsetjmp+24.15 :   strfp_uop   f31, [r12, #60] : FloatMemWrite :  D=0x0000000000000000 A=0xbefffe54
2068000: system.cpu T0 : @__sigsetjmp+24.16 :   addi_uop   r12, r12, #64 : IntAlu :  D=0x00000000befffe58
2068500: system.cpu T0 : @__sigsetjmp+28    :   vmrs   f3, f11           : SimdFloatMisc :  D=0x0000000000000000
2069000: system.cpu T0 : @__sigsetjmp+32    :   str   r3, [r12] #4      
2069000: system.cpu T0 : @__sigsetjmp+32.0  :   str   r3, [r12] #4       : MemWrite :  D=0x0000000000000000 A=0xbefffe58
2069500: system.cpu T0 : @__sigsetjmp+32.1  :   addi_uop   r12, r12, #4  : IntAlu :  D=0x00000000befffe5c
2070000: system.cpu T0 : @Lno_vfp    :   tsts   r2, #512          : IntAlu :  D=0x0000000000000001
2070500: system.cpu T0 : @Lno_vfp+4    :   beq                      : IntAlu : 
2071000: system.cpu T0 : @Lno_iwmmxt    :   b                        : IntAlu : 
2071500: system.cpu T0 : @____sigjmp_save_veneer    :   ldr   pc, [pc, #-4]      : MemRead :  D=0x0000000000015431 A=0x4a2ac
2072000: system.cpu T0 : @Lhwcap+8    : ldmstm                    
2072000: system.cpu T0 : @Lhwcap+8.0  :   str_uop   r4, [sp, #8]   : MemWrite :  D=0x00000000beffff3c A=0xbefffdd8
2072500: system.cpu T0 : @Lhwcap+8.1  :   str_uop   lr, [sp, #4]   : MemWrite :  D=0x0000000000008a6b A=0xbefffddc
2073000: system.cpu T0 : @Lhwcap+8.2  :   subi_uop   sp, sp, #8    : IntAlu :  D=0x00000000befffdd8
2073500: system.cpu T0 : @__sigjmp_save+1    :   mov   r4, r0             : IntAlu :  D=0x00000000befffdf0
2074000: system.cpu T0 : @__sigjmp_save+3    :   cbz                      : IntAlu : 
2075000: system.cpu T0 : @__sigjmp_save+25    :   str.w   r1, [r4, #256]   : MemWrite :  D=0x0000000000000000 A=0xbefffef0
2075500: system.cpu T0 : @__sigjmp_save+29    :   movs   r0, #0            : IntAlu :  D=0x0000000000000001
2076000: system.cpu T0 : @__sigjmp_save+31    : ldmstm                    
2076000: system.cpu T0 : @__sigjmp_save+31.0  :   ldr2_uop   r4,r36, [sp, #0] : MemRead :  D=0x0000000000008a6b A=0xbefffdd8
2076500: system.cpu T0 : @__sigjmp_save+31.1  :   addi_uop   sp, sp, #8    : IntAlu :  D=0x00000000befffde0
2077000: system.cpu T0 : @__sigjmp_save+31.2  :   uopReg_uop   pc, r36     : IntAlu :  D=0x0000000000008a6b
2077500: system.cpu T0 : @__libc_start_main+253    :   cbnz                     : IntAlu : Predicated False
2078000: system.cpu T0 : @__libc_start_main+255    :   mrc.w   r5, r276, #406689 : IntAlu :  D=0x000000000006c4c0
2078500: system.cpu T0 : @__libc_start_main+259    :   mov.w   r2, #42312       : IntAlu :  D=0x000000000000a548
2079000: system.cpu T0 : @__libc_start_main+263    :   sub.w   r5, r5, #1216    : IntAlu :  D=0x000000000006c000
2079500: system.cpu T0 : @__libc_start_main+267    :   movt.w   r2, r2, #6      : IntAlu :  D=0x000000000006a548
2080000: system.cpu T0 : @__libc_start_main+271    :   add   r6, sp, #16        : IntAlu :  D=0x00000000befffdf0
2080500: system.cpu T0 : @__libc_start_main+273    :   ldr   r0, [sp, #4]       : MemRead :  D=0x0000000000000001 A=0xbefffde4
2081000: system.cpu T0 : @__libc_start_main+275    :   ldr.w   r4, [r5, #128]   : MemRead :  D=0x0000000000000000 A=0x6c080
2081500: system.cpu T0 : @__libc_start_main+279    :   ldr   r3, [r5, #124]     : MemRead :  D=0x0000000000000000 A=0x6c07c
2082000: system.cpu T0 : @__libc_start_main+281    :   ldr   r1, [sp, #8]       : MemRead :  D=0x00000000beffff34 A=0xbefffde8
2082500: system.cpu T0 : @__libc_start_main+283    :   str.w   r6, [r5, #128]   : MemWrite :  D=0x00000000befffdf0 A=0x6c080
2083000: system.cpu T0 : @__libc_start_main+287    :   str   r3, [sp, #284]     : MemWrite :  D=0x0000000000000000 A=0xbefffefc
2083500: system.cpu T0 : @__libc_start_main+289    :   ldr   r2, [r2, #0]       : MemRead :  D=0x00000000beffff3c A=0x6a548
2084000: system.cpu T0 : @__libc_start_main+291    :   str   r4, [sp, #280]     : MemWrite :  D=0x0000000000000000 A=0xbefffef8
2084500: system.cpu T0 : @__libc_start_main+293    :   ldr   r3, [sp, #12]      : MemRead :  D=0x0000000000008925 A=0xbefffdec
2085000: system.cpu T0 : @__libc_start_main+295    :   blx                      : IntAlu :  D=0x0000000000008a97
2085500: system.cpu T0 : @frame_dummy+47    : ldmstm                    
2085500: system.cpu T0 : @frame_dummy+47.0  :   str_uop   r7, [sp, #8]   : MemWrite :  D=0x0000000000000000 A=0xbefffdd8
2086000: system.cpu T0 : @frame_dummy+47.1  :   str_uop   lr, [sp, #4]   : MemWrite :  D=0x0000000000008a97 A=0xbefffddc
2086500: system.cpu T0 : @frame_dummy+47.2  :   subi_uop   sp, sp, #8    : IntAlu :  D=0x00000000befffdd8
2087000: system.cpu T0 : @main+1    :   add   r7, sp, #0         : IntAlu :  D=0x00000000befffdd8
2087500: system.cpu T0 : @main+3    :   mov.w   r0, #43876       : IntAlu :  D=0x000000000000ab64
2088000: system.cpu T0 : @main+7    :   movt.w   r0, r0, #4      : IntAlu :  D=0x000000000004ab64
2088500: system.cpu T0 : @main+11    :   bl.w                     : IntAlu :  D=0x0000000000008935
2089000: system.cpu T0 : @__cxa_atexit+11    : ldmstm                    
2089000: system.cpu T0 : @__cxa_atexit+11.0  :   str_uop.w   r4, [sp, #24] : MemWrite :  D=0x0000000000000000 A=0xbefffdc0
2089500: system.cpu T0 : @__cxa_atexit+11.1  :   str_uop.w   r5, [sp, #20] : MemWrite :  D=0x000000000006c000 A=0xbefffdc4
2090000: system.cpu T0 : @__cxa_atexit+11.2  :   str_uop.w   r6, [sp, #16] : MemWrite :  D=0x00000000befffdf0 A=0xbefffdc8
2090500: system.cpu T0 : @__cxa_atexit+11.3  :   str_uop.w   r7, [sp, #12] : MemWrite :  D=0x00000000befffdd8 A=0xbefffdcc
2091000: system.cpu T0 : @__cxa_atexit+11.4  :   str_uop.w   r8, [sp, #8] : MemWrite :  D=0x0000000000000000 A=0xbefffdd0
2091500: system.cpu T0 : @__cxa_atexit+11.5  :   str_uop.w   lr, [sp, #4] : MemWrite :  D=0x0000000000008935 A=0xbefffdd4
2092000: system.cpu T0 : @__cxa_atexit+11.6  :   subi_uop.w   sp, sp, #24 : IntAlu :  D=0x00000000befffdc0
2092500: system.cpu T0 : @puts+3    :   mov   r7, r0             : IntAlu :  D=0x000000000004ab64
2093500: system.cpu T0 : @puts+5    :   blx.w                    : IntAlu :  D=0x0000000000009223
2094000: system.cpu T0 : @strlen    :   bic   r1, r0, #3         : IntAlu :  D=0x000000000004ab64
2094500: system.cpu T0 : @strlen+4    :   ldr   r2, [r1] #4       
2094500: system.cpu T0 : @strlen+4.0  :   ldr   r2, [r1] #4        : MemRead :  D=0x0000000073276d66 A=0x4ab64
2095000: system.cpu T0 : @strlen+4.1  :   addi_uop   r1, r1, #4    : IntAlu :  D=0x000000000004ab68
2095500: system.cpu T0 : @strlen+8    :   ands   r3, r0, #3        : IntAlu :  D=0x0000000000000001
2096000: system.cpu T0 : @strlen+12    :   rsb   r0, r3, #0         : IntAlu :  D=0x0000000000000000
2096500: system.cpu T0 : @strlen+16    :   beq                      : IntAlu : 
2097000: system.cpu T0 : @Laligned    :   tsts   r2, #255          : IntAlu :  D=0x0000000000000000
2097500: system.cpu T0 : @Laligned+4    :   tstsne   r2, #65280      : IntAlu :  D=0x0000000000000000
2098000: system.cpu T0 : @Laligned+8    :   tstsne   r2, #16711680   : IntAlu :  D=0x0000000000000000
2098500: system.cpu T0 : @Laligned+12    :   tstsne   r2, #4278190080 : IntAlu :  D=0x0000000000000000
2099000: system.cpu T0 : @Laligned+16    :   addne   r0, r0, #4       : IntAlu :  D=0x0000000000000004
2099500: system.cpu T0 : @Laligned+20    :   ldrne   r2, [r1] #4     
2099500: system.cpu T0 : @Laligned+20.0  :   ldrne   r2, [r1] #4      : MemRead :  D=0x0000000073657420 A=0x4ab68
2100000: system.cpu T0 : @Laligned+20.1  :   addi_uopne   r1, r1, #4  : IntAlu :  D=0x000000000004ab6c
2100500: system.cpu T0 : @Laligned+24    :   bne                      : IntAlu : 
2101000: system.cpu T0 : @Laligned    :   tsts   r2, #255          : IntAlu :  D=0x0000000000000000
2101500: system.cpu T0 : @Laligned+4    :   tstsne   r2, #65280      : IntAlu :  D=0x0000000000000000
2102000: system.cpu T0 : @Laligned+8    :   tstsne   r2, #16711680   : IntAlu :  D=0x0000000000000000
2102500: system.cpu T0 : @Laligned+12    :   tstsne   r2, #4278190080 : IntAlu :  D=0x0000000000000000
2103000: system.cpu T0 : @Laligned+16    :   addne   r0, r0, #4       : IntAlu :  D=0x0000000000000008
2103500: system.cpu T0 : @Laligned+20    :   ldrne   r2, [r1] #4     
2103500: system.cpu T0 : @Laligned+20.0  :   ldrne   r2, [r1] #4      : MemRead :  D=0x0000000000302074 A=0x4ab6c
2104000: system.cpu T0 : @Laligned+20.1  :   addi_uopne   r1, r1, #4  : IntAlu :  D=0x000000000004ab70
2104500: system.cpu T0 : @Laligned+24    :   bne                      : IntAlu : 
2105000: system.cpu T0 : @Laligned    :   tsts   r2, #255          : IntAlu :  D=0x0000000000000000
2105500: system.cpu T0 : @Laligned+4    :   tstsne   r2, #65280      : IntAlu :  D=0x0000000000000000
2106000: system.cpu T0 : @Laligned+8    :   tstsne   r2, #16711680   : IntAlu :  D=0x0000000000000000
2106500: system.cpu T0 : @Laligned+12    :   tstsne   r2, #4278190080 : IntAlu :  D=0x0000000000000001
2107000: system.cpu T0 : @Laligned+16    :   addne   r0, r0, #4       : IntAlu : Predicated False
2107500: system.cpu T0 : @Laligned+20    :   ldrne   r2, [r1] #4     
2107500: system.cpu T0 : @Laligned+20.0  :   ldrne   r2, [r1] #4      : MemRead : Predicated False
2108000: system.cpu T0 : @Laligned+20.1  :   addi_uopne   r1, r1, #4  : IntAlu : Predicated False
2108500: system.cpu T0 : @Laligned+24    :   bne                      : IntAlu : Predicated False
2109000: system.cpu T0 : @Llastword    :   tsts   r2, #255          : IntAlu :  D=0x0000000000000000
2109500: system.cpu T0 : @Llastword+4    :   addne   r0, r0, #1       : IntAlu :  D=0x0000000000000009
2110000: system.cpu T0 : @Llastword+8    :   tstsne   r2, #65280      : IntAlu :  D=0x0000000000000000
2110500: system.cpu T0 : @Llastword+12    :   addne   r0, r0, #1       : IntAlu :  D=0x000000000000000a
2111000: system.cpu T0 : @Llastword+16    :   tstsne   r2, #16711680   : IntAlu :  D=0x0000000000000000
2111500: system.cpu T0 : @Llastword+20    :   addne   r0, r0, #1       : IntAlu :  D=0x000000000000000b
2112000: system.cpu T0 : @Llastword+24    :   bx                       : IntAlu : 
2112500: system.cpu T0 : @puts+9    :   ldr   r6, [pc, #332]     : MemRead :  D=0x00000000000694a4 A=0x9370
2113000: system.cpu T0 : @puts+11    :   ldr   r4, [r6, #0]       : MemRead :  D=0x0000000000069128 A=0x694a4
2113500: system.cpu T0 : @puts+13    :   ldr   r3, [r4, #0]       : MemRead :  D=0x00000000fbad2084 A=0x69128
2114000: system.cpu T0 : @puts+15    :   ands.w   r2, r3, #32768  : IntAlu :  D=0x0000000000000001
2114500: system.cpu T0 : @puts+19    :   mov   r5, r0             : IntAlu :  D=0x000000000000000b
2115000: system.cpu T0 : @puts+21    :   it                       : IntAlu : 
2115500: system.cpu T0 : @puts+23    :   mov   r0, r4             : IntAlu : Predicated False
2116000: system.cpu T0 : @puts+25    :   b                        : IntAlu : Predicated False
2116500: system.cpu T0 : @puts+27    :   ldr   r3, [r4, #72]      : MemRead :  D=0x000000000006a4d0 A=0x69170
2117500: system.cpu T0 : @puts+29    :   mrc.w   r8, r276, #406785 : IntAlu :  D=0x000000000006c4c0
2118500: system.cpu T0 : @puts+33    :   sub.w   r8, r8, #1216    : IntAlu :  D=0x000000000006c000
2119000: system.cpu T0 : @puts+37    :   ldr   r1, [r3, #8]       : MemRead :  D=0x0000000000000000 A=0x6a4d8
2119500: system.cpu T0 : @puts+39    :   cmps   r1, r8            : IntAlu :  D=0x0000000000000000
2120000: system.cpu T0 : @puts+41    :   b                        : IntAlu : Predicated False
2120500: system.cpu T0 : @puts+43    :   movs   r0, #1            : IntAlu :  D=0x0000000000000000
2121500: system.cpu T0 : @puts+45    :   dmb.w   #0               : IntAlu : 
2122500: system.cpu T0 : @puts+49    :   ldrex.w   r1, [r3, #0]   : MemRead :  D=0x0000000000000000 A=0x6a4d0
2123000: system.cpu T0 : @puts+53    :   cmps   r1, r2            : IntAlu :  D=0x0000000000000001
2123500: system.cpu T0 : @puts+55    :   b                        : IntAlu : Predicated False
2124500: system.cpu T0 : @puts+57    :   strex.w   r1, r0, [r3, #0] : MemWrite :  D=0x0000000000000000 A=0x6a4d0
2125500: system.cpu T0 : @puts+61    :   teqs.w   r1, #0          : IntAlu :  D=0x0000000000000001
2126000: system.cpu T0 : @puts+65    :   b                        : IntAlu : Predicated False
2126500: system.cpu T0 : @puts+67    :   mov   r1, r2             : IntAlu :  D=0x0000000000000000
2127500: system.cpu T0 : @puts+69    :   dmb.w   #0               : IntAlu : 
2128000: system.cpu T0 : @puts+73    :   cmps   r1, #0            : IntAlu :  D=0x0000000000000001
2128500: system.cpu T0 : @puts+75    :   b                        : IntAlu : Predicated False
2129000: system.cpu T0 : @puts+77    :   ldr   r3, [r4, #72]      : MemRead :  D=0x000000000006a4d0 A=0x69170
2129500: system.cpu T0 : @puts+79    :   ldr   r0, [r6, #0]       : MemRead :  D=0x0000000000069128 A=0x694a4
2130500: system.cpu T0 : @puts+81    :   str.w   r8, [r3, #8]     : MemWrite :  D=0x000000000006c000 A=0x6a4d8
2131000: system.cpu T0 : @puts+85    :   ldr   r2, [r3, #4]       : MemRead :  D=0x0000000000000000 A=0x6a4d4
2131500: system.cpu T0 : @puts+87    :   adds   r2, r2, #1        : IntAlu :  D=0x0000000000000000
2132000: system.cpu T0 : @puts+89    :   str   r2, [r3, #4]       : MemWrite :  D=0x0000000000000001 A=0x6a4d4
2132500: system.cpu T0 : @puts+91    :   ldr   r3, [r0, #108]     : MemRead :  D=0x0000000000000000 A=0x69194
2133000: system.cpu T0 : @puts+93    :   cmps   r3, #0            : IntAlu :  D=0x0000000000000001
2133500: system.cpu T0 : @puts+95    :   b                        : IntAlu : Predicated False
2134500: system.cpu T0 : @puts+97    :   mov.w   r3, #4294967295  : IntAlu :  D=0x00000000ffffffff
2135000: system.cpu T0 : @puts+101    :   str   r3, [r0, #108]     : MemWrite :  D=0x00000000ffffffff A=0x69194
2135500: system.cpu T0 : @puts+103    :   ldr.w   r3, [r0, #152]   : MemRead :  D=0x000000000004df10 A=0x691c0
2136000: system.cpu T0 : @puts+107    :   mov   r1, r7             : IntAlu :  D=0x000000000004ab64
2136500: system.cpu T0 : @puts+109    :   mov   r2, r5             : IntAlu :  D=0x000000000000000b
2137000: system.cpu T0 : @puts+111    :   ldr   r3, [r3, #28]      : MemRead :  D=0x00000000000204f9 A=0x4df2c
2137500: system.cpu T0 : @puts+113    :   blx                      : IntAlu :  D=0x000000000000928d
2138000: system.cpu T0 : @_IO_file_underflow_mmap+55    : ldmstm                    
2138000: system.cpu T0 : @_IO_file_underflow_mmap+55.0  :   str_uop.w   r4, [sp, #24] : MemWrite :  D=0x0000000000069128 A=0xbefffda8
2138500: system.cpu T0 : @_IO_file_underflow_mmap+55.1  :   str_uop.w   r5, [sp, #20] : MemWrite :  D=0x000000000000000b A=0xbefffdac
2139000: system.cpu T0 : @_IO_file_underflow_mmap+55.2  :   str_uop.w   r6, [sp, #16] : MemWrite :  D=0x00000000000694a4 A=0xbefffdb0
2139500: system.cpu T0 : @_IO_file_underflow_mmap+55.3  :   str_uop.w   r7, [sp, #12] : MemWrite :  D=0x000000000004ab64 A=0xbefffdb4
2140000: system.cpu T0 : @_IO_file_underflow_mmap+55.4  :   str_uop.w   r8, [sp, #8] : MemWrite :  D=0x000000000006c000 A=0xbefffdb8
2140500: system.cpu T0 : @_IO_file_underflow_mmap+55.5  :   str_uop.w   lr, [sp, #4] : MemWrite :  D=0x000000000000928d A=0xbefffdbc
2141000: system.cpu T0 : @_IO_file_underflow_mmap+55.6  :   subi_uop.w   sp, sp, #24 : IntAlu :  D=0x00000000befffda8
2141500: system.cpu T0 : @_IO_file_xsputn+3    :   mov   r5, r0             : IntAlu :  D=0x0000000000069128
2142000: system.cpu T0 : @_IO_file_xsputn+5    :   mov   r6, r1             : IntAlu :  D=0x000000000004ab64
2142500: system.cpu T0 : @_IO_file_xsputn+7    :   mov   r4, r2             : IntAlu :  D=0x000000000000000b
2143000: system.cpu T0 : @_IO_file_xsputn+9    :   cbz                      : IntAlu : Predicated False
2143500: system.cpu T0 : @_IO_file_xsputn+11    :   ldr   r3, [r0, #0]       : MemRead :  D=0x00000000fbad2084 A=0x69128
2144500: system.cpu T0 : @_IO_file_xsputn+13    :   and.w   r3, r3, #2560    : IntAlu :  D=0x0000000000000000
2145500: system.cpu T0 : @_IO_file_xsputn+17    :   cmps.w   r3, #2560       : IntAlu :  D=0x0000000000000000
2146000: system.cpu T0 : @_IO_file_xsputn+21    :   b                        : IntAlu : Predicated False
2146500: system.cpu T0 : @_IO_file_xsputn+23    :   ldr   r7, [r0, #24]      : MemRead :  D=0x0000000000000000 A=0x69140
2147000: system.cpu T0 : @_IO_file_xsputn+25    :   ldr   r0, [r0, #20]      : MemRead :  D=0x0000000000000000 A=0x6913c
2147500: system.cpu T0 : @_IO_file_xsputn+27    :   cmps   r7, r0            : IntAlu :  D=0x0000000000000001
2148000: system.cpu T0 : @_IO_file_xsputn+29    :   it                       : IntAlu : 
2148500: system.cpu T0 : @_IO_file_xsputn+31    :   rsb.w   r7, r0, r7       : IntAlu : Predicated False
2149000: system.cpu T0 : @_IO_file_xsputn+35    :   mov.w   r8, #0           : IntAlu : Predicated False
2149500: system.cpu T0 : @_IO_file_xsputn+39    :   b                        : IntAlu : Predicated False
2150000: system.cpu T0 : @_IO_file_xsputn+41    :   mov   r7, r2             : IntAlu :  D=0x000000000000000b
2150500: system.cpu T0 : @_IO_file_xsputn+43    :   ldr.w   r3, [r5, #152]   : MemRead :  D=0x000000000004df10 A=0x691c0
2151000: system.cpu T0 : @_IO_file_xsputn+47    :   mov   r0, r5             : IntAlu :  D=0x0000000000069128
2152000: system.cpu T0 : @_IO_file_xsputn+49    :   mov.w   r1, #4294967295  : IntAlu :  D=0x00000000ffffffff
2152500: system.cpu T0 : @_IO_file_xsputn+53    :   ldr   r3, [r3, #12]      : MemRead :  D=0x0000000000020ecd A=0x4df1c
2153000: system.cpu T0 : @_IO_file_xsputn+55    :   blx                      : IntAlu :  D=0x0000000000020533
2153500: system.cpu T0 : @_IO_file_underflow+471    :   ldr   r3, [r0, #0]       : MemRead :  D=0x00000000fbad2084 A=0x69128
2154000: system.cpu T0 : @_IO_file_overflow+1    : ldmstm                    
2154000: system.cpu T0 : @_IO_file_overflow+1.0  :   str_uop   r4, [sp, #16]  : MemWrite :  D=0x000000000000000b A=0xbefffd98
2154500: system.cpu T0 : @_IO_file_overflow+1.1  :   str_uop   r5, [sp, #12]  : MemWrite :  D=0x0000000000069128 A=0xbefffd9c
2155000: system.cpu T0 : @_IO_file_overflow+1.2  :   str_uop   r6, [sp, #8]   : MemWrite :  D=0x000000000004ab64 A=0xbefffda0
2155500: system.cpu T0 : @_IO_file_overflow+1.3  :   str_uop   lr, [sp, #4]   : MemWrite :  D=0x0000000000020533 A=0xbefffda4
2156000: system.cpu T0 : @_IO_file_overflow+1.4  :   subi_uop   sp, sp, #16   : IntAlu :  D=0x00000000befffd98
2156500: system.cpu T0 : @_IO_file_overflow+3    :   movs   r2, r3, LSL #28   : IntAlu :  D=0x0000000000000000
2157000: system.cpu T0 : @_IO_file_overflow+5    :   mov   r4, r0             : IntAlu :  D=0x0000000000069128
2157500: system.cpu T0 : @_IO_file_overflow+7    :   mov   r5, r1             : IntAlu :  D=0x00000000ffffffff
2158000: system.cpu T0 : @_IO_file_overflow+9    :   b                        : IntAlu : Predicated False
2158500: system.cpu T0 : @_IO_file_overflow+11    :   movs   r0, r3, LSL #20   : IntAlu :  D=0x0000000000000000
2159000: system.cpu T0 : @_IO_file_overflow+13    :   b                        : IntAlu : 
2159500: system.cpu T0 : @_IO_file_overflow+81    :   ldr   r2, [r4, #16]      : MemRead :  D=0x0000000000000000 A=0x69138
2160000: system.cpu T0 : @_IO_file_overflow+83    :   cmps   r2, #0            : IntAlu :  D=0x0000000000000001
2160500: system.cpu T0 : @_IO_file_overflow+85    :   b                        : IntAlu : 
2161000: system.cpu T0 : @_IO_file_overflow+231    :   mov   r0, r4             : IntAlu :  D=0x0000000000069128
2162000: system.cpu T0 : @_IO_file_overflow+233    :   bl.w                     : IntAlu :  D=0x0000000000020fbb
2162500: system.cpu T0 : @_IO_setb+67    :   ldr   r3, [r0, #28]      : MemRead :  D=0x0000000000000000 A=0x69144
2163000: system.cpu T0 : @_IO_doallocbuf+1    : ldmstm                    
2163000: system.cpu T0 : @_IO_doallocbuf+1.0  :   str_uop   r4, [sp, #8]   : MemWrite :  D=0x0000000000069128 A=0xbefffd90
2163500: system.cpu T0 : @_IO_doallocbuf+1.1  :   str_uop   lr, [sp, #4]   : MemWrite :  D=0x0000000000020fbb A=0xbefffd94
2164000: system.cpu T0 : @_IO_doallocbuf+1.2  :   subi_uop   sp, sp, #8    : IntAlu :  D=0x00000000befffd90
2164500: system.cpu T0 : @_IO_doallocbuf+3    :   mov   r4, r0             : IntAlu :  D=0x0000000000069128
2165000: system.cpu T0 : @_IO_doallocbuf+5    :   cbz                      : IntAlu : 
2165500: system.cpu T0 : @_IO_doallocbuf+9    :   ldr   r3, [r0, #0]       : MemRead :  D=0x00000000fbad2084 A=0x69128
2166000: system.cpu T0 : @_IO_doallocbuf+11    :   movs   r3, r3, LSL #30   : IntAlu :  D=0x0000000000000001
2166500: system.cpu T0 : @_IO_doallocbuf+13    :   b                        : IntAlu : 
2167500: system.cpu T0 : @_IO_doallocbuf+21    :   ldr.w   r3, [r4, #152]   : MemRead :  D=0x000000000004df10 A=0x691c0
2168000: system.cpu T0 : @_IO_doallocbuf+25    :   mov   r0, r4             : IntAlu :  D=0x0000000000069128
2168500: system.cpu T0 : @_IO_doallocbuf+27    :   ldr   r3, [r3, #52]      : MemRead :  D=0x000000000003eef9 A=0x4df44
2169000: system.cpu T0 : @_IO_doallocbuf+29    :   blx                      : IntAlu :  D=0x0000000000009e35
2169500: system.cpu T0 : @__parse_one_specwc+1351    :   ldr   r3, [r0, #56]      : MemRead :  D=0x0000000000000001 A=0x69160
2170000: system.cpu T0 : @_IO_file_doallocate+1    : ldmstm                    
2170000: system.cpu T0 : @_IO_file_doallocate+1.0  :   str_uop   r4, [sp, #20]  : MemWrite :  D=0x0000000000069128 A=0xbefffd7c
2170500: system.cpu T0 : @_IO_file_doallocate+1.1  :   str_uop   r5, [sp, #16]  : MemWrite :  D=0x00000000ffffffff A=0xbefffd80
2171000: system.cpu T0 : @_IO_file_doallocate+1.2  :   str_uop   r6, [sp, #12]  : MemWrite :  D=0x000000000004ab64 A=0xbefffd84
2171500: system.cpu T0 : @_IO_file_doallocate+1.3  :   str_uop   r7, [sp, #8]   : MemWrite :  D=0x000000000000000b A=0xbefffd88
2172000: system.cpu T0 : @_IO_file_doallocate+1.4  :   str_uop   lr, [sp, #4]   : MemWrite :  D=0x0000000000009e35 A=0xbefffd8c
2172500: system.cpu T0 : @_IO_file_doallocate+1.5  :   subi_uop   sp, sp, #20   : IntAlu :  D=0x00000000befffd7c
2173000: system.cpu T0 : @_IO_file_doallocate+3    :   cmps   r3, #0            : IntAlu :  D=0x0000000000000001
2173500: system.cpu T0 : @_IO_file_doallocate+5    :   sub   sp, sp, #116       : IntAlu :  D=0x00000000befffd08
2174000: system.cpu T0 : @_IO_file_doallocate+7    :   mov   r4, r0             : IntAlu :  D=0x0000000000069128
2174500: system.cpu T0 : @_IO_file_doallocate+9    :   b                        : IntAlu : Predicated False
2175000: system.cpu T0 : @_IO_file_doallocate+11    :   ldr.w   r3, [r0, #152]   : MemRead :  D=0x000000000004df10 A=0x691c0
2175500: system.cpu T0 : @_IO_file_doallocate+15    :   add   r1, sp, #8         : IntAlu :  D=0x00000000befffd10
2176000: system.cpu T0 : @_IO_file_doallocate+17    :   ldr   r3, [r3, #72]      : MemRead :  D=0x00000000000200b1 A=0x4df58
2176500: system.cpu T0 : @_IO_file_doallocate+19    :   blx                      : IntAlu :  D=0x000000000003ef0f
2177000: system.cpu T0 : @_IO_file_write+119    :   ldr   r3, [r0, #56]      : MemRead :  D=0x0000000000000001 A=0x69160
2177500: system.cpu T0 : @_IO_file_stat+1    :   mov   r2, r1             : IntAlu :  D=0x00000000befffd10
2178000: system.cpu T0 : @_IO_file_stat+3    :   movs   r0, #3            : IntAlu :  D=0x0000000000000000
2178500: system.cpu T0 : @_IO_file_stat+5    :   mov   r1, r3             : IntAlu :  D=0x0000000000000001
2179000: system.cpu T0 : @_IO_file_stat+7    :   b.w                      : IntAlu : 
2179500: system.cpu T0 : @__exit_thread+32    :   mov   r0, r1             : IntAlu :  D=0x0000000000000001
2180500: system.cpu T0 : @__fxstat64+1    :   mov.w   r12, #197        : IntAlu :  D=0x00000000000000c5
2181000: system.cpu T0 : @__fxstat64+5    : ldmstm                    
2181000: system.cpu T0 : @__fxstat64+5.0  :   str_uop   lr, [sp, #4]   : MemWrite :  D=0x000000000003ef0f A=0xbefffd04
2181500: system.cpu T0 : @__fxstat64+5.1  :   subi_uop   sp, sp, #4    : IntAlu :  D=0x00000000befffd04
2182000: system.cpu T0 : @__fxstat64+7    :   mov   r1, r2             : IntAlu :  D=0x00000000befffd10
2183000: system.cpu T0 : @__fxstat64+9    :   bl.w                     : IntAlu :  D=0x000000000001063f
2183500: system.cpu T0 : @__libc_csu_fini+47    : ldmstm                    
2183500: system.cpu T0 : @__libc_csu_fini+47.0  :   str_uop   r7, [sp, #8]   : MemWrite :  D=0x000000000000000b A=0xbefffcfc
2184000: system.cpu T0 : @__libc_csu_fini+47.1  :   str_uop   lr, [sp, #4]   : MemWrite :  D=0x000000000001063f A=0xbefffd00
2184500: system.cpu T0 : @__libc_csu_fini+47.2  :   subi_uop   sp, sp, #8    : IntAlu :  D=0x00000000befffcfc
2185000: system.cpu T0 : @__libc_do_syscall+1    :   mov   r7, r12            : IntAlu :  D=0x00000000000000c5
2185500: system.cpu T0 : @__libc_do_syscall+3    :   svc   #0                 : IntAlu : 
2186000: system.cpu T0 : @__libc_do_syscall+5    : ldmstm                    
2186000: system.cpu T0 : @__libc_do_syscall+5.0  :   ldr2_uop   r7,r36, [sp, #0] : MemRead :  D=0x000000000001063f A=0xbefffcfc
2186500: system.cpu T0 : @__libc_do_syscall+5.1  :   addi_uop   sp, sp, #8    : IntAlu :  D=0x00000000befffd04
2187000: system.cpu T0 : @__libc_do_syscall+5.2  :   uopReg_uop   pc, r36     : IntAlu :  D=0x000000000001063f
2188000: system.cpu T0 : @__fxstat64+13    :   cmns.w   r0, #4096       : IntAlu :  D=0x0000000000000000
2188500: system.cpu T0 : @__fxstat64+17    :   b                        : IntAlu : Predicated False
2189000: system.cpu T0 : @__fxstat64+19    :   ldr.w   pc, [sp] #4     
2189000: system.cpu T0 : @__fxstat64+19.0  :   ldr.w   r35, [sp] #4     : MemRead :  D=0x000000000003ef0f A=0xbefffd04
2189500: system.cpu T0 : @__fxstat64+19.1  :   addi_uop.w   sp, sp, #4  : IntAlu :  D=0x00000000befffd08
2190000: system.cpu T0 : @__fxstat64+19.2  :   uopReg_uop.w   pc, r35   : IntAlu :  D=0x000000000003ef0f
2190500: system.cpu T0 : @_IO_file_doallocate+21    :   cmps   r0, #0            : IntAlu :  D=0x0000000000000001
2191000: system.cpu T0 : @_IO_file_doallocate+23    :   b                        : IntAlu : Predicated False
2191500: system.cpu T0 : @_IO_file_doallocate+25    :   ldr   r3, [sp, #24]      : MemRead :  D=0x00000000000021b4 A=0xbefffd20
2192000: system.cpu T0 : @_IO_file_doallocate+27    :   and.w   r3, r3, #61440   : IntAlu :  D=0x0000000000002000
2192500: system.cpu T0 : @_IO_file_doallocate+31    :   cmps.w   r3, #8192       : IntAlu :  D=0x0000000000000001
2193000: system.cpu T0 : @_IO_file_doallocate+35    :   b                        : IntAlu : 
2193500: system.cpu T0 : @_IO_file_doallocate+107    :   ldr   r2, [sp, #44]      : MemRead :  D=0x0000000000000000 A=0xbefffd34
2194000: system.cpu T0 : @_IO_file_doallocate+109    :   ldr   r3, [sp, #40]      : MemRead :  D=0x000000000000880d A=0xbefffd30
2194500: system.cpu T0 : @_IO_file_doallocate+111    :   bic.w   r2, r2, #4080    : IntAlu :  D=0x0000000000000000
2195000: system.cpu T0 : @_IO_file_doallocate+115    :   bic.w   r2, r2, #15      : IntAlu :  D=0x0000000000000000
2195500: system.cpu T0 : @_IO_file_doallocate+119    :   ubfx.w   r3, r3, #8, #19 : IntAlu :  D=0x0000000000000088
2196000: system.cpu T0 : @_IO_file_doallocate+123    :   orrs   r3, r3, r2        : IntAlu :  D=0x0000000000000000
2196500: system.cpu T0 : @_IO_file_doallocate+125    :   subs   r3, r3, #136      : IntAlu :  D=0x0000000000000001
2197000: system.cpu T0 : @_IO_file_doallocate+127    :   cmps   r3, #7            : IntAlu :  D=0x0000000000000000
2197500: system.cpu T0 : @_IO_file_doallocate+129    :   b                        : IntAlu : Predicated False
2198000: system.cpu T0 : @_IO_file_doallocate+131    :   ldr   r3, [r4, #0]       : MemRead :  D=0x00000000fbad2084 A=0x69128
2199000: system.cpu T0 : @_IO_file_doallocate+133    :   orr.w   r3, r3, #512     : IntAlu :  D=0x00000000fbad2284
2199500: system.cpu T0 : @_IO_file_doallocate+137    :   str   r3, [r4, #0]       : MemWrite :  D=0x00000000fbad2284 A=0x69128
2200000: system.cpu T0 : @_IO_file_doallocate+139    :   b                        : IntAlu : 
2200500: system.cpu T0 : @_IO_file_doallocate+37    :   ldr   r5, [sp, #64]      : MemRead :  D=0x0000000000002000 A=0xbefffd48
2201000: system.cpu T0 : @_IO_file_doallocate+39    :   cmps   r5, #0            : IntAlu :  D=0x0000000000000001
2201500: system.cpu T0 : @_IO_file_doallocate+41    :   it                       : IntAlu : 
2202000: system.cpu T0 : @_IO_file_doallocate+43    :   add.w   r1, r5, #4095    : IntAlu :  D=0x0000000000002fff
2202500: system.cpu T0 : @_IO_file_doallocate+47    :   bic.w   r1, r1, #4080    : IntAlu :  D=0x000000000000200f
2203000: system.cpu T0 : @_IO_file_doallocate+51    :   bic.w   r1, r1, #15      : IntAlu :  D=0x0000000000002000
2203500: system.cpu T0 : @_IO_file_doallocate+55    :   b                        : IntAlu : Predicated False
2204000: system.cpu T0 : @_IO_file_doallocate+57    :   movs   r6, #0            : IntAlu :  D=0x0000000000000001
2204500: system.cpu T0 : @_IO_file_doallocate+59    :   movs   r2, #3            : IntAlu :  D=0x0000000000000000
2205000: system.cpu T0 : @_IO_file_doallocate+61    :   movs   r3, #34           : IntAlu :  D=0x0000000000000000
2205500: system.cpu T0 : @_IO_file_doallocate+63    :   str   r6, [sp, #4]       : MemWrite :  D=0x0000000000000000 A=0xbefffd0c
2206000: system.cpu T0 : @_IO_file_doallocate+65    :   mov   r0, r6             : IntAlu :  D=0x0000000000000000
2206500: system.cpu T0 : @_IO_file_doallocate+67    :   mov.w   r6, #4294967295  : IntAlu :  D=0x00000000ffffffff
2207000: system.cpu T0 : @_IO_file_doallocate+71    :   str   r6, [sp, #0]       : MemWrite :  D=0x00000000ffffffff A=0xbefffd08
2208000: system.cpu T0 : @_IO_file_doallocate+73    :   blx.w                    : IntAlu :  D=0x000000000003ef47
2208500: system.cpu T0 : @mmap    :   str   r5, [sp, #-4]!    
2208500: system.cpu T0 : @mmap.0  :   str   r5, [sp, #-4]!     : MemWrite :  D=0x0000000000002000 A=0xbefffd04
2209000: system.cpu T0 : @mmap.1  :   subi_uop   sp, sp, #4    : IntAlu :  D=0x00000000befffd04
2209500: system.cpu T0 : @mmap+4    :   ldr   r5, [sp, #8]       : MemRead :  D=0x0000000000000000 A=0xbefffd0c
2210000: system.cpu T0 : @mmap+8    :   str   r4, [sp, #-4]!    
2210000: system.cpu T0 : @mmap+8.0  :   str   r4, [sp, #-4]!     : MemWrite :  D=0x0000000000069128 A=0xbefffd00
2210500: system.cpu T0 : @mmap+8.1  :   subi_uop   sp, sp, #4    : IntAlu :  D=0x00000000befffd00
2211000: system.cpu T0 : @mmap+12    :   ldr   r4, [sp, #8]       : MemRead :  D=0x00000000ffffffff A=0xbefffd08
2211500: system.cpu T0 : @mmap+16    :   movs   r12, r5, LSL #20  : IntAlu :  D=0x0000000000000001
2212000: system.cpu T0 : @mmap+20    :   bne                      : IntAlu : Predicated False
2212500: system.cpu T0 : @mmap+24    :   mov   r5, r5, LSR #12    : IntAlu :  D=0x0000000000000000
2213000: system.cpu T0 : @mmap+28    :   str   r7, [sp, #-4]!    
2213000: system.cpu T0 : @mmap+28.0  :   str   r7, [sp, #-4]!     : MemWrite :  D=0x000000000000000b A=0xbefffcfc
2213500: system.cpu T0 : @mmap+28.1  :   subi_uop   sp, sp, #4    : IntAlu :  D=0x00000000befffcfc
2214000: system.cpu T0 : @mmap+32    :   mov   r7, #192           : IntAlu :  D=0x00000000000000c0
2214500: system.cpu T0 : @mmap+36    :   svc   #0                 : IntAlu : 
2215000: system.cpu T0 : @mmap+40    :   ldr   r7, [sp] #4       
2215000: system.cpu T0 : @mmap+40.0  :   ldr   r7, [sp] #4        : MemRead :  D=0x000000000000000b A=0xbefffcfc
2215500: system.cpu T0 : @mmap+40.1  :   addi_uop   sp, sp, #4    : IntAlu :  D=0x00000000befffd00
2216000: system.cpu T0 : @mmap+44    :   ldr   r4, [sp] #4       
2216000: system.cpu T0 : @mmap+44.0  :   ldr   r4, [sp] #4        : MemRead :  D=0x0000000000069128 A=0xbefffd00
2216500: system.cpu T0 : @mmap+44.1  :   addi_uop   sp, sp, #4    : IntAlu :  D=0x00000000befffd04
2217000: system.cpu T0 : @mmap+48    :   ldr   r5, [sp] #4       
2217000: system.cpu T0 : @mmap+48.0  :   ldr   r5, [sp] #4        : MemRead :  D=0x0000000000002000 A=0xbefffd04
2217500: system.cpu T0 : @mmap+48.1  :   addi_uop   sp, sp, #4    : IntAlu :  D=0x00000000befffd08
2218000: system.cpu T0 : @mmap+52    :   cmns   r0, #4096         : IntAlu :  D=0x0000000000000000
2218500: system.cpu T0 : @mmap+56    :   bxcc                     : IntAlu : 
2219000: system.cpu T0 : @_IO_file_doallocate+77    :   cmps   r0, r6            : IntAlu :  D=0x0000000000000000
2219500: system.cpu T0 : @_IO_file_doallocate+79    :   b                        : IntAlu : Predicated False
2220000: system.cpu T0 : @_IO_file_doallocate+81    :   mov   r1, r0             : IntAlu :  D=0x000000003fffe000
2220500: system.cpu T0 : @_IO_file_doallocate+83    :   movs   r3, #1            : IntAlu :  D=0x0000000000000000
2221000: system.cpu T0 : @_IO_file_doallocate+85    :   mov   r0, r4             : IntAlu :  D=0x0000000000069128
2221500: system.cpu T0 : @_IO_file_doallocate+87    :   adds   r2, r1, r5        : IntAlu :  D=0x0000000000000000
2222500: system.cpu T0 : @_IO_file_doallocate+89    :   bl.w                     : IntAlu :  D=0x000000000003ef57
2223000: system.cpu T0 : @__uflow+147    : ldmstm                    
2223000: system.cpu T0 : @__uflow+147.0  :   str_uop   r3, [sp, #24]  : MemWrite :  D=0x0000000000000001 A=0xbefffcf0
2223500: system.cpu T0 : @__uflow+147.1  :   str_uop   r4, [sp, #20]  : MemWrite :  D=0x0000000000069128 A=0xbefffcf4
2224000: system.cpu T0 : @__uflow+147.2  :   str_uop   r5, [sp, #16]  : MemWrite :  D=0x0000000000002000 A=0xbefffcf8
2224500: system.cpu T0 : @__uflow+147.3  :   str_uop   r6, [sp, #12]  : MemWrite :  D=0x00000000ffffffff A=0xbefffcfc
2225000: system.cpu T0 : @__uflow+147.4  :   str_uop   r7, [sp, #8]   : MemWrite :  D=0x000000000000000b A=0xbefffd00
2225500: system.cpu T0 : @__uflow+147.5  :   str_uop   lr, [sp, #4]   : MemWrite :  D=0x000000000003ef57 A=0xbefffd04
2226000: system.cpu T0 : @__uflow+147.6  :   subi_uop   sp, sp, #24   : IntAlu :  D=0x00000000befffcf0
2226500: system.cpu T0 : @_IO_setb+1    :   mov   r5, r1             : IntAlu :  D=0x000000003fffe000
2227000: system.cpu T0 : @_IO_setb+3    :   ldr   r1, [r0, #28]      : MemRead :  D=0x0000000000000000 A=0x69144
2227500: system.cpu T0 : @_IO_setb+5    :   mov   r7, r3             : IntAlu :  D=0x0000000000000001
2228000: system.cpu T0 : @_IO_setb+7    :   mov   r4, r0             : IntAlu :  D=0x0000000000069128
2228500: system.cpu T0 : @_IO_setb+9    :   mov   r6, r2             : IntAlu :  D=0x0000000040000000
2229000: system.cpu T0 : @_IO_setb+11    :   ldr   r3, [r0, #0]       : MemRead :  D=0x00000000fbad2284 A=0x69128
2229500: system.cpu T0 : @_IO_setb+13    :   cbz                      : IntAlu : 
2230000: system.cpu T0 : @_IO_setb+19    :   str   r5, [r4, #28]      : MemWrite :  D=0x000000003fffe000 A=0x69144
2230500: system.cpu T0 : @_IO_setb+21    :   str   r6, [r4, #32]      : MemWrite :  D=0x0000000040000000 A=0x69148
2231000: system.cpu T0 : @_IO_setb+23    :   cbnz                     : IntAlu : 
2232000: system.cpu T0 : @_IO_setb+33    :   bic.w   r3, r3, #1       : IntAlu :  D=0x00000000fbad2284
2232500: system.cpu T0 : @_IO_setb+37    :   str   r3, [r4, #0]       : MemWrite :  D=0x00000000fbad2284 A=0x69128
2233000: system.cpu T0 : @_IO_setb+39    : ldmstm                    
2233000: system.cpu T0 : @_IO_setb+39.0  :   ldr2_uop   r3,r4, [sp, #0] : MemRead :  D=0x0000000000069128 A=0xbefffcf0
2233500: system.cpu T0 : @_IO_setb+39.1  :   ldr2_uop   r5,r6, [sp, #8] : MemRead :  D=0x00000000ffffffff A=0xbefffcf8
2234000: system.cpu T0 : @_IO_setb+39.2  :   ldr2_uop   r7,r36, [sp, #16] : MemRead :  D=0x000000000003ef57 A=0xbefffd00
2234500: system.cpu T0 : @_IO_setb+39.3  :   addi_uop   sp, sp, #24   : IntAlu :  D=0x00000000befffd08
2235000: system.cpu T0 : @_IO_setb+39.4  :   uopReg_uop   pc, r36     : IntAlu :  D=0x000000000003ef57
2235500: system.cpu T0 : @_IO_file_doallocate+93    :   movs   r0, #1            : IntAlu :  D=0x0000000000000000
2236000: system.cpu T0 : @_IO_file_doallocate+95    :   add   sp, sp, #116       : IntAlu :  D=0x00000000befffd7c
2236500: system.cpu T0 : @_IO_file_doallocate+97    : ldmstm                    
2236500: system.cpu T0 : @_IO_file_doallocate+97.0  :   ldr2_uop   r4,r5, [sp, #0] : MemRead :  D=0x00000000ffffffff A=0xbefffd7c
2237000: system.cpu T0 : @_IO_file_doallocate+97.1  :   ldr2_uop   r6,r7, [sp, #8] : MemRead :  D=0x000000000000000b A=0xbefffd84
2237500: system.cpu T0 : @_IO_file_doallocate+97.2  :   ldr_uop   r36, [sp, #16] : MemRead :  D=0x0000000000009e35 A=0xbefffd8c
2238000: system.cpu T0 : @_IO_file_doallocate+97.3  :   addi_uop   sp, sp, #20   : IntAlu :  D=0x00000000befffd90
2238500: system.cpu T0 : @_IO_file_doallocate+97.4  :   uopReg_uop   pc, r36     : IntAlu :  D=0x0000000000009e35
2239000: system.cpu T0 : @_IO_doallocbuf+31    :   adds   r0, r0, #1        : IntAlu :  D=0x0000000000000000
2239500: system.cpu T0 : @_IO_doallocbuf+33    :   b                        : IntAlu : 
2240000: system.cpu T0 : @_IO_doallocbuf+7    : ldmstm                    
2240000: system.cpu T0 : @_IO_doallocbuf+7.0  :   ldr2_uop   r4,r36, [sp, #0] : MemRead :  D=0x0000000000020fbb A=0xbefffd90
2240500: system.cpu T0 : @_IO_doallocbuf+7.1  :   addi_uop   sp, sp, #8    : IntAlu :  D=0x00000000befffd98
2241000: system.cpu T0 : @_IO_doallocbuf+7.2  :   uopReg_uop   pc, r36     : IntAlu :  D=0x0000000000020fbb
2241500: system.cpu T0 : @_IO_file_overflow+237    :   ldr   r2, [r4, #28]      : MemRead :  D=0x000000003fffe000 A=0x69144
2242000: system.cpu T0 : @_IO_file_overflow+239    :   ldr   r3, [r4, #0]       : MemRead :  D=0x00000000fbad2284 A=0x69128
2242500: system.cpu T0 : @_IO_file_overflow+241    :   str   r2, [r4, #12]      : MemWrite :  D=0x000000003fffe000 A=0x69134
2243000: system.cpu T0 : @_IO_file_overflow+243    :   str   r2, [r4, #4]       : MemWrite :  D=0x000000003fffe000 A=0x6912c
2243500: system.cpu T0 : @_IO_file_overflow+245    :   str   r2, [r4, #8]       : MemWrite :  D=0x000000003fffe000 A=0x69130
2244000: system.cpu T0 : @_IO_file_overflow+247    :   b                        : IntAlu : 
2244500: system.cpu T0 : @_IO_file_overflow+89    :   movs   r1, r3, LSL #23   : IntAlu :  D=0x0000000000000000
2245000: system.cpu T0 : @_IO_file_overflow+91    :   b                        : IntAlu : Predicated False
2245500: system.cpu T0 : @_IO_file_overflow+93    :   ldr   r0, [r4, #32]      : MemRead :  D=0x0000000040000000 A=0x69148
2246000: system.cpu T0 : @_IO_file_overflow+95    :   orr.w   r3, r3, #2048    : IntAlu :  D=0x00000000fbad2a84
2246500: system.cpu T0 : @_IO_file_overflow+99    :   ldr   r6, [r4, #108]     : MemRead :  D=0x00000000ffffffff A=0x69194
2247000: system.cpu T0 : @_IO_file_overflow+101    :   cmps   r0, r2            : IntAlu :  D=0x0000000000000001
2247500: system.cpu T0 : @_IO_file_overflow+103    :   str   r3, [r4, #0]       : MemWrite :  D=0x00000000fbad2a84 A=0x69128
2248000: system.cpu T0 : @_IO_file_overflow+105    :   str   r0, [r4, #24]      : MemWrite :  D=0x0000000040000000 A=0x69140
2248500: system.cpu T0 : @_IO_file_overflow+107    :   it                       : IntAlu : 
2249000: system.cpu T0 : @_IO_file_overflow+109    :   ldr   r1, [r4, #28]      : MemRead : Predicated False
2249500: system.cpu T0 : @_IO_file_overflow+111    :   ldr   r1, [r4, #8]       : MemRead :  D=0x000000003fffe000 A=0x69130
2250000: system.cpu T0 : @_IO_file_overflow+113    :   mov   r2, r1             : IntAlu : Predicated False
2250500: system.cpu T0 : @_IO_file_overflow+115    :   str   r1, [r4, #8]       : MemWrite : Predicated False
2251000: system.cpu T0 : @_IO_file_overflow+117    :   cmps   r6, #0            : IntAlu :  D=0x0000000000000001
2251500: system.cpu T0 : @_IO_file_overflow+119    :   str   r2, [r4, #20]      : MemWrite :  D=0x000000003fffe000 A=0x6913c
2252000: system.cpu T0 : @_IO_file_overflow+121    :   str   r2, [r4, #16]      : MemWrite :  D=0x000000003fffe000 A=0x69138
2252500: system.cpu T0 : @_IO_file_overflow+123    :   str   r1, [r4, #4]       : MemWrite :  D=0x000000003fffe000 A=0x6912c
2253000: system.cpu T0 : @_IO_file_overflow+125    :   str   r1, [r4, #12]      : MemWrite :  D=0x000000003fffe000 A=0x69134
2253500: system.cpu T0 : @_IO_file_overflow+127    :   b                        : IntAlu : Predicated False
2254500: system.cpu T0 : @_IO_file_overflow+129    :   mov.w   r1, #514         : IntAlu :  D=0x0000000000000202
2255000: system.cpu T0 : @_IO_file_overflow+133    :   ands   r1, r1, r3        : IntAlu :  D=0x0000000000000000
2255500: system.cpu T0 : @_IO_file_overflow+135    :   cmps   r1, #0            : IntAlu :  D=0x0000000000000001
2256000: system.cpu T0 : @_IO_file_overflow+137    :   b                        : IntAlu : Predicated False
2256500: system.cpu T0 : @_IO_file_overflow+139    :   str   r2, [r4, #24]      : MemWrite :  D=0x000000003fffe000 A=0x69140
2257000: system.cpu T0 : @_IO_file_overflow+141    :   b                        : IntAlu : 
2257500: system.cpu T0 : @_IO_file_overflow+23    :   adds   r3, r5, #1        : IntAlu :  D=0x0000000000000001
2258000: system.cpu T0 : @_IO_file_overflow+25    :   b                        : IntAlu : 
2258500: system.cpu T0 : @_IO_file_overflow+191    :   ldr   r1, [r4, #16]      : MemRead :  D=0x000000003fffe000 A=0x69138
2259000: system.cpu T0 : @_IO_file_overflow+193    :   mov   r0, r4             : IntAlu :  D=0x0000000000069128
2259500: system.cpu T0 : @_IO_file_overflow+195    :   subs   r2, r2, r1        : IntAlu :  D=0x0000000000000001
2260500: system.cpu T0 : @_IO_file_overflow+197    : ldmstm                    
2260500: system.cpu T0 : @_IO_file_overflow+197.0  :   ldr2_uop.w   r4,r5, [sp, #0] : MemRead :  D=0x0000000000069128 A=0xbefffd98
2261000: system.cpu T0 : @_IO_file_overflow+197.1  :   ldr2_uop.w   r6,lr, [sp, #8] : MemRead :  D=0x0000000000020533 A=0xbefffda0
2261500: system.cpu T0 : @_IO_file_overflow+197.2  :   addi_uop.w   sp, sp, #16 : IntAlu :  D=0x00000000befffda8
2262500: system.cpu T0 : @_IO_file_overflow+201    :   b.w                      : IntAlu : 
2263000: system.cpu T0 : @_IO_file_attach+119    : ldmstm                    
2263000: system.cpu T0 : @_IO_file_attach+119.0  :   str_uop   r4, [sp, #8]   : MemWrite :  D=0x000000000000000b A=0xbefffda0
2263500: system.cpu T0 : @_IO_file_attach+119.1  :   str_uop   lr, [sp, #4]   : MemWrite :  D=0x0000000000020533 A=0xbefffda4
2264000: system.cpu T0 : @_IO_file_attach+119.2  :   subi_uop   sp, sp, #8    : IntAlu :  D=0x00000000befffda0
2264500: system.cpu T0 : @_IO_do_write+1    :   mov   r4, r2             : IntAlu :  D=0x0000000000000000
2265000: system.cpu T0 : @_IO_do_write+3    :   cbnz                     : IntAlu : Predicated False
2265500: system.cpu T0 : @_IO_do_write+5    :   mov   r0, r2             : IntAlu :  D=0x0000000000000000
2266000: system.cpu T0 : @_IO_do_write+7    : ldmstm                    
2266000: system.cpu T0 : @_IO_do_write+7.0  :   ldr2_uop   r4,r36, [sp, #0] : MemRead :  D=0x0000000000020533 A=0xbefffda0
2266500: system.cpu T0 : @_IO_do_write+7.1  :   addi_uop   sp, sp, #8    : IntAlu :  D=0x00000000befffda8
2267000: system.cpu T0 : @_IO_do_write+7.2  :   uopReg_uop   pc, r36     : IntAlu :  D=0x0000000000020533
2267500: system.cpu T0 : @_IO_file_xsputn+57    :   adds   r3, r0, #1        : IntAlu :  D=0x0000000000000000
2268000: system.cpu T0 : @_IO_file_xsputn+59    :   b                        : IntAlu : Predicated False
2268500: system.cpu T0 : @_IO_file_xsputn+61    :   ldr   r1, [r5, #32]      : MemRead :  D=0x0000000040000000 A=0x69148
2269000: system.cpu T0 : @_IO_file_xsputn+63    :   ldr   r3, [r5, #28]      : MemRead :  D=0x000000003fffe000 A=0x69144
2269500: system.cpu T0 : @_IO_file_xsputn+65    :   subs   r1, r1, r3        : IntAlu :  D=0x0000000000000001
2270000: system.cpu T0 : @_IO_file_xsputn+67    :   cmps   r1, #127          : IntAlu :  D=0x0000000000000001
2270500: system.cpu T0 : @_IO_file_xsputn+69    :   b                        : IntAlu : Predicated False
2271000: system.cpu T0 : @_IO_file_xsputn+71    :   mov   r0, r7             : IntAlu :  D=0x000000000000000b
2272000: system.cpu T0 : @_IO_file_xsputn+73    :   bl.w                     : IntAlu :  D=0x0000000000020547
2272500: system.cpu T0 : @__aeabi_uidiv+603    :   cmps   r1, #0            : IntAlu :  D=0x0000000000000001
2273000: system.cpu T0 : @__aeabi_uidivmod+1    :   b                        : IntAlu : Predicated False
2273500: system.cpu T0 : @__aeabi_uidivmod+3    : ldmstm                    
2273500: system.cpu T0 : @__aeabi_uidivmod+3.0  :   str_uop.w   r0, [sp, #12] : MemWrite :  D=0x000000000000000b A=0xbefffd9c
2274000: system.cpu T0 : @__aeabi_uidivmod+3.1  :   str_uop.w   r1, [sp, #8] : MemWrite :  D=0x0000000000002000 A=0xbefffda0
2274500: system.cpu T0 : @__aeabi_uidivmod+3.2  :   str_uop.w   lr, [sp, #4] : MemWrite :  D=0x0000000000020547 A=0xbefffda4
2275000: system.cpu T0 : @__aeabi_uidivmod+3.3  :   subi_uop.w   sp, sp, #12 : IntAlu :  D=0x00000000befffd9c
2275500: system.cpu T0 : @__aeabi_uidivmod+7    :   bl.w                     : IntAlu :  D=0x0000000000048bf9
2276000: system.cpu T0 : @.udivsi3_skip_div0_test    :   subs   r2, r1, #1        : IntAlu :  D=0x0000000000000001
2276500: system.cpu T0 : @__aeabi_uidiv+1    :   it                       : IntAlu : 
2277000: system.cpu T0 : @__aeabi_uidiv+3    :   bx                       : IntAlu : Predicated False
2278000: system.cpu T0 : @__aeabi_uidiv+5    :   b.w                      : IntAlu : Predicated False
2278500: system.cpu T0 : @__aeabi_uidiv+9    :   cmps   r0, r1            : IntAlu :  D=0x0000000000000000
2279000: system.cpu T0 : @__aeabi_uidiv+11    :   b.w                      : IntAlu : 
2279500: system.cpu T0 : @__aeabi_uidiv+571    :   it                       : IntAlu : 
2280000: system.cpu T0 : @__aeabi_uidiv+573    :   mov   r0, #1             : IntAlu : Predicated False
2280500: system.cpu T0 : @__aeabi_uidiv+575    :   mov   r0, #0             : IntAlu :  D=0x0000000000000000
2281000: system.cpu T0 : @__aeabi_uidiv+577    :   bx                       : IntAlu : 
2281500: system.cpu T0 : @__aeabi_uidivmod+11    : ldmstm                    
2281500: system.cpu T0 : @__aeabi_uidivmod+11.0  :   ldr2_uop.w   r1,r2, [sp, #0] : MemRead :  D=0x0000000000002000 A=0xbefffd9c
2282000: system.cpu T0 : @__aeabi_uidivmod+11.1  :   ldr_uop.w   lr, [sp, #8] : MemRead :  D=0x0000000000020547 A=0xbefffda4
2282500: system.cpu T0 : @__aeabi_uidivmod+11.2  :   addi_uop.w   sp, sp, #12 : IntAlu :  D=0x00000000befffda8
2283000: system.cpu T0 : @__aeabi_uidivmod+15    :   mul.w                    : IntMult :  D=0x0000000000000000
2283500: system.cpu T0 : @__aeabi_uidivmod+19    :   sub.w   r1, r1, r3       : IntAlu :  D=0x000000000000000b
2284000: system.cpu T0 : @__aeabi_uidivmod+23    :   bx                       : IntAlu : 
2285000: system.cpu T0 : @_IO_file_xsputn+77    :   subs.w   r8, r7, r1      : IntAlu :  D=0x0000000000000001
2285500: system.cpu T0 : @_IO_file_xsputn+81    :   b                        : IntAlu : Predicated False
2286000: system.cpu T0 : @_IO_file_xsputn+83    :   cmps   r7, #0            : IntAlu :  D=0x0000000000000001
2286500: system.cpu T0 : @_IO_file_xsputn+85    :   b                        : IntAlu : Predicated False
2287000: system.cpu T0 : @_IO_file_xsputn+87    :   mov   r2, r7             : IntAlu :  D=0x000000000000000b
2287500: system.cpu T0 : @_IO_file_xsputn+89    :   mov   r0, r5             : IntAlu :  D=0x0000000000069128
2288000: system.cpu T0 : @_IO_file_xsputn+91    :   add.w   r1, r6, r8       : IntAlu :  D=0x000000000004ab64
2288500: system.cpu T0 : @_IO_file_xsputn+95    :   bl.w                     : IntAlu :  D=0x000000000002055d
2289000: system.cpu T0 : @_IO_default_uflow+27    : ldmstm                    
2289000: system.cpu T0 : @_IO_default_uflow+27.0  :   str_uop.w   r4, [sp, #24] : MemWrite :  D=0x000000000000000b A=0xbefffd90
2289500: system.cpu T0 : @_IO_default_uflow+27.1  :   str_uop.w   r5, [sp, #20] : MemWrite :  D=0x0000000000069128 A=0xbefffd94
2290000: system.cpu T0 : @_IO_default_uflow+27.2  :   str_uop.w   r6, [sp, #16] : MemWrite :  D=0x000000000004ab64 A=0xbefffd98
2290500: system.cpu T0 : @_IO_default_uflow+27.3  :   str_uop.w   r7, [sp, #12] : MemWrite :  D=0x000000000000000b A=0xbefffd9c
2291000: system.cpu T0 : @_IO_default_uflow+27.4  :   str_uop.w   r8, [sp, #8] : MemWrite :  D=0x0000000000000000 A=0xbefffda0
2291500: system.cpu T0 : @_IO_default_uflow+27.5  :   str_uop.w   lr, [sp, #4] : MemWrite :  D=0x000000000002055d A=0xbefffda4
2292000: system.cpu T0 : @_IO_default_uflow+27.6  :   subi_uop.w   sp, sp, #24 : IntAlu :  D=0x00000000befffd90
2292500: system.cpu T0 : @_IO_default_xsputn+3    :   mov   r5, r0             : IntAlu :  D=0x0000000000069128
2293000: system.cpu T0 : @_IO_default_xsputn+5    :   mov   r8, r2             : IntAlu :  D=0x000000000000000b
2293500: system.cpu T0 : @_IO_default_xsputn+7    :   cmps   r2, #0            : IntAlu :  D=0x0000000000000001
2294000: system.cpu T0 : @_IO_default_xsputn+9    :   b                        : IntAlu : Predicated False
2294500: system.cpu T0 : @_IO_default_xsputn+11    :   mov   r4, r2             : IntAlu :  D=0x000000000000000b
2295000: system.cpu T0 : @_IO_default_xsputn+13    :   mov   r6, r1             : IntAlu :  D=0x000000000004ab64
2295500: system.cpu T0 : @_IO_default_xsputn+15    :   ldr   r0, [r5, #20]      : MemRead :  D=0x000000003fffe000 A=0x6913c
2296000: system.cpu T0 : @_IO_default_xsputn+17    :   ldr   r7, [r5, #24]      : MemRead :  D=0x000000003fffe000 A=0x69140
2296500: system.cpu T0 : @_IO_default_xsputn+19    :   cmps   r0, r7            : IntAlu :  D=0x0000000000000001
2297000: system.cpu T0 : @_IO_default_xsputn+21    :   b                        : IntAlu : 
2297500: system.cpu T0 : @_IO_default_xsputn+59    :   cbz                      : IntAlu : Predicated False
2298500: system.cpu T0 : @_IO_default_xsputn+61    :   ldr.w   r3, [r5, #152]   : MemRead :  D=0x000000000004df10 A=0x691c0
2299000: system.cpu T0 : @_IO_default_xsputn+65    :   mov   r0, r5             : IntAlu :  D=0x0000000000069128
2299500: system.cpu T0 : @_IO_default_xsputn+67    :   ldrb   r1, [r6, #0]      : MemRead :  D=0x0000000000000066 A=0x4ab64
2300000: system.cpu T0 : @_IO_default_xsputn+69    :   ldr   r3, [r3, #12]      : MemRead :  D=0x0000000000020ecd A=0x4df1c
2300500: system.cpu T0 : @_IO_default_xsputn+71    :   blx                      : IntAlu :  D=0x0000000000009ebb
2301000: system.cpu T0 : @_IO_file_underflow+471    :   ldr   r3, [r0, #0]       : MemRead :  D=0x00000000fbad2a84 A=0x69128
2301500: system.cpu T0 : @_IO_file_overflow+1    : ldmstm                    
2301500: system.cpu T0 : @_IO_file_overflow+1.0  :   str_uop   r4, [sp, #16]  : MemWrite :  D=0x000000000000000b A=0xbefffd80
2302000: system.cpu T0 : @_IO_file_overflow+1.1  :   str_uop   r5, [sp, #12]  : MemWrite :  D=0x0000000000069128 A=0xbefffd84
2302500: system.cpu T0 : @_IO_file_overflow+1.2  :   str_uop   r6, [sp, #8]   : MemWrite :  D=0x000000000004ab64 A=0xbefffd88
2303000: system.cpu T0 : @_IO_file_overflow+1.3  :   str_uop   lr, [sp, #4]   : MemWrite :  D=0x0000000000009ebb A=0xbefffd8c
2303500: system.cpu T0 : @_IO_file_overflow+1.4  :   subi_uop   sp, sp, #16   : IntAlu :  D=0x00000000befffd80
2304000: system.cpu T0 : @_IO_file_overflow+3    :   movs   r2, r3, LSL #28   : IntAlu :  D=0x0000000000000000
2304500: system.cpu T0 : @_IO_file_overflow+5    :   mov   r4, r0             : IntAlu :  D=0x0000000000069128
2305000: system.cpu T0 : @_IO_file_overflow+7    :   mov   r5, r1             : IntAlu :  D=0x0000000000000066
2305500: system.cpu T0 : @_IO_file_overflow+9    :   b                        : IntAlu : Predicated False
2306000: system.cpu T0 : @_IO_file_overflow+11    :   movs   r0, r3, LSL #20   : IntAlu :  D=0x0000000000000002
2306500: system.cpu T0 : @_IO_file_overflow+13    :   b                        : IntAlu : Predicated False
2307000: system.cpu T0 : @_IO_file_overflow+15    :   ldr   r3, [r4, #16]      : MemRead :  D=0x000000003fffe000 A=0x69138
2307500: system.cpu T0 : @_IO_file_overflow+17    :   cmps   r3, #0            : IntAlu :  D=0x0000000000000001
2308000: system.cpu T0 : @_IO_file_overflow+19    :   b                        : IntAlu : Predicated False
2308500: system.cpu T0 : @_IO_file_overflow+21    :   ldr   r2, [r4, #20]      : MemRead :  D=0x000000003fffe000 A=0x6913c
2309000: system.cpu T0 : @_IO_file_overflow+23    :   adds   r3, r5, #1        : IntAlu :  D=0x0000000000000000
2309500: system.cpu T0 : @_IO_file_overflow+25    :   b                        : IntAlu : Predicated False
2310000: system.cpu T0 : @_IO_file_overflow+27    :   ldr   r3, [r4, #32]      : MemRead :  D=0x0000000040000000 A=0x69148
2310500: system.cpu T0 : @_IO_file_overflow+29    :   cmps   r3, r2            : IntAlu :  D=0x0000000000000001
2311000: system.cpu T0 : @_IO_file_overflow+31    :   b                        : IntAlu : Predicated False
2311500: system.cpu T0 : @_IO_file_overflow+33    :   uxtb   r6, #0, r5        : IntAlu :  D=0x0000000000000066
2312000: system.cpu T0 : @_IO_file_overflow+35    :   strb.w   r6, [r2] #1    
2312000: system.cpu T0 : @_IO_file_overflow+35.0  :   strb.w   r6, [r2] #1     : MemWrite :  D=0x0000000000000066 A=0x3fffe000
2312500: system.cpu T0 : @_IO_file_overflow+35.1  :   addi_uop.w   r2, r2, #1  : IntAlu :  D=0x000000003fffe001
2313000: system.cpu T0 : @_IO_file_overflow+39    :   ldr   r3, [r4, #0]       : MemRead :  D=0x00000000fbad2a84 A=0x69128
2313500: system.cpu T0 : @_IO_file_overflow+41    :   str   r2, [r4, #20]      : MemWrite :  D=0x000000003fffe001 A=0x6913c
2314000: system.cpu T0 : @_IO_file_overflow+43    :   movs   r0, r3, LSL #30   : IntAlu :  D=0x0000000000000001
2314500: system.cpu T0 : @_IO_file_overflow+45    :   b                        : IntAlu : Predicated False
2315000: system.cpu T0 : @_IO_file_overflow+47    :   ubfx.w   r3, r3, #9, #9  : IntAlu :  D=0x0000000000000001
2315500: system.cpu T0 : @_IO_file_overflow+51    :   cmps   r5, #10           : IntAlu :  D=0x0000000000000001
2316000: system.cpu T0 : @_IO_file_overflow+53    :   it                       : IntAlu : 
2316500: system.cpu T0 : @_IO_file_overflow+55    :   mov   r5, #0             : IntAlu :  D=0x0000000000000000
2317500: system.cpu T0 : @_IO_file_overflow+57    :   and.w   r5, r3, #1       : IntAlu : Predicated False
2318000: system.cpu T0 : @_IO_file_overflow+61    :   cbz                      : IntAlu : 
2318500: system.cpu T0 : @_IO_file_overflow+77    :   mov   r0, r6             : IntAlu :  D=0x0000000000000066
2319000: system.cpu T0 : @_IO_file_overflow+79    : ldmstm                    
2319000: system.cpu T0 : @_IO_file_overflow+79.0  :   ldr2_uop   r4,r5, [sp, #0] : MemRead :  D=0x0000000000069128 A=0xbefffd80
2319500: system.cpu T0 : @_IO_file_overflow+79.1  :   ldr2_uop   r6,r36, [sp, #8] : MemRead :  D=0x0000000000009ebb A=0xbefffd88
2320000: system.cpu T0 : @_IO_file_overflow+79.2  :   addi_uop   sp, sp, #16   : IntAlu :  D=0x00000000befffd90
2320500: system.cpu T0 : @_IO_file_overflow+79.3  :   uopReg_uop   pc, r36     : IntAlu :  D=0x0000000000009ebb
2321000: system.cpu T0 : @_IO_default_xsputn+73    :   adds   r0, r0, #1        : IntAlu :  D=0x0000000000000000
2321500: system.cpu T0 : @_IO_default_xsputn+75    :   b                        : IntAlu : Predicated False
2322000: system.cpu T0 : @_IO_default_xsputn+77    :   adds   r6, r6, #1        : IntAlu :  D=0x0000000000000000
2322500: system.cpu T0 : @_IO_default_xsputn+79    :   subs   r4, r4, #1        : IntAlu :  D=0x0000000000000001
2323000: system.cpu T0 : @_IO_default_xsputn+81    :   b                        : IntAlu : 
2323500: system.cpu T0 : @_IO_default_xsputn+15    :   ldr   r0, [r5, #20]      : MemRead :  D=0x000000003fffe001 A=0x6913c
2324000: system.cpu T0 : @_IO_default_xsputn+17    :   ldr   r7, [r5, #24]      : MemRead :  D=0x000000003fffe000 A=0x69140
2324500: system.cpu T0 : @_IO_default_xsputn+19    :   cmps   r0, r7            : IntAlu :  D=0x0000000000000001
2325000: system.cpu T0 : @_IO_default_xsputn+21    :   b                        : IntAlu : 
2325500: system.cpu T0 : @_IO_default_xsputn+59    :   cbz                      : IntAlu : Predicated False
2326500: system.cpu T0 : @_IO_default_xsputn+61    :   ldr.w   r3, [r5, #152]   : MemRead :  D=0x000000000004df10 A=0x691c0
2327000: system.cpu T0 : @_IO_default_xsputn+65    :   mov   r0, r5             : IntAlu :  D=0x0000000000069128
2327500: system.cpu T0 : @_IO_default_xsputn+67    :   ldrb   r1, [r6, #0]      : MemRead :  D=0x000000000000006d A=0x4ab65
2328000: system.cpu T0 : @_IO_default_xsputn+69    :   ldr   r3, [r3, #12]      : MemRead :  D=0x0000000000020ecd A=0x4df1c
2328500: system.cpu T0 : @_IO_default_xsputn+71    :   blx                      : IntAlu :  D=0x0000000000009ebb
2329000: system.cpu T0 : @_IO_file_underflow+471    :   ldr   r3, [r0, #0]       : MemRead :  D=0x00000000fbad2a84 A=0x69128
2329500: system.cpu T0 : @_IO_file_overflow+1    : ldmstm                    
2329500: system.cpu T0 : @_IO_file_overflow+1.0  :   str_uop   r4, [sp, #16]  : MemWrite :  D=0x000000000000000a A=0xbefffd80
2330000: system.cpu T0 : @_IO_file_overflow+1.1  :   str_uop   r5, [sp, #12]  : MemWrite :  D=0x0000000000069128 A=0xbefffd84
2330500: system.cpu T0 : @_IO_file_overflow+1.2  :   str_uop   r6, [sp, #8]   : MemWrite :  D=0x000000000004ab65 A=0xbefffd88
2331000: system.cpu T0 : @_IO_file_overflow+1.3  :   str_uop   lr, [sp, #4]   : MemWrite :  D=0x0000000000009ebb A=0xbefffd8c
2331500: system.cpu T0 : @_IO_file_overflow+1.4  :   subi_uop   sp, sp, #16   : IntAlu :  D=0x00000000befffd80
2332000: system.cpu T0 : @_IO_file_overflow+3    :   movs   r2, r3, LSL #28   : IntAlu :  D=0x0000000000000000
2332500: system.cpu T0 : @_IO_file_overflow+5    :   mov   r4, r0             : IntAlu :  D=0x0000000000069128
2333000: system.cpu T0 : @_IO_file_overflow+7    :   mov   r5, r1             : IntAlu :  D=0x000000000000006d
2333500: system.cpu T0 : @_IO_file_overflow+9    :   b                        : IntAlu : Predicated False
2334000: system.cpu T0 : @_IO_file_overflow+11    :   movs   r0, r3, LSL #20   : IntAlu :  D=0x0000000000000002
2334500: system.cpu T0 : @_IO_file_overflow+13    :   b                        : IntAlu : Predicated False
2335000: system.cpu T0 : @_IO_file_overflow+15    :   ldr   r3, [r4, #16]      : MemRead :  D=0x000000003fffe000 A=0x69138
2335500: system.cpu T0 : @_IO_file_overflow+17    :   cmps   r3, #0            : IntAlu :  D=0x0000000000000001
2336000: system.cpu T0 : @_IO_file_overflow+19    :   b                        : IntAlu : Predicated False
2336500: system.cpu T0 : @_IO_file_overflow+21    :   ldr   r2, [r4, #20]      : MemRead :  D=0x000000003fffe001 A=0x6913c
2337000: system.cpu T0 : @_IO_file_overflow+23    :   adds   r3, r5, #1        : IntAlu :  D=0x0000000000000000
2337500: system.cpu T0 : @_IO_file_overflow+25    :   b                        : IntAlu : Predicated False
2338000: system.cpu T0 : @_IO_file_overflow+27    :   ldr   r3, [r4, #32]      : MemRead :  D=0x0000000040000000 A=0x69148
2338500: system.cpu T0 : @_IO_file_overflow+29    :   cmps   r3, r2            : IntAlu :  D=0x0000000000000001
2339000: system.cpu T0 : @_IO_file_overflow+31    :   b                        : IntAlu : Predicated False
2339500: system.cpu T0 : @_IO_file_overflow+33    :   uxtb   r6, #0, r5        : IntAlu :  D=0x000000000000006d
2340000: system.cpu T0 : @_IO_file_overflow+35    :   strb.w   r6, [r2] #1    
2340000: system.cpu T0 : @_IO_file_overflow+35.0  :   strb.w   r6, [r2] #1     : MemWrite :  D=0x000000000000006d A=0x3fffe001
2340500: system.cpu T0 : @_IO_file_overflow+35.1  :   addi_uop.w   r2, r2, #1  : IntAlu :  D=0x000000003fffe002
2341000: system.cpu T0 : @_IO_file_overflow+39    :   ldr   r3, [r4, #0]       : MemRead :  D=0x00000000fbad2a84 A=0x69128
2341500: system.cpu T0 : @_IO_file_overflow+41    :   str   r2, [r4, #20]      : MemWrite :  D=0x000000003fffe002 A=0x6913c
2342000: system.cpu T0 : @_IO_file_overflow+43    :   movs   r0, r3, LSL #30   : IntAlu :  D=0x0000000000000001
2342500: system.cpu T0 : @_IO_file_overflow+45    :   b                        : IntAlu : Predicated False
2343000: system.cpu T0 : @_IO_file_overflow+47    :   ubfx.w   r3, r3, #9, #9  : IntAlu :  D=0x0000000000000001
2343500: system.cpu T0 : @_IO_file_overflow+51    :   cmps   r5, #10           : IntAlu :  D=0x0000000000000001
2344000: system.cpu T0 : @_IO_file_overflow+53    :   it                       : IntAlu : 
2344500: system.cpu T0 : @_IO_file_overflow+55    :   mov   r5, #0             : IntAlu :  D=0x0000000000000000
2345500: system.cpu T0 : @_IO_file_overflow+57    :   and.w   r5, r3, #1       : IntAlu : Predicated False
2346000: system.cpu T0 : @_IO_file_overflow+61    :   cbz                      : IntAlu : 
2346500: system.cpu T0 : @_IO_file_overflow+77    :   mov   r0, r6             : IntAlu :  D=0x000000000000006d
2347000: system.cpu T0 : @_IO_file_overflow+79    : ldmstm                    
2347000: system.cpu T0 : @_IO_file_overflow+79.0  :   ldr2_uop   r4,r5, [sp, #0] : MemRead :  D=0x0000000000069128 A=0xbefffd80
2347500: system.cpu T0 : @_IO_file_overflow+79.1  :   ldr2_uop   r6,r36, [sp, #8] : MemRead :  D=0x0000000000009ebb A=0xbefffd88
2348000: system.cpu T0 : @_IO_file_overflow+79.2  :   addi_uop   sp, sp, #16   : IntAlu :  D=0x00000000befffd90
2348500: system.cpu T0 : @_IO_file_overflow+79.3  :   uopReg_uop   pc, r36     : IntAlu :  D=0x0000000000009ebb
2349000: system.cpu T0 : @_IO_default_xsputn+73    :   adds   r0, r0, #1        : IntAlu :  D=0x0000000000000000
2349500: system.cpu T0 : @_IO_default_xsputn+75    :   b                        : IntAlu : Predicated False
2350000: system.cpu T0 : @_IO_default_xsputn+77    :   adds   r6, r6, #1        : IntAlu :  D=0x0000000000000000
2350500: system.cpu T0 : @_IO_default_xsputn+79    :   subs   r4, r4, #1        : IntAlu :  D=0x0000000000000001
2351000: system.cpu T0 : @_IO_default_xsputn+81    :   b                        : IntAlu : 
2351500: system.cpu T0 : @_IO_default_xsputn+15    :   ldr   r0, [r5, #20]      : MemRead :  D=0x000000003fffe002 A=0x6913c
2352000: system.cpu T0 : @_IO_default_xsputn+17    :   ldr   r7, [r5, #24]      : MemRead :  D=0x000000003fffe000 A=0x69140
2352500: system.cpu T0 : @_IO_default_xsputn+19    :   cmps   r0, r7            : IntAlu :  D=0x0000000000000001
2353000: system.cpu T0 : @_IO_default_xsputn+21    :   b                        : IntAlu : 
2353500: system.cpu T0 : @_IO_default_xsputn+59    :   cbz                      : IntAlu : Predicated False
2354500: system.cpu T0 : @_IO_default_xsputn+61    :   ldr.w   r3, [r5, #152]   : MemRead :  D=0x000000000004df10 A=0x691c0
2355000: system.cpu T0 : @_IO_default_xsputn+65    :   mov   r0, r5             : IntAlu :  D=0x0000000000069128
2355500: system.cpu T0 : @_IO_default_xsputn+67    :   ldrb   r1, [r6, #0]      : MemRead :  D=0x0000000000000027 A=0x4ab66
2356000: system.cpu T0 : @_IO_default_xsputn+69    :   ldr   r3, [r3, #12]      : MemRead :  D=0x0000000000020ecd A=0x4df1c
2356500: system.cpu T0 : @_IO_default_xsputn+71    :   blx                      : IntAlu :  D=0x0000000000009ebb
2357000: system.cpu T0 : @_IO_file_underflow+471    :   ldr   r3, [r0, #0]       : MemRead :  D=0x00000000fbad2a84 A=0x69128
2357500: system.cpu T0 : @_IO_file_overflow+1    : ldmstm                    
2357500: system.cpu T0 : @_IO_file_overflow+1.0  :   str_uop   r4, [sp, #16]  : MemWrite :  D=0x0000000000000009 A=0xbefffd80
2358000: system.cpu T0 : @_IO_file_overflow+1.1  :   str_uop   r5, [sp, #12]  : MemWrite :  D=0x0000000000069128 A=0xbefffd84
2358500: system.cpu T0 : @_IO_file_overflow+1.2  :   str_uop   r6, [sp, #8]   : MemWrite :  D=0x000000000004ab66 A=0xbefffd88
2359000: system.cpu T0 : @_IO_file_overflow+1.3  :   str_uop   lr, [sp, #4]   : MemWrite :  D=0x0000000000009ebb A=0xbefffd8c
2359500: system.cpu T0 : @_IO_file_overflow+1.4  :   subi_uop   sp, sp, #16   : IntAlu :  D=0x00000000befffd80
2360000: system.cpu T0 : @_IO_file_overflow+3    :   movs   r2, r3, LSL #28   : IntAlu :  D=0x0000000000000000
2360500: system.cpu T0 : @_IO_file_overflow+5    :   mov   r4, r0             : IntAlu :  D=0x0000000000069128
2361000: system.cpu T0 : @_IO_file_overflow+7    :   mov   r5, r1             : IntAlu :  D=0x0000000000000027
2361500: system.cpu T0 : @_IO_file_overflow+9    :   b                        : IntAlu : Predicated False
2362000: system.cpu T0 : @_IO_file_overflow+11    :   movs   r0, r3, LSL #20   : IntAlu :  D=0x0000000000000002
2362500: system.cpu T0 : @_IO_file_overflow+13    :   b                        : IntAlu : Predicated False
2363000: system.cpu T0 : @_IO_file_overflow+15    :   ldr   r3, [r4, #16]      : MemRead :  D=0x000000003fffe000 A=0x69138
2363500: system.cpu T0 : @_IO_file_overflow+17    :   cmps   r3, #0            : IntAlu :  D=0x0000000000000001
2364000: system.cpu T0 : @_IO_file_overflow+19    :   b                        : IntAlu : Predicated False
2364500: system.cpu T0 : @_IO_file_overflow+21    :   ldr   r2, [r4, #20]      : MemRead :  D=0x000000003fffe002 A=0x6913c
2365000: system.cpu T0 : @_IO_file_overflow+23    :   adds   r3, r5, #1        : IntAlu :  D=0x0000000000000000
2365500: system.cpu T0 : @_IO_file_overflow+25    :   b                        : IntAlu : Predicated False
2366000: system.cpu T0 : @_IO_file_overflow+27    :   ldr   r3, [r4, #32]      : MemRead :  D=0x0000000040000000 A=0x69148
2366500: system.cpu T0 : @_IO_file_overflow+29    :   cmps   r3, r2            : IntAlu :  D=0x0000000000000001
2367000: system.cpu T0 : @_IO_file_overflow+31    :   b                        : IntAlu : Predicated False
2367500: system.cpu T0 : @_IO_file_overflow+33    :   uxtb   r6, #0, r5        : IntAlu :  D=0x0000000000000027
2368000: system.cpu T0 : @_IO_file_overflow+35    :   strb.w   r6, [r2] #1    
2368000: system.cpu T0 : @_IO_file_overflow+35.0  :   strb.w   r6, [r2] #1     : MemWrite :  D=0x0000000000000027 A=0x3fffe002
2368500: system.cpu T0 : @_IO_file_overflow+35.1  :   addi_uop.w   r2, r2, #1  : IntAlu :  D=0x000000003fffe003
2369000: system.cpu T0 : @_IO_file_overflow+39    :   ldr   r3, [r4, #0]       : MemRead :  D=0x00000000fbad2a84 A=0x69128
2369500: system.cpu T0 : @_IO_file_overflow+41    :   str   r2, [r4, #20]      : MemWrite :  D=0x000000003fffe003 A=0x6913c
2370000: system.cpu T0 : @_IO_file_overflow+43    :   movs   r0, r3, LSL #30   : IntAlu :  D=0x0000000000000001
2370500: system.cpu T0 : @_IO_file_overflow+45    :   b                        : IntAlu : Predicated False
2371000: system.cpu T0 : @_IO_file_overflow+47    :   ubfx.w   r3, r3, #9, #9  : IntAlu :  D=0x0000000000000001
2371500: system.cpu T0 : @_IO_file_overflow+51    :   cmps   r5, #10           : IntAlu :  D=0x0000000000000001
2372000: system.cpu T0 : @_IO_file_overflow+53    :   it                       : IntAlu : 
2372500: system.cpu T0 : @_IO_file_overflow+55    :   mov   r5, #0             : IntAlu :  D=0x0000000000000000
2373500: system.cpu T0 : @_IO_file_overflow+57    :   and.w   r5, r3, #1       : IntAlu : Predicated False
2374000: system.cpu T0 : @_IO_file_overflow+61    :   cbz                      : IntAlu : 
2374500: system.cpu T0 : @_IO_file_overflow+77    :   mov   r0, r6             : IntAlu :  D=0x0000000000000027
2375000: system.cpu T0 : @_IO_file_overflow+79    : ldmstm                    
2375000: system.cpu T0 : @_IO_file_overflow+79.0  :   ldr2_uop   r4,r5, [sp, #0] : MemRead :  D=0x0000000000069128 A=0xbefffd80
2375500: system.cpu T0 : @_IO_file_overflow+79.1  :   ldr2_uop   r6,r36, [sp, #8] : MemRead :  D=0x0000000000009ebb A=0xbefffd88
2376000: system.cpu T0 : @_IO_file_overflow+79.2  :   addi_uop   sp, sp, #16   : IntAlu :  D=0x00000000befffd90
2376500: system.cpu T0 : @_IO_file_overflow+79.3  :   uopReg_uop   pc, r36     : IntAlu :  D=0x0000000000009ebb
2377000: system.cpu T0 : @_IO_default_xsputn+73    :   adds   r0, r0, #1        : IntAlu :  D=0x0000000000000000
2377500: system.cpu T0 : @_IO_default_xsputn+75    :   b                        : IntAlu : Predicated False
2378000: system.cpu T0 : @_IO_default_xsputn+77    :   adds   r6, r6, #1        : IntAlu :  D=0x0000000000000000
2378500: system.cpu T0 : @_IO_default_xsputn+79    :   subs   r4, r4, #1        : IntAlu :  D=0x0000000000000001
2379000: system.cpu T0 : @_IO_default_xsputn+81    :   b                        : IntAlu : 
2379500: system.cpu T0 : @_IO_default_xsputn+15    :   ldr   r0, [r5, #20]      : MemRead :  D=0x000000003fffe003 A=0x6913c
2380000: system.cpu T0 : @_IO_default_xsputn+17    :   ldr   r7, [r5, #24]      : MemRead :  D=0x000000003fffe000 A=0x69140
2380500: system.cpu T0 : @_IO_default_xsputn+19    :   cmps   r0, r7            : IntAlu :  D=0x0000000000000001
2381000: system.cpu T0 : @_IO_default_xsputn+21    :   b                        : IntAlu : 
2381500: system.cpu T0 : @_IO_default_xsputn+59    :   cbz                      : IntAlu : Predicated False
2382500: system.cpu T0 : @_IO_default_xsputn+61    :   ldr.w   r3, [r5, #152]   : MemRead :  D=0x000000000004df10 A=0x691c0
2383000: system.cpu T0 : @_IO_default_xsputn+65    :   mov   r0, r5             : IntAlu :  D=0x0000000000069128
2383500: system.cpu T0 : @_IO_default_xsputn+67    :   ldrb   r1, [r6, #0]      : MemRead :  D=0x0000000000000073 A=0x4ab67
2384000: system.cpu T0 : @_IO_default_xsputn+69    :   ldr   r3, [r3, #12]      : MemRead :  D=0x0000000000020ecd A=0x4df1c
2384500: system.cpu T0 : @_IO_default_xsputn+71    :   blx                      : IntAlu :  D=0x0000000000009ebb
2385000: system.cpu T0 : @_IO_file_underflow+471    :   ldr   r3, [r0, #0]       : MemRead :  D=0x00000000fbad2a84 A=0x69128
2385500: system.cpu T0 : @_IO_file_overflow+1    : ldmstm                    
2385500: system.cpu T0 : @_IO_file_overflow+1.0  :   str_uop   r4, [sp, #16]  : MemWrite :  D=0x0000000000000008 A=0xbefffd80
2386000: system.cpu T0 : @_IO_file_overflow+1.1  :   str_uop   r5, [sp, #12]  : MemWrite :  D=0x0000000000069128 A=0xbefffd84
2386500: system.cpu T0 : @_IO_file_overflow+1.2  :   str_uop   r6, [sp, #8]   : MemWrite :  D=0x000000000004ab67 A=0xbefffd88
2387000: system.cpu T0 : @_IO_file_overflow+1.3  :   str_uop   lr, [sp, #4]   : MemWrite :  D=0x0000000000009ebb A=0xbefffd8c
2387500: system.cpu T0 : @_IO_file_overflow+1.4  :   subi_uop   sp, sp, #16   : IntAlu :  D=0x00000000befffd80
2388000: system.cpu T0 : @_IO_file_overflow+3    :   movs   r2, r3, LSL #28   : IntAlu :  D=0x0000000000000000
2388500: system.cpu T0 : @_IO_file_overflow+5    :   mov   r4, r0             : IntAlu :  D=0x0000000000069128
2389000: system.cpu T0 : @_IO_file_overflow+7    :   mov   r5, r1             : IntAlu :  D=0x0000000000000073
2389500: system.cpu T0 : @_IO_file_overflow+9    :   b                        : IntAlu : Predicated False
2390000: system.cpu T0 : @_IO_file_overflow+11    :   movs   r0, r3, LSL #20   : IntAlu :  D=0x0000000000000002
2390500: system.cpu T0 : @_IO_file_overflow+13    :   b                        : IntAlu : Predicated False
2391000: system.cpu T0 : @_IO_file_overflow+15    :   ldr   r3, [r4, #16]      : MemRead :  D=0x000000003fffe000 A=0x69138
2391500: system.cpu T0 : @_IO_file_overflow+17    :   cmps   r3, #0            : IntAlu :  D=0x0000000000000001
2392000: system.cpu T0 : @_IO_file_overflow+19    :   b                        : IntAlu : Predicated False
2392500: system.cpu T0 : @_IO_file_overflow+21    :   ldr   r2, [r4, #20]      : MemRead :  D=0x000000003fffe003 A=0x6913c
2393000: system.cpu T0 : @_IO_file_overflow+23    :   adds   r3, r5, #1        : IntAlu :  D=0x0000000000000000
2393500: system.cpu T0 : @_IO_file_overflow+25    :   b                        : IntAlu : Predicated False
2394000: system.cpu T0 : @_IO_file_overflow+27    :   ldr   r3, [r4, #32]      : MemRead :  D=0x0000000040000000 A=0x69148
2394500: system.cpu T0 : @_IO_file_overflow+29    :   cmps   r3, r2            : IntAlu :  D=0x0000000000000001
2395000: system.cpu T0 : @_IO_file_overflow+31    :   b                        : IntAlu : Predicated False
2395500: system.cpu T0 : @_IO_file_overflow+33    :   uxtb   r6, #0, r5        : IntAlu :  D=0x0000000000000073
2396000: system.cpu T0 : @_IO_file_overflow+35    :   strb.w   r6, [r2] #1    
2396000: system.cpu T0 : @_IO_file_overflow+35.0  :   strb.w   r6, [r2] #1     : MemWrite :  D=0x0000000000000073 A=0x3fffe003
2396500: system.cpu T0 : @_IO_file_overflow+35.1  :   addi_uop.w   r2, r2, #1  : IntAlu :  D=0x000000003fffe004
2397000: system.cpu T0 : @_IO_file_overflow+39    :   ldr   r3, [r4, #0]       : MemRead :  D=0x00000000fbad2a84 A=0x69128
2397500: system.cpu T0 : @_IO_file_overflow+41    :   str   r2, [r4, #20]      : MemWrite :  D=0x000000003fffe004 A=0x6913c
2398000: system.cpu T0 : @_IO_file_overflow+43    :   movs   r0, r3, LSL #30   : IntAlu :  D=0x0000000000000001
2398500: system.cpu T0 : @_IO_file_overflow+45    :   b                        : IntAlu : Predicated False
2399000: system.cpu T0 : @_IO_file_overflow+47    :   ubfx.w   r3, r3, #9, #9  : IntAlu :  D=0x0000000000000001
2399500: system.cpu T0 : @_IO_file_overflow+51    :   cmps   r5, #10           : IntAlu :  D=0x0000000000000001
2400000: system.cpu T0 : @_IO_file_overflow+53    :   it                       : IntAlu : 
2400500: system.cpu T0 : @_IO_file_overflow+55    :   mov   r5, #0             : IntAlu :  D=0x0000000000000000
2401500: system.cpu T0 : @_IO_file_overflow+57    :   and.w   r5, r3, #1       : IntAlu : Predicated False
2402000: system.cpu T0 : @_IO_file_overflow+61    :   cbz                      : IntAlu : 
2402500: system.cpu T0 : @_IO_file_overflow+77    :   mov   r0, r6             : IntAlu :  D=0x0000000000000073
2403000: system.cpu T0 : @_IO_file_overflow+79    : ldmstm                    
2403000: system.cpu T0 : @_IO_file_overflow+79.0  :   ldr2_uop   r4,r5, [sp, #0] : MemRead :  D=0x0000000000069128 A=0xbefffd80
2403500: system.cpu T0 : @_IO_file_overflow+79.1  :   ldr2_uop   r6,r36, [sp, #8] : MemRead :  D=0x0000000000009ebb A=0xbefffd88
2404000: system.cpu T0 : @_IO_file_overflow+79.2  :   addi_uop   sp, sp, #16   : IntAlu :  D=0x00000000befffd90
2404500: system.cpu T0 : @_IO_file_overflow+79.3  :   uopReg_uop   pc, r36     : IntAlu :  D=0x0000000000009ebb
2405000: system.cpu T0 : @_IO_default_xsputn+73    :   adds   r0, r0, #1        : IntAlu :  D=0x0000000000000000
2405500: system.cpu T0 : @_IO_default_xsputn+75    :   b                        : IntAlu : Predicated False
2406000: system.cpu T0 : @_IO_default_xsputn+77    :   adds   r6, r6, #1        : IntAlu :  D=0x0000000000000000
2406500: system.cpu T0 : @_IO_default_xsputn+79    :   subs   r4, r4, #1        : IntAlu :  D=0x0000000000000001
2407000: system.cpu T0 : @_IO_default_xsputn+81    :   b                        : IntAlu : 
2407500: system.cpu T0 : @_IO_default_xsputn+15    :   ldr   r0, [r5, #20]      : MemRead :  D=0x000000003fffe004 A=0x6913c
2408000: system.cpu T0 : @_IO_default_xsputn+17    :   ldr   r7, [r5, #24]      : MemRead :  D=0x000000003fffe000 A=0x69140
2408500: system.cpu T0 : @_IO_default_xsputn+19    :   cmps   r0, r7            : IntAlu :  D=0x0000000000000001
2409000: system.cpu T0 : @_IO_default_xsputn+21    :   b                        : IntAlu : 
2409500: system.cpu T0 : @_IO_default_xsputn+59    :   cbz                      : IntAlu : Predicated False
2410500: system.cpu T0 : @_IO_default_xsputn+61    :   ldr.w   r3, [r5, #152]   : MemRead :  D=0x000000000004df10 A=0x691c0
2411000: system.cpu T0 : @_IO_default_xsputn+65    :   mov   r0, r5             : IntAlu :  D=0x0000000000069128
2411500: system.cpu T0 : @_IO_default_xsputn+67    :   ldrb   r1, [r6, #0]      : MemRead :  D=0x0000000000000020 A=0x4ab68
2412000: system.cpu T0 : @_IO_default_xsputn+69    :   ldr   r3, [r3, #12]      : MemRead :  D=0x0000000000020ecd A=0x4df1c
2412500: system.cpu T0 : @_IO_default_xsputn+71    :   blx                      : IntAlu :  D=0x0000000000009ebb
2413000: system.cpu T0 : @_IO_file_underflow+471    :   ldr   r3, [r0, #0]       : MemRead :  D=0x00000000fbad2a84 A=0x69128
2413500: system.cpu T0 : @_IO_file_overflow+1    : ldmstm                    
2413500: system.cpu T0 : @_IO_file_overflow+1.0  :   str_uop   r4, [sp, #16]  : MemWrite :  D=0x0000000000000007 A=0xbefffd80
2414000: system.cpu T0 : @_IO_file_overflow+1.1  :   str_uop   r5, [sp, #12]  : MemWrite :  D=0x0000000000069128 A=0xbefffd84
2414500: system.cpu T0 : @_IO_file_overflow+1.2  :   str_uop   r6, [sp, #8]   : MemWrite :  D=0x000000000004ab68 A=0xbefffd88
2415000: system.cpu T0 : @_IO_file_overflow+1.3  :   str_uop   lr, [sp, #4]   : MemWrite :  D=0x0000000000009ebb A=0xbefffd8c
2415500: system.cpu T0 : @_IO_file_overflow+1.4  :   subi_uop   sp, sp, #16   : IntAlu :  D=0x00000000befffd80
2416000: system.cpu T0 : @_IO_file_overflow+3    :   movs   r2, r3, LSL #28   : IntAlu :  D=0x0000000000000000
2416500: system.cpu T0 : @_IO_file_overflow+5    :   mov   r4, r0             : IntAlu :  D=0x0000000000069128
2417000: system.cpu T0 : @_IO_file_overflow+7    :   mov   r5, r1             : IntAlu :  D=0x0000000000000020
2417500: system.cpu T0 : @_IO_file_overflow+9    :   b                        : IntAlu : Predicated False
2418000: system.cpu T0 : @_IO_file_overflow+11    :   movs   r0, r3, LSL #20   : IntAlu :  D=0x0000000000000002
2418500: system.cpu T0 : @_IO_file_overflow+13    :   b                        : IntAlu : Predicated False
2419000: system.cpu T0 : @_IO_file_overflow+15    :   ldr   r3, [r4, #16]      : MemRead :  D=0x000000003fffe000 A=0x69138
2419500: system.cpu T0 : @_IO_file_overflow+17    :   cmps   r3, #0            : IntAlu :  D=0x0000000000000001
2420000: system.cpu T0 : @_IO_file_overflow+19    :   b                        : IntAlu : Predicated False
2420500: system.cpu T0 : @_IO_file_overflow+21    :   ldr   r2, [r4, #20]      : MemRead :  D=0x000000003fffe004 A=0x6913c
2421000: system.cpu T0 : @_IO_file_overflow+23    :   adds   r3, r5, #1        : IntAlu :  D=0x0000000000000000
2421500: system.cpu T0 : @_IO_file_overflow+25    :   b                        : IntAlu : Predicated False
2422000: system.cpu T0 : @_IO_file_overflow+27    :   ldr   r3, [r4, #32]      : MemRead :  D=0x0000000040000000 A=0x69148
2422500: system.cpu T0 : @_IO_file_overflow+29    :   cmps   r3, r2            : IntAlu :  D=0x0000000000000001
2423000: system.cpu T0 : @_IO_file_overflow+31    :   b                        : IntAlu : Predicated False
2423500: system.cpu T0 : @_IO_file_overflow+33    :   uxtb   r6, #0, r5        : IntAlu :  D=0x0000000000000020
2424000: system.cpu T0 : @_IO_file_overflow+35    :   strb.w   r6, [r2] #1    
2424000: system.cpu T0 : @_IO_file_overflow+35.0  :   strb.w   r6, [r2] #1     : MemWrite :  D=0x0000000000000020 A=0x3fffe004
2424500: system.cpu T0 : @_IO_file_overflow+35.1  :   addi_uop.w   r2, r2, #1  : IntAlu :  D=0x000000003fffe005
2425000: system.cpu T0 : @_IO_file_overflow+39    :   ldr   r3, [r4, #0]       : MemRead :  D=0x00000000fbad2a84 A=0x69128
2425500: system.cpu T0 : @_IO_file_overflow+41    :   str   r2, [r4, #20]      : MemWrite :  D=0x000000003fffe005 A=0x6913c
2426000: system.cpu T0 : @_IO_file_overflow+43    :   movs   r0, r3, LSL #30   : IntAlu :  D=0x0000000000000001
2426500: system.cpu T0 : @_IO_file_overflow+45    :   b                        : IntAlu : Predicated False
2427000: system.cpu T0 : @_IO_file_overflow+47    :   ubfx.w   r3, r3, #9, #9  : IntAlu :  D=0x0000000000000001
2427500: system.cpu T0 : @_IO_file_overflow+51    :   cmps   r5, #10           : IntAlu :  D=0x0000000000000001
2428000: system.cpu T0 : @_IO_file_overflow+53    :   it                       : IntAlu : 
2428500: system.cpu T0 : @_IO_file_overflow+55    :   mov   r5, #0             : IntAlu :  D=0x0000000000000000
2429500: system.cpu T0 : @_IO_file_overflow+57    :   and.w   r5, r3, #1       : IntAlu : Predicated False
2430000: system.cpu T0 : @_IO_file_overflow+61    :   cbz                      : IntAlu : 
2430500: system.cpu T0 : @_IO_file_overflow+77    :   mov   r0, r6             : IntAlu :  D=0x0000000000000020
2431000: system.cpu T0 : @_IO_file_overflow+79    : ldmstm                    
2431000: system.cpu T0 : @_IO_file_overflow+79.0  :   ldr2_uop   r4,r5, [sp, #0] : MemRead :  D=0x0000000000069128 A=0xbefffd80
2431500: system.cpu T0 : @_IO_file_overflow+79.1  :   ldr2_uop   r6,r36, [sp, #8] : MemRead :  D=0x0000000000009ebb A=0xbefffd88
2432000: system.cpu T0 : @_IO_file_overflow+79.2  :   addi_uop   sp, sp, #16   : IntAlu :  D=0x00000000befffd90
2432500: system.cpu T0 : @_IO_file_overflow+79.3  :   uopReg_uop   pc, r36     : IntAlu :  D=0x0000000000009ebb
2433000: system.cpu T0 : @_IO_default_xsputn+73    :   adds   r0, r0, #1        : IntAlu :  D=0x0000000000000000
2433500: system.cpu T0 : @_IO_default_xsputn+75    :   b                        : IntAlu : Predicated False
2434000: system.cpu T0 : @_IO_default_xsputn+77    :   adds   r6, r6, #1        : IntAlu :  D=0x0000000000000000
2434500: system.cpu T0 : @_IO_default_xsputn+79    :   subs   r4, r4, #1        : IntAlu :  D=0x0000000000000001
2435000: system.cpu T0 : @_IO_default_xsputn+81    :   b                        : IntAlu : 
2435500: system.cpu T0 : @_IO_default_xsputn+15    :   ldr   r0, [r5, #20]      : MemRead :  D=0x000000003fffe005 A=0x6913c
2436000: system.cpu T0 : @_IO_default_xsputn+17    :   ldr   r7, [r5, #24]      : MemRead :  D=0x000000003fffe000 A=0x69140
2436500: system.cpu T0 : @_IO_default_xsputn+19    :   cmps   r0, r7            : IntAlu :  D=0x0000000000000001
2437000: system.cpu T0 : @_IO_default_xsputn+21    :   b                        : IntAlu : 
2437500: system.cpu T0 : @_IO_default_xsputn+59    :   cbz                      : IntAlu : Predicated False
2438500: system.cpu T0 : @_IO_default_xsputn+61    :   ldr.w   r3, [r5, #152]   : MemRead :  D=0x000000000004df10 A=0x691c0
2439000: system.cpu T0 : @_IO_default_xsputn+65    :   mov   r0, r5             : IntAlu :  D=0x0000000000069128
2439500: system.cpu T0 : @_IO_default_xsputn+67    :   ldrb   r1, [r6, #0]      : MemRead :  D=0x0000000000000074 A=0x4ab69
2440000: system.cpu T0 : @_IO_default_xsputn+69    :   ldr   r3, [r3, #12]      : MemRead :  D=0x0000000000020ecd A=0x4df1c
2440500: system.cpu T0 : @_IO_default_xsputn+71    :   blx                      : IntAlu :  D=0x0000000000009ebb
2441000: system.cpu T0 : @_IO_file_underflow+471    :   ldr   r3, [r0, #0]       : MemRead :  D=0x00000000fbad2a84 A=0x69128
2441500: system.cpu T0 : @_IO_file_overflow+1    : ldmstm                    
2441500: system.cpu T0 : @_IO_file_overflow+1.0  :   str_uop   r4, [sp, #16]  : MemWrite :  D=0x0000000000000006 A=0xbefffd80
2442000: system.cpu T0 : @_IO_file_overflow+1.1  :   str_uop   r5, [sp, #12]  : MemWrite :  D=0x0000000000069128 A=0xbefffd84
2442500: system.cpu T0 : @_IO_file_overflow+1.2  :   str_uop   r6, [sp, #8]   : MemWrite :  D=0x000000000004ab69 A=0xbefffd88
2443000: system.cpu T0 : @_IO_file_overflow+1.3  :   str_uop   lr, [sp, #4]   : MemWrite :  D=0x0000000000009ebb A=0xbefffd8c
2443500: system.cpu T0 : @_IO_file_overflow+1.4  :   subi_uop   sp, sp, #16   : IntAlu :  D=0x00000000befffd80
2444000: system.cpu T0 : @_IO_file_overflow+3    :   movs   r2, r3, LSL #28   : IntAlu :  D=0x0000000000000000
2444500: system.cpu T0 : @_IO_file_overflow+5    :   mov   r4, r0             : IntAlu :  D=0x0000000000069128
2445000: system.cpu T0 : @_IO_file_overflow+7    :   mov   r5, r1             : IntAlu :  D=0x0000000000000074
2445500: system.cpu T0 : @_IO_file_overflow+9    :   b                        : IntAlu : Predicated False
2446000: system.cpu T0 : @_IO_file_overflow+11    :   movs   r0, r3, LSL #20   : IntAlu :  D=0x0000000000000002
2446500: system.cpu T0 : @_IO_file_overflow+13    :   b                        : IntAlu : Predicated False
2447000: system.cpu T0 : @_IO_file_overflow+15    :   ldr   r3, [r4, #16]      : MemRead :  D=0x000000003fffe000 A=0x69138
2447500: system.cpu T0 : @_IO_file_overflow+17    :   cmps   r3, #0            : IntAlu :  D=0x0000000000000001
2448000: system.cpu T0 : @_IO_file_overflow+19    :   b                        : IntAlu : Predicated False
2448500: system.cpu T0 : @_IO_file_overflow+21    :   ldr   r2, [r4, #20]      : MemRead :  D=0x000000003fffe005 A=0x6913c
2449000: system.cpu T0 : @_IO_file_overflow+23    :   adds   r3, r5, #1        : IntAlu :  D=0x0000000000000000
2449500: system.cpu T0 : @_IO_file_overflow+25    :   b                        : IntAlu : Predicated False
2450000: system.cpu T0 : @_IO_file_overflow+27    :   ldr   r3, [r4, #32]      : MemRead :  D=0x0000000040000000 A=0x69148
2450500: system.cpu T0 : @_IO_file_overflow+29    :   cmps   r3, r2            : IntAlu :  D=0x0000000000000001
2451000: system.cpu T0 : @_IO_file_overflow+31    :   b                        : IntAlu : Predicated False
2451500: system.cpu T0 : @_IO_file_overflow+33    :   uxtb   r6, #0, r5        : IntAlu :  D=0x0000000000000074
2452000: system.cpu T0 : @_IO_file_overflow+35    :   strb.w   r6, [r2] #1    
2452000: system.cpu T0 : @_IO_file_overflow+35.0  :   strb.w   r6, [r2] #1     : MemWrite :  D=0x0000000000000074 A=0x3fffe005
2452500: system.cpu T0 : @_IO_file_overflow+35.1  :   addi_uop.w   r2, r2, #1  : IntAlu :  D=0x000000003fffe006
2453000: system.cpu T0 : @_IO_file_overflow+39    :   ldr   r3, [r4, #0]       : MemRead :  D=0x00000000fbad2a84 A=0x69128
2453500: system.cpu T0 : @_IO_file_overflow+41    :   str   r2, [r4, #20]      : MemWrite :  D=0x000000003fffe006 A=0x6913c
2454000: system.cpu T0 : @_IO_file_overflow+43    :   movs   r0, r3, LSL #30   : IntAlu :  D=0x0000000000000001
2454500: system.cpu T0 : @_IO_file_overflow+45    :   b                        : IntAlu : Predicated False
2455000: system.cpu T0 : @_IO_file_overflow+47    :   ubfx.w   r3, r3, #9, #9  : IntAlu :  D=0x0000000000000001
2455500: system.cpu T0 : @_IO_file_overflow+51    :   cmps   r5, #10           : IntAlu :  D=0x0000000000000001
2456000: system.cpu T0 : @_IO_file_overflow+53    :   it                       : IntAlu : 
2456500: system.cpu T0 : @_IO_file_overflow+55    :   mov   r5, #0             : IntAlu :  D=0x0000000000000000
2457500: system.cpu T0 : @_IO_file_overflow+57    :   and.w   r5, r3, #1       : IntAlu : Predicated False
2458000: system.cpu T0 : @_IO_file_overflow+61    :   cbz                      : IntAlu : 
2458500: system.cpu T0 : @_IO_file_overflow+77    :   mov   r0, r6             : IntAlu :  D=0x0000000000000074
2459000: system.cpu T0 : @_IO_file_overflow+79    : ldmstm                    
2459000: system.cpu T0 : @_IO_file_overflow+79.0  :   ldr2_uop   r4,r5, [sp, #0] : MemRead :  D=0x0000000000069128 A=0xbefffd80
2459500: system.cpu T0 : @_IO_file_overflow+79.1  :   ldr2_uop   r6,r36, [sp, #8] : MemRead :  D=0x0000000000009ebb A=0xbefffd88
2460000: system.cpu T0 : @_IO_file_overflow+79.2  :   addi_uop   sp, sp, #16   : IntAlu :  D=0x00000000befffd90
2460500: system.cpu T0 : @_IO_file_overflow+79.3  :   uopReg_uop   pc, r36     : IntAlu :  D=0x0000000000009ebb
2461000: system.cpu T0 : @_IO_default_xsputn+73    :   adds   r0, r0, #1        : IntAlu :  D=0x0000000000000000
2461500: system.cpu T0 : @_IO_default_xsputn+75    :   b                        : IntAlu : Predicated False
2462000: system.cpu T0 : @_IO_default_xsputn+77    :   adds   r6, r6, #1        : IntAlu :  D=0x0000000000000000
2462500: system.cpu T0 : @_IO_default_xsputn+79    :   subs   r4, r4, #1        : IntAlu :  D=0x0000000000000001
2463000: system.cpu T0 : @_IO_default_xsputn+81    :   b                        : IntAlu : 
2463500: system.cpu T0 : @_IO_default_xsputn+15    :   ldr   r0, [r5, #20]      : MemRead :  D=0x000000003fffe006 A=0x6913c
2464000: system.cpu T0 : @_IO_default_xsputn+17    :   ldr   r7, [r5, #24]      : MemRead :  D=0x000000003fffe000 A=0x69140
2464500: system.cpu T0 : @_IO_default_xsputn+19    :   cmps   r0, r7            : IntAlu :  D=0x0000000000000001
2465000: system.cpu T0 : @_IO_default_xsputn+21    :   b                        : IntAlu : 
2465500: system.cpu T0 : @_IO_default_xsputn+59    :   cbz                      : IntAlu : Predicated False
2466500: system.cpu T0 : @_IO_default_xsputn+61    :   ldr.w   r3, [r5, #152]   : MemRead :  D=0x000000000004df10 A=0x691c0
2467000: system.cpu T0 : @_IO_default_xsputn+65    :   mov   r0, r5             : IntAlu :  D=0x0000000000069128
2467500: system.cpu T0 : @_IO_default_xsputn+67    :   ldrb   r1, [r6, #0]      : MemRead :  D=0x0000000000000065 A=0x4ab6a
2468000: system.cpu T0 : @_IO_default_xsputn+69    :   ldr   r3, [r3, #12]      : MemRead :  D=0x0000000000020ecd A=0x4df1c
2468500: system.cpu T0 : @_IO_default_xsputn+71    :   blx                      : IntAlu :  D=0x0000000000009ebb
2469000: system.cpu T0 : @_IO_file_underflow+471    :   ldr   r3, [r0, #0]       : MemRead :  D=0x00000000fbad2a84 A=0x69128
2469500: system.cpu T0 : @_IO_file_overflow+1    : ldmstm                    
2469500: system.cpu T0 : @_IO_file_overflow+1.0  :   str_uop   r4, [sp, #16]  : MemWrite :  D=0x0000000000000005 A=0xbefffd80
2470000: system.cpu T0 : @_IO_file_overflow+1.1  :   str_uop   r5, [sp, #12]  : MemWrite :  D=0x0000000000069128 A=0xbefffd84
2470500: system.cpu T0 : @_IO_file_overflow+1.2  :   str_uop   r6, [sp, #8]   : MemWrite :  D=0x000000000004ab6a A=0xbefffd88
2471000: system.cpu T0 : @_IO_file_overflow+1.3  :   str_uop   lr, [sp, #4]   : MemWrite :  D=0x0000000000009ebb A=0xbefffd8c
2471500: system.cpu T0 : @_IO_file_overflow+1.4  :   subi_uop   sp, sp, #16   : IntAlu :  D=0x00000000befffd80
2472000: system.cpu T0 : @_IO_file_overflow+3    :   movs   r2, r3, LSL #28   : IntAlu :  D=0x0000000000000000
2472500: system.cpu T0 : @_IO_file_overflow+5    :   mov   r4, r0             : IntAlu :  D=0x0000000000069128
2473000: system.cpu T0 : @_IO_file_overflow+7    :   mov   r5, r1             : IntAlu :  D=0x0000000000000065
2473500: system.cpu T0 : @_IO_file_overflow+9    :   b                        : IntAlu : Predicated False
2474000: system.cpu T0 : @_IO_file_overflow+11    :   movs   r0, r3, LSL #20   : IntAlu :  D=0x0000000000000002
2474500: system.cpu T0 : @_IO_file_overflow+13    :   b                        : IntAlu : Predicated False
2475000: system.cpu T0 : @_IO_file_overflow+15    :   ldr   r3, [r4, #16]      : MemRead :  D=0x000000003fffe000 A=0x69138
2475500: system.cpu T0 : @_IO_file_overflow+17    :   cmps   r3, #0            : IntAlu :  D=0x0000000000000001
2476000: system.cpu T0 : @_IO_file_overflow+19    :   b                        : IntAlu : Predicated False
2476500: system.cpu T0 : @_IO_file_overflow+21    :   ldr   r2, [r4, #20]      : MemRead :  D=0x000000003fffe006 A=0x6913c
2477000: system.cpu T0 : @_IO_file_overflow+23    :   adds   r3, r5, #1        : IntAlu :  D=0x0000000000000000
2477500: system.cpu T0 : @_IO_file_overflow+25    :   b                        : IntAlu : Predicated False
2478000: system.cpu T0 : @_IO_file_overflow+27    :   ldr   r3, [r4, #32]      : MemRead :  D=0x0000000040000000 A=0x69148
2478500: system.cpu T0 : @_IO_file_overflow+29    :   cmps   r3, r2            : IntAlu :  D=0x0000000000000001
2479000: system.cpu T0 : @_IO_file_overflow+31    :   b                        : IntAlu : Predicated False
2479500: system.cpu T0 : @_IO_file_overflow+33    :   uxtb   r6, #0, r5        : IntAlu :  D=0x0000000000000065
2480000: system.cpu T0 : @_IO_file_overflow+35    :   strb.w   r6, [r2] #1    
2480000: system.cpu T0 : @_IO_file_overflow+35.0  :   strb.w   r6, [r2] #1     : MemWrite :  D=0x0000000000000065 A=0x3fffe006
2480500: system.cpu T0 : @_IO_file_overflow+35.1  :   addi_uop.w   r2, r2, #1  : IntAlu :  D=0x000000003fffe007
2481000: system.cpu T0 : @_IO_file_overflow+39    :   ldr   r3, [r4, #0]       : MemRead :  D=0x00000000fbad2a84 A=0x69128
2481500: system.cpu T0 : @_IO_file_overflow+41    :   str   r2, [r4, #20]      : MemWrite :  D=0x000000003fffe007 A=0x6913c
2482000: system.cpu T0 : @_IO_file_overflow+43    :   movs   r0, r3, LSL #30   : IntAlu :  D=0x0000000000000001
2482500: system.cpu T0 : @_IO_file_overflow+45    :   b                        : IntAlu : Predicated False
2483000: system.cpu T0 : @_IO_file_overflow+47    :   ubfx.w   r3, r3, #9, #9  : IntAlu :  D=0x0000000000000001
2483500: system.cpu T0 : @_IO_file_overflow+51    :   cmps   r5, #10           : IntAlu :  D=0x0000000000000001
2484000: system.cpu T0 : @_IO_file_overflow+53    :   it                       : IntAlu : 
2484500: system.cpu T0 : @_IO_file_overflow+55    :   mov   r5, #0             : IntAlu :  D=0x0000000000000000
2485500: system.cpu T0 : @_IO_file_overflow+57    :   and.w   r5, r3, #1       : IntAlu : Predicated False
2486000: system.cpu T0 : @_IO_file_overflow+61    :   cbz                      : IntAlu : 
2486500: system.cpu T0 : @_IO_file_overflow+77    :   mov   r0, r6             : IntAlu :  D=0x0000000000000065
2487000: system.cpu T0 : @_IO_file_overflow+79    : ldmstm                    
2487000: system.cpu T0 : @_IO_file_overflow+79.0  :   ldr2_uop   r4,r5, [sp, #0] : MemRead :  D=0x0000000000069128 A=0xbefffd80
2487500: system.cpu T0 : @_IO_file_overflow+79.1  :   ldr2_uop   r6,r36, [sp, #8] : MemRead :  D=0x0000000000009ebb A=0xbefffd88
2488000: system.cpu T0 : @_IO_file_overflow+79.2  :   addi_uop   sp, sp, #16   : IntAlu :  D=0x00000000befffd90
2488500: system.cpu T0 : @_IO_file_overflow+79.3  :   uopReg_uop   pc, r36     : IntAlu :  D=0x0000000000009ebb
2489000: system.cpu T0 : @_IO_default_xsputn+73    :   adds   r0, r0, #1        : IntAlu :  D=0x0000000000000000
2489500: system.cpu T0 : @_IO_default_xsputn+75    :   b                        : IntAlu : Predicated False
2490000: system.cpu T0 : @_IO_default_xsputn+77    :   adds   r6, r6, #1        : IntAlu :  D=0x0000000000000000
2490500: system.cpu T0 : @_IO_default_xsputn+79    :   subs   r4, r4, #1        : IntAlu :  D=0x0000000000000001
2491000: system.cpu T0 : @_IO_default_xsputn+81    :   b                        : IntAlu : 
2491500: system.cpu T0 : @_IO_default_xsputn+15    :   ldr   r0, [r5, #20]      : MemRead :  D=0x000000003fffe007 A=0x6913c
2492000: system.cpu T0 : @_IO_default_xsputn+17    :   ldr   r7, [r5, #24]      : MemRead :  D=0x000000003fffe000 A=0x69140
2492500: system.cpu T0 : @_IO_default_xsputn+19    :   cmps   r0, r7            : IntAlu :  D=0x0000000000000001
2493000: system.cpu T0 : @_IO_default_xsputn+21    :   b                        : IntAlu : 
2493500: system.cpu T0 : @_IO_default_xsputn+59    :   cbz                      : IntAlu : Predicated False
2494500: system.cpu T0 : @_IO_default_xsputn+61    :   ldr.w   r3, [r5, #152]   : MemRead :  D=0x000000000004df10 A=0x691c0
2495000: system.cpu T0 : @_IO_default_xsputn+65    :   mov   r0, r5             : IntAlu :  D=0x0000000000069128
2495500: system.cpu T0 : @_IO_default_xsputn+67    :   ldrb   r1, [r6, #0]      : MemRead :  D=0x0000000000000073 A=0x4ab6b
2496000: system.cpu T0 : @_IO_default_xsputn+69    :   ldr   r3, [r3, #12]      : MemRead :  D=0x0000000000020ecd A=0x4df1c
2496500: system.cpu T0 : @_IO_default_xsputn+71    :   blx                      : IntAlu :  D=0x0000000000009ebb
2497000: system.cpu T0 : @_IO_file_underflow+471    :   ldr   r3, [r0, #0]       : MemRead :  D=0x00000000fbad2a84 A=0x69128
2497500: system.cpu T0 : @_IO_file_overflow+1    : ldmstm                    
2497500: system.cpu T0 : @_IO_file_overflow+1.0  :   str_uop   r4, [sp, #16]  : MemWrite :  D=0x0000000000000004 A=0xbefffd80
2498000: system.cpu T0 : @_IO_file_overflow+1.1  :   str_uop   r5, [sp, #12]  : MemWrite :  D=0x0000000000069128 A=0xbefffd84
2498500: system.cpu T0 : @_IO_file_overflow+1.2  :   str_uop   r6, [sp, #8]   : MemWrite :  D=0x000000000004ab6b A=0xbefffd88
2499000: system.cpu T0 : @_IO_file_overflow+1.3  :   str_uop   lr, [sp, #4]   : MemWrite :  D=0x0000000000009ebb A=0xbefffd8c
2499500: system.cpu T0 : @_IO_file_overflow+1.4  :   subi_uop   sp, sp, #16   : IntAlu :  D=0x00000000befffd80
2500000: system.cpu T0 : @_IO_file_overflow+3    :   movs   r2, r3, LSL #28   : IntAlu :  D=0x0000000000000000
2500500: system.cpu T0 : @_IO_file_overflow+5    :   mov   r4, r0             : IntAlu :  D=0x0000000000069128
2501000: system.cpu T0 : @_IO_file_overflow+7    :   mov   r5, r1             : IntAlu :  D=0x0000000000000073
2501500: system.cpu T0 : @_IO_file_overflow+9    :   b                        : IntAlu : Predicated False
2502000: system.cpu T0 : @_IO_file_overflow+11    :   movs   r0, r3, LSL #20   : IntAlu :  D=0x0000000000000002
2502500: system.cpu T0 : @_IO_file_overflow+13    :   b                        : IntAlu : Predicated False
2503000: system.cpu T0 : @_IO_file_overflow+15    :   ldr   r3, [r4, #16]      : MemRead :  D=0x000000003fffe000 A=0x69138
2503500: system.cpu T0 : @_IO_file_overflow+17    :   cmps   r3, #0            : IntAlu :  D=0x0000000000000001
2504000: system.cpu T0 : @_IO_file_overflow+19    :   b                        : IntAlu : Predicated False
2504500: system.cpu T0 : @_IO_file_overflow+21    :   ldr   r2, [r4, #20]      : MemRead :  D=0x000000003fffe007 A=0x6913c
2505000: system.cpu T0 : @_IO_file_overflow+23    :   adds   r3, r5, #1        : IntAlu :  D=0x0000000000000000
2505500: system.cpu T0 : @_IO_file_overflow+25    :   b                        : IntAlu : Predicated False
2506000: system.cpu T0 : @_IO_file_overflow+27    :   ldr   r3, [r4, #32]      : MemRead :  D=0x0000000040000000 A=0x69148
2506500: system.cpu T0 : @_IO_file_overflow+29    :   cmps   r3, r2            : IntAlu :  D=0x0000000000000001
2507000: system.cpu T0 : @_IO_file_overflow+31    :   b                        : IntAlu : Predicated False
2507500: system.cpu T0 : @_IO_file_overflow+33    :   uxtb   r6, #0, r5        : IntAlu :  D=0x0000000000000073
2508000: system.cpu T0 : @_IO_file_overflow+35    :   strb.w   r6, [r2] #1    
2508000: system.cpu T0 : @_IO_file_overflow+35.0  :   strb.w   r6, [r2] #1     : MemWrite :  D=0x0000000000000073 A=0x3fffe007
2508500: system.cpu T0 : @_IO_file_overflow+35.1  :   addi_uop.w   r2, r2, #1  : IntAlu :  D=0x000000003fffe008
2509000: system.cpu T0 : @_IO_file_overflow+39    :   ldr   r3, [r4, #0]       : MemRead :  D=0x00000000fbad2a84 A=0x69128
2509500: system.cpu T0 : @_IO_file_overflow+41    :   str   r2, [r4, #20]      : MemWrite :  D=0x000000003fffe008 A=0x6913c
2510000: system.cpu T0 : @_IO_file_overflow+43    :   movs   r0, r3, LSL #30   : IntAlu :  D=0x0000000000000001
2510500: system.cpu T0 : @_IO_file_overflow+45    :   b                        : IntAlu : Predicated False
2511000: system.cpu T0 : @_IO_file_overflow+47    :   ubfx.w   r3, r3, #9, #9  : IntAlu :  D=0x0000000000000001
2511500: system.cpu T0 : @_IO_file_overflow+51    :   cmps   r5, #10           : IntAlu :  D=0x0000000000000001
2512000: system.cpu T0 : @_IO_file_overflow+53    :   it                       : IntAlu : 
2512500: system.cpu T0 : @_IO_file_overflow+55    :   mov   r5, #0             : IntAlu :  D=0x0000000000000000
2513500: system.cpu T0 : @_IO_file_overflow+57    :   and.w   r5, r3, #1       : IntAlu : Predicated False
2514000: system.cpu T0 : @_IO_file_overflow+61    :   cbz                      : IntAlu : 
2514500: system.cpu T0 : @_IO_file_overflow+77    :   mov   r0, r6             : IntAlu :  D=0x0000000000000073
2515000: system.cpu T0 : @_IO_file_overflow+79    : ldmstm                    
2515000: system.cpu T0 : @_IO_file_overflow+79.0  :   ldr2_uop   r4,r5, [sp, #0] : MemRead :  D=0x0000000000069128 A=0xbefffd80
2515500: system.cpu T0 : @_IO_file_overflow+79.1  :   ldr2_uop   r6,r36, [sp, #8] : MemRead :  D=0x0000000000009ebb A=0xbefffd88
2516000: system.cpu T0 : @_IO_file_overflow+79.2  :   addi_uop   sp, sp, #16   : IntAlu :  D=0x00000000befffd90
2516500: system.cpu T0 : @_IO_file_overflow+79.3  :   uopReg_uop   pc, r36     : IntAlu :  D=0x0000000000009ebb
2517000: system.cpu T0 : @_IO_default_xsputn+73    :   adds   r0, r0, #1        : IntAlu :  D=0x0000000000000000
2517500: system.cpu T0 : @_IO_default_xsputn+75    :   b                        : IntAlu : Predicated False
2518000: system.cpu T0 : @_IO_default_xsputn+77    :   adds   r6, r6, #1        : IntAlu :  D=0x0000000000000000
2518500: system.cpu T0 : @_IO_default_xsputn+79    :   subs   r4, r4, #1        : IntAlu :  D=0x0000000000000001
2519000: system.cpu T0 : @_IO_default_xsputn+81    :   b                        : IntAlu : 
2519500: system.cpu T0 : @_IO_default_xsputn+15    :   ldr   r0, [r5, #20]      : MemRead :  D=0x000000003fffe008 A=0x6913c
2520000: system.cpu T0 : @_IO_default_xsputn+17    :   ldr   r7, [r5, #24]      : MemRead :  D=0x000000003fffe000 A=0x69140
2520500: system.cpu T0 : @_IO_default_xsputn+19    :   cmps   r0, r7            : IntAlu :  D=0x0000000000000001
2521000: system.cpu T0 : @_IO_default_xsputn+21    :   b                        : IntAlu : 
2521500: system.cpu T0 : @_IO_default_xsputn+59    :   cbz                      : IntAlu : Predicated False
2522500: system.cpu T0 : @_IO_default_xsputn+61    :   ldr.w   r3, [r5, #152]   : MemRead :  D=0x000000000004df10 A=0x691c0
2523000: system.cpu T0 : @_IO_default_xsputn+65    :   mov   r0, r5             : IntAlu :  D=0x0000000000069128
2523500: system.cpu T0 : @_IO_default_xsputn+67    :   ldrb   r1, [r6, #0]      : MemRead :  D=0x0000000000000074 A=0x4ab6c
2524000: system.cpu T0 : @_IO_default_xsputn+69    :   ldr   r3, [r3, #12]      : MemRead :  D=0x0000000000020ecd A=0x4df1c
2524500: system.cpu T0 : @_IO_default_xsputn+71    :   blx                      : IntAlu :  D=0x0000000000009ebb
2525000: system.cpu T0 : @_IO_file_underflow+471    :   ldr   r3, [r0, #0]       : MemRead :  D=0x00000000fbad2a84 A=0x69128
2525500: system.cpu T0 : @_IO_file_overflow+1    : ldmstm                    
2525500: system.cpu T0 : @_IO_file_overflow+1.0  :   str_uop   r4, [sp, #16]  : MemWrite :  D=0x0000000000000003 A=0xbefffd80
2526000: system.cpu T0 : @_IO_file_overflow+1.1  :   str_uop   r5, [sp, #12]  : MemWrite :  D=0x0000000000069128 A=0xbefffd84
2526500: system.cpu T0 : @_IO_file_overflow+1.2  :   str_uop   r6, [sp, #8]   : MemWrite :  D=0x000000000004ab6c A=0xbefffd88
2527000: system.cpu T0 : @_IO_file_overflow+1.3  :   str_uop   lr, [sp, #4]   : MemWrite :  D=0x0000000000009ebb A=0xbefffd8c
2527500: system.cpu T0 : @_IO_file_overflow+1.4  :   subi_uop   sp, sp, #16   : IntAlu :  D=0x00000000befffd80
2528000: system.cpu T0 : @_IO_file_overflow+3    :   movs   r2, r3, LSL #28   : IntAlu :  D=0x0000000000000000
2528500: system.cpu T0 : @_IO_file_overflow+5    :   mov   r4, r0             : IntAlu :  D=0x0000000000069128
2529000: system.cpu T0 : @_IO_file_overflow+7    :   mov   r5, r1             : IntAlu :  D=0x0000000000000074
2529500: system.cpu T0 : @_IO_file_overflow+9    :   b                        : IntAlu : Predicated False
2530000: system.cpu T0 : @_IO_file_overflow+11    :   movs   r0, r3, LSL #20   : IntAlu :  D=0x0000000000000002
2530500: system.cpu T0 : @_IO_file_overflow+13    :   b                        : IntAlu : Predicated False
2531000: system.cpu T0 : @_IO_file_overflow+15    :   ldr   r3, [r4, #16]      : MemRead :  D=0x000000003fffe000 A=0x69138
2531500: system.cpu T0 : @_IO_file_overflow+17    :   cmps   r3, #0            : IntAlu :  D=0x0000000000000001
2532000: system.cpu T0 : @_IO_file_overflow+19    :   b                        : IntAlu : Predicated False
2532500: system.cpu T0 : @_IO_file_overflow+21    :   ldr   r2, [r4, #20]      : MemRead :  D=0x000000003fffe008 A=0x6913c
2533000: system.cpu T0 : @_IO_file_overflow+23    :   adds   r3, r5, #1        : IntAlu :  D=0x0000000000000000
2533500: system.cpu T0 : @_IO_file_overflow+25    :   b                        : IntAlu : Predicated False
2534000: system.cpu T0 : @_IO_file_overflow+27    :   ldr   r3, [r4, #32]      : MemRead :  D=0x0000000040000000 A=0x69148
2534500: system.cpu T0 : @_IO_file_overflow+29    :   cmps   r3, r2            : IntAlu :  D=0x0000000000000001
2535000: system.cpu T0 : @_IO_file_overflow+31    :   b                        : IntAlu : Predicated False
2535500: system.cpu T0 : @_IO_file_overflow+33    :   uxtb   r6, #0, r5        : IntAlu :  D=0x0000000000000074
2536000: system.cpu T0 : @_IO_file_overflow+35    :   strb.w   r6, [r2] #1    
2536000: system.cpu T0 : @_IO_file_overflow+35.0  :   strb.w   r6, [r2] #1     : MemWrite :  D=0x0000000000000074 A=0x3fffe008
2536500: system.cpu T0 : @_IO_file_overflow+35.1  :   addi_uop.w   r2, r2, #1  : IntAlu :  D=0x000000003fffe009
2537000: system.cpu T0 : @_IO_file_overflow+39    :   ldr   r3, [r4, #0]       : MemRead :  D=0x00000000fbad2a84 A=0x69128
2537500: system.cpu T0 : @_IO_file_overflow+41    :   str   r2, [r4, #20]      : MemWrite :  D=0x000000003fffe009 A=0x6913c
2538000: system.cpu T0 : @_IO_file_overflow+43    :   movs   r0, r3, LSL #30   : IntAlu :  D=0x0000000000000001
2538500: system.cpu T0 : @_IO_file_overflow+45    :   b                        : IntAlu : Predicated False
2539000: system.cpu T0 : @_IO_file_overflow+47    :   ubfx.w   r3, r3, #9, #9  : IntAlu :  D=0x0000000000000001
2539500: system.cpu T0 : @_IO_file_overflow+51    :   cmps   r5, #10           : IntAlu :  D=0x0000000000000001
2540000: system.cpu T0 : @_IO_file_overflow+53    :   it                       : IntAlu : 
2540500: system.cpu T0 : @_IO_file_overflow+55    :   mov   r5, #0             : IntAlu :  D=0x0000000000000000
2541500: system.cpu T0 : @_IO_file_overflow+57    :   and.w   r5, r3, #1       : IntAlu : Predicated False
2542000: system.cpu T0 : @_IO_file_overflow+61    :   cbz                      : IntAlu : 
2542500: system.cpu T0 : @_IO_file_overflow+77    :   mov   r0, r6             : IntAlu :  D=0x0000000000000074
2543000: system.cpu T0 : @_IO_file_overflow+79    : ldmstm                    
2543000: system.cpu T0 : @_IO_file_overflow+79.0  :   ldr2_uop   r4,r5, [sp, #0] : MemRead :  D=0x0000000000069128 A=0xbefffd80
2543500: system.cpu T0 : @_IO_file_overflow+79.1  :   ldr2_uop   r6,r36, [sp, #8] : MemRead :  D=0x0000000000009ebb A=0xbefffd88
2544000: system.cpu T0 : @_IO_file_overflow+79.2  :   addi_uop   sp, sp, #16   : IntAlu :  D=0x00000000befffd90
2544500: system.cpu T0 : @_IO_file_overflow+79.3  :   uopReg_uop   pc, r36     : IntAlu :  D=0x0000000000009ebb
2545000: system.cpu T0 : @_IO_default_xsputn+73    :   adds   r0, r0, #1        : IntAlu :  D=0x0000000000000000
2545500: system.cpu T0 : @_IO_default_xsputn+75    :   b                        : IntAlu : Predicated False
2546000: system.cpu T0 : @_IO_default_xsputn+77    :   adds   r6, r6, #1        : IntAlu :  D=0x0000000000000000
2546500: system.cpu T0 : @_IO_default_xsputn+79    :   subs   r4, r4, #1        : IntAlu :  D=0x0000000000000001
2547000: system.cpu T0 : @_IO_default_xsputn+81    :   b                        : IntAlu : 
2547500: system.cpu T0 : @_IO_default_xsputn+15    :   ldr   r0, [r5, #20]      : MemRead :  D=0x000000003fffe009 A=0x6913c
2548000: system.cpu T0 : @_IO_default_xsputn+17    :   ldr   r7, [r5, #24]      : MemRead :  D=0x000000003fffe000 A=0x69140
2548500: system.cpu T0 : @_IO_default_xsputn+19    :   cmps   r0, r7            : IntAlu :  D=0x0000000000000001
2549000: system.cpu T0 : @_IO_default_xsputn+21    :   b                        : IntAlu : 
2549500: system.cpu T0 : @_IO_default_xsputn+59    :   cbz                      : IntAlu : Predicated False
2550500: system.cpu T0 : @_IO_default_xsputn+61    :   ldr.w   r3, [r5, #152]   : MemRead :  D=0x000000000004df10 A=0x691c0
2551000: system.cpu T0 : @_IO_default_xsputn+65    :   mov   r0, r5             : IntAlu :  D=0x0000000000069128
2551500: system.cpu T0 : @_IO_default_xsputn+67    :   ldrb   r1, [r6, #0]      : MemRead :  D=0x0000000000000020 A=0x4ab6d
2552000: system.cpu T0 : @_IO_default_xsputn+69    :   ldr   r3, [r3, #12]      : MemRead :  D=0x0000000000020ecd A=0x4df1c
2552500: system.cpu T0 : @_IO_default_xsputn+71    :   blx                      : IntAlu :  D=0x0000000000009ebb
2553000: system.cpu T0 : @_IO_file_underflow+471    :   ldr   r3, [r0, #0]       : MemRead :  D=0x00000000fbad2a84 A=0x69128
2553500: system.cpu T0 : @_IO_file_overflow+1    : ldmstm                    
2553500: system.cpu T0 : @_IO_file_overflow+1.0  :   str_uop   r4, [sp, #16]  : MemWrite :  D=0x0000000000000002 A=0xbefffd80
2554000: system.cpu T0 : @_IO_file_overflow+1.1  :   str_uop   r5, [sp, #12]  : MemWrite :  D=0x0000000000069128 A=0xbefffd84
2554500: system.cpu T0 : @_IO_file_overflow+1.2  :   str_uop   r6, [sp, #8]   : MemWrite :  D=0x000000000004ab6d A=0xbefffd88
2555000: system.cpu T0 : @_IO_file_overflow+1.3  :   str_uop   lr, [sp, #4]   : MemWrite :  D=0x0000000000009ebb A=0xbefffd8c
2555500: system.cpu T0 : @_IO_file_overflow+1.4  :   subi_uop   sp, sp, #16   : IntAlu :  D=0x00000000befffd80
2556000: system.cpu T0 : @_IO_file_overflow+3    :   movs   r2, r3, LSL #28   : IntAlu :  D=0x0000000000000000
2556500: system.cpu T0 : @_IO_file_overflow+5    :   mov   r4, r0             : IntAlu :  D=0x0000000000069128
2557000: system.cpu T0 : @_IO_file_overflow+7    :   mov   r5, r1             : IntAlu :  D=0x0000000000000020
2557500: system.cpu T0 : @_IO_file_overflow+9    :   b                        : IntAlu : Predicated False
2558000: system.cpu T0 : @_IO_file_overflow+11    :   movs   r0, r3, LSL #20   : IntAlu :  D=0x0000000000000002
2558500: system.cpu T0 : @_IO_file_overflow+13    :   b                        : IntAlu : Predicated False
2559000: system.cpu T0 : @_IO_file_overflow+15    :   ldr   r3, [r4, #16]      : MemRead :  D=0x000000003fffe000 A=0x69138
2559500: system.cpu T0 : @_IO_file_overflow+17    :   cmps   r3, #0            : IntAlu :  D=0x0000000000000001
2560000: system.cpu T0 : @_IO_file_overflow+19    :   b                        : IntAlu : Predicated False
2560500: system.cpu T0 : @_IO_file_overflow+21    :   ldr   r2, [r4, #20]      : MemRead :  D=0x000000003fffe009 A=0x6913c
2561000: system.cpu T0 : @_IO_file_overflow+23    :   adds   r3, r5, #1        : IntAlu :  D=0x0000000000000000
2561500: system.cpu T0 : @_IO_file_overflow+25    :   b                        : IntAlu : Predicated False
2562000: system.cpu T0 : @_IO_file_overflow+27    :   ldr   r3, [r4, #32]      : MemRead :  D=0x0000000040000000 A=0x69148
2562500: system.cpu T0 : @_IO_file_overflow+29    :   cmps   r3, r2            : IntAlu :  D=0x0000000000000001
2563000: system.cpu T0 : @_IO_file_overflow+31    :   b                        : IntAlu : Predicated False
2563500: system.cpu T0 : @_IO_file_overflow+33    :   uxtb   r6, #0, r5        : IntAlu :  D=0x0000000000000020
2564000: system.cpu T0 : @_IO_file_overflow+35    :   strb.w   r6, [r2] #1    
2564000: system.cpu T0 : @_IO_file_overflow+35.0  :   strb.w   r6, [r2] #1     : MemWrite :  D=0x0000000000000020 A=0x3fffe009
2564500: system.cpu T0 : @_IO_file_overflow+35.1  :   addi_uop.w   r2, r2, #1  : IntAlu :  D=0x000000003fffe00a
2565000: system.cpu T0 : @_IO_file_overflow+39    :   ldr   r3, [r4, #0]       : MemRead :  D=0x00000000fbad2a84 A=0x69128
2565500: system.cpu T0 : @_IO_file_overflow+41    :   str   r2, [r4, #20]      : MemWrite :  D=0x000000003fffe00a A=0x6913c
2566000: system.cpu T0 : @_IO_file_overflow+43    :   movs   r0, r3, LSL #30   : IntAlu :  D=0x0000000000000001
2566500: system.cpu T0 : @_IO_file_overflow+45    :   b                        : IntAlu : Predicated False
2567000: system.cpu T0 : @_IO_file_overflow+47    :   ubfx.w   r3, r3, #9, #9  : IntAlu :  D=0x0000000000000001
2567500: system.cpu T0 : @_IO_file_overflow+51    :   cmps   r5, #10           : IntAlu :  D=0x0000000000000001
2568000: system.cpu T0 : @_IO_file_overflow+53    :   it                       : IntAlu : 
2568500: system.cpu T0 : @_IO_file_overflow+55    :   mov   r5, #0             : IntAlu :  D=0x0000000000000000
2569500: system.cpu T0 : @_IO_file_overflow+57    :   and.w   r5, r3, #1       : IntAlu : Predicated False
2570000: system.cpu T0 : @_IO_file_overflow+61    :   cbz                      : IntAlu : 
2570500: system.cpu T0 : @_IO_file_overflow+77    :   mov   r0, r6             : IntAlu :  D=0x0000000000000020
2571000: system.cpu T0 : @_IO_file_overflow+79    : ldmstm                    
2571000: system.cpu T0 : @_IO_file_overflow+79.0  :   ldr2_uop   r4,r5, [sp, #0] : MemRead :  D=0x0000000000069128 A=0xbefffd80
2571500: system.cpu T0 : @_IO_file_overflow+79.1  :   ldr2_uop   r6,r36, [sp, #8] : MemRead :  D=0x0000000000009ebb A=0xbefffd88
2572000: system.cpu T0 : @_IO_file_overflow+79.2  :   addi_uop   sp, sp, #16   : IntAlu :  D=0x00000000befffd90
2572500: system.cpu T0 : @_IO_file_overflow+79.3  :   uopReg_uop   pc, r36     : IntAlu :  D=0x0000000000009ebb
2573000: system.cpu T0 : @_IO_default_xsputn+73    :   adds   r0, r0, #1        : IntAlu :  D=0x0000000000000000
2573500: system.cpu T0 : @_IO_default_xsputn+75    :   b                        : IntAlu : Predicated False
2574000: system.cpu T0 : @_IO_default_xsputn+77    :   adds   r6, r6, #1        : IntAlu :  D=0x0000000000000000
2574500: system.cpu T0 : @_IO_default_xsputn+79    :   subs   r4, r4, #1        : IntAlu :  D=0x0000000000000001
2575000: system.cpu T0 : @_IO_default_xsputn+81    :   b                        : IntAlu : 
2575500: system.cpu T0 : @_IO_default_xsputn+15    :   ldr   r0, [r5, #20]      : MemRead :  D=0x000000003fffe00a A=0x6913c
2576000: system.cpu T0 : @_IO_default_xsputn+17    :   ldr   r7, [r5, #24]      : MemRead :  D=0x000000003fffe000 A=0x69140
2576500: system.cpu T0 : @_IO_default_xsputn+19    :   cmps   r0, r7            : IntAlu :  D=0x0000000000000001
2577000: system.cpu T0 : @_IO_default_xsputn+21    :   b                        : IntAlu : 
2577500: system.cpu T0 : @_IO_default_xsputn+59    :   cbz                      : IntAlu : Predicated False
2578500: system.cpu T0 : @_IO_default_xsputn+61    :   ldr.w   r3, [r5, #152]   : MemRead :  D=0x000000000004df10 A=0x691c0
2579000: system.cpu T0 : @_IO_default_xsputn+65    :   mov   r0, r5             : IntAlu :  D=0x0000000000069128
2579500: system.cpu T0 : @_IO_default_xsputn+67    :   ldrb   r1, [r6, #0]      : MemRead :  D=0x0000000000000030 A=0x4ab6e
2580000: system.cpu T0 : @_IO_default_xsputn+69    :   ldr   r3, [r3, #12]      : MemRead :  D=0x0000000000020ecd A=0x4df1c
2580500: system.cpu T0 : @_IO_default_xsputn+71    :   blx                      : IntAlu :  D=0x0000000000009ebb
2581000: system.cpu T0 : @_IO_file_underflow+471    :   ldr   r3, [r0, #0]       : MemRead :  D=0x00000000fbad2a84 A=0x69128
2581500: system.cpu T0 : @_IO_file_overflow+1    : ldmstm                    
2581500: system.cpu T0 : @_IO_file_overflow+1.0  :   str_uop   r4, [sp, #16]  : MemWrite :  D=0x0000000000000001 A=0xbefffd80
2582000: system.cpu T0 : @_IO_file_overflow+1.1  :   str_uop   r5, [sp, #12]  : MemWrite :  D=0x0000000000069128 A=0xbefffd84
2582500: system.cpu T0 : @_IO_file_overflow+1.2  :   str_uop   r6, [sp, #8]   : MemWrite :  D=0x000000000004ab6e A=0xbefffd88
2583000: system.cpu T0 : @_IO_file_overflow+1.3  :   str_uop   lr, [sp, #4]   : MemWrite :  D=0x0000000000009ebb A=0xbefffd8c
2583500: system.cpu T0 : @_IO_file_overflow+1.4  :   subi_uop   sp, sp, #16   : IntAlu :  D=0x00000000befffd80
2584000: system.cpu T0 : @_IO_file_overflow+3    :   movs   r2, r3, LSL #28   : IntAlu :  D=0x0000000000000000
2584500: system.cpu T0 : @_IO_file_overflow+5    :   mov   r4, r0             : IntAlu :  D=0x0000000000069128
2585000: system.cpu T0 : @_IO_file_overflow+7    :   mov   r5, r1             : IntAlu :  D=0x0000000000000030
2585500: system.cpu T0 : @_IO_file_overflow+9    :   b                        : IntAlu : Predicated False
2586000: system.cpu T0 : @_IO_file_overflow+11    :   movs   r0, r3, LSL #20   : IntAlu :  D=0x0000000000000002
2586500: system.cpu T0 : @_IO_file_overflow+13    :   b                        : IntAlu : Predicated False
2587000: system.cpu T0 : @_IO_file_overflow+15    :   ldr   r3, [r4, #16]      : MemRead :  D=0x000000003fffe000 A=0x69138
2587500: system.cpu T0 : @_IO_file_overflow+17    :   cmps   r3, #0            : IntAlu :  D=0x0000000000000001
2588000: system.cpu T0 : @_IO_file_overflow+19    :   b                        : IntAlu : Predicated False
2588500: system.cpu T0 : @_IO_file_overflow+21    :   ldr   r2, [r4, #20]      : MemRead :  D=0x000000003fffe00a A=0x6913c
2589000: system.cpu T0 : @_IO_file_overflow+23    :   adds   r3, r5, #1        : IntAlu :  D=0x0000000000000000
2589500: system.cpu T0 : @_IO_file_overflow+25    :   b                        : IntAlu : Predicated False
2590000: system.cpu T0 : @_IO_file_overflow+27    :   ldr   r3, [r4, #32]      : MemRead :  D=0x0000000040000000 A=0x69148
2590500: system.cpu T0 : @_IO_file_overflow+29    :   cmps   r3, r2            : IntAlu :  D=0x0000000000000001
2591000: system.cpu T0 : @_IO_file_overflow+31    :   b                        : IntAlu : Predicated False
2591500: system.cpu T0 : @_IO_file_overflow+33    :   uxtb   r6, #0, r5        : IntAlu :  D=0x0000000000000030
2592000: system.cpu T0 : @_IO_file_overflow+35    :   strb.w   r6, [r2] #1    
2592000: system.cpu T0 : @_IO_file_overflow+35.0  :   strb.w   r6, [r2] #1     : MemWrite :  D=0x0000000000000030 A=0x3fffe00a
2592500: system.cpu T0 : @_IO_file_overflow+35.1  :   addi_uop.w   r2, r2, #1  : IntAlu :  D=0x000000003fffe00b
2593000: system.cpu T0 : @_IO_file_overflow+39    :   ldr   r3, [r4, #0]       : MemRead :  D=0x00000000fbad2a84 A=0x69128
2593500: system.cpu T0 : @_IO_file_overflow+41    :   str   r2, [r4, #20]      : MemWrite :  D=0x000000003fffe00b A=0x6913c
2594000: system.cpu T0 : @_IO_file_overflow+43    :   movs   r0, r3, LSL #30   : IntAlu :  D=0x0000000000000001
2594500: system.cpu T0 : @_IO_file_overflow+45    :   b                        : IntAlu : Predicated False
2595000: system.cpu T0 : @_IO_file_overflow+47    :   ubfx.w   r3, r3, #9, #9  : IntAlu :  D=0x0000000000000001
2595500: system.cpu T0 : @_IO_file_overflow+51    :   cmps   r5, #10           : IntAlu :  D=0x0000000000000001
2596000: system.cpu T0 : @_IO_file_overflow+53    :   it                       : IntAlu : 
2596500: system.cpu T0 : @_IO_file_overflow+55    :   mov   r5, #0             : IntAlu :  D=0x0000000000000000
2597500: system.cpu T0 : @_IO_file_overflow+57    :   and.w   r5, r3, #1       : IntAlu : Predicated False
2598000: system.cpu T0 : @_IO_file_overflow+61    :   cbz                      : IntAlu : 
2598500: system.cpu T0 : @_IO_file_overflow+77    :   mov   r0, r6             : IntAlu :  D=0x0000000000000030
2599000: system.cpu T0 : @_IO_file_overflow+79    : ldmstm                    
2599000: system.cpu T0 : @_IO_file_overflow+79.0  :   ldr2_uop   r4,r5, [sp, #0] : MemRead :  D=0x0000000000069128 A=0xbefffd80
2599500: system.cpu T0 : @_IO_file_overflow+79.1  :   ldr2_uop   r6,r36, [sp, #8] : MemRead :  D=0x0000000000009ebb A=0xbefffd88
2600000: system.cpu T0 : @_IO_file_overflow+79.2  :   addi_uop   sp, sp, #16   : IntAlu :  D=0x00000000befffd90
2600500: system.cpu T0 : @_IO_file_overflow+79.3  :   uopReg_uop   pc, r36     : IntAlu :  D=0x0000000000009ebb
2601000: system.cpu T0 : @_IO_default_xsputn+73    :   adds   r0, r0, #1        : IntAlu :  D=0x0000000000000000
2601500: system.cpu T0 : @_IO_default_xsputn+75    :   b                        : IntAlu : Predicated False
2602000: system.cpu T0 : @_IO_default_xsputn+77    :   adds   r6, r6, #1        : IntAlu :  D=0x0000000000000000
2602500: system.cpu T0 : @_IO_default_xsputn+79    :   subs   r4, r4, #1        : IntAlu :  D=0x0000000000000001
2603000: system.cpu T0 : @_IO_default_xsputn+81    :   b                        : IntAlu : 
2603500: system.cpu T0 : @_IO_default_xsputn+15    :   ldr   r0, [r5, #20]      : MemRead :  D=0x000000003fffe00b A=0x6913c
2604000: system.cpu T0 : @_IO_default_xsputn+17    :   ldr   r7, [r5, #24]      : MemRead :  D=0x000000003fffe000 A=0x69140
2604500: system.cpu T0 : @_IO_default_xsputn+19    :   cmps   r0, r7            : IntAlu :  D=0x0000000000000001
2605000: system.cpu T0 : @_IO_default_xsputn+21    :   b                        : IntAlu : 
2605500: system.cpu T0 : @_IO_default_xsputn+59    :   cbz                      : IntAlu : 
2606500: system.cpu T0 : @_IO_default_xsputn+97    :   rsb.w   r0, r4, r8       : IntAlu :  D=0x000000000000000b
2607500: system.cpu T0 : @_IO_default_xsputn+101    : ldmstm                    
2607500: system.cpu T0 : @_IO_default_xsputn+101.0  :   ldr2_uop.w   r4,r5, [sp, #0] : MemRead :  D=0x0000000000069128 A=0xbefffd90
2608000: system.cpu T0 : @_IO_default_xsputn+101.1  :   ldr2_uop.w   r6,r7, [sp, #8] : MemRead :  D=0x000000000000000b A=0xbefffd98
2608500: system.cpu T0 : @_IO_default_xsputn+101.2  :   ldr2_uop.w   r8,r36, [sp, #16] : MemRead :  D=0x000000000002055d A=0xbefffda0
2609000: system.cpu T0 : @_IO_default_xsputn+101.3  :   addi_uop.w   sp, sp, #24 : IntAlu :  D=0x00000000befffda8
2609500: system.cpu T0 : @_IO_default_xsputn+101.4  :   uopReg_uop.w   pc, r36   : IntAlu :  D=0x000000000002055d
2610000: system.cpu T0 : @_IO_file_xsputn+99    :   subs   r7, r7, r0        : IntAlu :  D=0x0000000000000001
2610500: system.cpu T0 : @_IO_file_xsputn+101    :   b                        : IntAlu : 
2611000: system.cpu T0 : @_IO_file_xsputn+207    :   subs   r0, r4, r7        : IntAlu :  D=0x0000000000000001
2612000: system.cpu T0 : @_IO_file_xsputn+209    : ldmstm                    
2612000: system.cpu T0 : @_IO_file_xsputn+209.0  :   ldr2_uop.w   r4,r5, [sp, #0] : MemRead :  D=0x000000000000000b A=0xbefffda8
2612500: system.cpu T0 : @_IO_file_xsputn+209.1  :   ldr2_uop.w   r6,r7, [sp, #8] : MemRead :  D=0x000000000004ab64 A=0xbefffdb0
2613000: system.cpu T0 : @_IO_file_xsputn+209.2  :   ldr2_uop.w   r8,r36, [sp, #16] : MemRead :  D=0x000000000000928d A=0xbefffdb8
2613500: system.cpu T0 : @_IO_file_xsputn+209.3  :   addi_uop.w   sp, sp, #24 : IntAlu :  D=0x00000000befffdc0
2614000: system.cpu T0 : @_IO_file_xsputn+209.4  :   uopReg_uop.w   pc, r36   : IntAlu :  D=0x000000000000928d
2614500: system.cpu T0 : @puts+115    :   cmps   r5, r0            : IntAlu :  D=0x0000000000000001
2615000: system.cpu T0 : @puts+117    :   b                        : IntAlu : Predicated False
2615500: system.cpu T0 : @puts+119    :   ldr   r0, [r6, #0]       : MemRead :  D=0x0000000000069128 A=0x694a4
2616000: system.cpu T0 : @puts+121    :   ldr   r3, [r0, #20]      : MemRead :  D=0x000000003fffe00b A=0x6913c
2616500: system.cpu T0 : @puts+123    :   ldr   r2, [r0, #24]      : MemRead :  D=0x000000003fffe000 A=0x69140
2617000: system.cpu T0 : @puts+125    :   cmps   r3, r2            : IntAlu :  D=0x0000000000000001
2617500: system.cpu T0 : @puts+127    :   b                        : IntAlu : 
2618000: system.cpu T0 : @puts+239    :   movs   r1, #10           : IntAlu :  D=0x0000000000000000
2619000: system.cpu T0 : @puts+241    :   bl.w                     : IntAlu :  D=0x000000000000930f
2619500: system.cpu T0 : @_IO_free_backup_area+51    : ldmstm                    
2619500: system.cpu T0 : @_IO_free_backup_area+51.0  :   str_uop   r3, [sp, #8]   : MemWrite :  D=0x000000003fffe00b A=0xbefffdb8
2620000: system.cpu T0 : @_IO_free_backup_area+51.1  :   str_uop   lr, [sp, #4]   : MemWrite :  D=0x000000000000930f A=0xbefffdbc
2620500: system.cpu T0 : @_IO_free_backup_area+51.2  :   subi_uop   sp, sp, #8    : IntAlu :  D=0x00000000befffdb8
2621000: system.cpu T0 : @__overflow+1    :   ldr   r3, [r0, #108]     : MemRead :  D=0x00000000ffffffff A=0x69194
2621500: system.cpu T0 : @__overflow+3    :   cbnz                     : IntAlu : 
2622000: system.cpu T0 : @__overflow+11    :   ldr.w   r3, [r0, #152]   : MemRead :  D=0x000000000004df10 A=0x691c0
2622500: system.cpu T0 : @__overflow+15    :   ldr   r3, [r3, #12]      : MemRead :  D=0x0000000000020ecd A=0x4df1c
2623000: system.cpu T0 : @__overflow+17    :   blx                      : IntAlu :  D=0x0000000000009cad
2623500: system.cpu T0 : @_IO_file_underflow+471    :   ldr   r3, [r0, #0]       : MemRead :  D=0x00000000fbad2a84 A=0x69128
2624000: system.cpu T0 : @_IO_file_overflow+1    : ldmstm                    
2624000: system.cpu T0 : @_IO_file_overflow+1.0  :   str_uop   r4, [sp, #16]  : MemWrite :  D=0x0000000000069128 A=0xbefffda8
2624500: system.cpu T0 : @_IO_file_overflow+1.1  :   str_uop   r5, [sp, #12]  : MemWrite :  D=0x000000000000000b A=0xbefffdac
2625000: system.cpu T0 : @_IO_file_overflow+1.2  :   str_uop   r6, [sp, #8]   : MemWrite :  D=0x00000000000694a4 A=0xbefffdb0
2625500: system.cpu T0 : @_IO_file_overflow+1.3  :   str_uop   lr, [sp, #4]   : MemWrite :  D=0x0000000000009cad A=0xbefffdb4
2626000: system.cpu T0 : @_IO_file_overflow+1.4  :   subi_uop   sp, sp, #16   : IntAlu :  D=0x00000000befffda8
2626500: system.cpu T0 : @_IO_file_overflow+3    :   movs   r2, r3, LSL #28   : IntAlu :  D=0x0000000000000000
2627000: system.cpu T0 : @_IO_file_overflow+5    :   mov   r4, r0             : IntAlu :  D=0x0000000000069128
2627500: system.cpu T0 : @_IO_file_overflow+7    :   mov   r5, r1             : IntAlu :  D=0x000000000000000a
2628000: system.cpu T0 : @_IO_file_overflow+9    :   b                        : IntAlu : Predicated False
2628500: system.cpu T0 : @_IO_file_overflow+11    :   movs   r0, r3, LSL #20   : IntAlu :  D=0x0000000000000002
2629000: system.cpu T0 : @_IO_file_overflow+13    :   b                        : IntAlu : Predicated False
2629500: system.cpu T0 : @_IO_file_overflow+15    :   ldr   r3, [r4, #16]      : MemRead :  D=0x000000003fffe000 A=0x69138
2630000: system.cpu T0 : @_IO_file_overflow+17    :   cmps   r3, #0            : IntAlu :  D=0x0000000000000001
2630500: system.cpu T0 : @_IO_file_overflow+19    :   b                        : IntAlu : Predicated False
2631000: system.cpu T0 : @_IO_file_overflow+21    :   ldr   r2, [r4, #20]      : MemRead :  D=0x000000003fffe00b A=0x6913c
2631500: system.cpu T0 : @_IO_file_overflow+23    :   adds   r3, r5, #1        : IntAlu :  D=0x0000000000000000
2632000: system.cpu T0 : @_IO_file_overflow+25    :   b                        : IntAlu : Predicated False
2632500: system.cpu T0 : @_IO_file_overflow+27    :   ldr   r3, [r4, #32]      : MemRead :  D=0x0000000040000000 A=0x69148
2633000: system.cpu T0 : @_IO_file_overflow+29    :   cmps   r3, r2            : IntAlu :  D=0x0000000000000001
2633500: system.cpu T0 : @_IO_file_overflow+31    :   b                        : IntAlu : Predicated False
2634000: system.cpu T0 : @_IO_file_overflow+33    :   uxtb   r6, #0, r5        : IntAlu :  D=0x000000000000000a
2634500: system.cpu T0 : @_IO_file_overflow+35    :   strb.w   r6, [r2] #1    
2634500: system.cpu T0 : @_IO_file_overflow+35.0  :   strb.w   r6, [r2] #1     : MemWrite :  D=0x000000000000000a A=0x3fffe00b
2635000: system.cpu T0 : @_IO_file_overflow+35.1  :   addi_uop.w   r2, r2, #1  : IntAlu :  D=0x000000003fffe00c
2635500: system.cpu T0 : @_IO_file_overflow+39    :   ldr   r3, [r4, #0]       : MemRead :  D=0x00000000fbad2a84 A=0x69128
2636000: system.cpu T0 : @_IO_file_overflow+41    :   str   r2, [r4, #20]      : MemWrite :  D=0x000000003fffe00c A=0x6913c
2636500: system.cpu T0 : @_IO_file_overflow+43    :   movs   r0, r3, LSL #30   : IntAlu :  D=0x0000000000000001
2637000: system.cpu T0 : @_IO_file_overflow+45    :   b                        : IntAlu : Predicated False
2637500: system.cpu T0 : @_IO_file_overflow+47    :   ubfx.w   r3, r3, #9, #9  : IntAlu :  D=0x0000000000000001
2638000: system.cpu T0 : @_IO_file_overflow+51    :   cmps   r5, #10           : IntAlu :  D=0x0000000000000001
2638500: system.cpu T0 : @_IO_file_overflow+53    :   it                       : IntAlu : 
2639000: system.cpu T0 : @_IO_file_overflow+55    :   mov   r5, #0             : IntAlu : Predicated False
2640000: system.cpu T0 : @_IO_file_overflow+57    :   and.w   r5, r3, #1       : IntAlu :  D=0x0000000000000001
2640500: system.cpu T0 : @_IO_file_overflow+61    :   cbz                      : IntAlu : Predicated False
2641000: system.cpu T0 : @_IO_file_overflow+63    :   ldr   r1, [r4, #16]      : MemRead :  D=0x000000003fffe000 A=0x69138
2641500: system.cpu T0 : @_IO_file_overflow+65    :   mov   r0, r4             : IntAlu :  D=0x0000000000069128
2642000: system.cpu T0 : @_IO_file_overflow+67    :   subs   r2, r2, r1        : IntAlu :  D=0x0000000000000001
2643000: system.cpu T0 : @_IO_file_overflow+69    :   bl.w                     : IntAlu :  D=0x0000000000020f17
2643500: system.cpu T0 : @_IO_file_attach+119    : ldmstm                    
2643500: system.cpu T0 : @_IO_file_attach+119.0  :   str_uop   r4, [sp, #8]   : MemWrite :  D=0x0000000000069128 A=0xbefffda0
2644000: system.cpu T0 : @_IO_file_attach+119.1  :   str_uop   lr, [sp, #4]   : MemWrite :  D=0x0000000000020f17 A=0xbefffda4
2644500: system.cpu T0 : @_IO_file_attach+119.2  :   subi_uop   sp, sp, #8    : IntAlu :  D=0x00000000befffda0
2645000: system.cpu T0 : @_IO_do_write+1    :   mov   r4, r2             : IntAlu :  D=0x000000000000000c
2645500: system.cpu T0 : @_IO_do_write+3    :   cbnz                     : IntAlu : 
2646500: system.cpu T0 : @_IO_do_write+9    :   bl.w                     : IntAlu :  D=0x00000000000207cb
2647000: system.cpu T0 : @_IO_file_xsgetn+283    : ldmstm                    
2647000: system.cpu T0 : @_IO_file_xsgetn+283.0  :   str_uop   r4, [sp, #20]  : MemWrite :  D=0x000000000000000c A=0xbefffd8c
2647500: system.cpu T0 : @_IO_file_xsgetn+283.1  :   str_uop   r5, [sp, #16]  : MemWrite :  D=0x0000000000000001 A=0xbefffd90
2648000: system.cpu T0 : @_IO_file_xsgetn+283.2  :   str_uop   r6, [sp, #12]  : MemWrite :  D=0x000000000000000a A=0xbefffd94
2648500: system.cpu T0 : @_IO_file_xsgetn+283.3  :   str_uop   r7, [sp, #8]   : MemWrite :  D=0x000000000004ab64 A=0xbefffd98
2649000: system.cpu T0 : @_IO_file_xsgetn+283.4  :   str_uop   lr, [sp, #4]   : MemWrite :  D=0x00000000000207cb A=0xbefffd9c
2649500: system.cpu T0 : @_IO_file_xsgetn+283.5  :   subi_uop   sp, sp, #20   : IntAlu :  D=0x00000000befffd8c
2650000: system.cpu T0 : @new_do_write+1    :   mov   r4, r0             : IntAlu :  D=0x0000000000069128
2650500: system.cpu T0 : @new_do_write+3    :   ldr   r7, [r0, #0]       : MemRead :  D=0x00000000fbad2a84 A=0x69128
2651000: system.cpu T0 : @new_do_write+5    :   sub   sp, sp, #12        : IntAlu :  D=0x00000000befffd80
2651500: system.cpu T0 : @new_do_write+7    :   mov   r5, r1             : IntAlu :  D=0x000000003fffe000
2652000: system.cpu T0 : @new_do_write+9    :   mov   r6, r2             : IntAlu :  D=0x000000000000000c
2652500: system.cpu T0 : @new_do_write+11    :   ands.w   r7, r7, #4096   : IntAlu :  D=0x0000000000000001
2653000: system.cpu T0 : @new_do_write+15    :   b                        : IntAlu : 
2653500: system.cpu T0 : @new_do_write+85    :   ldr   r3, [r0, #8]       : MemRead :  D=0x000000003fffe000 A=0x69130
2654000: system.cpu T0 : @new_do_write+87    :   ldr   r2, [r0, #16]      : MemRead :  D=0x000000003fffe000 A=0x69138
2654500: system.cpu T0 : @new_do_write+89    :   cmps   r3, r2            : IntAlu :  D=0x0000000000000001
2655000: system.cpu T0 : @new_do_write+91    :   b                        : IntAlu : 
2656000: system.cpu T0 : @new_do_write+29    :   ldr.w   r3, [r4, #152]   : MemRead :  D=0x000000000004df10 A=0x691c0
2656500: system.cpu T0 : @new_do_write+33    :   mov   r0, r4             : IntAlu :  D=0x0000000000069128
2657000: system.cpu T0 : @new_do_write+35    :   mov   r1, r5             : IntAlu :  D=0x000000003fffe000
2657500: system.cpu T0 : @new_do_write+37    :   mov   r2, r6             : IntAlu :  D=0x000000000000000c
2658000: system.cpu T0 : @new_do_write+39    :   ldr   r3, [r3, #60]      : MemRead :  D=0x0000000000020039 A=0x4df4c
2658500: system.cpu T0 : @new_do_write+41    :   blx                      : IntAlu :  D=0x000000000001ffc1
2659000: system.cpu T0 : @new_do_write+163    : ldmstm                    
2659000: system.cpu T0 : @new_do_write+163.0  :   str_uop   r3, [sp, #24]  : MemWrite :  D=0x0000000000020039 A=0xbefffd68
2659500: system.cpu T0 : @new_do_write+163.1  :   str_uop   r4, [sp, #20]  : MemWrite :  D=0x0000000000069128 A=0xbefffd6c
2660000: system.cpu T0 : @new_do_write+163.2  :   str_uop   r5, [sp, #16]  : MemWrite :  D=0x000000003fffe000 A=0xbefffd70
2660500: system.cpu T0 : @new_do_write+163.3  :   str_uop   r6, [sp, #12]  : MemWrite :  D=0x000000000000000c A=0xbefffd74
2661000: system.cpu T0 : @new_do_write+163.4  :   str_uop   r7, [sp, #8]   : MemWrite :  D=0x0000000000000000 A=0xbefffd78
2661500: system.cpu T0 : @new_do_write+163.5  :   str_uop   lr, [sp, #4]   : MemWrite :  D=0x000000000001ffc1 A=0xbefffd7c
2662000: system.cpu T0 : @new_do_write+163.6  :   subi_uop   sp, sp, #24   : IntAlu :  D=0x00000000befffd68
2662500: system.cpu T0 : @_IO_file_write+1    :   mov   r4, r0             : IntAlu :  D=0x0000000000069128
2663000: system.cpu T0 : @_IO_file_write+3    :   movs   r0, #0            : IntAlu :  D=0x0000000000000001
2663500: system.cpu T0 : @_IO_file_write+5    :   subs   r7, r2, #0        : IntAlu :  D=0x0000000000000001
2664000: system.cpu T0 : @_IO_file_write+7    :   mov   r6, r1             : IntAlu :  D=0x000000003fffe000
2664500: system.cpu T0 : @_IO_file_write+9    :   b                        : IntAlu : Predicated False
2665000: system.cpu T0 : @_IO_file_write+11    :   mov   r5, r7             : IntAlu :  D=0x000000000000000c
2665500: system.cpu T0 : @_IO_file_write+13    :   b                        : IntAlu : 
2666000: system.cpu T0 : @_IO_file_write+21    :   ldr   r3, [r4, #60]      : MemRead :  D=0x0000000000000000 A=0x69164
2666500: system.cpu T0 : @_IO_file_write+23    :   mov   r1, r6             : IntAlu :  D=0x000000003fffe000
2667000: system.cpu T0 : @_IO_file_write+25    :   mov   r2, r5             : IntAlu :  D=0x000000000000000c
2667500: system.cpu T0 : @_IO_file_write+27    :   ldr   r0, [r4, #56]      : MemRead :  D=0x0000000000000001 A=0x69160
2668000: system.cpu T0 : @_IO_file_write+29    :   movs   r3, r3, LSL #30   : IntAlu :  D=0x0000000000000001
2668500: system.cpu T0 : @_IO_file_write+31    :   b                        : IntAlu : Predicated False
2669500: system.cpu T0 : @_IO_file_write+33    :   blx.w                    : IntAlu :  D=0x000000000002005f
2670000: system.cpu T0 : @write    :   ldr   r12, [pc, #-40]    : MemRead :  D=0x0000000000044944 A=0x26580
2670500: system.cpu T0 : @write+4    :   ldr   r12, [pc, r12]     : MemRead :  D=0x0000000000000000 A=0x6aef0
2671000: system.cpu T0 : @write+8    :   teqs   r12, #0           : IntAlu :  D=0x0000000000000001
2671500: system.cpu T0 : @write+12    :   str   r7, [sp, #-4]!    
2671500: system.cpu T0 : @write+12.0  :   str   r7, [sp, #-4]!     : MemWrite :  D=0x000000000000000c A=0xbefffd64
2672000: system.cpu T0 : @write+12.1  :   subi_uop   sp, sp, #4    : IntAlu :  D=0x00000000befffd64
2672500: system.cpu T0 : @write+16    :   bne                      : IntAlu : Predicated False
2673000: system.cpu T0 : @write+20    :   mov   r7, #4             : IntAlu :  D=0x0000000000000004
2673500: system.cpu T0 : @write+24    :   svc   #0                 : IntAlu : 
fm's test 0
2674000: system.cpu T0 : @write+28    :   ldr   r7, [sp] #4       
2674000: system.cpu T0 : @write+28.0  :   ldr   r7, [sp] #4        : MemRead :  D=0x000000000000000c A=0xbefffd64
2674500: system.cpu T0 : @write+28.1  :   addi_uop   sp, sp, #4    : IntAlu :  D=0x00000000befffd68
2675000: system.cpu T0 : @write+32    :   cmns   r0, #4096         : IntAlu :  D=0x0000000000000000
2675500: system.cpu T0 : @write+36    :   bxcc                     : IntAlu : 
2676000: system.cpu T0 : @_IO_file_write+37    :   cmps   r0, #0            : IntAlu :  D=0x0000000000000001
2676500: system.cpu T0 : @_IO_file_write+39    :   add   r6, r6, r0         : IntAlu :  D=0x000000003fffe00c
2677000: system.cpu T0 : @_IO_file_write+41    :   b                        : IntAlu : 
2677500: system.cpu T0 : @_IO_file_write+15    :   subs   r5, r5, r0        : IntAlu :  D=0x0000000000000001
2678000: system.cpu T0 : @_IO_file_write+17    :   cmps   r5, #0            : IntAlu :  D=0x0000000000000001
2678500: system.cpu T0 : @_IO_file_write+19    :   b                        : IntAlu : 
2679000: system.cpu T0 : @_IO_file_write+77    :   subs   r0, r7, r5        : IntAlu :  D=0x0000000000000001
2679500: system.cpu T0 : @_IO_file_write+79    :   b                        : IntAlu : 
2680500: system.cpu T0 : @_IO_file_write+53    :   ldrd.w   r6, r7, [r4, #80] : MemRead :  D=0x00000000ffffffff A=0x69178
2681000: system.cpu T0 : @_IO_file_write+57    :   cmps   r6, #0            : IntAlu :  D=0x0000000000000001
2681500: system.cpu T0 : @_IO_file_write+59    :   sbcs.w   r3, r7, #0      : IntAlu :  D=0x0000000000000000
2682000: system.cpu T0 : @_IO_file_write+63    :   b                        : IntAlu : 
2682500: system.cpu T0 : @_IO_file_write+75    : ldmstm                    
2682500: system.cpu T0 : @_IO_file_write+75.0  :   ldr2_uop   r3,r4, [sp, #0] : MemRead :  D=0x0000000000069128 A=0xbefffd68
2683000: system.cpu T0 : @_IO_file_write+75.1  :   ldr2_uop   r5,r6, [sp, #8] : MemRead :  D=0x000000000000000c A=0xbefffd70
2683500: system.cpu T0 : @_IO_file_write+75.2  :   ldr2_uop   r7,r36, [sp, #16] : MemRead :  D=0x000000000001ffc1 A=0xbefffd78
2684000: system.cpu T0 : @_IO_file_write+75.3  :   addi_uop   sp, sp, #24   : IntAlu :  D=0x00000000befffd80
2684500: system.cpu T0 : @_IO_file_write+75.4  :   uopReg_uop   pc, r36     : IntAlu :  D=0x000000000001ffc1
2685000: system.cpu T0 : @new_do_write+43    :   ldrh.w   r3, [r4, #68]   : MemRead :  D=0x0000000000000000 A=0x6916c
2685500: system.cpu T0 : @new_do_write+47    :   cmps   r0, #0            : IntAlu :  D=0x0000000000000001
2686000: system.cpu T0 : @new_do_write+49    :   it                       : IntAlu : 
2686500: system.cpu T0 : @new_do_write+51    :   cmps   r3, #0            : IntAlu :  D=0x0000000000000001
2687000: system.cpu T0 : @new_do_write+53    :   mov   r7, r0             : IntAlu :  D=0x000000000000000c
2687500: system.cpu T0 : @new_do_write+55    :   b                        : IntAlu : Predicated False
2688000: system.cpu T0 : @new_do_write+57    :   ldr   r2, [r4, #108]     : MemRead :  D=0x00000000ffffffff A=0x69194
2688500: system.cpu T0 : @new_do_write+59    :   ldr   r3, [r4, #28]      : MemRead :  D=0x000000003fffe000 A=0x69144
2689000: system.cpu T0 : @new_do_write+61    :   cmps   r2, #0            : IntAlu :  D=0x0000000000000001
2689500: system.cpu T0 : @new_do_write+63    :   str   r3, [r4, #12]      : MemWrite :  D=0x000000003fffe000 A=0x69134
2690000: system.cpu T0 : @new_do_write+65    :   str   r3, [r4, #4]       : MemWrite :  D=0x000000003fffe000 A=0x6912c
2690500: system.cpu T0 : @new_do_write+67    :   str   r3, [r4, #8]       : MemWrite :  D=0x000000003fffe000 A=0x69130
2691000: system.cpu T0 : @new_do_write+69    :   str   r3, [r4, #20]      : MemWrite :  D=0x000000003fffe000 A=0x6913c
2691500: system.cpu T0 : @new_do_write+71    :   str   r3, [r4, #16]      : MemWrite :  D=0x000000003fffe000 A=0x69138
2692000: system.cpu T0 : @new_do_write+73    :   b                        : IntAlu : 
2692500: system.cpu T0 : @new_do_write+149    :   ldr   r1, [r4, #0]       : MemRead :  D=0x00000000fbad2a84 A=0x69128
2693000: system.cpu T0 : @new_do_write+151    :   mov.w   r2, #514         : IntAlu :  D=0x0000000000000202
2693500: system.cpu T0 : @new_do_write+155    :   ands   r2, r2, r1        : IntAlu :  D=0x0000000000000000
2694000: system.cpu T0 : @new_do_write+157    :   cmps   r2, #0            : IntAlu :  D=0x0000000000000001
2694500: system.cpu T0 : @new_do_write+159    :   b                        : IntAlu : 
2695000: system.cpu T0 : @new_do_write+77    :   str   r3, [r4, #24]      : MemWrite :  D=0x000000003fffe000 A=0x69140
2695500: system.cpu T0 : @new_do_write+79    :   mov   r0, r7             : IntAlu :  D=0x000000000000000c
2696000: system.cpu T0 : @new_do_write+81    :   add   sp, sp, #12        : IntAlu :  D=0x00000000befffd8c
2696500: system.cpu T0 : @new_do_write+83    : ldmstm                    
2696500: system.cpu T0 : @new_do_write+83.0  :   ldr2_uop   r4,r5, [sp, #0] : MemRead :  D=0x0000000000000001 A=0xbefffd8c
2697000: system.cpu T0 : @new_do_write+83.1  :   ldr2_uop   r6,r7, [sp, #8] : MemRead :  D=0x000000000004ab64 A=0xbefffd94
2697500: system.cpu T0 : @new_do_write+83.2  :   ldr_uop   r36, [sp, #16] : MemRead :  D=0x00000000000207cb A=0xbefffd9c
2698000: system.cpu T0 : @new_do_write+83.3  :   addi_uop   sp, sp, #20   : IntAlu :  D=0x00000000befffda0
2698500: system.cpu T0 : @new_do_write+83.4  :   uopReg_uop   pc, r36     : IntAlu :  D=0x00000000000207cb
2699000: system.cpu T0 : @_IO_do_write+13    :   cmps   r4, r0            : IntAlu :  D=0x0000000000000001
2699500: system.cpu T0 : @_IO_do_write+15    :   it                       : IntAlu : 
2700500: system.cpu T0 : @_IO_do_write+17    :   mov.w   r0, #4294967295  : IntAlu : Predicated False
2701000: system.cpu T0 : @_IO_do_write+21    :   mov   r0, #0             : IntAlu :  D=0x0000000000000000
2701500: system.cpu T0 : @_IO_do_write+23    : ldmstm                    
2701500: system.cpu T0 : @_IO_do_write+23.0  :   ldr2_uop   r4,r36, [sp, #0] : MemRead :  D=0x0000000000020f17 A=0xbefffda0
2702000: system.cpu T0 : @_IO_do_write+23.1  :   addi_uop   sp, sp, #8    : IntAlu :  D=0x00000000befffda8
2702500: system.cpu T0 : @_IO_do_write+23.2  :   uopReg_uop   pc, r36     : IntAlu :  D=0x0000000000020f17
2703000: system.cpu T0 : @_IO_file_overflow+73    :   adds   r1, r0, #1        : IntAlu :  D=0x0000000000000000
2703500: system.cpu T0 : @_IO_file_overflow+75    :   b                        : IntAlu : Predicated False
2704000: system.cpu T0 : @_IO_file_overflow+77    :   mov   r0, r6             : IntAlu :  D=0x000000000000000a
2704500: system.cpu T0 : @_IO_file_overflow+79    : ldmstm                    
2704500: system.cpu T0 : @_IO_file_overflow+79.0  :   ldr2_uop   r4,r5, [sp, #0] : MemRead :  D=0x000000000000000b A=0xbefffda8
2705000: system.cpu T0 : @_IO_file_overflow+79.1  :   ldr2_uop   r6,r36, [sp, #8] : MemRead :  D=0x0000000000009cad A=0xbefffdb0
2705500: system.cpu T0 : @_IO_file_overflow+79.2  :   addi_uop   sp, sp, #16   : IntAlu :  D=0x00000000befffdb8
2706000: system.cpu T0 : @_IO_file_overflow+79.3  :   uopReg_uop   pc, r36     : IntAlu :  D=0x0000000000009cad
2706500: system.cpu T0 : @__overflow+19    : ldmstm                    
2706500: system.cpu T0 : @__overflow+19.0  :   ldr2_uop   r3,r36, [sp, #0] : MemRead :  D=0x000000000000930f A=0xbefffdb8
2707000: system.cpu T0 : @__overflow+19.1  :   addi_uop   sp, sp, #8    : IntAlu :  D=0x00000000befffdc0
2707500: system.cpu T0 : @__overflow+19.2  :   uopReg_uop   pc, r36     : IntAlu :  D=0x000000000000930f
2708000: system.cpu T0 : @puts+245    :   adds   r1, r0, #1        : IntAlu :  D=0x0000000000000000
2708500: system.cpu T0 : @puts+247    :   b                        : IntAlu : 
2709000: system.cpu T0 : @puts+137    :   adds   r5, r5, #1        : IntAlu :  D=0x0000000000000000
2709500: system.cpu T0 : @puts+139    :   it                       : IntAlu : 
2710500: system.cpu T0 : @puts+141    :   mvn.w   r5, #2147483648  : IntAlu : Predicated False
2711000: system.cpu T0 : @puts+145    :   ldr   r3, [r4, #0]       : MemRead :  D=0x00000000fbad2a84 A=0x69128
2711500: system.cpu T0 : @puts+147    :   movs   r2, r3, LSL #16   : IntAlu :  D=0x0000000000000000
2712000: system.cpu T0 : @puts+149    :   b                        : IntAlu : Predicated False
2712500: system.cpu T0 : @puts+151    :   ldr   r0, [r4, #72]      : MemRead :  D=0x000000000006a4d0 A=0x69170
2713000: system.cpu T0 : @puts+153    :   ldr   r3, [r0, #4]       : MemRead :  D=0x0000000000000001 A=0x6a4d4
2713500: system.cpu T0 : @puts+155    :   subs   r3, r3, #1        : IntAlu :  D=0x0000000000000001
2714000: system.cpu T0 : @puts+157    :   str   r3, [r0, #4]       : MemWrite :  D=0x0000000000000000 A=0x6a4d4
2714500: system.cpu T0 : @puts+159    :   cbnz                     : IntAlu : Predicated False
2715000: system.cpu T0 : @puts+161    :   mov   r2, r3             : IntAlu :  D=0x0000000000000000
2715500: system.cpu T0 : @puts+163    :   str   r3, [r0, #8]       : MemWrite :  D=0x0000000000000000 A=0x6a4d8
2716000: system.cpu T0 : @puts+165    :   ldr   r3, [r0, #0]       : MemRead :  D=0x0000000000000001 A=0x6a4d0
2716500: system.cpu T0 : @puts+167    :   dmb.w   #0               : IntAlu : 
2717000: system.cpu T0 : @puts+171    :   ldrex.w   r1, [r0, #0]   : MemRead :  D=0x0000000000000001 A=0x6a4d0
2717500: system.cpu T0 : @puts+175    :   cmps   r1, r3            : IntAlu :  D=0x0000000000000001
2718000: system.cpu T0 : @puts+177    :   b                        : IntAlu : Predicated False
2718500: system.cpu T0 : @puts+179    :   strex.w   r1, r2, [r0, #0] : MemWrite :  D=0x0000000000000000 A=0x6a4d0
2719000: system.cpu T0 : @puts+183    :   teqs.w   r1, #0          : IntAlu :  D=0x0000000000000001
2719500: system.cpu T0 : @puts+187    :   b                        : IntAlu : Predicated False
2720000: system.cpu T0 : @puts+189    :   mov   r1, r3             : IntAlu :  D=0x0000000000000001
2720500: system.cpu T0 : @puts+191    :   dmb.w   #0               : IntAlu : 
2721000: system.cpu T0 : @puts+195    :   cmps   r3, r1            : IntAlu :  D=0x0000000000000001
2721500: system.cpu T0 : @puts+197    :   b                        : IntAlu : Predicated False
2722000: system.cpu T0 : @puts+199    :   cmps   r3, #1            : IntAlu :  D=0x0000000000000001
2722500: system.cpu T0 : @puts+201    :   b                        : IntAlu : Predicated False
2723000: system.cpu T0 : @puts+203    :   mov   r0, r5             : IntAlu :  D=0x000000000000000c
2724000: system.cpu T0 : @puts+205    : ldmstm                    
2724000: system.cpu T0 : @puts+205.0  :   ldr2_uop.w   r4,r5, [sp, #0] : MemRead :  D=0x000000000006c000 A=0xbefffdc0
2724500: system.cpu T0 : @puts+205.1  :   ldr2_uop.w   r6,r7, [sp, #8] : MemRead :  D=0x00000000befffdd8 A=0xbefffdc8
2725000: system.cpu T0 : @puts+205.2  :   ldr2_uop.w   r8,r36, [sp, #16] : MemRead :  D=0x0000000000008935 A=0xbefffdd0
2725500: system.cpu T0 : @puts+205.3  :   addi_uop.w   sp, sp, #24 : IntAlu :  D=0x00000000befffdd8
2726000: system.cpu T0 : @puts+205.4  :   uopReg_uop.w   pc, r36   : IntAlu :  D=0x0000000000008935
2726500: system.cpu T0 : @main+15    :   mov.w   r3, #44736       : IntAlu :  D=0x000000000000aec0
2727000: system.cpu T0 : @main+19    :   movt.w   r3, r3, #6      : IntAlu :  D=0x000000000006aec0
2727500: system.cpu T0 : @main+23    :   mov.w   r2, #0           : IntAlu :  D=0x0000000000000000
2728000: system.cpu T0 : @main+27    :   str   r2, [r3, #8]       : MemWrite :  D=0x0000000000000000 A=0x6aec8
2729000: system.cpu T0 : @main+29    :   mov.w   r3, #44736       : IntAlu :  D=0x000000000000aec0
2730000: system.cpu T0 : @main+33    :   movt.w   r3, r3, #6      : IntAlu :  D=0x000000000006aec0
2730500: system.cpu T0 : @main+37    :   mov   r2, r3             : IntAlu :  D=0x000000000006aec0
2731000: system.cpu T0 : @main+39    :   mov.w   r3, #100         : IntAlu :  D=0x0000000000000064
2731500: system.cpu T0 : @main+43    :   mov   r0, r2             : IntAlu :  D=0x000000000006aec0
2732500: system.cpu T0 : @main+45    :   mov.w   r1, #0           : IntAlu :  D=0x0000000000000000
2733000: system.cpu T0 : @main+49    :   mov   r2, r3             : IntAlu :  D=0x0000000000000064
2733500: system.cpu T0 : @main+51    :   blx.w                    : IntAlu :  D=0x000000000000895d
2734000: system.cpu T0 : @memset    :   mov   r3, r0             : IntAlu :  D=0x000000000006aec0
2734500: system.cpu T0 : @memset+4    :   cmps   r2, #8            : IntAlu :  D=0x0000000000000001
2735000: system.cpu T0 : @memset+8    :   bcc                      : IntAlu : Predicated False
2735500: system.cpu T0 : @memset+12    :   tsts   r3, #3            : IntAlu :  D=0x0000000000000001
2736000: system.cpu T0 : @memset+16    :   strbne   r1, [r3] #1    
2736000: system.cpu T0 : @memset+16.0  :   strbne   r1, [r3] #1     : MemWrite : Predicated False
2736500: system.cpu T0 : @memset+16.1  :   addi_uopne   r3, r3, #1  : IntAlu : Predicated False
2737000: system.cpu T0 : @memset+20    :   subne   r2, r2, #1       : IntAlu : Predicated False
2737500: system.cpu T0 : @memset+24    :   bne                      : IntAlu : Predicated False
2738000: system.cpu T0 : @memset+28    :   and   r1, r1, #255       : IntAlu :  D=0x0000000000000000
2738500: system.cpu T0 : @memset+32    :   orr   r1, r1, r1, LSL #8 : IntAlu :  D=0x0000000000000000
2739000: system.cpu T0 : @memset+36    :   orr   r1, r1, r1, LSL #16 : IntAlu :  D=0x0000000000000000
2739500: system.cpu T0 : @memset+40    :   mov   r12, r1            : IntAlu :  D=0x0000000000000000
2740000: system.cpu T0 : @memset+44    :   subs   r2, r2, #8        : IntAlu :  D=0x0000000000000001
2740500: system.cpu T0 : @memset+48    : ldmstm                    
2740500: system.cpu T0 : @memset+48.0  :   str_uopcs   r1, [r3, #0] : MemWrite :  D=0x0000000000000000 A=0x6aec0
2741000: system.cpu T0 : @memset+48.1  :   str_uopcs   r12, [r3, #4] : MemWrite :  D=0x0000000000000000 A=0x6aec4
2741500: system.cpu T0 : @memset+48.2  :   addi_uopcs   r3, r3, #8  : IntAlu :  D=0x000000000006aec8
2742000: system.cpu T0 : @memset+52    :   subscs   r2, r2, #8      : IntAlu :  D=0x0000000000000001
2742500: system.cpu T0 : @memset+56    : ldmstm                    
2742500: system.cpu T0 : @memset+56.0  :   str_uopcs   r1, [r3, #0] : MemWrite :  D=0x0000000000000000 A=0x6aec8
2743000: system.cpu T0 : @memset+56.1  :   str_uopcs   r12, [r3, #4] : MemWrite :  D=0x0000000000000000 A=0x6aecc
2743500: system.cpu T0 : @memset+56.2  :   addi_uopcs   r3, r3, #8  : IntAlu :  D=0x000000000006aed0
2744000: system.cpu T0 : @memset+60    :   subscs   r2, r2, #8      : IntAlu :  D=0x0000000000000001
2744500: system.cpu T0 : @memset+64    : ldmstm                    
2744500: system.cpu T0 : @memset+64.0  :   str_uopcs   r1, [r3, #0] : MemWrite :  D=0x0000000000000000 A=0x6aed0
2745000: system.cpu T0 : @memset+64.1  :   str_uopcs   r12, [r3, #4] : MemWrite :  D=0x0000000000000000 A=0x6aed4
2745500: system.cpu T0 : @memset+64.2  :   addi_uopcs   r3, r3, #8  : IntAlu :  D=0x000000000006aed8
2746000: system.cpu T0 : @memset+68    :   subscs   r2, r2, #8      : IntAlu :  D=0x0000000000000001
2746500: system.cpu T0 : @memset+72    : ldmstm                    
2746500: system.cpu T0 : @memset+72.0  :   str_uopcs   r1, [r3, #0] : MemWrite :  D=0x0000000000000000 A=0x6aed8
2747000: system.cpu T0 : @memset+72.1  :   str_uopcs   r12, [r3, #4] : MemWrite :  D=0x0000000000000000 A=0x6aedc
2747500: system.cpu T0 : @memset+72.2  :   addi_uopcs   r3, r3, #8  : IntAlu :  D=0x000000000006aee0
2748000: system.cpu T0 : @memset+76    :   bcs                      : IntAlu : 
2748500: system.cpu T0 : @memset+44    :   subs   r2, r2, #8        : IntAlu :  D=0x0000000000000001
2749000: system.cpu T0 : @memset+48    : ldmstm                    
2749000: system.cpu T0 : @memset+48.0  :   str_uopcs   r1, [r3, #0] : MemWrite :  D=0x0000000000000000 A=0x6aee0
2749500: system.cpu T0 : @memset+48.1  :   str_uopcs   r12, [r3, #4] : MemWrite :  D=0x0000000000000000 A=0x6aee4
2750000: system.cpu T0 : @memset+48.2  :   addi_uopcs   r3, r3, #8  : IntAlu :  D=0x000000000006aee8
2750500: system.cpu T0 : @memset+52    :   subscs   r2, r2, #8      : IntAlu :  D=0x0000000000000001
2751000: system.cpu T0 : @memset+56    : ldmstm                    
2751000: system.cpu T0 : @memset+56.0  :   str_uopcs   r1, [r3, #0] : MemWrite :  D=0x0000000000000000 A=0x6aee8
2751500: system.cpu T0 : @memset+56.1  :   str_uopcs   r12, [r3, #4] : MemWrite :  D=0x0000000000000000 A=0x6aeec
2752000: system.cpu T0 : @memset+56.2  :   addi_uopcs   r3, r3, #8  : IntAlu :  D=0x000000000006aef0
2752500: system.cpu T0 : @memset+60    :   subscs   r2, r2, #8      : IntAlu :  D=0x0000000000000001
2753000: system.cpu T0 : @memset+64    : ldmstm                    
2753000: system.cpu T0 : @memset+64.0  :   str_uopcs   r1, [r3, #0] : MemWrite :  D=0x0000000000000000 A=0x6aef0
2753500: system.cpu T0 : @memset+64.1  :   str_uopcs   r12, [r3, #4] : MemWrite :  D=0x0000000000000000 A=0x6aef4
2754000: system.cpu T0 : @memset+64.2  :   addi_uopcs   r3, r3, #8  : IntAlu :  D=0x000000000006aef8
2754500: system.cpu T0 : @memset+68    :   subscs   r2, r2, #8      : IntAlu :  D=0x0000000000000001
2755000: system.cpu T0 : @memset+72    : ldmstm                    
2755000: system.cpu T0 : @memset+72.0  :   str_uopcs   r1, [r3, #0] : MemWrite :  D=0x0000000000000000 A=0x6aef8
2755500: system.cpu T0 : @memset+72.1  :   str_uopcs   r12, [r3, #4] : MemWrite :  D=0x0000000000000000 A=0x6aefc
2756000: system.cpu T0 : @memset+72.2  :   addi_uopcs   r3, r3, #8  : IntAlu :  D=0x000000000006af00
2756500: system.cpu T0 : @memset+76    :   bcs                      : IntAlu : 
2757000: system.cpu T0 : @memset+44    :   subs   r2, r2, #8        : IntAlu :  D=0x0000000000000001
2757500: system.cpu T0 : @memset+48    : ldmstm                    
2757500: system.cpu T0 : @memset+48.0  :   str_uopcs   r1, [r3, #0] : MemWrite :  D=0x0000000000000000 A=0x6af00
2758000: system.cpu T0 : @memset+48.1  :   str_uopcs   r12, [r3, #4] : MemWrite :  D=0x0000000000000000 A=0x6af04
2758500: system.cpu T0 : @memset+48.2  :   addi_uopcs   r3, r3, #8  : IntAlu :  D=0x000000000006af08
2759000: system.cpu T0 : @memset+52    :   subscs   r2, r2, #8      : IntAlu :  D=0x0000000000000001
2759500: system.cpu T0 : @memset+56    : ldmstm                    
2759500: system.cpu T0 : @memset+56.0  :   str_uopcs   r1, [r3, #0] : MemWrite :  D=0x0000000000000000 A=0x6af08
2760000: system.cpu T0 : @memset+56.1  :   str_uopcs   r12, [r3, #4] : MemWrite :  D=0x0000000000000000 A=0x6af0c
2760500: system.cpu T0 : @memset+56.2  :   addi_uopcs   r3, r3, #8  : IntAlu :  D=0x000000000006af10
2761000: system.cpu T0 : @memset+60    :   subscs   r2, r2, #8      : IntAlu :  D=0x0000000000000001
2761500: system.cpu T0 : @memset+64    : ldmstm                    
2761500: system.cpu T0 : @memset+64.0  :   str_uopcs   r1, [r3, #0] : MemWrite :  D=0x0000000000000000 A=0x6af10
2762000: system.cpu T0 : @memset+64.1  :   str_uopcs   r12, [r3, #4] : MemWrite :  D=0x0000000000000000 A=0x6af14
2762500: system.cpu T0 : @memset+64.2  :   addi_uopcs   r3, r3, #8  : IntAlu :  D=0x000000000006af18
2763000: system.cpu T0 : @memset+68    :   subscs   r2, r2, #8      : IntAlu :  D=0x0000000000000001
2763500: system.cpu T0 : @memset+72    : ldmstm                    
2763500: system.cpu T0 : @memset+72.0  :   str_uopcs   r1, [r3, #0] : MemWrite :  D=0x0000000000000000 A=0x6af18
2764000: system.cpu T0 : @memset+72.1  :   str_uopcs   r12, [r3, #4] : MemWrite :  D=0x0000000000000000 A=0x6af1c
2764500: system.cpu T0 : @memset+72.2  :   addi_uopcs   r3, r3, #8  : IntAlu :  D=0x000000000006af20
2765000: system.cpu T0 : @memset+76    :   bcs                      : IntAlu : 
2765500: system.cpu T0 : @memset+44    :   subs   r2, r2, #8        : IntAlu :  D=0x0000000000000000
2766000: system.cpu T0 : @memset+48    : ldmstm                    
2766000: system.cpu T0 : @memset+48.0  :   str_uopcs   r1, [r3, #0] : MemWrite : Predicated False
2766500: system.cpu T0 : @memset+48.1  :   str_uopcs   r12, [r3, #4] : MemWrite : Predicated False
2767000: system.cpu T0 : @memset+48.2  :   addi_uopcs   r3, r3, #8  : IntAlu : Predicated False
2767500: system.cpu T0 : @memset+52    :   subscs   r2, r2, #8      : IntAlu : Predicated False
2768000: system.cpu T0 : @memset+56    : ldmstm                    
2768000: system.cpu T0 : @memset+56.0  :   str_uopcs   r1, [r3, #0] : MemWrite : Predicated False
2768500: system.cpu T0 : @memset+56.1  :   str_uopcs   r12, [r3, #4] : MemWrite : Predicated False
2769000: system.cpu T0 : @memset+56.2  :   addi_uopcs   r3, r3, #8  : IntAlu : Predicated False
2769500: system.cpu T0 : @memset+60    :   subscs   r2, r2, #8      : IntAlu : Predicated False
2770000: system.cpu T0 : @memset+64    : ldmstm                    
2770000: system.cpu T0 : @memset+64.0  :   str_uopcs   r1, [r3, #0] : MemWrite : Predicated False
2770500: system.cpu T0 : @memset+64.1  :   str_uopcs   r12, [r3, #4] : MemWrite : Predicated False
2771000: system.cpu T0 : @memset+64.2  :   addi_uopcs   r3, r3, #8  : IntAlu : Predicated False
2771500: system.cpu T0 : @memset+68    :   subscs   r2, r2, #8      : IntAlu : Predicated False
2772000: system.cpu T0 : @memset+72    : ldmstm                    
2772000: system.cpu T0 : @memset+72.0  :   str_uopcs   r1, [r3, #0] : MemWrite : Predicated False
2772500: system.cpu T0 : @memset+72.1  :   str_uopcs   r12, [r3, #4] : MemWrite : Predicated False
2773000: system.cpu T0 : @memset+72.2  :   addi_uopcs   r3, r3, #8  : IntAlu : Predicated False
2773500: system.cpu T0 : @memset+76    :   bcs                      : IntAlu : Predicated False
2774000: system.cpu T0 : @memset+80    :   and   r2, r2, #7         : IntAlu :  D=0x0000000000000004
2774500: system.cpu T0 : @memset+84    :   subs   r2, r2, #1        : IntAlu :  D=0x0000000000000001
2775000: system.cpu T0 : @memset+88    :   strbcs   r1, [r3] #1    
2775000: system.cpu T0 : @memset+88.0  :   strbcs   r1, [r3] #1     : MemWrite :  D=0x0000000000000000 A=0x6af20
2775500: system.cpu T0 : @memset+88.1  :   addi_uopcs   r3, r3, #1  : IntAlu :  D=0x000000000006af21
2776000: system.cpu T0 : @memset+92    :   subscs   r2, r2, #1      : IntAlu :  D=0x0000000000000001
2776500: system.cpu T0 : @memset+96    :   strbcs   r1, [r3] #1    
2776500: system.cpu T0 : @memset+96.0  :   strbcs   r1, [r3] #1     : MemWrite :  D=0x0000000000000000 A=0x6af21
2777000: system.cpu T0 : @memset+96.1  :   addi_uopcs   r3, r3, #1  : IntAlu :  D=0x000000000006af22
2777500: system.cpu T0 : @memset+100    :   subscs   r2, r2, #1      : IntAlu :  D=0x0000000000000001
2778000: system.cpu T0 : @memset+104    :   strbcs   r1, [r3] #1    
2778000: system.cpu T0 : @memset+104.0  :   strbcs   r1, [r3] #1     : MemWrite :  D=0x0000000000000000 A=0x6af22
2778500: system.cpu T0 : @memset+104.1  :   addi_uopcs   r3, r3, #1  : IntAlu :  D=0x000000000006af23
2779000: system.cpu T0 : @memset+108    :   subscs   r2, r2, #1      : IntAlu :  D=0x0000000000000001
2779500: system.cpu T0 : @memset+112    :   strbcs   r1, [r3] #1    
2779500: system.cpu T0 : @memset+112.0  :   strbcs   r1, [r3] #1     : MemWrite :  D=0x0000000000000000 A=0x6af23
2780000: system.cpu T0 : @memset+112.1  :   addi_uopcs   r3, r3, #1  : IntAlu :  D=0x000000000006af24
2780500: system.cpu T0 : @memset+116    :   bcs                      : IntAlu : 
2781000: system.cpu T0 : @memset+84    :   subs   r2, r2, #1        : IntAlu :  D=0x0000000000000000
2781500: system.cpu T0 : @memset+88    :   strbcs   r1, [r3] #1    
2781500: system.cpu T0 : @memset+88.0  :   strbcs   r1, [r3] #1     : MemWrite : Predicated False
2782000: system.cpu T0 : @memset+88.1  :   addi_uopcs   r3, r3, #1  : IntAlu : Predicated False
2782500: system.cpu T0 : @memset+92    :   subscs   r2, r2, #1      : IntAlu : Predicated False
2783000: system.cpu T0 : @memset+96    :   strbcs   r1, [r3] #1    
2783000: system.cpu T0 : @memset+96.0  :   strbcs   r1, [r3] #1     : MemWrite : Predicated False
2783500: system.cpu T0 : @memset+96.1  :   addi_uopcs   r3, r3, #1  : IntAlu : Predicated False
2784000: system.cpu T0 : @memset+100    :   subscs   r2, r2, #1      : IntAlu : Predicated False
2784500: system.cpu T0 : @memset+104    :   strbcs   r1, [r3] #1    
2784500: system.cpu T0 : @memset+104.0  :   strbcs   r1, [r3] #1     : MemWrite : Predicated False
2785000: system.cpu T0 : @memset+104.1  :   addi_uopcs   r3, r3, #1  : IntAlu : Predicated False
2785500: system.cpu T0 : @memset+108    :   subscs   r2, r2, #1      : IntAlu : Predicated False
2786000: system.cpu T0 : @memset+112    :   strbcs   r1, [r3] #1    
2786000: system.cpu T0 : @memset+112.0  :   strbcs   r1, [r3] #1     : MemWrite : Predicated False
2786500: system.cpu T0 : @memset+112.1  :   addi_uopcs   r3, r3, #1  : IntAlu : Predicated False
2787000: system.cpu T0 : @memset+116    :   bcs                      : IntAlu : Predicated False
2787500: system.cpu T0 : @memset+120    :   bx                       : IntAlu : 
2788000: system.cpu T0 : @main+55    :   mov.w   r0, #43888       : IntAlu :  D=0x000000000000ab70
2788500: system.cpu T0 : @main+59    :   movt.w   r0, r0, #4      : IntAlu :  D=0x000000000004ab70
2789000: system.cpu T0 : @main+63    :   bl.w                     : IntAlu :  D=0x0000000000008969
2789500: system.cpu T0 : @__cxa_atexit+11    : ldmstm                    
2789500: system.cpu T0 : @__cxa_atexit+11.0  :   str_uop.w   r4, [sp, #24] : MemWrite :  D=0x0000000000000000 A=0xbefffdc0
2790000: system.cpu T0 : @__cxa_atexit+11.1  :   str_uop.w   r5, [sp, #20] : MemWrite :  D=0x000000000006c000 A=0xbefffdc4
2790500: system.cpu T0 : @__cxa_atexit+11.2  :   str_uop.w   r6, [sp, #16] : MemWrite :  D=0x00000000befffdf0 A=0xbefffdc8
2791000: system.cpu T0 : @__cxa_atexit+11.3  :   str_uop.w   r7, [sp, #12] : MemWrite :  D=0x00000000befffdd8 A=0xbefffdcc
2791500: system.cpu T0 : @__cxa_atexit+11.4  :   str_uop.w   r8, [sp, #8] : MemWrite :  D=0x0000000000000000 A=0xbefffdd0
2792000: system.cpu T0 : @__cxa_atexit+11.5  :   str_uop.w   lr, [sp, #4] : MemWrite :  D=0x0000000000008969 A=0xbefffdd4
2792500: system.cpu T0 : @__cxa_atexit+11.6  :   subi_uop.w   sp, sp, #24 : IntAlu :  D=0x00000000befffdc0
2793000: system.cpu T0 : @puts+3    :   mov   r7, r0             : IntAlu :  D=0x000000000004ab70
2794000: system.cpu T0 : @puts+5    :   blx.w                    : IntAlu :  D=0x0000000000009223
2794500: system.cpu T0 : @strlen    :   bic   r1, r0, #3         : IntAlu :  D=0x000000000004ab70
2795000: system.cpu T0 : @strlen+4    :   ldr   r2, [r1] #4       
2795000: system.cpu T0 : @strlen+4.0  :   ldr   r2, [r1] #4        : MemRead :  D=0x0000000073276d66 A=0x4ab70
2795500: system.cpu T0 : @strlen+4.1  :   addi_uop   r1, r1, #4    : IntAlu :  D=0x000000000004ab74
2796000: system.cpu T0 : @strlen+8    :   ands   r3, r0, #3        : IntAlu :  D=0x0000000000000001
2796500: system.cpu T0 : @strlen+12    :   rsb   r0, r3, #0         : IntAlu :  D=0x0000000000000000
2797000: system.cpu T0 : @strlen+16    :   beq                      : IntAlu : 
2797500: system.cpu T0 : @Laligned    :   tsts   r2, #255          : IntAlu :  D=0x0000000000000000
2798000: system.cpu T0 : @Laligned+4    :   tstsne   r2, #65280      : IntAlu :  D=0x0000000000000000
2798500: system.cpu T0 : @Laligned+8    :   tstsne   r2, #16711680   : IntAlu :  D=0x0000000000000000
2799000: system.cpu T0 : @Laligned+12    :   tstsne   r2, #4278190080 : IntAlu :  D=0x0000000000000000
2799500: system.cpu T0 : @Laligned+16    :   addne   r0, r0, #4       : IntAlu :  D=0x0000000000000004
2800000: system.cpu T0 : @Laligned+20    :   ldrne   r2, [r1] #4     
2800000: system.cpu T0 : @Laligned+20.0  :   ldrne   r2, [r1] #4      : MemRead :  D=0x0000000073657420 A=0x4ab74
2800500: system.cpu T0 : @Laligned+20.1  :   addi_uopne   r1, r1, #4  : IntAlu :  D=0x000000000004ab78
2801000: system.cpu T0 : @Laligned+24    :   bne                      : IntAlu : 
2801500: system.cpu T0 : @Laligned    :   tsts   r2, #255          : IntAlu :  D=0x0000000000000000
2802000: system.cpu T0 : @Laligned+4    :   tstsne   r2, #65280      : IntAlu :  D=0x0000000000000000
2802500: system.cpu T0 : @Laligned+8    :   tstsne   r2, #16711680   : IntAlu :  D=0x0000000000000000
2803000: system.cpu T0 : @Laligned+12    :   tstsne   r2, #4278190080 : IntAlu :  D=0x0000000000000000
2803500: system.cpu T0 : @Laligned+16    :   addne   r0, r0, #4       : IntAlu :  D=0x0000000000000008
2804000: system.cpu T0 : @Laligned+20    :   ldrne   r2, [r1] #4     
2804000: system.cpu T0 : @Laligned+20.0  :   ldrne   r2, [r1] #4      : MemRead :  D=0x0000000000000074 A=0x4ab78
2804500: system.cpu T0 : @Laligned+20.1  :   addi_uopne   r1, r1, #4  : IntAlu :  D=0x000000000004ab7c
2805000: system.cpu T0 : @Laligned+24    :   bne                      : IntAlu : 
2805500: system.cpu T0 : @Laligned    :   tsts   r2, #255          : IntAlu :  D=0x0000000000000000
2806000: system.cpu T0 : @Laligned+4    :   tstsne   r2, #65280      : IntAlu :  D=0x0000000000000001
2806500: system.cpu T0 : @Laligned+8    :   tstsne   r2, #16711680   : IntAlu : Predicated False
2807000: system.cpu T0 : @Laligned+12    :   tstsne   r2, #4278190080 : IntAlu : Predicated False
2807500: system.cpu T0 : @Laligned+16    :   addne   r0, r0, #4       : IntAlu : Predicated False
2808000: system.cpu T0 : @Laligned+20    :   ldrne   r2, [r1] #4     
2808000: system.cpu T0 : @Laligned+20.0  :   ldrne   r2, [r1] #4      : MemRead : Predicated False
2808500: system.cpu T0 : @Laligned+20.1  :   addi_uopne   r1, r1, #4  : IntAlu : Predicated False
2809000: system.cpu T0 : @Laligned+24    :   bne                      : IntAlu : Predicated False
2809500: system.cpu T0 : @Llastword    :   tsts   r2, #255          : IntAlu :  D=0x0000000000000000
2810000: system.cpu T0 : @Llastword+4    :   addne   r0, r0, #1       : IntAlu :  D=0x0000000000000009
2810500: system.cpu T0 : @Llastword+8    :   tstsne   r2, #65280      : IntAlu :  D=0x0000000000000001
2811000: system.cpu T0 : @Llastword+12    :   addne   r0, r0, #1       : IntAlu : Predicated False
2811500: system.cpu T0 : @Llastword+16    :   tstsne   r2, #16711680   : IntAlu : Predicated False
2812000: system.cpu T0 : @Llastword+20    :   addne   r0, r0, #1       : IntAlu : Predicated False
2812500: system.cpu T0 : @Llastword+24    :   bx                       : IntAlu : 
2813000: system.cpu T0 : @puts+9    :   ldr   r6, [pc, #332]     : MemRead :  D=0x00000000000694a4 A=0x9370
2813500: system.cpu T0 : @puts+11    :   ldr   r4, [r6, #0]       : MemRead :  D=0x0000000000069128 A=0x694a4
2814000: system.cpu T0 : @puts+13    :   ldr   r3, [r4, #0]       : MemRead :  D=0x00000000fbad2a84 A=0x69128
2814500: system.cpu T0 : @puts+15    :   ands.w   r2, r3, #32768  : IntAlu :  D=0x0000000000000001
2815000: system.cpu T0 : @puts+19    :   mov   r5, r0             : IntAlu :  D=0x0000000000000009
2815500: system.cpu T0 : @puts+21    :   it                       : IntAlu : 
2816000: system.cpu T0 : @puts+23    :   mov   r0, r4             : IntAlu : Predicated False
2816500: system.cpu T0 : @puts+25    :   b                        : IntAlu : Predicated False
2817000: system.cpu T0 : @puts+27    :   ldr   r3, [r4, #72]      : MemRead :  D=0x000000000006a4d0 A=0x69170
2818000: system.cpu T0 : @puts+29    :   mrc.w   r8, r276, #406785 : IntAlu :  D=0x000000000006c4c0
2819000: system.cpu T0 : @puts+33    :   sub.w   r8, r8, #1216    : IntAlu :  D=0x000000000006c000
2819500: system.cpu T0 : @puts+37    :   ldr   r1, [r3, #8]       : MemRead :  D=0x0000000000000000 A=0x6a4d8
2820000: system.cpu T0 : @puts+39    :   cmps   r1, r8            : IntAlu :  D=0x0000000000000000
2820500: system.cpu T0 : @puts+41    :   b                        : IntAlu : Predicated False
2821000: system.cpu T0 : @puts+43    :   movs   r0, #1            : IntAlu :  D=0x0000000000000000
2822000: system.cpu T0 : @puts+45    :   dmb.w   #0               : IntAlu : 
2823000: system.cpu T0 : @puts+49    :   ldrex.w   r1, [r3, #0]   : MemRead :  D=0x0000000000000000 A=0x6a4d0
2823500: system.cpu T0 : @puts+53    :   cmps   r1, r2            : IntAlu :  D=0x0000000000000001
2824000: system.cpu T0 : @puts+55    :   b                        : IntAlu : Predicated False
2825000: system.cpu T0 : @puts+57    :   strex.w   r1, r0, [r3, #0] : MemWrite :  D=0x0000000000000000 A=0x6a4d0
2826000: system.cpu T0 : @puts+61    :   teqs.w   r1, #0          : IntAlu :  D=0x0000000000000001
2826500: system.cpu T0 : @puts+65    :   b                        : IntAlu : Predicated False
2827000: system.cpu T0 : @puts+67    :   mov   r1, r2             : IntAlu :  D=0x0000000000000000
2828000: system.cpu T0 : @puts+69    :   dmb.w   #0               : IntAlu : 
2828500: system.cpu T0 : @puts+73    :   cmps   r1, #0            : IntAlu :  D=0x0000000000000001
2829000: system.cpu T0 : @puts+75    :   b                        : IntAlu : Predicated False
2829500: system.cpu T0 : @puts+77    :   ldr   r3, [r4, #72]      : MemRead :  D=0x000000000006a4d0 A=0x69170
2830000: system.cpu T0 : @puts+79    :   ldr   r0, [r6, #0]       : MemRead :  D=0x0000000000069128 A=0x694a4
2831000: system.cpu T0 : @puts+81    :   str.w   r8, [r3, #8]     : MemWrite :  D=0x000000000006c000 A=0x6a4d8
2831500: system.cpu T0 : @puts+85    :   ldr   r2, [r3, #4]       : MemRead :  D=0x0000000000000000 A=0x6a4d4
2832000: system.cpu T0 : @puts+87    :   adds   r2, r2, #1        : IntAlu :  D=0x0000000000000000
2832500: system.cpu T0 : @puts+89    :   str   r2, [r3, #4]       : MemWrite :  D=0x0000000000000001 A=0x6a4d4
2833000: system.cpu T0 : @puts+91    :   ldr   r3, [r0, #108]     : MemRead :  D=0x00000000ffffffff A=0x69194
2833500: system.cpu T0 : @puts+93    :   cmps   r3, #0            : IntAlu :  D=0x0000000000000001
2834000: system.cpu T0 : @puts+95    :   b                        : IntAlu : 
2834500: system.cpu T0 : @puts+209    :   adds   r3, r3, #1        : IntAlu :  D=0x0000000000000001
2835000: system.cpu T0 : @puts+211    :   b                        : IntAlu : 
2835500: system.cpu T0 : @puts+103    :   ldr.w   r3, [r0, #152]   : MemRead :  D=0x000000000004df10 A=0x691c0
2836000: system.cpu T0 : @puts+107    :   mov   r1, r7             : IntAlu :  D=0x000000000004ab70
2836500: system.cpu T0 : @puts+109    :   mov   r2, r5             : IntAlu :  D=0x0000000000000009
2837000: system.cpu T0 : @puts+111    :   ldr   r3, [r3, #28]      : MemRead :  D=0x00000000000204f9 A=0x4df2c
2837500: system.cpu T0 : @puts+113    :   blx                      : IntAlu :  D=0x000000000000928d
2838000: system.cpu T0 : @_IO_file_underflow_mmap+55    : ldmstm                    
2838000: system.cpu T0 : @_IO_file_underflow_mmap+55.0  :   str_uop.w   r4, [sp, #24] : MemWrite :  D=0x0000000000069128 A=0xbefffda8
2838500: system.cpu T0 : @_IO_file_underflow_mmap+55.1  :   str_uop.w   r5, [sp, #20] : MemWrite :  D=0x0000000000000009 A=0xbefffdac
2839000: system.cpu T0 : @_IO_file_underflow_mmap+55.2  :   str_uop.w   r6, [sp, #16] : MemWrite :  D=0x00000000000694a4 A=0xbefffdb0
2839500: system.cpu T0 : @_IO_file_underflow_mmap+55.3  :   str_uop.w   r7, [sp, #12] : MemWrite :  D=0x000000000004ab70 A=0xbefffdb4
2840000: system.cpu T0 : @_IO_file_underflow_mmap+55.4  :   str_uop.w   r8, [sp, #8] : MemWrite :  D=0x000000000006c000 A=0xbefffdb8
2840500: system.cpu T0 : @_IO_file_underflow_mmap+55.5  :   str_uop.w   lr, [sp, #4] : MemWrite :  D=0x000000000000928d A=0xbefffdbc
2841000: system.cpu T0 : @_IO_file_underflow_mmap+55.6  :   subi_uop.w   sp, sp, #24 : IntAlu :  D=0x00000000befffda8
2841500: system.cpu T0 : @_IO_file_xsputn+3    :   mov   r5, r0             : IntAlu :  D=0x0000000000069128
2842000: system.cpu T0 : @_IO_file_xsputn+5    :   mov   r6, r1             : IntAlu :  D=0x000000000004ab70
2842500: system.cpu T0 : @_IO_file_xsputn+7    :   mov   r4, r2             : IntAlu :  D=0x0000000000000009
2843000: system.cpu T0 : @_IO_file_xsputn+9    :   cbz                      : IntAlu : Predicated False
2843500: system.cpu T0 : @_IO_file_xsputn+11    :   ldr   r3, [r0, #0]       : MemRead :  D=0x00000000fbad2a84 A=0x69128
2844500: system.cpu T0 : @_IO_file_xsputn+13    :   and.w   r3, r3, #2560    : IntAlu :  D=0x0000000000000a00
2845500: system.cpu T0 : @_IO_file_xsputn+17    :   cmps.w   r3, #2560       : IntAlu :  D=0x0000000000000001
2846000: system.cpu T0 : @_IO_file_xsputn+21    :   b                        : IntAlu : 
2846500: system.cpu T0 : @_IO_file_xsputn+109    :   ldr   r0, [r0, #20]      : MemRead :  D=0x000000003fffe000 A=0x6913c
2847000: system.cpu T0 : @_IO_file_xsputn+111    :   ldr   r7, [r5, #32]      : MemRead :  D=0x0000000040000000 A=0x69148
2847500: system.cpu T0 : @_IO_file_xsputn+113    :   subs   r7, r7, r0        : IntAlu :  D=0x0000000000000001
2848000: system.cpu T0 : @_IO_file_xsputn+115    :   cmps   r2, r7            : IntAlu :  D=0x0000000000000000
2848500: system.cpu T0 : @_IO_file_xsputn+117    :   it                       : IntAlu : 
2849000: system.cpu T0 : @_IO_file_xsputn+119    :   mov.w   r8, #0           : IntAlu : Predicated False
2849500: system.cpu T0 : @_IO_file_xsputn+123    :   b                        : IntAlu : Predicated False
2850000: system.cpu T0 : @_IO_file_xsputn+125    :   adds   r3, r1, r2        : IntAlu :  D=0x0000000000000000
2850500: system.cpu T0 : @_IO_file_xsputn+127    :   cmps   r1, r3            : IntAlu :  D=0x0000000000000000
2851000: system.cpu T0 : @_IO_file_xsputn+129    :   b                        : IntAlu : Predicated False
2851500: system.cpu T0 : @_IO_file_xsputn+131    :   ldrb.w   r2, [r3, #-1]   : MemRead :  D=0x0000000000000074 A=0x4ab78
2852000: system.cpu T0 : @_IO_file_xsputn+135    :   subs   r3, r3, #1        : IntAlu :  D=0x0000000000000001
2852500: system.cpu T0 : @_IO_file_xsputn+137    :   cmps   r2, #10           : IntAlu :  D=0x0000000000000001
2853000: system.cpu T0 : @_IO_file_xsputn+139    :   b                        : IntAlu : Predicated False
2853500: system.cpu T0 : @_IO_file_xsputn+141    :   cmps   r3, r6            : IntAlu :  D=0x0000000000000001
2854000: system.cpu T0 : @_IO_file_xsputn+143    :   b                        : IntAlu : Predicated False
2855000: system.cpu T0 : @_IO_file_xsputn+145    :   ldrb.w   r2, [r3, #-1]! 
2855000: system.cpu T0 : @_IO_file_xsputn+145.0  :   ldrb.w   r2, [r3, #-1]!  : MemRead :  D=0x0000000000000073 A=0x4ab77
2855500: system.cpu T0 : @_IO_file_xsputn+145.1  :   subi_uop.w   r3, r3, #1  : IntAlu :  D=0x000000000004ab77
2856000: system.cpu T0 : @_IO_file_xsputn+149    :   cmps   r2, #10           : IntAlu :  D=0x0000000000000001
2856500: system.cpu T0 : @_IO_file_xsputn+151    :   b                        : IntAlu : 
2857000: system.cpu T0 : @_IO_file_xsputn+141    :   cmps   r3, r6            : IntAlu :  D=0x0000000000000001
2857500: system.cpu T0 : @_IO_file_xsputn+143    :   b                        : IntAlu : Predicated False
2858500: system.cpu T0 : @_IO_file_xsputn+145    :   ldrb.w   r2, [r3, #-1]! 
2858500: system.cpu T0 : @_IO_file_xsputn+145.0  :   ldrb.w   r2, [r3, #-1]!  : MemRead :  D=0x0000000000000065 A=0x4ab76
2859000: system.cpu T0 : @_IO_file_xsputn+145.1  :   subi_uop.w   r3, r3, #1  : IntAlu :  D=0x000000000004ab76
2859500: system.cpu T0 : @_IO_file_xsputn+149    :   cmps   r2, #10           : IntAlu :  D=0x0000000000000001
2860000: system.cpu T0 : @_IO_file_xsputn+151    :   b                        : IntAlu : 
2860500: system.cpu T0 : @_IO_file_xsputn+141    :   cmps   r3, r6            : IntAlu :  D=0x0000000000000001
2861000: system.cpu T0 : @_IO_file_xsputn+143    :   b                        : IntAlu : Predicated False
2862000: system.cpu T0 : @_IO_file_xsputn+145    :   ldrb.w   r2, [r3, #-1]! 
2862000: system.cpu T0 : @_IO_file_xsputn+145.0  :   ldrb.w   r2, [r3, #-1]!  : MemRead :  D=0x0000000000000074 A=0x4ab75
2862500: system.cpu T0 : @_IO_file_xsputn+145.1  :   subi_uop.w   r3, r3, #1  : IntAlu :  D=0x000000000004ab75
2863000: system.cpu T0 : @_IO_file_xsputn+149    :   cmps   r2, #10           : IntAlu :  D=0x0000000000000001
2863500: system.cpu T0 : @_IO_file_xsputn+151    :   b                        : IntAlu : 
2864000: system.cpu T0 : @_IO_file_xsputn+141    :   cmps   r3, r6            : IntAlu :  D=0x0000000000000001
2864500: system.cpu T0 : @_IO_file_xsputn+143    :   b                        : IntAlu : Predicated False
2865500: system.cpu T0 : @_IO_file_xsputn+145    :   ldrb.w   r2, [r3, #-1]! 
2865500: system.cpu T0 : @_IO_file_xsputn+145.0  :   ldrb.w   r2, [r3, #-1]!  : MemRead :  D=0x0000000000000020 A=0x4ab74
2866000: system.cpu T0 : @_IO_file_xsputn+145.1  :   subi_uop.w   r3, r3, #1  : IntAlu :  D=0x000000000004ab74
2866500: system.cpu T0 : @_IO_file_xsputn+149    :   cmps   r2, #10           : IntAlu :  D=0x0000000000000001
2867000: system.cpu T0 : @_IO_file_xsputn+151    :   b                        : IntAlu : 
2867500: system.cpu T0 : @_IO_file_xsputn+141    :   cmps   r3, r6            : IntAlu :  D=0x0000000000000001
2868000: system.cpu T0 : @_IO_file_xsputn+143    :   b                        : IntAlu : Predicated False
2869000: system.cpu T0 : @_IO_file_xsputn+145    :   ldrb.w   r2, [r3, #-1]! 
2869000: system.cpu T0 : @_IO_file_xsputn+145.0  :   ldrb.w   r2, [r3, #-1]!  : MemRead :  D=0x0000000000000073 A=0x4ab73
2869500: system.cpu T0 : @_IO_file_xsputn+145.1  :   subi_uop.w   r3, r3, #1  : IntAlu :  D=0x000000000004ab73
2870000: system.cpu T0 : @_IO_file_xsputn+149    :   cmps   r2, #10           : IntAlu :  D=0x0000000000000001
2870500: system.cpu T0 : @_IO_file_xsputn+151    :   b                        : IntAlu : 
2871000: system.cpu T0 : @_IO_file_xsputn+141    :   cmps   r3, r6            : IntAlu :  D=0x0000000000000001
2871500: system.cpu T0 : @_IO_file_xsputn+143    :   b                        : IntAlu : Predicated False
2872500: system.cpu T0 : @_IO_file_xsputn+145    :   ldrb.w   r2, [r3, #-1]! 
2872500: system.cpu T0 : @_IO_file_xsputn+145.0  :   ldrb.w   r2, [r3, #-1]!  : MemRead :  D=0x0000000000000027 A=0x4ab72
2873000: system.cpu T0 : @_IO_file_xsputn+145.1  :   subi_uop.w   r3, r3, #1  : IntAlu :  D=0x000000000004ab72
2873500: system.cpu T0 : @_IO_file_xsputn+149    :   cmps   r2, #10           : IntAlu :  D=0x0000000000000001
2874000: system.cpu T0 : @_IO_file_xsputn+151    :   b                        : IntAlu : 
2874500: system.cpu T0 : @_IO_file_xsputn+141    :   cmps   r3, r6            : IntAlu :  D=0x0000000000000001
2875000: system.cpu T0 : @_IO_file_xsputn+143    :   b                        : IntAlu : Predicated False
2876000: system.cpu T0 : @_IO_file_xsputn+145    :   ldrb.w   r2, [r3, #-1]! 
2876000: system.cpu T0 : @_IO_file_xsputn+145.0  :   ldrb.w   r2, [r3, #-1]!  : MemRead :  D=0x000000000000006d A=0x4ab71
2876500: system.cpu T0 : @_IO_file_xsputn+145.1  :   subi_uop.w   r3, r3, #1  : IntAlu :  D=0x000000000004ab71
2877000: system.cpu T0 : @_IO_file_xsputn+149    :   cmps   r2, #10           : IntAlu :  D=0x0000000000000001
2877500: system.cpu T0 : @_IO_file_xsputn+151    :   b                        : IntAlu : 
2878000: system.cpu T0 : @_IO_file_xsputn+141    :   cmps   r3, r6            : IntAlu :  D=0x0000000000000001
2878500: system.cpu T0 : @_IO_file_xsputn+143    :   b                        : IntAlu : Predicated False
2879500: system.cpu T0 : @_IO_file_xsputn+145    :   ldrb.w   r2, [r3, #-1]! 
2879500: system.cpu T0 : @_IO_file_xsputn+145.0  :   ldrb.w   r2, [r3, #-1]!  : MemRead :  D=0x0000000000000066 A=0x4ab70
2880000: system.cpu T0 : @_IO_file_xsputn+145.1  :   subi_uop.w   r3, r3, #1  : IntAlu :  D=0x000000000004ab70
2880500: system.cpu T0 : @_IO_file_xsputn+149    :   cmps   r2, #10           : IntAlu :  D=0x0000000000000001
2881000: system.cpu T0 : @_IO_file_xsputn+151    :   b                        : IntAlu : 
2881500: system.cpu T0 : @_IO_file_xsputn+141    :   cmps   r3, r6            : IntAlu :  D=0x0000000000000001
2882000: system.cpu T0 : @_IO_file_xsputn+143    :   b                        : IntAlu : 
2883000: system.cpu T0 : @_IO_file_xsputn+265    :   mov.w   r8, #0           : IntAlu :  D=0x0000000000000000
2883500: system.cpu T0 : @_IO_file_xsputn+269    :   b                        : IntAlu : 
2884000: system.cpu T0 : @_IO_file_xsputn+163    :   cmps   r7, r4            : IntAlu :  D=0x0000000000000001
2884500: system.cpu T0 : @_IO_file_xsputn+165    :   it                       : IntAlu : 
2885000: system.cpu T0 : @_IO_file_xsputn+167    :   mov   r7, r4             : IntAlu :  D=0x0000000000000009
2885500: system.cpu T0 : @_IO_file_xsputn+169    :   adds   r3, r6, #1        : IntAlu :  D=0x0000000000000000
2886000: system.cpu T0 : @_IO_file_xsputn+171    :   cmps   r7, #20           : IntAlu :  D=0x0000000000000000
2887000: system.cpu T0 : @_IO_file_xsputn+173    :   add.w   r1, r0, r7       : IntAlu :  D=0x000000003fffe009
2887500: system.cpu T0 : @_IO_file_xsputn+177    :   b                        : IntAlu : Predicated False
2888000: system.cpu T0 : @_IO_file_xsputn+179    :   ldrb.w   r2, [r3, #-1]   : MemRead :  D=0x0000000000000066 A=0x4ab70
2888500: system.cpu T0 : @_IO_file_xsputn+183    :   adds   r3, r3, #1        : IntAlu :  D=0x0000000000000000
2889500: system.cpu T0 : @_IO_file_xsputn+185    :   strb.w   r2, [r0] #1    
2889500: system.cpu T0 : @_IO_file_xsputn+185.0  :   strb.w   r2, [r0] #1     : MemWrite :  D=0x0000000000000066 A=0x3fffe000
2890000: system.cpu T0 : @_IO_file_xsputn+185.1  :   addi_uop.w   r0, r0, #1  : IntAlu :  D=0x000000003fffe001
2890500: system.cpu T0 : @_IO_file_xsputn+189    :   cmps   r0, r1            : IntAlu :  D=0x0000000000000000
2891000: system.cpu T0 : @_IO_file_xsputn+191    :   b                        : IntAlu : 
2891500: system.cpu T0 : @_IO_file_xsputn+179    :   ldrb.w   r2, [r3, #-1]   : MemRead :  D=0x000000000000006d A=0x4ab71
2892000: system.cpu T0 : @_IO_file_xsputn+183    :   adds   r3, r3, #1        : IntAlu :  D=0x0000000000000000
2893000: system.cpu T0 : @_IO_file_xsputn+185    :   strb.w   r2, [r0] #1    
2893000: system.cpu T0 : @_IO_file_xsputn+185.0  :   strb.w   r2, [r0] #1     : MemWrite :  D=0x000000000000006d A=0x3fffe001
2893500: system.cpu T0 : @_IO_file_xsputn+185.1  :   addi_uop.w   r0, r0, #1  : IntAlu :  D=0x000000003fffe002
2894000: system.cpu T0 : @_IO_file_xsputn+189    :   cmps   r0, r1            : IntAlu :  D=0x0000000000000000
2894500: system.cpu T0 : @_IO_file_xsputn+191    :   b                        : IntAlu : 
2895000: system.cpu T0 : @_IO_file_xsputn+179    :   ldrb.w   r2, [r3, #-1]   : MemRead :  D=0x0000000000000027 A=0x4ab72
2895500: system.cpu T0 : @_IO_file_xsputn+183    :   adds   r3, r3, #1        : IntAlu :  D=0x0000000000000000
2896500: system.cpu T0 : @_IO_file_xsputn+185    :   strb.w   r2, [r0] #1    
2896500: system.cpu T0 : @_IO_file_xsputn+185.0  :   strb.w   r2, [r0] #1     : MemWrite :  D=0x0000000000000027 A=0x3fffe002
2897000: system.cpu T0 : @_IO_file_xsputn+185.1  :   addi_uop.w   r0, r0, #1  : IntAlu :  D=0x000000003fffe003
2897500: system.cpu T0 : @_IO_file_xsputn+189    :   cmps   r0, r1            : IntAlu :  D=0x0000000000000000
2898000: system.cpu T0 : @_IO_file_xsputn+191    :   b                        : IntAlu : 
2898500: system.cpu T0 : @_IO_file_xsputn+179    :   ldrb.w   r2, [r3, #-1]   : MemRead :  D=0x0000000000000073 A=0x4ab73
2899000: system.cpu T0 : @_IO_file_xsputn+183    :   adds   r3, r3, #1        : IntAlu :  D=0x0000000000000000
2900000: system.cpu T0 : @_IO_file_xsputn+185    :   strb.w   r2, [r0] #1    
2900000: system.cpu T0 : @_IO_file_xsputn+185.0  :   strb.w   r2, [r0] #1     : MemWrite :  D=0x0000000000000073 A=0x3fffe003
2900500: system.cpu T0 : @_IO_file_xsputn+185.1  :   addi_uop.w   r0, r0, #1  : IntAlu :  D=0x000000003fffe004
2901000: system.cpu T0 : @_IO_file_xsputn+189    :   cmps   r0, r1            : IntAlu :  D=0x0000000000000000
2901500: system.cpu T0 : @_IO_file_xsputn+191    :   b                        : IntAlu : 
2902000: system.cpu T0 : @_IO_file_xsputn+179    :   ldrb.w   r2, [r3, #-1]   : MemRead :  D=0x0000000000000020 A=0x4ab74
2902500: system.cpu T0 : @_IO_file_xsputn+183    :   adds   r3, r3, #1        : IntAlu :  D=0x0000000000000000
2903500: system.cpu T0 : @_IO_file_xsputn+185    :   strb.w   r2, [r0] #1    
2903500: system.cpu T0 : @_IO_file_xsputn+185.0  :   strb.w   r2, [r0] #1     : MemWrite :  D=0x0000000000000020 A=0x3fffe004
2904000: system.cpu T0 : @_IO_file_xsputn+185.1  :   addi_uop.w   r0, r0, #1  : IntAlu :  D=0x000000003fffe005
2904500: system.cpu T0 : @_IO_file_xsputn+189    :   cmps   r0, r1            : IntAlu :  D=0x0000000000000000
2905000: system.cpu T0 : @_IO_file_xsputn+191    :   b                        : IntAlu : 
2905500: system.cpu T0 : @_IO_file_xsputn+179    :   ldrb.w   r2, [r3, #-1]   : MemRead :  D=0x0000000000000074 A=0x4ab75
2906000: system.cpu T0 : @_IO_file_xsputn+183    :   adds   r3, r3, #1        : IntAlu :  D=0x0000000000000000
2907000: system.cpu T0 : @_IO_file_xsputn+185    :   strb.w   r2, [r0] #1    
2907000: system.cpu T0 : @_IO_file_xsputn+185.0  :   strb.w   r2, [r0] #1     : MemWrite :  D=0x0000000000000074 A=0x3fffe005
2907500: system.cpu T0 : @_IO_file_xsputn+185.1  :   addi_uop.w   r0, r0, #1  : IntAlu :  D=0x000000003fffe006
2908000: system.cpu T0 : @_IO_file_xsputn+189    :   cmps   r0, r1            : IntAlu :  D=0x0000000000000000
2908500: system.cpu T0 : @_IO_file_xsputn+191    :   b                        : IntAlu : 
2909000: system.cpu T0 : @_IO_file_xsputn+179    :   ldrb.w   r2, [r3, #-1]   : MemRead :  D=0x0000000000000065 A=0x4ab76
2909500: system.cpu T0 : @_IO_file_xsputn+183    :   adds   r3, r3, #1        : IntAlu :  D=0x0000000000000000
2910500: system.cpu T0 : @_IO_file_xsputn+185    :   strb.w   r2, [r0] #1    
2910500: system.cpu T0 : @_IO_file_xsputn+185.0  :   strb.w   r2, [r0] #1     : MemWrite :  D=0x0000000000000065 A=0x3fffe006
2911000: system.cpu T0 : @_IO_file_xsputn+185.1  :   addi_uop.w   r0, r0, #1  : IntAlu :  D=0x000000003fffe007
2911500: system.cpu T0 : @_IO_file_xsputn+189    :   cmps   r0, r1            : IntAlu :  D=0x0000000000000000
2912000: system.cpu T0 : @_IO_file_xsputn+191    :   b                        : IntAlu : 
2912500: system.cpu T0 : @_IO_file_xsputn+179    :   ldrb.w   r2, [r3, #-1]   : MemRead :  D=0x0000000000000073 A=0x4ab77
2913000: system.cpu T0 : @_IO_file_xsputn+183    :   adds   r3, r3, #1        : IntAlu :  D=0x0000000000000000
2914000: system.cpu T0 : @_IO_file_xsputn+185    :   strb.w   r2, [r0] #1    
2914000: system.cpu T0 : @_IO_file_xsputn+185.0  :   strb.w   r2, [r0] #1     : MemWrite :  D=0x0000000000000073 A=0x3fffe007
2914500: system.cpu T0 : @_IO_file_xsputn+185.1  :   addi_uop.w   r0, r0, #1  : IntAlu :  D=0x000000003fffe008
2915000: system.cpu T0 : @_IO_file_xsputn+189    :   cmps   r0, r1            : IntAlu :  D=0x0000000000000000
2915500: system.cpu T0 : @_IO_file_xsputn+191    :   b                        : IntAlu : 
2916000: system.cpu T0 : @_IO_file_xsputn+179    :   ldrb.w   r2, [r3, #-1]   : MemRead :  D=0x0000000000000074 A=0x4ab78
2916500: system.cpu T0 : @_IO_file_xsputn+183    :   adds   r3, r3, #1        : IntAlu :  D=0x0000000000000000
2917500: system.cpu T0 : @_IO_file_xsputn+185    :   strb.w   r2, [r0] #1    
2917500: system.cpu T0 : @_IO_file_xsputn+185.0  :   strb.w   r2, [r0] #1     : MemWrite :  D=0x0000000000000074 A=0x3fffe008
2918000: system.cpu T0 : @_IO_file_xsputn+185.1  :   addi_uop.w   r0, r0, #1  : IntAlu :  D=0x000000003fffe009
2918500: system.cpu T0 : @_IO_file_xsputn+189    :   cmps   r0, r1            : IntAlu :  D=0x0000000000000001
2919000: system.cpu T0 : @_IO_file_xsputn+191    :   b                        : IntAlu : Predicated False
2919500: system.cpu T0 : @_IO_file_xsputn+193    :   adds   r6, r6, r7        : IntAlu :  D=0x0000000000000000
2920000: system.cpu T0 : @_IO_file_xsputn+195    :   str   r0, [r5, #20]      : MemWrite :  D=0x000000003fffe009 A=0x6913c
2920500: system.cpu T0 : @_IO_file_xsputn+197    :   subs   r7, r4, r7        : IntAlu :  D=0x0000000000000001
2921000: system.cpu T0 : @_IO_file_xsputn+199    :   add.w   r3, r8, r7       : IntAlu :  D=0x0000000000000000
2921500: system.cpu T0 : @_IO_file_xsputn+203    :   cmps   r3, #0            : IntAlu :  D=0x0000000000000001
2922000: system.cpu T0 : @_IO_file_xsputn+205    :   b                        : IntAlu : Predicated False
2922500: system.cpu T0 : @_IO_file_xsputn+207    :   subs   r0, r4, r7        : IntAlu :  D=0x0000000000000001
2923500: system.cpu T0 : @_IO_file_xsputn+209    : ldmstm                    
2923500: system.cpu T0 : @_IO_file_xsputn+209.0  :   ldr2_uop.w   r4,r5, [sp, #0] : MemRead :  D=0x0000000000000009 A=0xbefffda8
2924000: system.cpu T0 : @_IO_file_xsputn+209.1  :   ldr2_uop.w   r6,r7, [sp, #8] : MemRead :  D=0x000000000004ab70 A=0xbefffdb0
2924500: system.cpu T0 : @_IO_file_xsputn+209.2  :   ldr2_uop.w   r8,r36, [sp, #16] : MemRead :  D=0x000000000000928d A=0xbefffdb8
2925000: system.cpu T0 : @_IO_file_xsputn+209.3  :   addi_uop.w   sp, sp, #24 : IntAlu :  D=0x00000000befffdc0
2925500: system.cpu T0 : @_IO_file_xsputn+209.4  :   uopReg_uop.w   pc, r36   : IntAlu :  D=0x000000000000928d
2926000: system.cpu T0 : @puts+115    :   cmps   r5, r0            : IntAlu :  D=0x0000000000000001
2926500: system.cpu T0 : @puts+117    :   b                        : IntAlu : Predicated False
2927000: system.cpu T0 : @puts+119    :   ldr   r0, [r6, #0]       : MemRead :  D=0x0000000000069128 A=0x694a4
2927500: system.cpu T0 : @puts+121    :   ldr   r3, [r0, #20]      : MemRead :  D=0x000000003fffe009 A=0x6913c
2928000: system.cpu T0 : @puts+123    :   ldr   r2, [r0, #24]      : MemRead :  D=0x000000003fffe000 A=0x69140
2928500: system.cpu T0 : @puts+125    :   cmps   r3, r2            : IntAlu :  D=0x0000000000000001
2929000: system.cpu T0 : @puts+127    :   b                        : IntAlu : 
2929500: system.cpu T0 : @puts+239    :   movs   r1, #10           : IntAlu :  D=0x0000000000000000
2930500: system.cpu T0 : @puts+241    :   bl.w                     : IntAlu :  D=0x000000000000930f
2931000: system.cpu T0 : @_IO_free_backup_area+51    : ldmstm                    
2931000: system.cpu T0 : @_IO_free_backup_area+51.0  :   str_uop   r3, [sp, #8]   : MemWrite :  D=0x000000003fffe009 A=0xbefffdb8
2931500: system.cpu T0 : @_IO_free_backup_area+51.1  :   str_uop   lr, [sp, #4]   : MemWrite :  D=0x000000000000930f A=0xbefffdbc
2932000: system.cpu T0 : @_IO_free_backup_area+51.2  :   subi_uop   sp, sp, #8    : IntAlu :  D=0x00000000befffdb8
2932500: system.cpu T0 : @__overflow+1    :   ldr   r3, [r0, #108]     : MemRead :  D=0x00000000ffffffff A=0x69194
2933000: system.cpu T0 : @__overflow+3    :   cbnz                     : IntAlu : 
2933500: system.cpu T0 : @__overflow+11    :   ldr.w   r3, [r0, #152]   : MemRead :  D=0x000000000004df10 A=0x691c0
2934000: system.cpu T0 : @__overflow+15    :   ldr   r3, [r3, #12]      : MemRead :  D=0x0000000000020ecd A=0x4df1c
2934500: system.cpu T0 : @__overflow+17    :   blx                      : IntAlu :  D=0x0000000000009cad
2935000: system.cpu T0 : @_IO_file_underflow+471    :   ldr   r3, [r0, #0]       : MemRead :  D=0x00000000fbad2a84 A=0x69128
2935500: system.cpu T0 : @_IO_file_overflow+1    : ldmstm                    
2935500: system.cpu T0 : @_IO_file_overflow+1.0  :   str_uop   r4, [sp, #16]  : MemWrite :  D=0x0000000000069128 A=0xbefffda8
2936000: system.cpu T0 : @_IO_file_overflow+1.1  :   str_uop   r5, [sp, #12]  : MemWrite :  D=0x0000000000000009 A=0xbefffdac
2936500: system.cpu T0 : @_IO_file_overflow+1.2  :   str_uop   r6, [sp, #8]   : MemWrite :  D=0x00000000000694a4 A=0xbefffdb0
2937000: system.cpu T0 : @_IO_file_overflow+1.3  :   str_uop   lr, [sp, #4]   : MemWrite :  D=0x0000000000009cad A=0xbefffdb4
2937500: system.cpu T0 : @_IO_file_overflow+1.4  :   subi_uop   sp, sp, #16   : IntAlu :  D=0x00000000befffda8
2938000: system.cpu T0 : @_IO_file_overflow+3    :   movs   r2, r3, LSL #28   : IntAlu :  D=0x0000000000000000
2938500: system.cpu T0 : @_IO_file_overflow+5    :   mov   r4, r0             : IntAlu :  D=0x0000000000069128
2939000: system.cpu T0 : @_IO_file_overflow+7    :   mov   r5, r1             : IntAlu :  D=0x000000000000000a
2939500: system.cpu T0 : @_IO_file_overflow+9    :   b                        : IntAlu : Predicated False
2940000: system.cpu T0 : @_IO_file_overflow+11    :   movs   r0, r3, LSL #20   : IntAlu :  D=0x0000000000000002
2940500: system.cpu T0 : @_IO_file_overflow+13    :   b                        : IntAlu : Predicated False
2941000: system.cpu T0 : @_IO_file_overflow+15    :   ldr   r3, [r4, #16]      : MemRead :  D=0x000000003fffe000 A=0x69138
2941500: system.cpu T0 : @_IO_file_overflow+17    :   cmps   r3, #0            : IntAlu :  D=0x0000000000000001
2942000: system.cpu T0 : @_IO_file_overflow+19    :   b                        : IntAlu : Predicated False
2942500: system.cpu T0 : @_IO_file_overflow+21    :   ldr   r2, [r4, #20]      : MemRead :  D=0x000000003fffe009 A=0x6913c
2943000: system.cpu T0 : @_IO_file_overflow+23    :   adds   r3, r5, #1        : IntAlu :  D=0x0000000000000000
2943500: system.cpu T0 : @_IO_file_overflow+25    :   b                        : IntAlu : Predicated False
2944000: system.cpu T0 : @_IO_file_overflow+27    :   ldr   r3, [r4, #32]      : MemRead :  D=0x0000000040000000 A=0x69148
2944500: system.cpu T0 : @_IO_file_overflow+29    :   cmps   r3, r2            : IntAlu :  D=0x0000000000000001
2945000: system.cpu T0 : @_IO_file_overflow+31    :   b                        : IntAlu : Predicated False
2945500: system.cpu T0 : @_IO_file_overflow+33    :   uxtb   r6, #0, r5        : IntAlu :  D=0x000000000000000a
2946000: system.cpu T0 : @_IO_file_overflow+35    :   strb.w   r6, [r2] #1    
2946000: system.cpu T0 : @_IO_file_overflow+35.0  :   strb.w   r6, [r2] #1     : MemWrite :  D=0x000000000000000a A=0x3fffe009
2946500: system.cpu T0 : @_IO_file_overflow+35.1  :   addi_uop.w   r2, r2, #1  : IntAlu :  D=0x000000003fffe00a
2947000: system.cpu T0 : @_IO_file_overflow+39    :   ldr   r3, [r4, #0]       : MemRead :  D=0x00000000fbad2a84 A=0x69128
2947500: system.cpu T0 : @_IO_file_overflow+41    :   str   r2, [r4, #20]      : MemWrite :  D=0x000000003fffe00a A=0x6913c
2948000: system.cpu T0 : @_IO_file_overflow+43    :   movs   r0, r3, LSL #30   : IntAlu :  D=0x0000000000000001
2948500: system.cpu T0 : @_IO_file_overflow+45    :   b                        : IntAlu : Predicated False
2949000: system.cpu T0 : @_IO_file_overflow+47    :   ubfx.w   r3, r3, #9, #9  : IntAlu :  D=0x0000000000000001
2949500: system.cpu T0 : @_IO_file_overflow+51    :   cmps   r5, #10           : IntAlu :  D=0x0000000000000001
2950000: system.cpu T0 : @_IO_file_overflow+53    :   it                       : IntAlu : 
2950500: system.cpu T0 : @_IO_file_overflow+55    :   mov   r5, #0             : IntAlu : Predicated False
2951500: system.cpu T0 : @_IO_file_overflow+57    :   and.w   r5, r3, #1       : IntAlu :  D=0x0000000000000001
2952000: system.cpu T0 : @_IO_file_overflow+61    :   cbz                      : IntAlu : Predicated False
2952500: system.cpu T0 : @_IO_file_overflow+63    :   ldr   r1, [r4, #16]      : MemRead :  D=0x000000003fffe000 A=0x69138
2953000: system.cpu T0 : @_IO_file_overflow+65    :   mov   r0, r4             : IntAlu :  D=0x0000000000069128
2953500: system.cpu T0 : @_IO_file_overflow+67    :   subs   r2, r2, r1        : IntAlu :  D=0x0000000000000001
2954500: system.cpu T0 : @_IO_file_overflow+69    :   bl.w                     : IntAlu :  D=0x0000000000020f17
2955000: system.cpu T0 : @_IO_file_attach+119    : ldmstm                    
2955000: system.cpu T0 : @_IO_file_attach+119.0  :   str_uop   r4, [sp, #8]   : MemWrite :  D=0x0000000000069128 A=0xbefffda0
2955500: system.cpu T0 : @_IO_file_attach+119.1  :   str_uop   lr, [sp, #4]   : MemWrite :  D=0x0000000000020f17 A=0xbefffda4
2956000: system.cpu T0 : @_IO_file_attach+119.2  :   subi_uop   sp, sp, #8    : IntAlu :  D=0x00000000befffda0
2956500: system.cpu T0 : @_IO_do_write+1    :   mov   r4, r2             : IntAlu :  D=0x000000000000000a
2957000: system.cpu T0 : @_IO_do_write+3    :   cbnz                     : IntAlu : 
2958000: system.cpu T0 : @_IO_do_write+9    :   bl.w                     : IntAlu :  D=0x00000000000207cb
2958500: system.cpu T0 : @_IO_file_xsgetn+283    : ldmstm                    
2958500: system.cpu T0 : @_IO_file_xsgetn+283.0  :   str_uop   r4, [sp, #20]  : MemWrite :  D=0x000000000000000a A=0xbefffd8c
2959000: system.cpu T0 : @_IO_file_xsgetn+283.1  :   str_uop   r5, [sp, #16]  : MemWrite :  D=0x0000000000000001 A=0xbefffd90
2959500: system.cpu T0 : @_IO_file_xsgetn+283.2  :   str_uop   r6, [sp, #12]  : MemWrite :  D=0x000000000000000a A=0xbefffd94
2960000: system.cpu T0 : @_IO_file_xsgetn+283.3  :   str_uop   r7, [sp, #8]   : MemWrite :  D=0x000000000004ab70 A=0xbefffd98
2960500: system.cpu T0 : @_IO_file_xsgetn+283.4  :   str_uop   lr, [sp, #4]   : MemWrite :  D=0x00000000000207cb A=0xbefffd9c
2961000: system.cpu T0 : @_IO_file_xsgetn+283.5  :   subi_uop   sp, sp, #20   : IntAlu :  D=0x00000000befffd8c
2961500: system.cpu T0 : @new_do_write+1    :   mov   r4, r0             : IntAlu :  D=0x0000000000069128
2962000: system.cpu T0 : @new_do_write+3    :   ldr   r7, [r0, #0]       : MemRead :  D=0x00000000fbad2a84 A=0x69128
2962500: system.cpu T0 : @new_do_write+5    :   sub   sp, sp, #12        : IntAlu :  D=0x00000000befffd80
2963000: system.cpu T0 : @new_do_write+7    :   mov   r5, r1             : IntAlu :  D=0x000000003fffe000
2963500: system.cpu T0 : @new_do_write+9    :   mov   r6, r2             : IntAlu :  D=0x000000000000000a
2964000: system.cpu T0 : @new_do_write+11    :   ands.w   r7, r7, #4096   : IntAlu :  D=0x0000000000000001
2964500: system.cpu T0 : @new_do_write+15    :   b                        : IntAlu : 
2965000: system.cpu T0 : @new_do_write+85    :   ldr   r3, [r0, #8]       : MemRead :  D=0x000000003fffe000 A=0x69130
2965500: system.cpu T0 : @new_do_write+87    :   ldr   r2, [r0, #16]      : MemRead :  D=0x000000003fffe000 A=0x69138
2966000: system.cpu T0 : @new_do_write+89    :   cmps   r3, r2            : IntAlu :  D=0x0000000000000001
2966500: system.cpu T0 : @new_do_write+91    :   b                        : IntAlu : 
2967500: system.cpu T0 : @new_do_write+29    :   ldr.w   r3, [r4, #152]   : MemRead :  D=0x000000000004df10 A=0x691c0
2968000: system.cpu T0 : @new_do_write+33    :   mov   r0, r4             : IntAlu :  D=0x0000000000069128
2968500: system.cpu T0 : @new_do_write+35    :   mov   r1, r5             : IntAlu :  D=0x000000003fffe000
2969000: system.cpu T0 : @new_do_write+37    :   mov   r2, r6             : IntAlu :  D=0x000000000000000a
2969500: system.cpu T0 : @new_do_write+39    :   ldr   r3, [r3, #60]      : MemRead :  D=0x0000000000020039 A=0x4df4c
2970000: system.cpu T0 : @new_do_write+41    :   blx                      : IntAlu :  D=0x000000000001ffc1
2970500: system.cpu T0 : @new_do_write+163    : ldmstm                    
2970500: system.cpu T0 : @new_do_write+163.0  :   str_uop   r3, [sp, #24]  : MemWrite :  D=0x0000000000020039 A=0xbefffd68
2971000: system.cpu T0 : @new_do_write+163.1  :   str_uop   r4, [sp, #20]  : MemWrite :  D=0x0000000000069128 A=0xbefffd6c
2971500: system.cpu T0 : @new_do_write+163.2  :   str_uop   r5, [sp, #16]  : MemWrite :  D=0x000000003fffe000 A=0xbefffd70
2972000: system.cpu T0 : @new_do_write+163.3  :   str_uop   r6, [sp, #12]  : MemWrite :  D=0x000000000000000a A=0xbefffd74
2972500: system.cpu T0 : @new_do_write+163.4  :   str_uop   r7, [sp, #8]   : MemWrite :  D=0x0000000000000000 A=0xbefffd78
2973000: system.cpu T0 : @new_do_write+163.5  :   str_uop   lr, [sp, #4]   : MemWrite :  D=0x000000000001ffc1 A=0xbefffd7c
2973500: system.cpu T0 : @new_do_write+163.6  :   subi_uop   sp, sp, #24   : IntAlu :  D=0x00000000befffd68
2974000: system.cpu T0 : @_IO_file_write+1    :   mov   r4, r0             : IntAlu :  D=0x0000000000069128
2974500: system.cpu T0 : @_IO_file_write+3    :   movs   r0, #0            : IntAlu :  D=0x0000000000000001
2975000: system.cpu T0 : @_IO_file_write+5    :   subs   r7, r2, #0        : IntAlu :  D=0x0000000000000001
2975500: system.cpu T0 : @_IO_file_write+7    :   mov   r6, r1             : IntAlu :  D=0x000000003fffe000
2976000: system.cpu T0 : @_IO_file_write+9    :   b                        : IntAlu : Predicated False
2976500: system.cpu T0 : @_IO_file_write+11    :   mov   r5, r7             : IntAlu :  D=0x000000000000000a
2977000: system.cpu T0 : @_IO_file_write+13    :   b                        : IntAlu : 
2977500: system.cpu T0 : @_IO_file_write+21    :   ldr   r3, [r4, #60]      : MemRead :  D=0x0000000000000000 A=0x69164
2978000: system.cpu T0 : @_IO_file_write+23    :   mov   r1, r6             : IntAlu :  D=0x000000003fffe000
2978500: system.cpu T0 : @_IO_file_write+25    :   mov   r2, r5             : IntAlu :  D=0x000000000000000a
2979000: system.cpu T0 : @_IO_file_write+27    :   ldr   r0, [r4, #56]      : MemRead :  D=0x0000000000000001 A=0x69160
2979500: system.cpu T0 : @_IO_file_write+29    :   movs   r3, r3, LSL #30   : IntAlu :  D=0x0000000000000001
2980000: system.cpu T0 : @_IO_file_write+31    :   b                        : IntAlu : Predicated False
2981000: system.cpu T0 : @_IO_file_write+33    :   blx.w                    : IntAlu :  D=0x000000000002005f
2981500: system.cpu T0 : @write    :   ldr   r12, [pc, #-40]    : MemRead :  D=0x0000000000044944 A=0x26580
2982000: system.cpu T0 : @write+4    :   ldr   r12, [pc, r12]     : MemRead :  D=0x0000000000000000 A=0x6aef0
2982500: system.cpu T0 : @write+8    :   teqs   r12, #0           : IntAlu :  D=0x0000000000000001
2983000: system.cpu T0 : @write+12    :   str   r7, [sp, #-4]!    
2983000: system.cpu T0 : @write+12.0  :   str   r7, [sp, #-4]!     : MemWrite :  D=0x000000000000000a A=0xbefffd64
2983500: system.cpu T0 : @write+12.1  :   subi_uop   sp, sp, #4    : IntAlu :  D=0x00000000befffd64
2984000: system.cpu T0 : @write+16    :   bne                      : IntAlu : Predicated False
2984500: system.cpu T0 : @write+20    :   mov   r7, #4             : IntAlu :  D=0x0000000000000004
2985000: system.cpu T0 : @write+24    :   svc   #0                 : IntAlu : 
fm's test
2985500: system.cpu T0 : @write+28    :   ldr   r7, [sp] #4       
2985500: system.cpu T0 : @write+28.0  :   ldr   r7, [sp] #4        : MemRead :  D=0x000000000000000a A=0xbefffd64
2986000: system.cpu T0 : @write+28.1  :   addi_uop   sp, sp, #4    : IntAlu :  D=0x00000000befffd68
2986500: system.cpu T0 : @write+32    :   cmns   r0, #4096         : IntAlu :  D=0x0000000000000000
2987000: system.cpu T0 : @write+36    :   bxcc                     : IntAlu : 
2987500: system.cpu T0 : @_IO_file_write+37    :   cmps   r0, #0            : IntAlu :  D=0x0000000000000001
2988000: system.cpu T0 : @_IO_file_write+39    :   add   r6, r6, r0         : IntAlu :  D=0x000000003fffe00a
2988500: system.cpu T0 : @_IO_file_write+41    :   b                        : IntAlu : 
2989000: system.cpu T0 : @_IO_file_write+15    :   subs   r5, r5, r0        : IntAlu :  D=0x0000000000000001
2989500: system.cpu T0 : @_IO_file_write+17    :   cmps   r5, #0            : IntAlu :  D=0x0000000000000001
2990000: system.cpu T0 : @_IO_file_write+19    :   b                        : IntAlu : 
2990500: system.cpu T0 : @_IO_file_write+77    :   subs   r0, r7, r5        : IntAlu :  D=0x0000000000000001
2991000: system.cpu T0 : @_IO_file_write+79    :   b                        : IntAlu : 
2992000: system.cpu T0 : @_IO_file_write+53    :   ldrd.w   r6, r7, [r4, #80] : MemRead :  D=0x00000000ffffffff A=0x69178
2992500: system.cpu T0 : @_IO_file_write+57    :   cmps   r6, #0            : IntAlu :  D=0x0000000000000001
2993000: system.cpu T0 : @_IO_file_write+59    :   sbcs.w   r3, r7, #0      : IntAlu :  D=0x0000000000000000
2993500: system.cpu T0 : @_IO_file_write+63    :   b                        : IntAlu : 
2994000: system.cpu T0 : @_IO_file_write+75    : ldmstm                    
2994000: system.cpu T0 : @_IO_file_write+75.0  :   ldr2_uop   r3,r4, [sp, #0] : MemRead :  D=0x0000000000069128 A=0xbefffd68
2994500: system.cpu T0 : @_IO_file_write+75.1  :   ldr2_uop   r5,r6, [sp, #8] : MemRead :  D=0x000000000000000a A=0xbefffd70
2995000: system.cpu T0 : @_IO_file_write+75.2  :   ldr2_uop   r7,r36, [sp, #16] : MemRead :  D=0x000000000001ffc1 A=0xbefffd78
2995500: system.cpu T0 : @_IO_file_write+75.3  :   addi_uop   sp, sp, #24   : IntAlu :  D=0x00000000befffd80
2996000: system.cpu T0 : @_IO_file_write+75.4  :   uopReg_uop   pc, r36     : IntAlu :  D=0x000000000001ffc1
2996500: system.cpu T0 : @new_do_write+43    :   ldrh.w   r3, [r4, #68]   : MemRead :  D=0x0000000000000000 A=0x6916c
2997000: system.cpu T0 : @new_do_write+47    :   cmps   r0, #0            : IntAlu :  D=0x0000000000000001
2997500: system.cpu T0 : @new_do_write+49    :   it                       : IntAlu : 
2998000: system.cpu T0 : @new_do_write+51    :   cmps   r3, #0            : IntAlu :  D=0x0000000000000001
2998500: system.cpu T0 : @new_do_write+53    :   mov   r7, r0             : IntAlu :  D=0x000000000000000a
2999000: system.cpu T0 : @new_do_write+55    :   b                        : IntAlu : Predicated False
2999500: system.cpu T0 : @new_do_write+57    :   ldr   r2, [r4, #108]     : MemRead :  D=0x00000000ffffffff A=0x69194
3000000: system.cpu T0 : @new_do_write+59    :   ldr   r3, [r4, #28]      : MemRead :  D=0x000000003fffe000 A=0x69144
3000500: system.cpu T0 : @new_do_write+61    :   cmps   r2, #0            : IntAlu :  D=0x0000000000000001
3001000: system.cpu T0 : @new_do_write+63    :   str   r3, [r4, #12]      : MemWrite :  D=0x000000003fffe000 A=0x69134
3001500: system.cpu T0 : @new_do_write+65    :   str   r3, [r4, #4]       : MemWrite :  D=0x000000003fffe000 A=0x6912c
3002000: system.cpu T0 : @new_do_write+67    :   str   r3, [r4, #8]       : MemWrite :  D=0x000000003fffe000 A=0x69130
3002500: system.cpu T0 : @new_do_write+69    :   str   r3, [r4, #20]      : MemWrite :  D=0x000000003fffe000 A=0x6913c
3003000: system.cpu T0 : @new_do_write+71    :   str   r3, [r4, #16]      : MemWrite :  D=0x000000003fffe000 A=0x69138
3003500: system.cpu T0 : @new_do_write+73    :   b                        : IntAlu : 
3004000: system.cpu T0 : @new_do_write+149    :   ldr   r1, [r4, #0]       : MemRead :  D=0x00000000fbad2a84 A=0x69128
3004500: system.cpu T0 : @new_do_write+151    :   mov.w   r2, #514         : IntAlu :  D=0x0000000000000202
3005000: system.cpu T0 : @new_do_write+155    :   ands   r2, r2, r1        : IntAlu :  D=0x0000000000000000
3005500: system.cpu T0 : @new_do_write+157    :   cmps   r2, #0            : IntAlu :  D=0x0000000000000001
3006000: system.cpu T0 : @new_do_write+159    :   b                        : IntAlu : 
3006500: system.cpu T0 : @new_do_write+77    :   str   r3, [r4, #24]      : MemWrite :  D=0x000000003fffe000 A=0x69140
3007000: system.cpu T0 : @new_do_write+79    :   mov   r0, r7             : IntAlu :  D=0x000000000000000a
3007500: system.cpu T0 : @new_do_write+81    :   add   sp, sp, #12        : IntAlu :  D=0x00000000befffd8c
3008000: system.cpu T0 : @new_do_write+83    : ldmstm                    
3008000: system.cpu T0 : @new_do_write+83.0  :   ldr2_uop   r4,r5, [sp, #0] : MemRead :  D=0x0000000000000001 A=0xbefffd8c
3008500: system.cpu T0 : @new_do_write+83.1  :   ldr2_uop   r6,r7, [sp, #8] : MemRead :  D=0x000000000004ab70 A=0xbefffd94
3009000: system.cpu T0 : @new_do_write+83.2  :   ldr_uop   r36, [sp, #16] : MemRead :  D=0x00000000000207cb A=0xbefffd9c
3009500: system.cpu T0 : @new_do_write+83.3  :   addi_uop   sp, sp, #20   : IntAlu :  D=0x00000000befffda0
3010000: system.cpu T0 : @new_do_write+83.4  :   uopReg_uop   pc, r36     : IntAlu :  D=0x00000000000207cb
3010500: system.cpu T0 : @_IO_do_write+13    :   cmps   r4, r0            : IntAlu :  D=0x0000000000000001
3011000: system.cpu T0 : @_IO_do_write+15    :   it                       : IntAlu : 
3012000: system.cpu T0 : @_IO_do_write+17    :   mov.w   r0, #4294967295  : IntAlu : Predicated False
3012500: system.cpu T0 : @_IO_do_write+21    :   mov   r0, #0             : IntAlu :  D=0x0000000000000000
3013000: system.cpu T0 : @_IO_do_write+23    : ldmstm                    
3013000: system.cpu T0 : @_IO_do_write+23.0  :   ldr2_uop   r4,r36, [sp, #0] : MemRead :  D=0x0000000000020f17 A=0xbefffda0
3013500: system.cpu T0 : @_IO_do_write+23.1  :   addi_uop   sp, sp, #8    : IntAlu :  D=0x00000000befffda8
3014000: system.cpu T0 : @_IO_do_write+23.2  :   uopReg_uop   pc, r36     : IntAlu :  D=0x0000000000020f17
3014500: system.cpu T0 : @_IO_file_overflow+73    :   adds   r1, r0, #1        : IntAlu :  D=0x0000000000000000
3015000: system.cpu T0 : @_IO_file_overflow+75    :   b                        : IntAlu : Predicated False
3015500: system.cpu T0 : @_IO_file_overflow+77    :   mov   r0, r6             : IntAlu :  D=0x000000000000000a
3016000: system.cpu T0 : @_IO_file_overflow+79    : ldmstm                    
3016000: system.cpu T0 : @_IO_file_overflow+79.0  :   ldr2_uop   r4,r5, [sp, #0] : MemRead :  D=0x0000000000000009 A=0xbefffda8
3016500: system.cpu T0 : @_IO_file_overflow+79.1  :   ldr2_uop   r6,r36, [sp, #8] : MemRead :  D=0x0000000000009cad A=0xbefffdb0
3017000: system.cpu T0 : @_IO_file_overflow+79.2  :   addi_uop   sp, sp, #16   : IntAlu :  D=0x00000000befffdb8
3017500: system.cpu T0 : @_IO_file_overflow+79.3  :   uopReg_uop   pc, r36     : IntAlu :  D=0x0000000000009cad
3018000: system.cpu T0 : @__overflow+19    : ldmstm                    
3018000: system.cpu T0 : @__overflow+19.0  :   ldr2_uop   r3,r36, [sp, #0] : MemRead :  D=0x000000000000930f A=0xbefffdb8
3018500: system.cpu T0 : @__overflow+19.1  :   addi_uop   sp, sp, #8    : IntAlu :  D=0x00000000befffdc0
3019000: system.cpu T0 : @__overflow+19.2  :   uopReg_uop   pc, r36     : IntAlu :  D=0x000000000000930f
3019500: system.cpu T0 : @puts+245    :   adds   r1, r0, #1        : IntAlu :  D=0x0000000000000000
3020000: system.cpu T0 : @puts+247    :   b                        : IntAlu : 
3020500: system.cpu T0 : @puts+137    :   adds   r5, r5, #1        : IntAlu :  D=0x0000000000000000
3021000: system.cpu T0 : @puts+139    :   it                       : IntAlu : 
3022000: system.cpu T0 : @puts+141    :   mvn.w   r5, #2147483648  : IntAlu : Predicated False
3022500: system.cpu T0 : @puts+145    :   ldr   r3, [r4, #0]       : MemRead :  D=0x00000000fbad2a84 A=0x69128
3023000: system.cpu T0 : @puts+147    :   movs   r2, r3, LSL #16   : IntAlu :  D=0x0000000000000000
3023500: system.cpu T0 : @puts+149    :   b                        : IntAlu : Predicated False
3024000: system.cpu T0 : @puts+151    :   ldr   r0, [r4, #72]      : MemRead :  D=0x000000000006a4d0 A=0x69170
3024500: system.cpu T0 : @puts+153    :   ldr   r3, [r0, #4]       : MemRead :  D=0x0000000000000001 A=0x6a4d4
3025000: system.cpu T0 : @puts+155    :   subs   r3, r3, #1        : IntAlu :  D=0x0000000000000001
3025500: system.cpu T0 : @puts+157    :   str   r3, [r0, #4]       : MemWrite :  D=0x0000000000000000 A=0x6a4d4
3026000: system.cpu T0 : @puts+159    :   cbnz                     : IntAlu : Predicated False
3026500: system.cpu T0 : @puts+161    :   mov   r2, r3             : IntAlu :  D=0x0000000000000000
3027000: system.cpu T0 : @puts+163    :   str   r3, [r0, #8]       : MemWrite :  D=0x0000000000000000 A=0x6a4d8
3027500: system.cpu T0 : @puts+165    :   ldr   r3, [r0, #0]       : MemRead :  D=0x0000000000000001 A=0x6a4d0
3028000: system.cpu T0 : @puts+167    :   dmb.w   #0               : IntAlu : 
3028500: system.cpu T0 : @puts+171    :   ldrex.w   r1, [r0, #0]   : MemRead :  D=0x0000000000000001 A=0x6a4d0
3029000: system.cpu T0 : @puts+175    :   cmps   r1, r3            : IntAlu :  D=0x0000000000000001
3029500: system.cpu T0 : @puts+177    :   b                        : IntAlu : Predicated False
3030000: system.cpu T0 : @puts+179    :   strex.w   r1, r2, [r0, #0] : MemWrite :  D=0x0000000000000000 A=0x6a4d0
3030500: system.cpu T0 : @puts+183    :   teqs.w   r1, #0          : IntAlu :  D=0x0000000000000001
3031000: system.cpu T0 : @puts+187    :   b                        : IntAlu : Predicated False
3031500: system.cpu T0 : @puts+189    :   mov   r1, r3             : IntAlu :  D=0x0000000000000001
3032000: system.cpu T0 : @puts+191    :   dmb.w   #0               : IntAlu : 
3032500: system.cpu T0 : @puts+195    :   cmps   r3, r1            : IntAlu :  D=0x0000000000000001
3033000: system.cpu T0 : @puts+197    :   b                        : IntAlu : Predicated False
3033500: system.cpu T0 : @puts+199    :   cmps   r3, #1            : IntAlu :  D=0x0000000000000001
3034000: system.cpu T0 : @puts+201    :   b                        : IntAlu : Predicated False
3034500: system.cpu T0 : @puts+203    :   mov   r0, r5             : IntAlu :  D=0x000000000000000a
3035500: system.cpu T0 : @puts+205    : ldmstm                    
3035500: system.cpu T0 : @puts+205.0  :   ldr2_uop.w   r4,r5, [sp, #0] : MemRead :  D=0x000000000006c000 A=0xbefffdc0
3036000: system.cpu T0 : @puts+205.1  :   ldr2_uop.w   r6,r7, [sp, #8] : MemRead :  D=0x00000000befffdd8 A=0xbefffdc8
3036500: system.cpu T0 : @puts+205.2  :   ldr2_uop.w   r8,r36, [sp, #16] : MemRead :  D=0x0000000000008969 A=0xbefffdd0
3037000: system.cpu T0 : @puts+205.3  :   addi_uop.w   sp, sp, #24 : IntAlu :  D=0x00000000befffdd8
3037500: system.cpu T0 : @puts+205.4  :   uopReg_uop.w   pc, r36   : IntAlu :  D=0x0000000000008969
3038000: system.cpu T0 : @main+67    :   mov   r0, r3             : IntAlu :  D=0x0000000000000001
3038500: system.cpu T0 : @main+69    : ldmstm                    
3038500: system.cpu T0 : @main+69.0  :   ldr2_uop   r7,r36, [sp, #0] : MemRead :  D=0x0000000000008a97 A=0xbefffdd8
3039000: system.cpu T0 : @main+69.1  :   addi_uop   sp, sp, #8    : IntAlu :  D=0x00000000befffde0
3039500: system.cpu T0 : @main+69.2  :   uopReg_uop   pc, r36     : IntAlu :  D=0x0000000000008a97
3040500: system.cpu T0 : @__libc_start_main+297    :   bl.w                     : IntAlu :  D=0x0000000000008a9b
3041000: system.cpu T0 : @__run_exit_handlers+115    :   mov.w   r1, #36988       : IntAlu :  D=0x000000000000907c
3041500: system.cpu T0 : @exit+3    :   movs   r2, #1            : IntAlu :  D=0x0000000000000000
3042000: system.cpu T0 : @exit+5    : ldmstm                    
3042000: system.cpu T0 : @exit+5.0  :   str_uop   r3, [sp, #8]   : MemWrite :  D=0x0000000000000001 A=0xbefffdd8
3042500: system.cpu T0 : @exit+5.1  :   str_uop   lr, [sp, #4]   : MemWrite :  D=0x0000000000008a9b A=0xbefffddc
3043000: system.cpu T0 : @exit+5.2  :   subi_uop   sp, sp, #8    : IntAlu :  D=0x00000000befffdd8
3043500: system.cpu T0 : @exit+7    :   movt.w   r1, r1, #6      : IntAlu :  D=0x000000000006907c
3044000: system.cpu T0 : @exit+11    :   bl.w                     : IntAlu :  D=0x00000000000090b1
3044500: system.cpu T0 : @abort+379    : ldmstm                    
3044500: system.cpu T0 : @abort+379.0  :   str_uop   r7, [sp, #8]   : MemWrite :  D=0x0000000000000000 A=0xbefffdd0
3045000: system.cpu T0 : @abort+379.1  :   str_uop   lr, [sp, #4]   : MemWrite :  D=0x00000000000090b1 A=0xbefffdd4
3045500: system.cpu T0 : @abort+379.2  :   subi_uop   sp, sp, #8    : IntAlu :  D=0x00000000befffdd0
3046000: system.cpu T0 : @__run_exit_handlers+1    :   mov   r4, r0             : IntAlu :  D=0x0000000000000001
3046500: system.cpu T0 : @__run_exit_handlers+3    :   mov   r5, r1             : IntAlu :  D=0x000000000006907c
3047000: system.cpu T0 : @__run_exit_handlers+5    :   mov   r7, r2             : IntAlu :  D=0x0000000000000001
3047500: system.cpu T0 : @__run_exit_handlers+7    :   ldr   r6, [r5, #0]       : MemRead :  D=0x000000000006a2a0 A=0x6907c
3048000: system.cpu T0 : @__run_exit_handlers+9    :   cbz                      : IntAlu : Predicated False
3048500: system.cpu T0 : @__run_exit_handlers+11    :   ldr   r3, [r6, #4]       : MemRead :  D=0x0000000000000001 A=0x6a2a4
3049000: system.cpu T0 : @__run_exit_handlers+13    :   cbz                      : IntAlu : Predicated False
3049500: system.cpu T0 : @__run_exit_handlers+15    :   subs   r3, r3, #1        : IntAlu :  D=0x0000000000000001
3050000: system.cpu T0 : @__run_exit_handlers+17    :   str   r3, [r6, #4]       : MemWrite :  D=0x0000000000000000 A=0x6a2a4
3050500: system.cpu T0 : @__run_exit_handlers+19    :   movs   r1, r3, LSL #4    : IntAlu :  D=0x0000000000000001
3051000: system.cpu T0 : @__run_exit_handlers+21    :   adds   r1, r1, #8        : IntAlu :  D=0x0000000000000000
3051500: system.cpu T0 : @__run_exit_handlers+23    :   adds   r2, r6, r1        : IntAlu :  D=0x0000000000000000
3052000: system.cpu T0 : @__run_exit_handlers+25    :   ldr   r1, [r6, r1]       : MemRead :  D=0x0000000000000004 A=0x6a2a8
3052500: system.cpu T0 : @__run_exit_handlers+27    :   cmps   r1, #3            : IntAlu :  D=0x0000000000000001
3053000: system.cpu T0 : @__run_exit_handlers+29    :   b                        : IntAlu : Predicated False
3053500: system.cpu T0 : @__run_exit_handlers+31    :   cmps   r1, #4            : IntAlu :  D=0x0000000000000001
3054000: system.cpu T0 : @__run_exit_handlers+33    :   b                        : IntAlu : 
3054500: system.cpu T0 : @__run_exit_handlers+49    :   ldr   r3, [r2, #4]       : MemRead :  D=0x0000000000008e61 A=0x6a2ac
3055000: system.cpu T0 : @__run_exit_handlers+51    :   mov   r1, r4             : IntAlu :  D=0x0000000000000001
3055500: system.cpu T0 : @__run_exit_handlers+53    :   ldr   r0, [r2, #8]       : MemRead :  D=0x0000000000000000 A=0x6a2b0
3056000: system.cpu T0 : @__run_exit_handlers+55    :   blx                      : IntAlu :  D=0x0000000000009067
3056500: system.cpu T0 : @__libc_csu_init+111    : ldmstm                    
3056500: system.cpu T0 : @__libc_csu_init+111.0  :   str_uop   r3, [sp, #16]  : MemWrite :  D=0x0000000000008e61 A=0xbefffdc0
3057000: system.cpu T0 : @__libc_csu_init+111.1  :   str_uop   r4, [sp, #12]  : MemWrite :  D=0x0000000000000001 A=0xbefffdc4
3057500: system.cpu T0 : @__libc_csu_init+111.2  :   str_uop   r5, [sp, #8]   : MemWrite :  D=0x000000000006907c A=0xbefffdc8
3058000: system.cpu T0 : @__libc_csu_init+111.3  :   str_uop   lr, [sp, #4]   : MemWrite :  D=0x0000000000009067 A=0xbefffdcc
3058500: system.cpu T0 : @__libc_csu_init+111.4  :   subi_uop   sp, sp, #16   : IntAlu :  D=0x00000000befffdc0
3059000: system.cpu T0 : @__libc_csu_fini+1    :   ldr   r5, [pc, #32]      : MemRead :  D=0x0000000000068fc4 A=0x8e84
3059500: system.cpu T0 : @__libc_csu_fini+3    :   ldr   r4, [pc, #32]      : MemRead :  D=0x0000000000068fcc A=0x8e88
3060000: system.cpu T0 : @__libc_csu_fini+5    :   subs   r4, r4, r5        : IntAlu :  D=0x0000000000000001
3060500: system.cpu T0 : @__libc_csu_fini+7    :   movs   r4, r4, ASR #2    : IntAlu :  D=0x0000000000000000
3061000: system.cpu T0 : @__libc_csu_fini+9    :   b                        : IntAlu : Predicated False
3061500: system.cpu T0 : @__libc_csu_fini+11    :   add.w   r5, r5, r4, LSL #2 : IntAlu :  D=0x0000000000068fcc
3062000: system.cpu T0 : @__libc_csu_fini+15    :   ldr.w   r3, [r5, #-4]!  
3062000: system.cpu T0 : @__libc_csu_fini+15.0  :   ldr.w   r3, [r5, #-4]!   : MemRead :  D=0x0000000000008875 A=0x68fc8
3062500: system.cpu T0 : @__libc_csu_fini+15.1  :   subi_uop.w   r5, r5, #4  : IntAlu :  D=0x0000000000068fc8
3063000: system.cpu T0 : @__libc_csu_fini+19    :   blx                      : IntAlu :  D=0x0000000000008e77
3063500: system.cpu T0 : @strip+475    :   ldr   r0, [pc, #4]       : MemRead :  D=0x000000000006adf8 A=0x887c
3064500: system.cpu T0 : @fini+1    :   b.w                      : IntAlu : 
3065000: system.cpu T0 : @__dlerror+295    : ldmstm                    
3065000: system.cpu T0 : @__dlerror+295.0  :   str_uop   r4, [sp, #12]  : MemWrite :  D=0x0000000000000002 A=0xbefffdb4
3065500: system.cpu T0 : @__dlerror+295.1  :   str_uop   r5, [sp, #8]   : MemWrite :  D=0x0000000000068fc8 A=0xbefffdb8
3066000: system.cpu T0 : @__dlerror+295.2  :   str_uop   lr, [sp, #4]   : MemWrite :  D=0x0000000000008e77 A=0xbefffdbc
3066500: system.cpu T0 : @__dlerror+295.3  :   subi_uop   sp, sp, #12   : IntAlu :  D=0x00000000befffdb4
3067000: system.cpu T0 : @check_free+1    :   mov   r4, r0             : IntAlu :  D=0x000000000006adf8
3067500: system.cpu T0 : @check_free+3    :   ldr   r0, [r0, #16]      : MemRead :  D=0x0000000000000000 A=0x6ae08
3068000: system.cpu T0 : @check_free+5    :   sub   sp, sp, #28        : IntAlu :  D=0x00000000befffd98
3068500: system.cpu T0 : @check_free+7    :   cbz                      : IntAlu : 
3069000: system.cpu T0 : @check_free+17    :   add   sp, sp, #28        : IntAlu :  D=0x00000000befffdb4
3069500: system.cpu T0 : @check_free+19    : ldmstm                    
3069500: system.cpu T0 : @check_free+19.0  :   ldr2_uop   r4,r5, [sp, #0] : MemRead :  D=0x0000000000068fc8 A=0xbefffdb4
3070000: system.cpu T0 : @check_free+19.1  :   ldr_uop   r36, [sp, #8]  : MemRead :  D=0x0000000000008e77 A=0xbefffdbc
3070500: system.cpu T0 : @check_free+19.2  :   addi_uop   sp, sp, #12   : IntAlu :  D=0x00000000befffdc0
3071000: system.cpu T0 : @check_free+19.3  :   uopReg_uop   pc, r36     : IntAlu :  D=0x0000000000008e77
3071500: system.cpu T0 : @__libc_csu_fini+21    :   subs   r4, r4, #1        : IntAlu :  D=0x0000000000000001
3072000: system.cpu T0 : @__libc_csu_fini+23    :   b                        : IntAlu : 
3072500: system.cpu T0 : @__libc_csu_fini+15    :   ldr.w   r3, [r5, #-4]!  
3072500: system.cpu T0 : @__libc_csu_fini+15.0  :   ldr.w   r3, [r5, #-4]!   : MemRead :  D=0x00000000000088d1 A=0x68fc4
3073000: system.cpu T0 : @__libc_csu_fini+15.1  :   subi_uop.w   r5, r5, #4  : IntAlu :  D=0x0000000000068fc4
3073500: system.cpu T0 : @__libc_csu_fini+19    :   blx                      : IntAlu :  D=0x0000000000008e77
3074000: system.cpu T0 : @call_gmon_start+23    : ldmstm                    
3074000: system.cpu T0 : @call_gmon_start+23.0  :   str_uop   r4, [sp, #8]   : MemWrite :  D=0x0000000000000001 A=0xbefffdb8
3074500: system.cpu T0 : @call_gmon_start+23.1  :   str_uop   lr, [sp, #4]   : MemWrite :  D=0x0000000000008e77 A=0xbefffdbc
3075000: system.cpu T0 : @call_gmon_start+23.2  :   subi_uop   sp, sp, #8    : IntAlu :  D=0x00000000befffdb8
3075500: system.cpu T0 : @__do_global_dtors_aux+1    :   ldr   r4, [pc, #20]      : MemRead :  D=0x0000000000069c08 A=0x88e8
3076000: system.cpu T0 : @__do_global_dtors_aux+3    :   ldrb   r3, [r4, #0]      : MemRead :  D=0x0000000000000000 A=0x69c08
3076500: system.cpu T0 : @__do_global_dtors_aux+5    :   cbnz                     : IntAlu : Predicated False
3077000: system.cpu T0 : @__do_global_dtors_aux+7    :   ldr   r3, [pc, #16]      : MemRead :  D=0x0000000000000000 A=0x88ec
3077500: system.cpu T0 : @__do_global_dtors_aux+9    :   cbz                      : IntAlu : 
3078000: system.cpu T0 : @__do_global_dtors_aux+17    :   movs   r3, #1            : IntAlu :  D=0x0000000000000000
3078500: system.cpu T0 : @__do_global_dtors_aux+19    :   strb   r3, [r4, #0]      : MemWrite :  D=0x0000000000000001 A=0x69c08
3079000: system.cpu T0 : @__do_global_dtors_aux+21    : ldmstm                    
3079000: system.cpu T0 : @__do_global_dtors_aux+21.0  :   ldr2_uop   r4,r36, [sp, #0] : MemRead :  D=0x0000000000008e77 A=0xbefffdb8
3079500: system.cpu T0 : @__do_global_dtors_aux+21.1  :   addi_uop   sp, sp, #8    : IntAlu :  D=0x00000000befffdc0
3080000: system.cpu T0 : @__do_global_dtors_aux+21.2  :   uopReg_uop   pc, r36     : IntAlu :  D=0x0000000000008e77
3080500: system.cpu T0 : @__libc_csu_fini+21    :   subs   r4, r4, #1        : IntAlu :  D=0x0000000000000001
3081000: system.cpu T0 : @__libc_csu_fini+23    :   b                        : IntAlu : Predicated False
3082000: system.cpu T0 : @__libc_csu_fini+25    : ldmstm                    
3082000: system.cpu T0 : @__libc_csu_fini+25.0  :   ldr2_uop.w   r3,r4, [sp, #0] : MemRead :  D=0x0000000000000001 A=0xbefffdc0
3082500: system.cpu T0 : @__libc_csu_fini+25.1  :   ldr2_uop.w   r5,lr, [sp, #8] : MemRead :  D=0x0000000000009067 A=0xbefffdc8
3083000: system.cpu T0 : @__libc_csu_fini+25.2  :   addi_uop.w   sp, sp, #16 : IntAlu :  D=0x00000000befffdd0
3084000: system.cpu T0 : @__libc_csu_fini+29    :   b.w                      : IntAlu : 
3084500: system.cpu T0 : @arena_thread_freeres+143    : ldmstm                    
3084500: system.cpu T0 : @arena_thread_freeres+143.0  :   str_uop   r3, [sp, #8]   : MemWrite :  D=0x0000000000008e61 A=0xbefffdc8
3085000: system.cpu T0 : @arena_thread_freeres+143.1  :   str_uop   lr, [sp, #4]   : MemWrite :  D=0x0000000000009067 A=0xbefffdcc
3085500: system.cpu T0 : @arena_thread_freeres+143.2  :   subi_uop   sp, sp, #8    : IntAlu :  D=0x00000000befffdc8
3086000: system.cpu T0 : @_fini+1    :   nop                      : IntAlu : 
3086500: system.cpu T0 : @_fini+3    : ldmstm                    
3086500: system.cpu T0 : @_fini+3.0  :   ldr2_uop   r3,r36, [sp, #0] : MemRead :  D=0x0000000000009067 A=0xbefffdc8
3087000: system.cpu T0 : @_fini+3.1  :   addi_uop   sp, sp, #8    : IntAlu :  D=0x00000000befffdd0
3087500: system.cpu T0 : @_fini+3.2  :   uopReg_uop   pc, r36     : IntAlu :  D=0x0000000000009067
3088000: system.cpu T0 : @__run_exit_handlers+57    :   b                        : IntAlu : 
3088500: system.cpu T0 : @__run_exit_handlers+11    :   ldr   r3, [r6, #4]       : MemRead :  D=0x0000000000000000 A=0x6a2a4
3089000: system.cpu T0 : @__run_exit_handlers+13    :   cbz                      : IntAlu : 
3089500: system.cpu T0 : @__run_exit_handlers+65    :   ldr   r3, [r6, #0]       : MemRead :  D=0x0000000000000000 A=0x6a2a0
3090000: system.cpu T0 : @__run_exit_handlers+67    :   str   r3, [r5, #0]       : MemWrite :  D=0x0000000000000000 A=0x6907c
3090500: system.cpu T0 : @__run_exit_handlers+69    :   cbnz                     : IntAlu : Predicated False
3091000: system.cpu T0 : @__run_exit_handlers+71    :   cbz                      : IntAlu : Predicated False
3091500: system.cpu T0 : @__run_exit_handlers+73    :   ldr   r5, [pc, #32]      : MemRead :  D=0x00000000000603ec A=0x9098
3092000: system.cpu T0 : @__run_exit_handlers+75    :   ldr   r6, [pc, #32]      : MemRead :  D=0x00000000000603f0 A=0x909c
3092500: system.cpu T0 : @__run_exit_handlers+77    :   cmps   r5, r6            : IntAlu :  D=0x0000000000000000
3093000: system.cpu T0 : @__run_exit_handlers+79    :   b                        : IntAlu : Predicated False
3094000: system.cpu T0 : @__run_exit_handlers+81    :   ldr.w   r3, [r5] #4     
3094000: system.cpu T0 : @__run_exit_handlers+81.0  :   ldr.w   r3, [r5] #4      : MemRead :  D=0x000000000000a361 A=0x603ec
3094500: system.cpu T0 : @__run_exit_handlers+81.1  :   addi_uop.w   r5, r5, #4  : IntAlu :  D=0x00000000000603f0
3095000: system.cpu T0 : @__run_exit_handlers+85    :   blx                      : IntAlu :  D=0x0000000000009085
3095500: system.cpu T0 : @_IO_flush_all_lockp+487    : ldmstm                    
3095500: system.cpu T0 : @_IO_flush_all_lockp+487.0  :   str_uop.w   r4, [sp, #32] : MemWrite :  D=0x0000000000000001 A=0xbefffdb0
3096000: system.cpu T0 : @_IO_flush_all_lockp+487.1  :   str_uop.w   r5, [sp, #28] : MemWrite :  D=0x00000000000603f0 A=0xbefffdb4
3096500: system.cpu T0 : @_IO_flush_all_lockp+487.2  :   str_uop.w   r6, [sp, #24] : MemWrite :  D=0x00000000000603f0 A=0xbefffdb8
3097000: system.cpu T0 : @_IO_flush_all_lockp+487.3  :   str_uop.w   r7, [sp, #20] : MemWrite :  D=0x0000000000000001 A=0xbefffdbc
3097500: system.cpu T0 : @_IO_flush_all_lockp+487.4  :   str_uop.w   r8, [sp, #16] : MemWrite :  D=0x0000000000000000 A=0xbefffdc0
3098000: system.cpu T0 : @_IO_flush_all_lockp+487.5  :   str_uop.w   r9, [sp, #12] : MemWrite :  D=0x0000000000000000 A=0xbefffdc4
3098500: system.cpu T0 : @_IO_flush_all_lockp+487.6  :   str_uop.w   r10, [sp, #8] : MemWrite :  D=0x0000000000000000 A=0xbefffdc8
3099000: system.cpu T0 : @_IO_flush_all_lockp+487.7  :   str_uop.w   lr, [sp, #4] : MemWrite :  D=0x0000000000009085 A=0xbefffdcc
3099500: system.cpu T0 : @_IO_flush_all_lockp+487.8  :   subi_uop.w   sp, sp, #32 : IntAlu :  D=0x00000000befffdb0
3100000: system.cpu T0 : @_IO_cleanup+3    :   movs   r0, #0            : IntAlu :  D=0x0000000000000001
3101000: system.cpu T0 : @_IO_cleanup+5    :   bl.w                     : IntAlu :  D=0x000000000000a36b
3101500: system.cpu T0 : @_IO_adjust_column+43    : ldmstm                    
3101500: system.cpu T0 : @_IO_adjust_column+43.0  :   str_uop.w   r4, [sp, #36] : MemWrite :  D=0x0000000000000001 A=0xbefffd8c
3102000: system.cpu T0 : @_IO_adjust_column+43.1  :   str_uop.w   r5, [sp, #32] : MemWrite :  D=0x00000000000603f0 A=0xbefffd90
3102500: system.cpu T0 : @_IO_adjust_column+43.2  :   str_uop.w   r6, [sp, #28] : MemWrite :  D=0x00000000000603f0 A=0xbefffd94
3103000: system.cpu T0 : @_IO_adjust_column+43.3  :   str_uop.w   r7, [sp, #24] : MemWrite :  D=0x0000000000000001 A=0xbefffd98
3103500: system.cpu T0 : @_IO_adjust_column+43.4  :   str_uop.w   r8, [sp, #20] : MemWrite :  D=0x0000000000000000 A=0xbefffd9c
3104000: system.cpu T0 : @_IO_adjust_column+43.5  :   str_uop.w   r9, [sp, #16] : MemWrite :  D=0x0000000000000000 A=0xbefffda0
3104500: system.cpu T0 : @_IO_adjust_column+43.6  :   str_uop.w   r10, [sp, #12] : MemWrite :  D=0x0000000000000000 A=0xbefffda4
3105000: system.cpu T0 : @_IO_adjust_column+43.7  :   str_uop.w   fp, [sp, #8] : MemWrite :  D=0x0000000000000000 A=0xbefffda8
3105500: system.cpu T0 : @_IO_adjust_column+43.8  :   str_uop.w   lr, [sp, #4] : MemWrite :  D=0x000000000000a36b A=0xbefffdac
3106000: system.cpu T0 : @_IO_adjust_column+43.9  :   subi_uop.w   sp, sp, #36 : IntAlu :  D=0x00000000befffd8c
3106500: system.cpu T0 : @_IO_flush_all_lockp+3    :   mov   r6, r0             : IntAlu :  D=0x0000000000000000
3107000: system.cpu T0 : @_IO_flush_all_lockp+5    :   sub   sp, sp, #28        : IntAlu :  D=0x00000000befffd70
3107500: system.cpu T0 : @_IO_flush_all_lockp+7    :   cbz                      : IntAlu : 
3108000: system.cpu T0 : @_IO_flush_all_lockp+93    :   ldr   r5, [pc, #380]     : MemRead :  D=0x000000000006a4a8 A=0xa354
3108500: system.cpu T0 : @_IO_flush_all_lockp+95    :   str   r0, [sp, #4]       : MemWrite :  D=0x0000000000000000 A=0xbefffd74
3109500: system.cpu T0 : @_IO_flush_all_lockp+97    :   ldr.w   r10, [pc, #384]  : MemRead :  D=0x0000000000069080 A=0xa35c
3110000: system.cpu T0 : @_IO_flush_all_lockp+101    :   ldr   r7, [r5, #24]      : MemRead :  D=0x0000000000000000 A=0x6a4c0
3110500: system.cpu T0 : @_IO_flush_all_lockp+103    :   ldr.w   r4, [r10, #0]    : MemRead :  D=0x0000000000069088 A=0x69080
3111000: system.cpu T0 : @_IO_flush_all_lockp+107    :   mov   r9, r4             : IntAlu :  D=0x0000000000069088
3111500: system.cpu T0 : @_IO_flush_all_lockp+109    :   cmps   r4, #0            : IntAlu :  D=0x0000000000000001
3112000: system.cpu T0 : @_IO_flush_all_lockp+111    :   b                        : IntAlu : Predicated False
3113000: system.cpu T0 : @_IO_flush_all_lockp+113    :   mrc.w   fp, r276, #406881 : IntAlu :  D=0x000000000006c4c0
3114000: system.cpu T0 : @_IO_flush_all_lockp+117    :   mov.w   r9, #0           : IntAlu :  D=0x0000000000000000
3115000: system.cpu T0 : @_IO_flush_all_lockp+121    :   sub.w   fp, fp, #1216    : IntAlu :  D=0x000000000006c000
3115500: system.cpu T0 : @_IO_flush_all_lockp+125    :   mov   r8, r9             : IntAlu :  D=0x0000000000000000
3116000: system.cpu T0 : @_IO_flush_all_lockp+127    :   str   r4, [r5, #8]       : MemWrite :  D=0x0000000000069088 A=0x6a4b0
3116500: system.cpu T0 : @_IO_flush_all_lockp+129    :   cbz                      : IntAlu : 
3117000: system.cpu T0 : @_IO_flush_all_lockp+195    :   ldr   r3, [r4, #108]     : MemRead :  D=0x0000000000000000 A=0x690f4
3117500: system.cpu T0 : @_IO_flush_all_lockp+197    :   cmps   r3, #0            : IntAlu :  D=0x0000000000000001
3118000: system.cpu T0 : @_IO_flush_all_lockp+199    :   b                        : IntAlu : 
3118500: system.cpu T0 : @_IO_flush_all_lockp+393    :   ldr   r2, [r4, #20]      : MemRead :  D=0x0000000000000000 A=0x6909c
3119000: system.cpu T0 : @_IO_flush_all_lockp+395    :   ldr   r3, [r4, #16]      : MemRead :  D=0x0000000000000000 A=0x69098
3119500: system.cpu T0 : @_IO_flush_all_lockp+397    :   cmps   r2, r3            : IntAlu :  D=0x0000000000000001
3120000: system.cpu T0 : @_IO_flush_all_lockp+399    :   b                        : IntAlu : Predicated False
3120500: system.cpu T0 : @_IO_flush_all_lockp+401    :   b                        : IntAlu : 
3121000: system.cpu T0 : @_IO_flush_all_lockp+235    :   cbz                      : IntAlu : 
3121500: system.cpu T0 : @_IO_flush_all_lockp+293    :   ldr   r3, [r5, #24]      : MemRead :  D=0x0000000000000000 A=0x6a4c0
3122000: system.cpu T0 : @_IO_flush_all_lockp+295    :   str.w   r8, [r5, #8]     : MemWrite :  D=0x0000000000000000 A=0x6a4b0
3122500: system.cpu T0 : @_IO_flush_all_lockp+299    :   cmps   r7, r3            : IntAlu :  D=0x0000000000000001
3123000: system.cpu T0 : @_IO_flush_all_lockp+301    :   it                       : IntAlu : 
3123500: system.cpu T0 : @_IO_flush_all_lockp+303    :   ldr.w   r4, [r10, #0]    : MemRead : Predicated False
3124000: system.cpu T0 : @_IO_flush_all_lockp+307    :   mov   r7, r3             : IntAlu : Predicated False
3124500: system.cpu T0 : @_IO_flush_all_lockp+309    :   ldr   r4, [r4, #52]      : MemRead :  D=0x0000000000069128 A=0x690bc
3125000: system.cpu T0 : @_IO_flush_all_lockp+311    :   cmps   r4, #0            : IntAlu :  D=0x0000000000000001
3125500: system.cpu T0 : @_IO_flush_all_lockp+313    :   b                        : IntAlu : 
3126000: system.cpu T0 : @_IO_flush_all_lockp+127    :   str   r4, [r5, #8]       : MemWrite :  D=0x0000000000069128 A=0x6a4b0
3126500: system.cpu T0 : @_IO_flush_all_lockp+129    :   cbz                      : IntAlu : 
3127000: system.cpu T0 : @_IO_flush_all_lockp+195    :   ldr   r3, [r4, #108]     : MemRead :  D=0x00000000ffffffff A=0x69194
3127500: system.cpu T0 : @_IO_flush_all_lockp+197    :   cmps   r3, #0            : IntAlu :  D=0x0000000000000001
3128000: system.cpu T0 : @_IO_flush_all_lockp+199    :   b                        : IntAlu : 
3128500: system.cpu T0 : @_IO_flush_all_lockp+393    :   ldr   r2, [r4, #20]      : MemRead :  D=0x000000003fffe000 A=0x6913c
3129000: system.cpu T0 : @_IO_flush_all_lockp+395    :   ldr   r3, [r4, #16]      : MemRead :  D=0x000000003fffe000 A=0x69138
3129500: system.cpu T0 : @_IO_flush_all_lockp+397    :   cmps   r2, r3            : IntAlu :  D=0x0000000000000001
3130000: system.cpu T0 : @_IO_flush_all_lockp+399    :   b                        : IntAlu : Predicated False
3130500: system.cpu T0 : @_IO_flush_all_lockp+401    :   b                        : IntAlu : 
3131000: system.cpu T0 : @_IO_flush_all_lockp+235    :   cbz                      : IntAlu : 
3131500: system.cpu T0 : @_IO_flush_all_lockp+293    :   ldr   r3, [r5, #24]      : MemRead :  D=0x0000000000000000 A=0x6a4c0
3132000: system.cpu T0 : @_IO_flush_all_lockp+295    :   str.w   r8, [r5, #8]     : MemWrite :  D=0x0000000000000000 A=0x6a4b0
3132500: system.cpu T0 : @_IO_flush_all_lockp+299    :   cmps   r7, r3            : IntAlu :  D=0x0000000000000001
3133000: system.cpu T0 : @_IO_flush_all_lockp+301    :   it                       : IntAlu : 
3133500: system.cpu T0 : @_IO_flush_all_lockp+303    :   ldr.w   r4, [r10, #0]    : MemRead : Predicated False
3134000: system.cpu T0 : @_IO_flush_all_lockp+307    :   mov   r7, r3             : IntAlu : Predicated False
3134500: system.cpu T0 : @_IO_flush_all_lockp+309    :   ldr   r4, [r4, #52]      : MemRead :  D=0x00000000000691c8 A=0x6915c
3135000: system.cpu T0 : @_IO_flush_all_lockp+311    :   cmps   r4, #0            : IntAlu :  D=0x0000000000000001
3135500: system.cpu T0 : @_IO_flush_all_lockp+313    :   b                        : IntAlu : 
3136000: system.cpu T0 : @_IO_flush_all_lockp+127    :   str   r4, [r5, #8]       : MemWrite :  D=0x00000000000691c8 A=0x6a4b0
3136500: system.cpu T0 : @_IO_flush_all_lockp+129    :   cbz                      : IntAlu : 
3137000: system.cpu T0 : @_IO_flush_all_lockp+195    :   ldr   r3, [r4, #108]     : MemRead :  D=0x0000000000000000 A=0x69234
3137500: system.cpu T0 : @_IO_flush_all_lockp+197    :   cmps   r3, #0            : IntAlu :  D=0x0000000000000001
3138000: system.cpu T0 : @_IO_flush_all_lockp+199    :   b                        : IntAlu : 
3138500: system.cpu T0 : @_IO_flush_all_lockp+393    :   ldr   r2, [r4, #20]      : MemRead :  D=0x0000000000000000 A=0x691dc
3139000: system.cpu T0 : @_IO_flush_all_lockp+395    :   ldr   r3, [r4, #16]      : MemRead :  D=0x0000000000000000 A=0x691d8
3139500: system.cpu T0 : @_IO_flush_all_lockp+397    :   cmps   r2, r3            : IntAlu :  D=0x0000000000000001
3140000: system.cpu T0 : @_IO_flush_all_lockp+399    :   b                        : IntAlu : Predicated False
3140500: system.cpu T0 : @_IO_flush_all_lockp+401    :   b                        : IntAlu : 
3141000: system.cpu T0 : @_IO_flush_all_lockp+235    :   cbz                      : IntAlu : 
3141500: system.cpu T0 : @_IO_flush_all_lockp+293    :   ldr   r3, [r5, #24]      : MemRead :  D=0x0000000000000000 A=0x6a4c0
3142000: system.cpu T0 : @_IO_flush_all_lockp+295    :   str.w   r8, [r5, #8]     : MemWrite :  D=0x0000000000000000 A=0x6a4b0
3142500: system.cpu T0 : @_IO_flush_all_lockp+299    :   cmps   r7, r3            : IntAlu :  D=0x0000000000000001
3143000: system.cpu T0 : @_IO_flush_all_lockp+301    :   it                       : IntAlu : 
3143500: system.cpu T0 : @_IO_flush_all_lockp+303    :   ldr.w   r4, [r10, #0]    : MemRead : Predicated False
3144000: system.cpu T0 : @_IO_flush_all_lockp+307    :   mov   r7, r3             : IntAlu : Predicated False
3144500: system.cpu T0 : @_IO_flush_all_lockp+309    :   ldr   r4, [r4, #52]      : MemRead :  D=0x0000000000000000 A=0x691fc
3145000: system.cpu T0 : @_IO_flush_all_lockp+311    :   cmps   r4, #0            : IntAlu :  D=0x0000000000000001
3145500: system.cpu T0 : @_IO_flush_all_lockp+313    :   b                        : IntAlu : Predicated False
3146000: system.cpu T0 : @_IO_flush_all_lockp+315    :   cbz                      : IntAlu : 
3146500: system.cpu T0 : @_IO_flush_all_lockp+373    :   ldr   r3, [sp, #4]       : MemRead :  D=0x0000000000000000 A=0xbefffd74
3147000: system.cpu T0 : @_IO_flush_all_lockp+375    :   cbz                      : IntAlu : 
3147500: system.cpu T0 : @_IO_flush_all_lockp+385    :   mov   r0, r9             : IntAlu :  D=0x0000000000000000
3148000: system.cpu T0 : @_IO_flush_all_lockp+387    :   add   sp, sp, #28        : IntAlu :  D=0x00000000befffd8c
3149000: system.cpu T0 : @_IO_flush_all_lockp+389    : ldmstm                    
3149000: system.cpu T0 : @_IO_flush_all_lockp+389.0  :   ldr2_uop.w   r4,r5, [sp, #0] : MemRead :  D=0x00000000000603f0 A=0xbefffd8c
3149500: system.cpu T0 : @_IO_flush_all_lockp+389.1  :   ldr2_uop.w   r6,r7, [sp, #8] : MemRead :  D=0x0000000000000001 A=0xbefffd94
3150000: system.cpu T0 : @_IO_flush_all_lockp+389.2  :   ldr2_uop.w   r8,r9, [sp, #16] : MemRead :  D=0x0000000000000000 A=0xbefffd9c
3150500: system.cpu T0 : @_IO_flush_all_lockp+389.3  :   ldr2_uop.w   r10,fp, [sp, #24] : MemRead :  D=0x0000000000000000 A=0xbefffda4
3151000: system.cpu T0 : @_IO_flush_all_lockp+389.4  :   ldr_uop.w   r36, [sp, #32] : MemRead :  D=0x000000000000a36b A=0xbefffdac
3151500: system.cpu T0 : @_IO_flush_all_lockp+389.5  :   addi_uop.w   sp, sp, #36 : IntAlu :  D=0x00000000befffdb0
3152000: system.cpu T0 : @_IO_flush_all_lockp+389.6  :   uopReg_uop.w   pc, r36   : IntAlu :  D=0x000000000000a36b
3152500: system.cpu T0 : @_IO_cleanup+9    :   ldr   r3, [pc, #264]     : MemRead :  D=0x0000000000069080 A=0xa474
3153000: system.cpu T0 : @_IO_cleanup+11    :   ldr   r4, [r3, #0]       : MemRead :  D=0x0000000000069088 A=0x69080
3153500: system.cpu T0 : @_IO_cleanup+13    :   mov   r10, r0            : IntAlu :  D=0x0000000000000000
3154000: system.cpu T0 : @_IO_cleanup+15    :   cmps   r4, #0            : IntAlu :  D=0x0000000000000001
3154500: system.cpu T0 : @_IO_cleanup+17    :   b                        : IntAlu : Predicated False
3155000: system.cpu T0 : @_IO_cleanup+19    :   mrc.w   r5, r276, #406689 : IntAlu :  D=0x000000000006c4c0
3155500: system.cpu T0 : @_IO_cleanup+23    :   ldr   r6, [pc, #252]     : MemRead :  D=0x000000000006a4a8 A=0xa478
3156500: system.cpu T0 : @_IO_cleanup+25    :   sub.w   r5, r5, #1216    : IntAlu :  D=0x000000000006c000
3157000: system.cpu T0 : @_IO_cleanup+29    :   movs   r7, #0            : IntAlu :  D=0x0000000000000001
3157500: system.cpu T0 : @_IO_cleanup+31    :   mov.w   r9, #1           : IntAlu :  D=0x0000000000000001
3158000: system.cpu T0 : @_IO_cleanup+35    :   ldr   r3, [r4, #0]       : MemRead :  D=0x00000000fbad2086 A=0x69088
3159000: system.cpu T0 : @_IO_cleanup+37    :   ands.w   r8, r3, #2      : IntAlu :  D=0x0000000000000000
3159500: system.cpu T0 : @_IO_cleanup+41    :   b                        : IntAlu : 
3160000: system.cpu T0 : @_IO_cleanup+135    :   mov.w   r3, #4294967295  : IntAlu :  D=0x00000000ffffffff
3160500: system.cpu T0 : @_IO_cleanup+139    :   str   r3, [r4, #108]     : MemWrite :  D=0x00000000ffffffff A=0x690f4
3161000: system.cpu T0 : @_IO_cleanup+141    :   ldr   r4, [r4, #52]      : MemRead :  D=0x0000000000069128 A=0x690bc
3161500: system.cpu T0 : @_IO_cleanup+143    :   cmps   r4, #0            : IntAlu :  D=0x0000000000000001
3162000: system.cpu T0 : @_IO_cleanup+145    :   b                        : IntAlu : 
3162500: system.cpu T0 : @_IO_cleanup+35    :   ldr   r3, [r4, #0]       : MemRead :  D=0x00000000fbad2a84 A=0x69128
3163500: system.cpu T0 : @_IO_cleanup+37    :   ands.w   r8, r3, #2      : IntAlu :  D=0x0000000000000001
3164000: system.cpu T0 : @_IO_cleanup+41    :   b                        : IntAlu : Predicated False
3164500: system.cpu T0 : @_IO_cleanup+43    :   mov.w   r2, #4104        : IntAlu :  D=0x0000000000001008
3165000: system.cpu T0 : @_IO_cleanup+47    :   ands   r2, r2, r3        : IntAlu :  D=0x0000000000000001
3165500: system.cpu T0 : @_IO_cleanup+49    :   cmps   r2, #8            : IntAlu :  D=0x0000000000000000
3166000: system.cpu T0 : @_IO_cleanup+51    :   b                        : IntAlu : Predicated False
3166500: system.cpu T0 : @_IO_cleanup+53    :   ldr   r3, [r4, #108]     : MemRead :  D=0x00000000ffffffff A=0x69194
3167000: system.cpu T0 : @_IO_cleanup+55    :   cbz                      : IntAlu : Predicated False
3167500: system.cpu T0 : @_IO_cleanup+57    :   ldr   r3, [r4, #72]      : MemRead :  D=0x000000000006a4d0 A=0x69170
3168000: system.cpu T0 : @_IO_cleanup+59    :   cbz                      : IntAlu : Predicated False
3168500: system.cpu T0 : @_IO_cleanup+61    :   ldr   r2, [r3, #8]       : MemRead :  D=0x0000000000000000 A=0x6a4d8
3169000: system.cpu T0 : @_IO_cleanup+63    :   cmps   r5, r2            : IntAlu :  D=0x0000000000000001
3169500: system.cpu T0 : @_IO_cleanup+65    :   b                        : IntAlu : Predicated False
3170000: system.cpu T0 : @_IO_cleanup+67    :   dmb.w   #0               : IntAlu : 
3170500: system.cpu T0 : @_IO_cleanup+71    :   ldrex.w   r2, [r3, #0]   : MemRead :  D=0x0000000000000000 A=0x6a4d0
3171000: system.cpu T0 : @_IO_cleanup+75    :   cmps   r2, r7            : IntAlu :  D=0x0000000000000001
3171500: system.cpu T0 : @_IO_cleanup+77    :   b                        : IntAlu : Predicated False
3172000: system.cpu T0 : @_IO_cleanup+79    :   strex.w   r2, r9, [r3, #0] : MemWrite :  D=0x0000000000000000 A=0x6a4d0
3172500: system.cpu T0 : @_IO_cleanup+83    :   teqs.w   r2, #0          : IntAlu :  D=0x0000000000000001
3173000: system.cpu T0 : @_IO_cleanup+87    :   b                        : IntAlu : Predicated False
3173500: system.cpu T0 : @_IO_cleanup+89    :   mov   r2, r7             : IntAlu :  D=0x0000000000000000
3174000: system.cpu T0 : @_IO_cleanup+91    :   dmb.w   #0               : IntAlu : 
3174500: system.cpu T0 : @_IO_cleanup+95    :   cbnz                     : IntAlu : Predicated False
3175000: system.cpu T0 : @_IO_cleanup+97    :   ldr   r3, [r4, #72]      : MemRead :  D=0x000000000006a4d0 A=0x69170
3175500: system.cpu T0 : @_IO_cleanup+99    :   movs   r2, #1            : IntAlu :  D=0x0000000000000000
3176000: system.cpu T0 : @_IO_cleanup+101    :   str   r5, [r3, #8]       : MemWrite :  D=0x000000000006c000 A=0x6a4d8
3176500: system.cpu T0 : @_IO_cleanup+103    :   str   r2, [r3, #4]       : MemWrite :  D=0x0000000000000001 A=0x6a4d4
3177000: system.cpu T0 : @_IO_cleanup+105    :   ldrb   r3, [r6, #0]      : MemRead :  D=0x0000000000000000 A=0x6a4a8
3177500: system.cpu T0 : @_IO_cleanup+107    :   cbnz                     : IntAlu : Predicated False
3178000: system.cpu T0 : @_IO_cleanup+109    :   ldr   r3, [r4, #0]       : MemRead :  D=0x00000000fbad2a84 A=0x69128
3178500: system.cpu T0 : @_IO_cleanup+111    :   movs   r1, r3, LSL #31   : IntAlu :  D=0x0000000000000001
3179000: system.cpu T0 : @_IO_cleanup+113    :   b                        : IntAlu : 
3179500: system.cpu T0 : @_IO_cleanup+177    :   ldr   r1, [r6, #4]       : MemRead :  D=0x0000000000000000 A=0x6a4ac
3180000: system.cpu T0 : @_IO_cleanup+179    :   orr.w   r0, r3, #1       : IntAlu :  D=0x00000000fbad2a85
3180500: system.cpu T0 : @_IO_cleanup+183    :   ldr   r2, [r4, #28]      : MemRead :  D=0x000000003fffe000 A=0x69144
3181000: system.cpu T0 : @_IO_cleanup+185    :   ldr   r3, [r4, #32]      : MemRead :  D=0x0000000040000000 A=0x69148
3181500: system.cpu T0 : @_IO_cleanup+187    :   str   r0, [r4, #0]       : MemWrite :  D=0x00000000fbad2a85 A=0x69128
3182000: system.cpu T0 : @_IO_cleanup+189    :   subs   r3, r3, r2        : IntAlu :  D=0x0000000000000001
3182500: system.cpu T0 : @_IO_cleanup+191    :   str   r1, [r4, #96]      : MemWrite :  D=0x0000000000000000 A=0x69188
3183000: system.cpu T0 : @_IO_cleanup+193    :   str   r4, [r6, #4]       : MemWrite :  D=0x0000000000069128 A=0x6a4ac
3183500: system.cpu T0 : @_IO_cleanup+195    :   str   r2, [r4, #100]     : MemWrite :  D=0x000000003fffe000 A=0x6918c
3184000: system.cpu T0 : @_IO_cleanup+197    :   str   r3, [r4, #104]     : MemWrite :  D=0x0000000000002000 A=0x69190
3184500: system.cpu T0 : @_IO_cleanup+199    :   b                        : IntAlu : 
3185000: system.cpu T0 : @_IO_cleanup+115    :   ldr.w   r3, [r4, #152]   : MemRead :  D=0x000000000004df10 A=0x691c0
3185500: system.cpu T0 : @_IO_cleanup+119    :   movs   r1, #0            : IntAlu :  D=0x0000000000000001
3186000: system.cpu T0 : @_IO_cleanup+121    :   mov   r0, r4             : IntAlu :  D=0x0000000000069128
3186500: system.cpu T0 : @_IO_cleanup+123    :   mov   r2, r1             : IntAlu :  D=0x0000000000000000
3187000: system.cpu T0 : @_IO_cleanup+125    :   ldr   r3, [r3, #44]      : MemRead :  D=0x0000000000020399 A=0x4df3c
3187500: system.cpu T0 : @_IO_cleanup+127    :   blx                      : IntAlu :  D=0x000000000000a3e3
3188000: system.cpu T0 : @_IO_file_seekoff+731    : ldmstm                    
3188000: system.cpu T0 : @_IO_file_seekoff+731.0  :   str_uop   r4, [sp, #8]   : MemWrite :  D=0x0000000000069128 A=0xbefffda8
3188500: system.cpu T0 : @_IO_file_seekoff+731.1  :   str_uop   lr, [sp, #4]   : MemWrite :  D=0x000000000000a3e3 A=0xbefffdac
3189000: system.cpu T0 : @_IO_file_seekoff+731.2  :   subi_uop   sp, sp, #8    : IntAlu :  D=0x00000000befffda8
3189500: system.cpu T0 : @_IO_file_setbuf+1    :   mov   r4, r0             : IntAlu :  D=0x0000000000069128
3190000: system.cpu T0 : @_IO_file_setbuf+3    :   bl.w                     : IntAlu :  D=0x00000000000203a1
3190500: system.cpu T0 : @_IO_default_xsgetn+95    : ldmstm                    
3190500: system.cpu T0 : @_IO_default_xsgetn+95.0  :   str_uop   r3, [sp, #24]  : MemWrite :  D=0x0000000000020399 A=0xbefffd90
3191000: system.cpu T0 : @_IO_default_xsgetn+95.1  :   str_uop   r4, [sp, #20]  : MemWrite :  D=0x0000000000069128 A=0xbefffd94
3191500: system.cpu T0 : @_IO_default_xsgetn+95.2  :   str_uop   r5, [sp, #16]  : MemWrite :  D=0x000000000006c000 A=0xbefffd98
3192000: system.cpu T0 : @_IO_default_xsgetn+95.3  :   str_uop   r6, [sp, #12]  : MemWrite :  D=0x000000000006a4a8 A=0xbefffd9c
3192500: system.cpu T0 : @_IO_default_xsgetn+95.4  :   str_uop   r7, [sp, #8]   : MemWrite :  D=0x0000000000000000 A=0xbefffda0
3193000: system.cpu T0 : @_IO_default_xsgetn+95.5  :   str_uop   lr, [sp, #4]   : MemWrite :  D=0x00000000000203a1 A=0xbefffda4
3193500: system.cpu T0 : @_IO_default_xsgetn+95.6  :   subi_uop   sp, sp, #24   : IntAlu :  D=0x00000000befffd90
3194000: system.cpu T0 : @_IO_default_setbuf+1    :   mov   r4, r0             : IntAlu :  D=0x0000000000069128
3194500: system.cpu T0 : @_IO_default_setbuf+3    :   ldr.w   r3, [r0, #152]   : MemRead :  D=0x000000000004df10 A=0x691c0
3195000: system.cpu T0 : @_IO_default_setbuf+7    :   mov   r7, r1             : IntAlu :  D=0x0000000000000000
3195500: system.cpu T0 : @_IO_default_setbuf+9    :   mov   r6, r2             : IntAlu :  D=0x0000000000000000
3196000: system.cpu T0 : @_IO_default_setbuf+11    :   ldr   r3, [r3, #48]      : MemRead :  D=0x00000000000207d9 A=0x4df40
3196500: system.cpu T0 : @_IO_default_setbuf+13    :   blx                      : IntAlu :  D=0x0000000000009f5d
3197000: system.cpu T0 : @_IO_do_write+27    :   ldr   r2, [r0, #20]      : MemRead :  D=0x000000003fffe000 A=0x6913c
3197500: system.cpu T0 : @_IO_file_sync+1    :   ldr   r1, [r0, #16]      : MemRead :  D=0x000000003fffe000 A=0x69138
3198000: system.cpu T0 : @_IO_file_sync+3    : ldmstm                    
3198000: system.cpu T0 : @_IO_file_sync+3.0  :   str_uop   r4, [sp, #12]  : MemWrite :  D=0x0000000000069128 A=0xbefffd84
3198500: system.cpu T0 : @_IO_file_sync+3.1  :   str_uop   r5, [sp, #8]   : MemWrite :  D=0x000000000006c000 A=0xbefffd88
3199000: system.cpu T0 : @_IO_file_sync+3.2  :   str_uop   lr, [sp, #4]   : MemWrite :  D=0x0000000000009f5d A=0xbefffd8c
3199500: system.cpu T0 : @_IO_file_sync+3.3  :   subi_uop   sp, sp, #12   : IntAlu :  D=0x00000000befffd84
3200000: system.cpu T0 : @_IO_file_sync+5    :   cmps   r2, r1            : IntAlu :  D=0x0000000000000001
3200500: system.cpu T0 : @_IO_file_sync+7    :   sub   sp, sp, #12        : IntAlu :  D=0x00000000befffd78
3201000: system.cpu T0 : @_IO_file_sync+9    :   mov   r4, r0             : IntAlu :  D=0x0000000000069128
3201500: system.cpu T0 : @_IO_file_sync+11    :   b                        : IntAlu : 
3202000: system.cpu T0 : @_IO_file_sync+43    :   ldr   r1, [r4, #4]       : MemRead :  D=0x000000003fffe000 A=0x6912c
3202500: system.cpu T0 : @_IO_file_sync+45    :   ldr   r3, [r4, #8]       : MemRead :  D=0x000000003fffe000 A=0x69130
3203000: system.cpu T0 : @_IO_file_sync+47    :   subs   r1, r1, r3        : IntAlu :  D=0x0000000000000001
3203500: system.cpu T0 : @_IO_file_sync+49    :   b                        : IntAlu : Predicated False
3204000: system.cpu T0 : @_IO_file_sync+51    :   movs   r0, #0            : IntAlu :  D=0x0000000000000001
3205000: system.cpu T0 : @_IO_file_sync+53    :   mov.w   r2, #4294967295  : IntAlu :  D=0x00000000ffffffff
3206000: system.cpu T0 : @_IO_file_sync+57    :   mov.w   r3, #4294967295  : IntAlu :  D=0x00000000ffffffff
3207000: system.cpu T0 : @_IO_file_sync+61    :   strd.w   r2, r3, [r4, #80] : MemWrite :  D=0xffffffffffffffff A=0x69178
3207500: system.cpu T0 : @_IO_file_sync+65    :   add   sp, sp, #12        : IntAlu :  D=0x00000000befffd84
3208000: system.cpu T0 : @_IO_file_sync+67    : ldmstm                    
3208000: system.cpu T0 : @_IO_file_sync+67.0  :   ldr2_uop   r4,r5, [sp, #0] : MemRead :  D=0x000000000006c000 A=0xbefffd84
3208500: system.cpu T0 : @_IO_file_sync+67.1  :   ldr_uop   r36, [sp, #8]  : MemRead :  D=0x0000000000009f5d A=0xbefffd8c
3209000: system.cpu T0 : @_IO_file_sync+67.2  :   addi_uop   sp, sp, #12   : IntAlu :  D=0x00000000befffd90
3209500: system.cpu T0 : @_IO_file_sync+67.3  :   uopReg_uop   pc, r36     : IntAlu :  D=0x0000000000009f5d
3210000: system.cpu T0 : @_IO_default_setbuf+15    :   adds   r0, r0, #1        : IntAlu :  D=0x0000000000000000
3210500: system.cpu T0 : @_IO_default_setbuf+17    :   b                        : IntAlu : Predicated False
3211000: system.cpu T0 : @_IO_default_setbuf+19    :   cmps   r7, #0            : IntAlu :  D=0x0000000000000001
3211500: system.cpu T0 : @_IO_default_setbuf+21    :   it                       : IntAlu : 
3212000: system.cpu T0 : @_IO_default_setbuf+23    :   cmps   r6, #0            : IntAlu : Predicated False
3212500: system.cpu T0 : @_IO_default_setbuf+25    :   ldr   r5, [r4, #0]       : MemRead :  D=0x00000000fbad2a85 A=0x69128
3213000: system.cpu T0 : @_IO_default_setbuf+27    :   it                       : IntAlu : 
3213500: system.cpu T0 : @_IO_default_setbuf+29    :   mov   r3, #0             : IntAlu : Predicated False
3214000: system.cpu T0 : @_IO_default_setbuf+31    :   mov   r3, #1             : IntAlu :  D=0x0000000000000001
3214500: system.cpu T0 : @_IO_default_setbuf+33    :   b                        : IntAlu : 
3215000: system.cpu T0 : @_IO_default_setbuf+69    :   mov   r1, r4             : IntAlu :  D=0x0000000000069128
3215500: system.cpu T0 : @_IO_default_setbuf+71    :   orr.w   r5, r5, #2       : IntAlu :  D=0x00000000fbad2a87
3216000: system.cpu T0 : @_IO_default_setbuf+75    :   mov   r0, r4             : IntAlu :  D=0x0000000000069128
3217000: system.cpu T0 : @_IO_default_setbuf+77    :   add.w   r2, r4, #72      : IntAlu :  D=0x0000000000069170
3217500: system.cpu T0 : @_IO_default_setbuf+81    :   movs   r3, #0            : IntAlu :  D=0x0000000000000001
3218000: system.cpu T0 : @_IO_default_setbuf+83    :   str.w   r5, [r1] #71    
3218000: system.cpu T0 : @_IO_default_setbuf+83.0  :   str.w   r5, [r1] #71     : MemWrite :  D=0x00000000fbad2a87 A=0x69128
3218500: system.cpu T0 : @_IO_default_setbuf+83.1  :   addi_uop.w   r1, r1, #71 : IntAlu :  D=0x000000000006916f
3219000: system.cpu T0 : @_IO_default_setbuf+87    :   bl.w                     : IntAlu :  D=0x0000000000009fa9
3219500: system.cpu T0 : @__uflow+147    : ldmstm                    
3219500: system.cpu T0 : @__uflow+147.0  :   str_uop   r3, [sp, #24]  : MemWrite :  D=0x0000000000000000 A=0xbefffd78
3220000: system.cpu T0 : @__uflow+147.1  :   str_uop   r4, [sp, #20]  : MemWrite :  D=0x0000000000069128 A=0xbefffd7c
3220500: system.cpu T0 : @__uflow+147.2  :   str_uop   r5, [sp, #16]  : MemWrite :  D=0x00000000fbad2a87 A=0xbefffd80
3221000: system.cpu T0 : @__uflow+147.3  :   str_uop   r6, [sp, #12]  : MemWrite :  D=0x0000000000000000 A=0xbefffd84
3221500: system.cpu T0 : @__uflow+147.4  :   str_uop   r7, [sp, #8]   : MemWrite :  D=0x0000000000000000 A=0xbefffd88
3222000: system.cpu T0 : @__uflow+147.5  :   str_uop   lr, [sp, #4]   : MemWrite :  D=0x0000000000009fa9 A=0xbefffd8c
3222500: system.cpu T0 : @__uflow+147.6  :   subi_uop   sp, sp, #24   : IntAlu :  D=0x00000000befffd78
3223000: system.cpu T0 : @_IO_setb+1    :   mov   r5, r1             : IntAlu :  D=0x000000000006916f
3223500: system.cpu T0 : @_IO_setb+3    :   ldr   r1, [r0, #28]      : MemRead :  D=0x000000003fffe000 A=0x69144
3224000: system.cpu T0 : @_IO_setb+5    :   mov   r7, r3             : IntAlu :  D=0x0000000000000000
3224500: system.cpu T0 : @_IO_setb+7    :   mov   r4, r0             : IntAlu :  D=0x0000000000069128
3225000: system.cpu T0 : @_IO_setb+9    :   mov   r6, r2             : IntAlu :  D=0x0000000000069170
3225500: system.cpu T0 : @_IO_setb+11    :   ldr   r3, [r0, #0]       : MemRead :  D=0x00000000fbad2a87 A=0x69128
3226000: system.cpu T0 : @_IO_setb+13    :   cbz                      : IntAlu : Predicated False
3226500: system.cpu T0 : @_IO_setb+15    :   movs   r0, r3, LSL #31   : IntAlu :  D=0x0000000000000002
3227000: system.cpu T0 : @_IO_setb+17    :   b                        : IntAlu : Predicated False
3227500: system.cpu T0 : @_IO_setb+19    :   str   r5, [r4, #28]      : MemWrite :  D=0x000000000006916f A=0x69144
3228000: system.cpu T0 : @_IO_setb+21    :   str   r6, [r4, #32]      : MemWrite :  D=0x0000000000069170 A=0x69148
3228500: system.cpu T0 : @_IO_setb+23    :   cbnz                     : IntAlu : Predicated False
3229500: system.cpu T0 : @_IO_setb+25    :   orr.w   r3, r3, #1       : IntAlu :  D=0x00000000fbad2a87
3230000: system.cpu T0 : @_IO_setb+29    :   str   r3, [r4, #0]       : MemWrite :  D=0x00000000fbad2a87 A=0x69128
3230500: system.cpu T0 : @_IO_setb+31    : ldmstm                    
3230500: system.cpu T0 : @_IO_setb+31.0  :   ldr2_uop   r3,r4, [sp, #0] : MemRead :  D=0x0000000000069128 A=0xbefffd78
3231000: system.cpu T0 : @_IO_setb+31.1  :   ldr2_uop   r5,r6, [sp, #8] : MemRead :  D=0x0000000000000000 A=0xbefffd80
3231500: system.cpu T0 : @_IO_setb+31.2  :   ldr2_uop   r7,r36, [sp, #16] : MemRead :  D=0x0000000000009fa9 A=0xbefffd88
3232000: system.cpu T0 : @_IO_setb+31.3  :   addi_uop   sp, sp, #24   : IntAlu :  D=0x00000000befffd90
3232500: system.cpu T0 : @_IO_setb+31.4  :   uopReg_uop   pc, r36     : IntAlu :  D=0x0000000000009fa9
3233000: system.cpu T0 : @_IO_default_setbuf+91    :   b                        : IntAlu : 
3233500: system.cpu T0 : @_IO_default_setbuf+51    :   movs   r3, #0            : IntAlu :  D=0x0000000000000001
3234000: system.cpu T0 : @_IO_default_setbuf+53    :   str   r3, [r4, #24]      : MemWrite :  D=0x0000000000000000 A=0x69140
3234500: system.cpu T0 : @_IO_default_setbuf+55    :   str   r3, [r4, #20]      : MemWrite :  D=0x0000000000000000 A=0x6913c
3235000: system.cpu T0 : @_IO_default_setbuf+57    :   str   r3, [r4, #16]      : MemWrite :  D=0x0000000000000000 A=0x69138
3235500: system.cpu T0 : @_IO_default_setbuf+59    :   str   r3, [r4, #8]       : MemWrite :  D=0x0000000000000000 A=0x69130
3236000: system.cpu T0 : @_IO_default_setbuf+61    :   str   r3, [r4, #4]       : MemWrite :  D=0x0000000000000000 A=0x6912c
3236500: system.cpu T0 : @_IO_default_setbuf+63    :   str   r3, [r4, #12]      : MemWrite :  D=0x0000000000000000 A=0x69134
3237000: system.cpu T0 : @_IO_default_setbuf+65    :   mov   r0, r4             : IntAlu :  D=0x0000000000069128
3237500: system.cpu T0 : @_IO_default_setbuf+67    : ldmstm                    
3237500: system.cpu T0 : @_IO_default_setbuf+67.0  :   ldr2_uop   r3,r4, [sp, #0] : MemRead :  D=0x0000000000069128 A=0xbefffd90
3238000: system.cpu T0 : @_IO_default_setbuf+67.1  :   ldr2_uop   r5,r6, [sp, #8] : MemRead :  D=0x000000000006a4a8 A=0xbefffd98
3238500: system.cpu T0 : @_IO_default_setbuf+67.2  :   ldr2_uop   r7,r36, [sp, #16] : MemRead :  D=0x00000000000203a1 A=0xbefffda0
3239000: system.cpu T0 : @_IO_default_setbuf+67.3  :   addi_uop   sp, sp, #24   : IntAlu :  D=0x00000000befffda8
3239500: system.cpu T0 : @_IO_default_setbuf+67.4  :   uopReg_uop   pc, r36     : IntAlu :  D=0x00000000000203a1
3240000: system.cpu T0 : @_IO_file_setbuf+7    :   cbz                      : IntAlu : Predicated False
3240500: system.cpu T0 : @_IO_file_setbuf+9    :   ldr   r3, [r4, #28]      : MemRead :  D=0x000000000006916f A=0x69144
3241000: system.cpu T0 : @_IO_file_setbuf+11    :   str   r3, [r4, #24]      : MemWrite :  D=0x000000000006916f A=0x69140
3241500: system.cpu T0 : @_IO_file_setbuf+13    :   str   r3, [r4, #20]      : MemWrite :  D=0x000000000006916f A=0x6913c
3242000: system.cpu T0 : @_IO_file_setbuf+15    :   str   r3, [r4, #16]      : MemWrite :  D=0x000000000006916f A=0x69138
3242500: system.cpu T0 : @_IO_file_setbuf+17    :   str   r3, [r4, #12]      : MemWrite :  D=0x000000000006916f A=0x69134
3243000: system.cpu T0 : @_IO_file_setbuf+19    :   str   r3, [r4, #4]       : MemWrite :  D=0x000000000006916f A=0x6912c
3243500: system.cpu T0 : @_IO_file_setbuf+21    :   str   r3, [r4, #8]       : MemWrite :  D=0x000000000006916f A=0x69130
3244000: system.cpu T0 : @_IO_file_setbuf+23    :   mov   r0, r4             : IntAlu :  D=0x0000000000069128
3244500: system.cpu T0 : @_IO_file_setbuf+25    : ldmstm                    
3244500: system.cpu T0 : @_IO_file_setbuf+25.0  :   ldr2_uop   r4,r36, [sp, #0] : MemRead :  D=0x000000000000a3e3 A=0xbefffda8
3245000: system.cpu T0 : @_IO_file_setbuf+25.1  :   addi_uop   sp, sp, #8    : IntAlu :  D=0x00000000befffdb0
3245500: system.cpu T0 : @_IO_file_setbuf+25.2  :   uopReg_uop   pc, r36     : IntAlu :  D=0x000000000000a3e3
3246500: system.cpu T0 : @_IO_cleanup+129    :   cmps.w   r8, #2          : IntAlu :  D=0x0000000000000000
3247000: system.cpu T0 : @_IO_cleanup+133    :   b                        : IntAlu : 
3247500: system.cpu T0 : @_IO_cleanup+201    :   ldr   r0, [r4, #72]      : MemRead :  D=0x000000000006a4d0 A=0x69170
3248000: system.cpu T0 : @_IO_cleanup+203    :   cmps   r0, #0            : IntAlu :  D=0x0000000000000001
3248500: system.cpu T0 : @_IO_cleanup+205    :   b                        : IntAlu : Predicated False
3249000: system.cpu T0 : @_IO_cleanup+207    :   ldr   r3, [r0, #4]       : MemRead :  D=0x0000000000000001 A=0x6a4d4
3249500: system.cpu T0 : @_IO_cleanup+209    :   subs   r3, r3, #1        : IntAlu :  D=0x0000000000000001
3250000: system.cpu T0 : @_IO_cleanup+211    :   str   r3, [r0, #4]       : MemWrite :  D=0x0000000000000000 A=0x6a4d4
3250500: system.cpu T0 : @_IO_cleanup+213    :   cmps   r3, #0            : IntAlu :  D=0x0000000000000001
3251000: system.cpu T0 : @_IO_cleanup+215    :   b                        : IntAlu : Predicated False
3251500: system.cpu T0 : @_IO_cleanup+217    :   str   r3, [r0, #8]       : MemWrite :  D=0x0000000000000000 A=0x6a4d8
3252000: system.cpu T0 : @_IO_cleanup+219    :   ldr   r3, [r0, #0]       : MemRead :  D=0x0000000000000001 A=0x6a4d0
3253000: system.cpu T0 : @_IO_cleanup+221    :   dmb.w   #0               : IntAlu : 
3254000: system.cpu T0 : @_IO_cleanup+225    :   ldrex.w   r2, [r0, #0]   : MemRead :  D=0x0000000000000001 A=0x6a4d0
3254500: system.cpu T0 : @_IO_cleanup+229    :   cmps   r2, r3            : IntAlu :  D=0x0000000000000001
3255000: system.cpu T0 : @_IO_cleanup+231    :   b                        : IntAlu : Predicated False
3256000: system.cpu T0 : @_IO_cleanup+233    :   strex.w   r2, r7, [r0, #0] : MemWrite :  D=0x0000000000000000 A=0x6a4d0
3257000: system.cpu T0 : @_IO_cleanup+237    :   teqs.w   r2, #0          : IntAlu :  D=0x0000000000000001
3257500: system.cpu T0 : @_IO_cleanup+241    :   b                        : IntAlu : Predicated False
3258000: system.cpu T0 : @_IO_cleanup+243    :   mov   r2, r3             : IntAlu :  D=0x0000000000000001
3259000: system.cpu T0 : @_IO_cleanup+245    :   dmb.w   #0               : IntAlu : 
3259500: system.cpu T0 : @_IO_cleanup+249    :   cmps   r3, r2            : IntAlu :  D=0x0000000000000001
3260000: system.cpu T0 : @_IO_cleanup+251    :   b                        : IntAlu : Predicated False
3260500: system.cpu T0 : @_IO_cleanup+253    :   cmps   r3, #1            : IntAlu :  D=0x0000000000000001
3261000: system.cpu T0 : @_IO_cleanup+255    :   b                        : IntAlu : 
3261500: system.cpu T0 : @_IO_cleanup+135    :   mov.w   r3, #4294967295  : IntAlu :  D=0x00000000ffffffff
3262000: system.cpu T0 : @_IO_cleanup+139    :   str   r3, [r4, #108]     : MemWrite :  D=0x00000000ffffffff A=0x69194
3262500: system.cpu T0 : @_IO_cleanup+141    :   ldr   r4, [r4, #52]      : MemRead :  D=0x00000000000691c8 A=0x6915c
3263000: system.cpu T0 : @_IO_cleanup+143    :   cmps   r4, #0            : IntAlu :  D=0x0000000000000001
3263500: system.cpu T0 : @_IO_cleanup+145    :   b                        : IntAlu : 
3264000: system.cpu T0 : @_IO_cleanup+35    :   ldr   r3, [r4, #0]       : MemRead :  D=0x00000000fbad2088 A=0x691c8
3265000: system.cpu T0 : @_IO_cleanup+37    :   ands.w   r8, r3, #2      : IntAlu :  D=0x0000000000000001
3265500: system.cpu T0 : @_IO_cleanup+41    :   b                        : IntAlu : Predicated False
3266000: system.cpu T0 : @_IO_cleanup+43    :   mov.w   r2, #4104        : IntAlu :  D=0x0000000000001008
3266500: system.cpu T0 : @_IO_cleanup+47    :   ands   r2, r2, r3        : IntAlu :  D=0x0000000000000000
3267000: system.cpu T0 : @_IO_cleanup+49    :   cmps   r2, #8            : IntAlu :  D=0x0000000000000001
3267500: system.cpu T0 : @_IO_cleanup+51    :   b                        : IntAlu : 
3268000: system.cpu T0 : @_IO_cleanup+135    :   mov.w   r3, #4294967295  : IntAlu :  D=0x00000000ffffffff
3268500: system.cpu T0 : @_IO_cleanup+139    :   str   r3, [r4, #108]     : MemWrite :  D=0x00000000ffffffff A=0x69234
3269000: system.cpu T0 : @_IO_cleanup+141    :   ldr   r4, [r4, #52]      : MemRead :  D=0x0000000000000000 A=0x691fc
3269500: system.cpu T0 : @_IO_cleanup+143    :   cmps   r4, #0            : IntAlu :  D=0x0000000000000001
3270000: system.cpu T0 : @_IO_cleanup+145    :   b                        : IntAlu : Predicated False
3270500: system.cpu T0 : @_IO_cleanup+147    :   mov   r0, r10            : IntAlu :  D=0x0000000000000000
3271500: system.cpu T0 : @_IO_cleanup+149    : ldmstm                    
3271500: system.cpu T0 : @_IO_cleanup+149.0  :   ldr2_uop.w   r4,r5, [sp, #0] : MemRead :  D=0x00000000000603f0 A=0xbefffdb0
3272000: system.cpu T0 : @_IO_cleanup+149.1  :   ldr2_uop.w   r6,r7, [sp, #8] : MemRead :  D=0x0000000000000001 A=0xbefffdb8
3272500: system.cpu T0 : @_IO_cleanup+149.2  :   ldr2_uop.w   r8,r9, [sp, #16] : MemRead :  D=0x0000000000000000 A=0xbefffdc0
3273000: system.cpu T0 : @_IO_cleanup+149.3  :   ldr2_uop.w   r10,r36, [sp, #24] : MemRead :  D=0x0000000000009085 A=0xbefffdc8
3273500: system.cpu T0 : @_IO_cleanup+149.4  :   addi_uop.w   sp, sp, #32 : IntAlu :  D=0x00000000befffdd0
3274000: system.cpu T0 : @_IO_cleanup+149.5  :   uopReg_uop.w   pc, r36   : IntAlu :  D=0x0000000000009085
3274500: system.cpu T0 : @__run_exit_handlers+87    :   cmps   r5, r6            : IntAlu :  D=0x0000000000000001
3275000: system.cpu T0 : @__run_exit_handlers+89    :   b                        : IntAlu : Predicated False
3275500: system.cpu T0 : @__run_exit_handlers+91    :   mov   r0, r4             : IntAlu :  D=0x0000000000000001
3276500: system.cpu T0 : @__run_exit_handlers+93    :   bl.w                     : IntAlu :  D=0x000000000000908f
3277000: system.cpu T0 : @strchrnul+155    : ldmstm                    
3277000: system.cpu T0 : @strchrnul+155.0  :   str_uop   lr, [sp, #4]   : MemWrite :  D=0x000000000000908f A=0xbefffdcc
3277500: system.cpu T0 : @strchrnul+155.1  :   subi_uop   sp, sp, #4    : IntAlu :  D=0x00000000befffdcc
3278500: system.cpu T0 : @_Exit+1    :   mrc.w   r2, r276, #406593 : IntAlu :  D=0x000000000006c4c0
3279000: system.cpu T0 : @_Exit+5    :   ldr   r4, [pc, #72]      : MemRead :  D=0x0000000000058a72 A=0x105e8
3279500: system.cpu T0 : @_Exit+7    :   mov   r3, r0             : IntAlu :  D=0x0000000000000001
3280000: system.cpu T0 : @_Exit+9    :   ldr   r1, [pc, #72]      : MemRead :  D=0x0000000000058a5e A=0x105ec
3280500: system.cpu T0 : @_Exit+11    :   b                        : IntAlu : 
3281000: system.cpu T0 : @_Exit+23    :   mov   r0, r3             : IntAlu :  D=0x0000000000000001
3282000: system.cpu T0 : @_Exit+25    :   mov.w   r12, #248        : IntAlu :  D=0x00000000000000f8
3283000: system.cpu T0 : @_Exit+29    :   bl.w                     : IntAlu :  D=0x00000000000105bb
3283500: system.cpu T0 : @__libc_csu_fini+47    : ldmstm                    
3283500: system.cpu T0 : @__libc_csu_fini+47.0  :   str_uop   r7, [sp, #8]   : MemWrite :  D=0x0000000000000001 A=0xbefffdc4
3284000: system.cpu T0 : @__libc_csu_fini+47.1  :   str_uop   lr, [sp, #4]   : MemWrite :  D=0x00000000000105bb A=0xbefffdc8
3284500: system.cpu T0 : @__libc_csu_fini+47.2  :   subi_uop   sp, sp, #8    : IntAlu :  D=0x00000000befffdc4
3285000: system.cpu T0 : @__libc_do_syscall+1    :   mov   r7, r12            : IntAlu :  D=0x00000000000000f8
3285500: system.cpu T0 : @__libc_do_syscall+3    :   svc   #0                 : IntAlu : 
Exiting @ tick 3285500 because exiting with last active thread context
